{"level":"info","message":"Attempting to connect to database... (Attempt 1/5)","timestamp":"2026-04-05 14:54:19"}
{"level":"info","message":"✅ Database connection established successfully.","timestamp":"2026-04-05 14:54:19"}
{"level":"info","message":"✅ Database synchronized.","timestamp":"2026-04-05 14:54:19"}
{"level":"info","message":"🚀 Server running on port 5000","timestamp":"2026-04-05 14:54:19"}
{"level":"info","message":"📍 Environment: development","timestamp":"2026-04-05 14:54:19"}
{"level":"info","message":"🔗 API Base URL: http://localhost:5000/api/v1","timestamp":"2026-04-05 14:54:19"}
{"level":"info","message":"\u001b[0mPOST /api/v1/login \u001b[32m200\u001b[0m 461.329 ms - -\u001b[0m","timestamp":"2026-04-05 14:54:59"}
{"level":"info","message":"\u001b[0mGET /api/v1/me \u001b[32m200\u001b[0m 96.431 ms - -\u001b[0m","timestamp":"2026-04-05 14:54:59"}
{"level":"info","message":"\u001b[0mGET /api/v1/reports/dashboard/summary \u001b[32m200\u001b[0m 191.081 ms - 303\u001b[0m","timestamp":"2026-04-05 14:55:03"}
{"level":"info","message":"\u001b[0mGET /api/v1/reports/dashboard/summary \u001b[36m304\u001b[0m 122.659 ms - -\u001b[0m","timestamp":"2026-04-05 14:55:03"}
{"level":"info","message":"\u001b[0mGET /api/v1/settings/global \u001b[36m304\u001b[0m 199.977 ms - -\u001b[0m","timestamp":"2026-04-05 14:55:10"}
{"level":"info","message":"\u001b[0mGET /api/v1/products?page=1 \u001b[36m304\u001b[0m 358.628 ms - -\u001b[0m","timestamp":"2026-04-05 14:55:11"}
{"level":"info","message":"\u001b[0mGET /api/v1/products?page=1 \u001b[36m304\u001b[0m 142.452 ms - -\u001b[0m","timestamp":"2026-04-05 14:55:11"}
{"level":"info","message":"\u001b[0mGET /api/v1/main-categories \u001b[36m304\u001b[0m 82.188 ms - -\u001b[0m","timestamp":"2026-04-05 14:55:17"}
{"level":"info","message":"\u001b[0mGET /api/v1/main-categories \u001b[36m304\u001b[0m 79.463 ms - -\u001b[0m","timestamp":"2026-04-05 14:55:17"}
{"level":"info","message":"\u001b[0mGET /api/v1/purchase-orders \u001b[32m200\u001b[0m 160.660 ms - -\u001b[0m","timestamp":"2026-04-05 14:55:23"}
{"level":"info","message":"\u001b[0mGET /api/v1/purchase-orders \u001b[36m304\u001b[0m 106.030 ms - -\u001b[0m","timestamp":"2026-04-05 14:55:23"}
{"level":"info","message":"\u001b[0mGET /api/v1/suppliers \u001b[36m304\u001b[0m 93.313 ms - -\u001b[0m","timestamp":"2026-04-05 14:55:28"}
{"level":"info","message":"\u001b[0mGET /api/v1/suppliers \u001b[36m304\u001b[0m 102.622 ms - -\u001b[0m","timestamp":"2026-04-05 14:55:28"}
{"level":"info","message":"\u001b[0mGET /api/v1/settings/global \u001b[36m304\u001b[0m 258.840 ms - -\u001b[0m","timestamp":"2026-04-05 14:55:41"}
{"level":"info","message":"\u001b[0mGET /api/v1/sales?start_date=2026-03-06&end_date=2026-04-05&status=completed \u001b[32m200\u001b[0m 270.718 ms - -\u001b[0m","timestamp":"2026-04-05 14:55:41"}
{"level":"info","message":"\u001b[0mGET /api/v1/sales?start_date=2026-03-06&end_date=2026-04-05&status=completed \u001b[36m304\u001b[0m 196.849 ms - -\u001b[0m","timestamp":"2026-04-05 14:55:41"}
{"level":"info","message":"\u001b[0mGET /api/v1/reports/sales/returns?start_date=2026-03-06&end_date=2026-04-05 \u001b[32m200\u001b[0m 118.603 ms - 184\u001b[0m","timestamp":"2026-04-05 14:55:46"}
{"level":"info","message":"\u001b[0mGET /api/v1/settings/global \u001b[36m304\u001b[0m 125.263 ms - -\u001b[0m","timestamp":"2026-04-05 14:55:46"}
{"level":"info","message":"\u001b[0mGET /api/v1/reports/sales/returns?start_date=2026-03-06&end_date=2026-04-05 \u001b[36m304\u001b[0m 369.512 ms - -\u001b[0m","timestamp":"2026-04-05 14:55:46"}
{"level":"info","message":"\u001b[0mGET /api/v1/customers \u001b[36m304\u001b[0m 127.845 ms - -\u001b[0m","timestamp":"2026-04-05 14:55:53"}
{"level":"info","message":"\u001b[0mGET /api/v1/customers \u001b[36m304\u001b[0m 128.857 ms - -\u001b[0m","timestamp":"2026-04-05 14:55:53"}
{"level":"info","message":"\u001b[0mGET /api/v1/settings/global \u001b[36m304\u001b[0m 74.962 ms - -\u001b[0m","timestamp":"2026-04-05 14:55:53"}
{"level":"info","message":"\u001b[0mGET /api/v1/sales?start_date=2026-03-06&end_date=2026-04-05&status=completed \u001b[36m304\u001b[0m 89.765 ms - -\u001b[0m","timestamp":"2026-04-05 14:55:56"}
{"level":"info","message":"\u001b[0mGET /api/v1/settings/global \u001b[36m304\u001b[0m 161.515 ms - -\u001b[0m","timestamp":"2026-04-05 14:55:56"}
{"level":"info","message":"\u001b[0mGET /api/v1/sales?start_date=2026-03-06&end_date=2026-04-05&status=completed \u001b[36m304\u001b[0m 256.939 ms - -\u001b[0m","timestamp":"2026-04-05 14:55:56"}
{"level":"info","message":"\u001b[0mGET /api/v1/customers \u001b[36m304\u001b[0m 62.305 ms - -\u001b[0m","timestamp":"2026-04-05 14:55:58"}
{"level":"info","message":"\u001b[0mGET /api/v1/customers \u001b[36m304\u001b[0m 130.217 ms - -\u001b[0m","timestamp":"2026-04-05 14:55:58"}
{"level":"info","message":"\u001b[0mGET /api/v1/suppliers?size=200 \u001b[36m304\u001b[0m 104.207 ms - -\u001b[0m","timestamp":"2026-04-05 14:56:12"}
{"level":"info","message":"\u001b[0mGET /api/v1/purchase-returns \u001b[36m304\u001b[0m 109.844 ms - -\u001b[0m","timestamp":"2026-04-05 14:56:12"}
{"level":"info","message":"\u001b[0mGET /api/v1/suppliers?size=200 \u001b[36m304\u001b[0m 132.747 ms - -\u001b[0m","timestamp":"2026-04-05 14:56:12"}
{"level":"info","message":"\u001b[0mGET /api/v1/purchase-returns \u001b[36m304\u001b[0m 139.744 ms - -\u001b[0m","timestamp":"2026-04-05 14:56:12"}
{"level":"info","message":"\u001b[0mGET /api/v1/products?size=100 \u001b[32m200\u001b[0m 81.956 ms - -\u001b[0m","timestamp":"2026-04-05 14:56:16"}
{"level":"info","message":"\u001b[0mGET /api/v1/suppliers/active/list \u001b[36m304\u001b[0m 168.790 ms - -\u001b[0m","timestamp":"2026-04-05 14:56:16"}
{"level":"info","message":"\u001b[0mGET /api/v1/branches/active/list \u001b[36m304\u001b[0m 259.798 ms - -\u001b[0m","timestamp":"2026-04-05 14:56:16"}
{"level":"info","message":"\u001b[0mGET /api/v1/products?size=100 \u001b[36m304\u001b[0m 94.678 ms - -\u001b[0m","timestamp":"2026-04-05 14:56:16"}
{"level":"info","message":"\u001b[0mGET /api/v1/branches/active/list \u001b[36m304\u001b[0m 155.373 ms - -\u001b[0m","timestamp":"2026-04-05 14:56:16"}
{"level":"info","message":"\u001b[0mGET /api/v1/suppliers/active/list \u001b[36m304\u001b[0m 169.302 ms - -\u001b[0m","timestamp":"2026-04-05 14:56:16"}
{"level":"info","message":"Attempting to connect to database... (Attempt 1/5)","timestamp":"2026-04-05 14:58:53"}
{"level":"info","message":"✅ Database connection established successfully.","timestamp":"2026-04-05 14:58:53"}
{"level":"info","message":"✅ Database synchronized.","timestamp":"2026-04-05 14:58:54"}
{"level":"info","message":"🚀 Server running on port 5000","timestamp":"2026-04-05 14:58:54"}
{"level":"info","message":"📍 Environment: development","timestamp":"2026-04-05 14:58:54"}
{"level":"info","message":"🔗 API Base URL: http://localhost:5000/api/v1","timestamp":"2026-04-05 14:58:54"}
{"level":"info","message":"Attempting to connect to database... (Attempt 1/5)","timestamp":"2026-04-05 14:59:10"}
{"level":"info","message":"✅ Database connection established successfully.","timestamp":"2026-04-05 14:59:10"}
{"level":"info","message":"✅ Database synchronized.","timestamp":"2026-04-05 14:59:10"}
{"level":"info","message":"🚀 Server running on port 5000","timestamp":"2026-04-05 14:59:10"}
{"level":"info","message":"📍 Environment: development","timestamp":"2026-04-05 14:59:10"}
{"level":"info","message":"🔗 API Base URL: http://localhost:5000/api/v1","timestamp":"2026-04-05 14:59:10"}
{"level":"info","message":"\u001b[0mGET /api/v1/suppliers/grn?supplier_id=7124cd97-cfcb-4e2e-9573-a1cab1ef0bc3 \u001b[32m200\u001b[0m 177.838 ms - 809\u001b[0m","timestamp":"2026-04-05 15:02:10"}
{"level":"info","message":"\u001b[0mGET /api/v1/purchase-orders?supplier_id=7124cd97-cfcb-4e2e-9573-a1cab1ef0bc3 \u001b[32m200\u001b[0m 182.760 ms - -\u001b[0m","timestamp":"2026-04-05 15:02:10"}
{"level":"info","message":"\u001b[0mGET /api/v1/settings/global \u001b[36m304\u001b[0m 283.030 ms - -\u001b[0m","timestamp":"2026-04-05 15:02:19"}
{"level":"info","message":"\u001b[0mGET /api/v1/suppliers/active/list \u001b[36m304\u001b[0m 323.591 ms - -\u001b[0m","timestamp":"2026-04-05 15:02:20"}
{"level":"info","message":"\u001b[0mGET /api/v1/products?size=100 \u001b[36m304\u001b[0m 278.262 ms - -\u001b[0m","timestamp":"2026-04-05 15:02:20"}
{"level":"info","message":"\u001b[0mGET /api/v1/branches/active/list \u001b[36m304\u001b[0m 647.791 ms - -\u001b[0m","timestamp":"2026-04-05 15:02:20"}
{"level":"info","message":"\u001b[0mGET /api/v1/suppliers/active/list \u001b[36m304\u001b[0m 701.862 ms - -\u001b[0m","timestamp":"2026-04-05 15:02:20"}
{"level":"info","message":"\u001b[0mGET /api/v1/products?size=100 \u001b[36m304\u001b[0m 846.780 ms - -\u001b[0m","timestamp":"2026-04-05 15:02:21"}
{"level":"info","message":"\u001b[0mGET /api/v1/branches/active/list \u001b[36m304\u001b[0m 494.431 ms - -\u001b[0m","timestamp":"2026-04-05 15:02:21"}
{"level":"info","message":"\u001b[0mGET /api/v1/purchase-orders?supplier_id=7124cd97-cfcb-4e2e-9573-a1cab1ef0bc3 \u001b[36m304\u001b[0m 107.405 ms - -\u001b[0m","timestamp":"2026-04-05 15:02:27"}
{"level":"info","message":"\u001b[0mGET /api/v1/suppliers/grn?supplier_id=7124cd97-cfcb-4e2e-9573-a1cab1ef0bc3 \u001b[36m304\u001b[0m 115.375 ms - -\u001b[0m","timestamp":"2026-04-05 15:02:27"}
{"level":"info","message":"\u001b[0mGET /api/v1/purchase-orders/e02afac5-4ddb-4f69-b9ad-e502c46f716e \u001b[32m200\u001b[0m 96.298 ms - -\u001b[0m","timestamp":"2026-04-05 15:05:55"}
{"level":"info","message":"\u001b[0mGET /api/v1/purchase-orders/e02afac5-4ddb-4f69-b9ad-e502c46f716e \u001b[36m304\u001b[0m 89.611 ms - -\u001b[0m","timestamp":"2026-04-05 15:05:55"}
{"level":"info","message":"\u001b[0mGET /api/v1/purchase-orders/e02afac5-4ddb-4f69-b9ad-e502c46f716e \u001b[36m304\u001b[0m 99.289 ms - -\u001b[0m","timestamp":"2026-04-05 15:05:55"}
{"level":"info","message":"\u001b[0mGET /api/v1/suppliers/grn/94fec095-d663-4db8-8599-a627e9e0a3f4 \u001b[36m304\u001b[0m 60.720 ms - -\u001b[0m","timestamp":"2026-04-05 15:06:01"}
{"level":"info","message":"\u001b[0mGET /api/v1/suppliers/grn/94fec095-d663-4db8-8599-a627e9e0a3f4 \u001b[36m304\u001b[0m 78.335 ms - -\u001b[0m","timestamp":"2026-04-05 15:06:01"}
{"level":"info","message":"\u001b[0mGET /api/v1/suppliers/grn/94fec095-d663-4db8-8599-a627e9e0a3f4 \u001b[36m304\u001b[0m 80.184 ms - -\u001b[0m","timestamp":"2026-04-05 15:06:02"}
{"level":"info","message":"\u001b[0mGET /api/v1/suppliers/active/list \u001b[36m304\u001b[0m 605.391 ms - -\u001b[0m","timestamp":"2026-04-05 15:08:13"}
{"level":"info","message":"\u001b[0mGET /api/v1/products?size=100 \u001b[36m304\u001b[0m 871.882 ms - -\u001b[0m","timestamp":"2026-04-05 15:08:13"}
{"level":"info","message":"\u001b[0mGET /api/v1/branches/active/list \u001b[36m304\u001b[0m 899.233 ms - -\u001b[0m","timestamp":"2026-04-05 15:08:14"}
{"level":"info","message":"\u001b[0mGET /api/v1/purchase-orders?supplier_id=6beb3d0b-e924-424c-8846-b4482fdf0e92 \u001b[32m200\u001b[0m 209.999 ms - 143\u001b[0m","timestamp":"2026-04-05 15:09:42"}
{"level":"info","message":"\u001b[0mGET /api/v1/suppliers/grn?supplier_id=6beb3d0b-e924-424c-8846-b4482fdf0e92 \u001b[32m200\u001b[0m 211.969 ms - 132\u001b[0m","timestamp":"2026-04-05 15:09:42"}
{"level":"info","message":"\u001b[0mGET /api/v1/purchase-orders?supplier_id=7124cd97-cfcb-4e2e-9573-a1cab1ef0bc3 \u001b[36m304\u001b[0m 141.604 ms - -\u001b[0m","timestamp":"2026-04-05 15:10:35"}
{"level":"info","message":"\u001b[0mGET /api/v1/suppliers/grn?supplier_id=7124cd97-cfcb-4e2e-9573-a1cab1ef0bc3 \u001b[36m304\u001b[0m 147.624 ms - -\u001b[0m","timestamp":"2026-04-05 15:10:35"}
{"level":"info","message":"\u001b[0mGET /api/v1/purchase-orders/e02afac5-4ddb-4f69-b9ad-e502c46f716e \u001b[36m304\u001b[0m 75.167 ms - -\u001b[0m","timestamp":"2026-04-05 15:10:41"}
{"level":"info","message":"\u001b[0mGET /api/v1/purchase-orders/e02afac5-4ddb-4f69-b9ad-e502c46f716e \u001b[36m304\u001b[0m 91.607 ms - -\u001b[0m","timestamp":"2026-04-05 15:10:42"}
{"level":"info","message":"\u001b[0mGET /api/v1/purchase-orders/e02afac5-4ddb-4f69-b9ad-e502c46f716e \u001b[36m304\u001b[0m 87.806 ms - -\u001b[0m","timestamp":"2026-04-05 15:10:42"}
{"level":"info","message":"\u001b[0mGET /api/v1/suppliers/grn/94fec095-d663-4db8-8599-a627e9e0a3f4 \u001b[36m304\u001b[0m 72.193 ms - -\u001b[0m","timestamp":"2026-04-05 15:10:44"}
{"level":"info","message":"\u001b[0mGET /api/v1/suppliers/grn/94fec095-d663-4db8-8599-a627e9e0a3f4 \u001b[36m304\u001b[0m 50.880 ms - -\u001b[0m","timestamp":"2026-04-05 15:10:44"}
{"level":"info","message":"\u001b[0mGET /api/v1/suppliers/grn/94fec095-d663-4db8-8599-a627e9e0a3f4 \u001b[36m304\u001b[0m 93.631 ms - -\u001b[0m","timestamp":"2026-04-05 15:10:44"}
{"level":"info","message":"\u001b[0mGET /api/v1/purchase-orders/f001a11e-4ef6-44fb-9165-8399018d6cfd \u001b[32m200\u001b[0m 49.737 ms - -\u001b[0m","timestamp":"2026-04-05 15:10:47"}
{"level":"info","message":"\u001b[0mGET /api/v1/purchase-orders/f001a11e-4ef6-44fb-9165-8399018d6cfd \u001b[36m304\u001b[0m 81.043 ms - -\u001b[0m","timestamp":"2026-04-05 15:10:47"}
{"level":"info","message":"\u001b[0mGET /api/v1/purchase-orders/f001a11e-4ef6-44fb-9165-8399018d6cfd \u001b[36m304\u001b[0m 56.901 ms - -\u001b[0m","timestamp":"2026-04-05 15:10:47"}
{"level":"info","message":"\u001b[0mGET /api/v1/suppliers/grn/94fec095-d663-4db8-8599-a627e9e0a3f4 \u001b[36m304\u001b[0m 53.950 ms - -\u001b[0m","timestamp":"2026-04-05 15:10:49"}
{"level":"info","message":"\u001b[0mGET /api/v1/suppliers/grn/94fec095-d663-4db8-8599-a627e9e0a3f4 \u001b[36m304\u001b[0m 58.570 ms - -\u001b[0m","timestamp":"2026-04-05 15:10:49"}
{"level":"info","message":"\u001b[0mGET /api/v1/suppliers/grn/94fec095-d663-4db8-8599-a627e9e0a3f4 \u001b[36m304\u001b[0m 55.150 ms - -\u001b[0m","timestamp":"2026-04-05 15:10:49"}
{"level":"info","message":"\u001b[0mGET /api/v1/purchase-orders/e02afac5-4ddb-4f69-b9ad-e502c46f716e \u001b[36m304\u001b[0m 62.081 ms - -\u001b[0m","timestamp":"2026-04-05 15:10:51"}
{"level":"info","message":"\u001b[0mGET /api/v1/purchase-orders/e02afac5-4ddb-4f69-b9ad-e502c46f716e \u001b[36m304\u001b[0m 58.235 ms - -\u001b[0m","timestamp":"2026-04-05 15:10:52"}
{"level":"info","message":"\u001b[0mGET /api/v1/purchase-orders/e02afac5-4ddb-4f69-b9ad-e502c46f716e \u001b[36m304\u001b[0m 68.987 ms - -\u001b[0m","timestamp":"2026-04-05 15:10:52"}
{"level":"info","message":"\u001b[0mGET /api/v1/suppliers/grn/94fec095-d663-4db8-8599-a627e9e0a3f4 \u001b[36m304\u001b[0m 40.930 ms - -\u001b[0m","timestamp":"2026-04-05 15:10:53"}
{"level":"info","message":"\u001b[0mGET /api/v1/suppliers/grn/94fec095-d663-4db8-8599-a627e9e0a3f4 \u001b[36m304\u001b[0m 55.004 ms - -\u001b[0m","timestamp":"2026-04-05 15:10:53"}
{"level":"info","message":"\u001b[0mGET /api/v1/suppliers/grn/94fec095-d663-4db8-8599-a627e9e0a3f4 \u001b[36m304\u001b[0m 62.127 ms - -\u001b[0m","timestamp":"2026-04-05 15:10:53"}
{"level":"info","message":"\u001b[0mGET /api/v1/purchase-orders/e02afac5-4ddb-4f69-b9ad-e502c46f716e \u001b[36m304\u001b[0m 51.525 ms - -\u001b[0m","timestamp":"2026-04-05 15:15:00"}
{"level":"info","message":"\u001b[0mGET /api/v1/purchase-orders/e02afac5-4ddb-4f69-b9ad-e502c46f716e \u001b[36m304\u001b[0m 106.969 ms - -\u001b[0m","timestamp":"2026-04-05 15:15:00"}
{"level":"info","message":"\u001b[0mGET /api/v1/purchase-orders/e02afac5-4ddb-4f69-b9ad-e502c46f716e \u001b[36m304\u001b[0m 142.987 ms - -\u001b[0m","timestamp":"2026-04-05 15:15:00"}
{"level":"info","message":"\u001b[0mGET /api/v1/purchase-orders/f001a11e-4ef6-44fb-9165-8399018d6cfd \u001b[36m304\u001b[0m 66.156 ms - -\u001b[0m","timestamp":"2026-04-05 15:18:00"}
{"level":"info","message":"\u001b[0mGET /api/v1/purchase-orders/f001a11e-4ef6-44fb-9165-8399018d6cfd \u001b[36m304\u001b[0m 81.756 ms - -\u001b[0m","timestamp":"2026-04-05 15:18:00"}
{"level":"info","message":"\u001b[0mGET /api/v1/purchase-orders/f001a11e-4ef6-44fb-9165-8399018d6cfd \u001b[36m304\u001b[0m 78.233 ms - -\u001b[0m","timestamp":"2026-04-05 15:18:00"}
{"level":"info","message":"\u001b[0mGET /api/v1/purchase-orders/e02afac5-4ddb-4f69-b9ad-e502c46f716e \u001b[36m304\u001b[0m 81.331 ms - -\u001b[0m","timestamp":"2026-04-05 15:18:02"}
{"level":"info","message":"\u001b[0mGET /api/v1/purchase-orders/e02afac5-4ddb-4f69-b9ad-e502c46f716e \u001b[36m304\u001b[0m 70.890 ms - -\u001b[0m","timestamp":"2026-04-05 15:18:03"}
{"level":"info","message":"\u001b[0mGET /api/v1/purchase-orders/e02afac5-4ddb-4f69-b9ad-e502c46f716e \u001b[36m304\u001b[0m 72.634 ms - -\u001b[0m","timestamp":"2026-04-05 15:18:03"}
{"level":"info","message":"\u001b[0mGET /api/v1/suppliers/grn/94fec095-d663-4db8-8599-a627e9e0a3f4 \u001b[36m304\u001b[0m 61.289 ms - -\u001b[0m","timestamp":"2026-04-05 15:18:05"}
{"level":"info","message":"\u001b[0mGET /api/v1/suppliers/grn/94fec095-d663-4db8-8599-a627e9e0a3f4 \u001b[36m304\u001b[0m 51.039 ms - -\u001b[0m","timestamp":"2026-04-05 15:18:05"}
{"level":"info","message":"\u001b[0mGET /api/v1/suppliers/grn/94fec095-d663-4db8-8599-a627e9e0a3f4 \u001b[36m304\u001b[0m 59.977 ms - -\u001b[0m","timestamp":"2026-04-05 15:18:05"}
{"level":"info","message":"\u001b[0mGET /api/v1/settings/global \u001b[36m304\u001b[0m 157.691 ms - -\u001b[0m","timestamp":"2026-04-05 15:18:23"}
{"level":"info","message":"\u001b[0mGET /api/v1/suppliers/active/list \u001b[36m304\u001b[0m 175.550 ms - -\u001b[0m","timestamp":"2026-04-05 15:18:23"}
{"level":"info","message":"\u001b[0mGET /api/v1/branches/active/list \u001b[36m304\u001b[0m 236.331 ms - -\u001b[0m","timestamp":"2026-04-05 15:18:23"}
{"level":"info","message":"\u001b[0mGET /api/v1/products?size=100 \u001b[36m304\u001b[0m 254.282 ms - -\u001b[0m","timestamp":"2026-04-05 15:18:23"}
{"level":"info","message":"\u001b[0mGET /api/v1/suppliers/active/list \u001b[36m304\u001b[0m 145.470 ms - -\u001b[0m","timestamp":"2026-04-05 15:18:23"}
{"level":"info","message":"\u001b[0mGET /api/v1/branches/active/list \u001b[36m304\u001b[0m 136.974 ms - -\u001b[0m","timestamp":"2026-04-05 15:18:23"}
{"level":"info","message":"\u001b[0mGET /api/v1/products?size=100 \u001b[36m304\u001b[0m 286.141 ms - -\u001b[0m","timestamp":"2026-04-05 15:18:23"}
{"level":"info","message":"\u001b[0mGET /api/v1/suppliers/grn?supplier_id=7124cd97-cfcb-4e2e-9573-a1cab1ef0bc3 \u001b[36m304\u001b[0m 118.758 ms - -\u001b[0m","timestamp":"2026-04-05 15:18:29"}
{"level":"info","message":"\u001b[0mGET /api/v1/purchase-orders?supplier_id=7124cd97-cfcb-4e2e-9573-a1cab1ef0bc3 \u001b[36m304\u001b[0m 133.396 ms - -\u001b[0m","timestamp":"2026-04-05 15:18:29"}
{"level":"info","message":"\u001b[0mGET /api/v1/purchase-orders/e02afac5-4ddb-4f69-b9ad-e502c46f716e \u001b[36m304\u001b[0m 62.096 ms - -\u001b[0m","timestamp":"2026-04-05 15:18:31"}
{"level":"info","message":"\u001b[0mGET /api/v1/purchase-orders/e02afac5-4ddb-4f69-b9ad-e502c46f716e \u001b[36m304\u001b[0m 47.715 ms - -\u001b[0m","timestamp":"2026-04-05 15:18:31"}
{"level":"info","message":"\u001b[0mGET /api/v1/purchase-orders/e02afac5-4ddb-4f69-b9ad-e502c46f716e \u001b[36m304\u001b[0m 44.340 ms - -\u001b[0m","timestamp":"2026-04-05 15:18:31"}
{"level":"info","message":"\u001b[0mGET /api/v1/suppliers/grn/94fec095-d663-4db8-8599-a627e9e0a3f4 \u001b[36m304\u001b[0m 54.281 ms - -\u001b[0m","timestamp":"2026-04-05 15:18:34"}
{"level":"info","message":"\u001b[0mGET /api/v1/suppliers/grn/94fec095-d663-4db8-8599-a627e9e0a3f4 \u001b[36m304\u001b[0m 47.999 ms - -\u001b[0m","timestamp":"2026-04-05 15:18:34"}
{"level":"info","message":"\u001b[0mGET /api/v1/suppliers/grn/94fec095-d663-4db8-8599-a627e9e0a3f4 \u001b[36m304\u001b[0m 49.467 ms - -\u001b[0m","timestamp":"2026-04-05 15:18:34"}
{"level":"info","message":"\u001b[0mGET /api/v1/suppliers/active/list \u001b[36m304\u001b[0m 400.629 ms - -\u001b[0m","timestamp":"2026-04-05 15:20:51"}
{"level":"info","message":"\u001b[0mGET /api/v1/products?size=100 \u001b[36m304\u001b[0m 490.109 ms - -\u001b[0m","timestamp":"2026-04-05 15:20:51"}
{"level":"info","message":"\u001b[0mGET /api/v1/branches/active/list \u001b[36m304\u001b[0m 501.972 ms - -\u001b[0m","timestamp":"2026-04-05 15:20:51"}
{"level":"info","message":"\u001b[0mGET /api/v1/purchase-orders?supplier_id=7124cd97-cfcb-4e2e-9573-a1cab1ef0bc3 \u001b[36m304\u001b[0m 433.079 ms - -\u001b[0m","timestamp":"2026-04-05 15:21:18"}
{"level":"info","message":"\u001b[0mGET /api/v1/suppliers/grn?supplier_id=7124cd97-cfcb-4e2e-9573-a1cab1ef0bc3 \u001b[36m304\u001b[0m 441.599 ms - -\u001b[0m","timestamp":"2026-04-05 15:21:18"}
{"level":"info","message":"\u001b[0mGET /api/v1/purchase-orders/e02afac5-4ddb-4f69-b9ad-e502c46f716e \u001b[36m304\u001b[0m 67.921 ms - -\u001b[0m","timestamp":"2026-04-05 15:21:21"}
{"level":"info","message":"\u001b[0mGET /api/v1/purchase-orders/e02afac5-4ddb-4f69-b9ad-e502c46f716e \u001b[36m304\u001b[0m 97.618 ms - -\u001b[0m","timestamp":"2026-04-05 15:21:21"}
{"level":"info","message":"\u001b[0mGET /api/v1/purchase-orders/e02afac5-4ddb-4f69-b9ad-e502c46f716e \u001b[36m304\u001b[0m 90.954 ms - -\u001b[0m","timestamp":"2026-04-05 15:21:21"}
{"level":"info","message":"\u001b[0mGET /api/v1/purchase-orders/f001a11e-4ef6-44fb-9165-8399018d6cfd \u001b[36m304\u001b[0m 81.538 ms - -\u001b[0m","timestamp":"2026-04-05 15:21:26"}
{"level":"info","message":"\u001b[0mGET /api/v1/purchase-orders/f001a11e-4ef6-44fb-9165-8399018d6cfd \u001b[36m304\u001b[0m 122.161 ms - -\u001b[0m","timestamp":"2026-04-05 15:21:26"}
{"level":"info","message":"\u001b[0mGET /api/v1/purchase-orders/f001a11e-4ef6-44fb-9165-8399018d6cfd \u001b[36m304\u001b[0m 75.021 ms - -\u001b[0m","timestamp":"2026-04-05 15:21:26"}
{"level":"info","message":"\u001b[0mGET /api/v1/suppliers/grn/94fec095-d663-4db8-8599-a627e9e0a3f4 \u001b[36m304\u001b[0m 75.645 ms - -\u001b[0m","timestamp":"2026-04-05 15:21:28"}
{"level":"info","message":"\u001b[0mGET /api/v1/suppliers/grn/94fec095-d663-4db8-8599-a627e9e0a3f4 \u001b[36m304\u001b[0m 69.438 ms - -\u001b[0m","timestamp":"2026-04-05 15:21:29"}
{"level":"info","message":"\u001b[0mGET /api/v1/suppliers/grn/94fec095-d663-4db8-8599-a627e9e0a3f4 \u001b[36m304\u001b[0m 93.147 ms - -\u001b[0m","timestamp":"2026-04-05 15:21:29"}
{"level":"info","message":"Attempting to connect to database... (Attempt 1/5)","timestamp":"2026-04-05 15:23:25"}
{"level":"info","message":"✅ Database connection established successfully.","timestamp":"2026-04-05 15:23:25"}
{"level":"info","message":"✅ Database synchronized.","timestamp":"2026-04-05 15:23:25"}
{"level":"info","message":"🚀 Server running on port 5000","timestamp":"2026-04-05 15:23:25"}
{"level":"info","message":"📍 Environment: development","timestamp":"2026-04-05 15:23:25"}
{"level":"info","message":"🔗 API Base URL: http://localhost:5000/api/v1","timestamp":"2026-04-05 15:23:25"}
{"level":"info","message":"Attempting to connect to database... (Attempt 1/5)","timestamp":"2026-04-05 15:24:25"}
{"level":"info","message":"✅ Database connection established successfully.","timestamp":"2026-04-05 15:24:25"}
{"level":"info","message":"✅ Database synchronized.","timestamp":"2026-04-05 15:24:25"}
{"level":"info","message":"🚀 Server running on port 5000","timestamp":"2026-04-05 15:24:25"}
{"level":"info","message":"📍 Environment: development","timestamp":"2026-04-05 15:24:25"}
{"level":"info","message":"🔗 API Base URL: http://localhost:5000/api/v1","timestamp":"2026-04-05 15:24:25"}
{"level":"info","message":"\u001b[0mGET /api/v1/purchase-orders/e02afac5-4ddb-4f69-b9ad-e502c46f716e \u001b[32m200\u001b[0m 182.821 ms - -\u001b[0m","timestamp":"2026-04-05 15:24:42"}
{"level":"info","message":"\u001b[0mGET /api/v1/purchase-orders/e02afac5-4ddb-4f69-b9ad-e502c46f716e \u001b[36m304\u001b[0m 130.120 ms - -\u001b[0m","timestamp":"2026-04-05 15:24:42"}
{"level":"info","message":"\u001b[0mGET /api/v1/purchase-orders/e02afac5-4ddb-4f69-b9ad-e502c46f716e \u001b[36m304\u001b[0m 92.718 ms - -\u001b[0m","timestamp":"2026-04-05 15:24:42"}
{"level":"info","message":"\u001b[0mGET /api/v1/products?page=1 \u001b[36m304\u001b[0m 291.328 ms - -\u001b[0m","timestamp":"2026-04-05 15:26:31"}
{"level":"info","message":"\u001b[0mGET /api/v1/products?page=1 \u001b[36m304\u001b[0m 152.144 ms - -\u001b[0m","timestamp":"2026-04-05 15:26:31"}
{"level":"info","message":"\u001b[0mGET /api/v1/common/bulk-options \u001b[36m304\u001b[0m 387.796 ms - -\u001b[0m","timestamp":"2026-04-05 15:26:35"}
{"level":"info","message":"\u001b[0mGET /api/v1/suppliers/active/list \u001b[36m304\u001b[0m 395.110 ms - -\u001b[0m","timestamp":"2026-04-05 15:26:35"}
{"level":"info","message":"\u001b[0mGET /api/v1/common/bulk-options \u001b[36m304\u001b[0m 67.213 ms - -\u001b[0m","timestamp":"2026-04-05 15:26:35"}
{"level":"info","message":"\u001b[0mGET /api/v1/suppliers/active/list \u001b[36m304\u001b[0m 112.694 ms - -\u001b[0m","timestamp":"2026-04-05 15:26:35"}
{"level":"info","message":"\u001b[0mPOST /api/v1/products \u001b[32m201\u001b[0m 253.060 ms - -\u001b[0m","timestamp":"2026-04-05 15:27:50"}
{"level":"info","message":"\u001b[0mGET /api/v1/products?page=1 \u001b[32m200\u001b[0m 248.118 ms - -\u001b[0m","timestamp":"2026-04-05 15:27:51"}
{"level":"info","message":"\u001b[0mGET /api/v1/products?page=1 \u001b[36m304\u001b[0m 223.649 ms - -\u001b[0m","timestamp":"2026-04-05 15:27:51"}
{"level":"info","message":"\u001b[0mGET /api/v1/products/73f09227-8c3a-46c5-a0ed-b418263806e9 \u001b[32m200\u001b[0m 232.924 ms - -\u001b[0m","timestamp":"2026-04-05 15:28:03"}
{"level":"info","message":"\u001b[0mGET /api/v1/products/73f09227-8c3a-46c5-a0ed-b418263806e9 \u001b[36m304\u001b[0m 169.680 ms - -\u001b[0m","timestamp":"2026-04-05 15:28:03"}
{"level":"info","message":"\u001b[0mGET /api/v1/common/bulk-options \u001b[36m304\u001b[0m 161.927 ms - -\u001b[0m","timestamp":"2026-04-05 15:28:03"}
{"level":"info","message":"\u001b[0mGET /api/v1/suppliers/active/list \u001b[36m304\u001b[0m 294.816 ms - -\u001b[0m","timestamp":"2026-04-05 15:28:03"}
{"level":"info","message":"\u001b[0mGET /api/v1/common/bulk-options \u001b[36m304\u001b[0m 95.149 ms - -\u001b[0m","timestamp":"2026-04-05 15:28:03"}
{"level":"info","message":"\u001b[0mGET /api/v1/suppliers/active/list \u001b[36m304\u001b[0m 102.736 ms - -\u001b[0m","timestamp":"2026-04-05 15:28:03"}
{"level":"info","message":"\u001b[0mGET /uploads/images[]-1775383070244-36808163.webp \u001b[32m200\u001b[0m 3.306 ms - 3086\u001b[0m","timestamp":"2026-04-05 15:28:03"}
{"level":"info","message":"\u001b[0mGET /api/v1/products?page=1 \u001b[36m304\u001b[0m 68.379 ms - -\u001b[0m","timestamp":"2026-04-05 15:28:07"}
{"level":"info","message":"\u001b[0mGET /api/v1/products?page=1 \u001b[36m304\u001b[0m 94.717 ms - -\u001b[0m","timestamp":"2026-04-05 15:28:07"}
{"level":"info","message":"\u001b[0mGET /api/v1/settings/pos \u001b[36m304\u001b[0m 399.252 ms - -\u001b[0m","timestamp":"2026-04-05 15:29:18"}
{"level":"info","message":"\u001b[0mGET /api/v1/settings/business \u001b[36m304\u001b[0m 417.379 ms - -\u001b[0m","timestamp":"2026-04-05 15:29:18"}
{"level":"info","message":"\u001b[0mGET /api/v1/settings/receipt \u001b[36m304\u001b[0m 465.162 ms - -\u001b[0m","timestamp":"2026-04-05 15:29:19"}
{"level":"info","message":"\u001b[0mGET /api/v1/customers/active/list \u001b[36m304\u001b[0m 551.164 ms - -\u001b[0m","timestamp":"2026-04-05 15:29:19"}
{"level":"info","message":"\u001b[0mGET /api/v1/products?size=1000 \u001b[32m200\u001b[0m 545.349 ms - -\u001b[0m","timestamp":"2026-04-05 15:29:19"}
{"level":"info","message":"\u001b[0mGET /api/v1/users/active-sellers \u001b[36m304\u001b[0m 629.932 ms - -\u001b[0m","timestamp":"2026-04-05 15:29:19"}
{"level":"info","message":"\u001b[0mGET /api/v1/customers/active/list \u001b[36m304\u001b[0m 168.409 ms - -\u001b[0m","timestamp":"2026-04-05 15:29:19"}
{"level":"info","message":"\u001b[0mGET /api/v1/products?size=1000 \u001b[36m304\u001b[0m 249.086 ms - -\u001b[0m","timestamp":"2026-04-05 15:29:19"}
{"level":"info","message":"\u001b[0mGET /api/v1/users/active-sellers \u001b[36m304\u001b[0m 226.339 ms - -\u001b[0m","timestamp":"2026-04-05 15:29:19"}
{"level":"info","message":"\u001b[0mGET /uploads/images%5B%5D-1775383070244-36808163.webp \u001b[32m200\u001b[0m 3.797 ms - 3086\u001b[0m","timestamp":"2026-04-05 15:29:19"}
{"level":"info","message":"\u001b[0mGET /api/v1/products?page=1 \u001b[36m304\u001b[0m 154.254 ms - -\u001b[0m","timestamp":"2026-04-05 15:29:42"}
{"level":"info","message":"\u001b[0mGET /api/v1/settings/global \u001b[36m304\u001b[0m 224.772 ms - -\u001b[0m","timestamp":"2026-04-05 15:29:42"}
{"level":"info","message":"\u001b[0mGET /api/v1/products?page=1 \u001b[36m304\u001b[0m 243.218 ms - -\u001b[0m","timestamp":"2026-04-05 15:29:42"}
{"level":"info","message":"\u001b[0mGET /api/v1/common/bulk-options \u001b[36m304\u001b[0m 203.196 ms - -\u001b[0m","timestamp":"2026-04-05 15:29:44"}
{"level":"info","message":"\u001b[0mGET /api/v1/suppliers/active/list \u001b[36m304\u001b[0m 210.496 ms - -\u001b[0m","timestamp":"2026-04-05 15:29:44"}
{"level":"info","message":"\u001b[0mGET /api/v1/suppliers/active/list \u001b[36m304\u001b[0m 124.356 ms - -\u001b[0m","timestamp":"2026-04-05 15:29:44"}
{"level":"info","message":"\u001b[0mGET /api/v1/common/bulk-options \u001b[36m304\u001b[0m 132.689 ms - -\u001b[0m","timestamp":"2026-04-05 15:29:44"}
{"level":"info","message":"\u001b[0mPOST /api/v1/products \u001b[32m201\u001b[0m 200.825 ms - 849\u001b[0m","timestamp":"2026-04-05 15:30:14"}
{"level":"info","message":"\u001b[0mGET /api/v1/products?page=1 \u001b[32m200\u001b[0m 119.011 ms - -\u001b[0m","timestamp":"2026-04-05 15:30:14"}
{"level":"info","message":"\u001b[0mGET /api/v1/products?page=1 \u001b[36m304\u001b[0m 202.087 ms - -\u001b[0m","timestamp":"2026-04-05 15:30:15"}
{"level":"info","message":"\u001b[0mGET /api/v1/customers/active/list \u001b[36m304\u001b[0m 205.239 ms - -\u001b[0m","timestamp":"2026-04-05 15:30:19"}
{"level":"info","message":"\u001b[0mGET /api/v1/products?size=1000 \u001b[32m200\u001b[0m 193.414 ms - -\u001b[0m","timestamp":"2026-04-05 15:30:19"}
{"level":"info","message":"\u001b[0mGET /api/v1/users/active-sellers \u001b[36m304\u001b[0m 211.396 ms - -\u001b[0m","timestamp":"2026-04-05 15:30:19"}
{"level":"info","message":"\u001b[0mGET /api/v1/customers/active/list \u001b[36m304\u001b[0m 141.124 ms - -\u001b[0m","timestamp":"2026-04-05 15:30:19"}
{"level":"info","message":"\u001b[0mGET /api/v1/settings/pos \u001b[36m304\u001b[0m 168.701 ms - -\u001b[0m","timestamp":"2026-04-05 15:30:19"}
{"level":"info","message":"\u001b[0mGET /uploads/images%5B%5D-1775383070244-36808163.webp \u001b[36m304\u001b[0m 1.456 ms - -\u001b[0m","timestamp":"2026-04-05 15:30:19"}
{"level":"info","message":"\u001b[0mGET /api/v1/users/active-sellers \u001b[36m304\u001b[0m 213.924 ms - -\u001b[0m","timestamp":"2026-04-05 15:30:19"}
{"level":"info","message":"\u001b[0mGET /uploads/images%5B%5D-1775383214386-211953253.webp \u001b[32m200\u001b[0m 128.166 ms - 22818\u001b[0m","timestamp":"2026-04-05 15:30:19"}
{"level":"info","message":"\u001b[0mGET /api/v1/products?size=1000 \u001b[36m304\u001b[0m 314.718 ms - -\u001b[0m","timestamp":"2026-04-05 15:30:19"}
{"level":"info","message":"\u001b[0mGET /api/v1/settings/business \u001b[36m304\u001b[0m 331.961 ms - -\u001b[0m","timestamp":"2026-04-05 15:30:19"}
{"level":"info","message":"\u001b[0mGET /api/v1/settings/receipt \u001b[36m304\u001b[0m 366.229 ms - -\u001b[0m","timestamp":"2026-04-05 15:30:19"}
{"level":"info","message":"\u001b[0mGET /api/v1/products?page=1 \u001b[36m304\u001b[0m 233.827 ms - -\u001b[0m","timestamp":"2026-04-05 15:31:55"}
{"level":"info","message":"\u001b[0mGET /api/v1/settings/global \u001b[36m304\u001b[0m 139.190 ms - -\u001b[0m","timestamp":"2026-04-05 15:31:55"}
{"level":"info","message":"\u001b[0mGET /api/v1/products?page=1 \u001b[36m304\u001b[0m 166.346 ms - -\u001b[0m","timestamp":"2026-04-05 15:31:55"}
{"level":"info","message":"\u001b[0mGET /uploads/images[]-1775383214386-211953253.webp \u001b[32m200\u001b[0m 1.532 ms - 22818\u001b[0m","timestamp":"2026-04-05 15:31:55"}
{"level":"info","message":"\u001b[0mGET /uploads/images[]-1775383070244-36808163.webp \u001b[36m304\u001b[0m 1.760 ms - -\u001b[0m","timestamp":"2026-04-05 15:31:55"}
{"level":"info","message":"\u001b[0mGET /api/v1/products?size=1000 \u001b[36m304\u001b[0m 150.941 ms - -\u001b[0m","timestamp":"2026-04-05 15:32:59"}
{"level":"info","message":"\u001b[0mGET /api/v1/products?size=1000 \u001b[36m304\u001b[0m 116.432 ms - -\u001b[0m","timestamp":"2026-04-05 15:32:59"}
{"level":"info","message":"\u001b[0mGET /api/v1/products/active/list \u001b[32m200\u001b[0m 108.668 ms - -\u001b[0m","timestamp":"2026-04-05 15:33:04"}
{"level":"info","message":"\u001b[0mGET /api/v1/products/active/list \u001b[36m304\u001b[0m 140.064 ms - -\u001b[0m","timestamp":"2026-04-05 15:33:04"}
{"level":"info","message":"\u001b[0mGET /uploads/images[]-1775383070244-36808163.webp \u001b[36m304\u001b[0m 15.204 ms - -\u001b[0m","timestamp":"2026-04-05 15:34:59"}
{"level":"info","message":"\u001b[0mGET /uploads/images[]-1775383214386-211953253.webp \u001b[36m304\u001b[0m 20.457 ms - -\u001b[0m","timestamp":"2026-04-05 15:34:59"}
{"level":"info","message":"\u001b[0mGET /api/v1/products/73f09227-8c3a-46c5-a0ed-b418263806e9 \u001b[36m304\u001b[0m 145.534 ms - -\u001b[0m","timestamp":"2026-04-05 15:36:27"}
{"level":"info","message":"\u001b[0mPOST /api/v1/products/73f09227-8c3a-46c5-a0ed-b418263806e9/variants \u001b[32m201\u001b[0m 153.636 ms - -\u001b[0m","timestamp":"2026-04-05 15:37:37"}
{"level":"info","message":"\u001b[0mGET /api/v1/products?size=1000 \u001b[32m200\u001b[0m 235.615 ms - -\u001b[0m","timestamp":"2026-04-05 15:37:38"}
{"level":"info","message":"\u001b[0mGET /api/v1/products?size=1000 \u001b[36m304\u001b[0m 166.546 ms - -\u001b[0m","timestamp":"2026-04-05 15:37:38"}
{"level":"info","message":"\u001b[0mGET /api/v1/products?size=1000 \u001b[36m304\u001b[0m 92.701 ms - -\u001b[0m","timestamp":"2026-04-05 15:37:46"}
{"level":"info","message":"\u001b[0mGET /api/v1/customers/active/list \u001b[36m304\u001b[0m 268.821 ms - -\u001b[0m","timestamp":"2026-04-05 15:37:46"}
{"level":"info","message":"\u001b[0mGET /api/v1/users/active-sellers \u001b[36m304\u001b[0m 339.754 ms - -\u001b[0m","timestamp":"2026-04-05 15:37:46"}
{"level":"info","message":"\u001b[0mGET /api/v1/products?size=1000 \u001b[36m304\u001b[0m 442.901 ms - -\u001b[0m","timestamp":"2026-04-05 15:37:46"}
{"level":"info","message":"\u001b[0mGET /uploads/images%5B%5D-1775383214386-211953253.webp \u001b[36m304\u001b[0m 11.824 ms - -\u001b[0m","timestamp":"2026-04-05 15:37:46"}
{"level":"info","message":"\u001b[0mGET /uploads/images%5B%5D-1775383070244-36808163.webp \u001b[36m304\u001b[0m 1.235 ms - -\u001b[0m","timestamp":"2026-04-05 15:37:46"}
{"level":"info","message":"\u001b[0mGET /api/v1/settings/pos \u001b[36m304\u001b[0m 277.471 ms - -\u001b[0m","timestamp":"2026-04-05 15:37:46"}
{"level":"info","message":"\u001b[0mGET /api/v1/customers/active/list \u001b[36m304\u001b[0m 321.925 ms - -\u001b[0m","timestamp":"2026-04-05 15:37:46"}
{"level":"info","message":"\u001b[0mGET /api/v1/settings/business \u001b[36m304\u001b[0m 350.239 ms - -\u001b[0m","timestamp":"2026-04-05 15:37:46"}
{"level":"info","message":"\u001b[0mGET /api/v1/users/active-sellers \u001b[36m304\u001b[0m 283.964 ms - -\u001b[0m","timestamp":"2026-04-05 15:37:46"}
{"level":"info","message":"\u001b[0mGET /api/v1/settings/receipt \u001b[36m304\u001b[0m 324.096 ms - -\u001b[0m","timestamp":"2026-04-05 15:37:46"}
{"level":"info","message":"\u001b[0mGET /api/v1/products?size=1000 \u001b[36m304\u001b[0m 92.561 ms - -\u001b[0m","timestamp":"2026-04-05 15:38:00"}
{"level":"info","message":"\u001b[0mGET /api/v1/products?size=1000 \u001b[36m304\u001b[0m 106.942 ms - -\u001b[0m","timestamp":"2026-04-05 15:38:00"}
{"level":"info","message":"\u001b[0mGET /api/v1/settings/global \u001b[36m304\u001b[0m 73.552 ms - -\u001b[0m","timestamp":"2026-04-05 15:38:00"}
{"level":"info","message":"\u001b[0mGET /api/v1/products/active/list \u001b[32m200\u001b[0m 161.444 ms - -\u001b[0m","timestamp":"2026-04-05 15:38:34"}
{"level":"info","message":"\u001b[0mGET /api/v1/products/active/list \u001b[36m304\u001b[0m 89.259 ms - -\u001b[0m","timestamp":"2026-04-05 15:38:34"}
{"level":"info","message":"\u001b[0mGET /uploads/images[]-1775383070244-36808163.webp \u001b[36m304\u001b[0m 1.645 ms - -\u001b[0m","timestamp":"2026-04-05 15:38:36"}
{"level":"info","message":"\u001b[0mGET /uploads/images[]-1775383214386-211953253.webp \u001b[36m304\u001b[0m 2.246 ms - -\u001b[0m","timestamp":"2026-04-05 15:38:36"}
{"level":"info","message":"\u001b[0mGET /api/v1/products/73f09227-8c3a-46c5-a0ed-b418263806e9 \u001b[32m200\u001b[0m 79.174 ms - -\u001b[0m","timestamp":"2026-04-05 15:38:48"}
{"level":"info","message":"\u001b[0mGET /api/v1/settings/global \u001b[36m304\u001b[0m 160.772 ms - -\u001b[0m","timestamp":"2026-04-05 15:42:45"}
{"level":"info","message":"\u001b[0mGET /api/v1/products/active/list \u001b[36m304\u001b[0m 180.034 ms - -\u001b[0m","timestamp":"2026-04-05 15:42:45"}
{"level":"info","message":"\u001b[0mGET /api/v1/products/active/list \u001b[36m304\u001b[0m 153.896 ms - -\u001b[0m","timestamp":"2026-04-05 15:42:45"}
{"level":"info","message":"\u001b[0mGET /uploads/images[]-1775383070244-36808163.webp \u001b[36m304\u001b[0m 1.677 ms - -\u001b[0m","timestamp":"2026-04-05 15:42:48"}
{"level":"info","message":"\u001b[0mGET /uploads/images[]-1775383214386-211953253.webp \u001b[36m304\u001b[0m 0.458 ms - -\u001b[0m","timestamp":"2026-04-05 15:42:48"}
{"level":"info","message":"\u001b[0mGET /api/v1/settings/global \u001b[36m304\u001b[0m 202.758 ms - -\u001b[0m","timestamp":"2026-04-05 15:42:49"}
{"level":"info","message":"\u001b[0mGET /api/v1/products/active/list \u001b[36m304\u001b[0m 409.651 ms - -\u001b[0m","timestamp":"2026-04-05 15:42:50"}
{"level":"info","message":"\u001b[0mGET /api/v1/products/active/list \u001b[36m304\u001b[0m 147.274 ms - -\u001b[0m","timestamp":"2026-04-05 15:42:50"}
{"level":"info","message":"\u001b[0mGET /uploads/images[]-1775383070244-36808163.webp \u001b[36m304\u001b[0m 10.976 ms - -\u001b[0m","timestamp":"2026-04-05 15:42:52"}
{"level":"info","message":"\u001b[0mGET /uploads/images[]-1775383214386-211953253.webp \u001b[36m304\u001b[0m 2.107 ms - -\u001b[0m","timestamp":"2026-04-05 15:42:52"}
{"level":"info","message":"\u001b[0mGET /api/v1/settings/global \u001b[36m304\u001b[0m 264.243 ms - -\u001b[0m","timestamp":"2026-04-05 15:42:54"}
{"level":"info","message":"\u001b[0mGET /api/v1/products/active/list \u001b[36m304\u001b[0m 404.784 ms - -\u001b[0m","timestamp":"2026-04-05 15:42:54"}
{"level":"info","message":"\u001b[0mGET /api/v1/products/active/list \u001b[36m304\u001b[0m 175.689 ms - -\u001b[0m","timestamp":"2026-04-05 15:42:54"}
{"level":"info","message":"\u001b[0mGET /uploads/images[]-1775383070244-36808163.webp \u001b[36m304\u001b[0m 6.273 ms - -\u001b[0m","timestamp":"2026-04-05 15:42:56"}
{"level":"info","message":"\u001b[0mGET /uploads/images[]-1775383214386-211953253.webp \u001b[36m304\u001b[0m 0.875 ms - -\u001b[0m","timestamp":"2026-04-05 15:42:56"}
{"level":"info","message":"\u001b[0mGET /api/v1/settings/global \u001b[36m304\u001b[0m 104.972 ms - -\u001b[0m","timestamp":"2026-04-05 15:42:58"}
{"level":"info","message":"\u001b[0mGET /api/v1/products/active/list \u001b[36m304\u001b[0m 174.469 ms - -\u001b[0m","timestamp":"2026-04-05 15:42:59"}
{"level":"info","message":"\u001b[0mGET /api/v1/products/active/list \u001b[36m304\u001b[0m 94.172 ms - -\u001b[0m","timestamp":"2026-04-05 15:42:59"}
{"level":"info","message":"\u001b[0mGET /uploads/images[]-1775383070244-36808163.webp \u001b[36m304\u001b[0m 2.089 ms - -\u001b[0m","timestamp":"2026-04-05 15:45:15"}
{"level":"info","message":"\u001b[0mGET /uploads/images[]-1775383214386-211953253.webp \u001b[36m304\u001b[0m 4.518 ms - -\u001b[0m","timestamp":"2026-04-05 15:45:15"}
{"level":"info","message":"\u001b[0mGET /api/v1/products/8119883f-10c3-41cd-90fc-9e9c373a6329 \u001b[32m200\u001b[0m 226.651 ms - -\u001b[0m","timestamp":"2026-04-05 15:45:19"}
{"level":"info","message":"\u001b[0mGET /api/v1/products/c654e8c2-880b-4bdd-b014-4889158eea01 \u001b[36m304\u001b[0m 77.605 ms - -\u001b[0m","timestamp":"2026-04-05 15:45:22"}
{"level":"info","message":"\u001b[0mGET /api/v1/products/8119883f-10c3-41cd-90fc-9e9c373a6329 \u001b[36m304\u001b[0m 75.915 ms - -\u001b[0m","timestamp":"2026-04-05 15:45:26"}
{"level":"info","message":"\u001b[0mGET /api/v1/products/5ca6a720-bd89-4cc7-84fa-952445d61ad5 \u001b[32m200\u001b[0m 264.047 ms - -\u001b[0m","timestamp":"2026-04-05 15:49:33"}
{"level":"info","message":"\u001b[0mGET /api/v1/products/7c57a43b-3238-4da2-b435-759827c9b4ab \u001b[36m304\u001b[0m 79.342 ms - -\u001b[0m","timestamp":"2026-04-05 15:49:38"}
{"level":"info","message":"\u001b[0mGET /api/v1/products?size=2000 \u001b[32m200\u001b[0m 216.190 ms - -\u001b[0m","timestamp":"2026-04-05 15:51:53"}
{"level":"info","message":"\u001b[0mGET /api/v1/products?size=2000 \u001b[36m304\u001b[0m 185.983 ms - -\u001b[0m","timestamp":"2026-04-05 15:51:53"}
{"level":"info","message":"\u001b[0mGET /api/v1/settings/global \u001b[36m304\u001b[0m 200.628 ms - -\u001b[0m","timestamp":"2026-04-05 15:51:53"}
{"level":"info","message":"\u001b[0mGET /api/v1/branches \u001b[36m304\u001b[0m 289.202 ms - -\u001b[0m","timestamp":"2026-04-05 15:53:27"}
{"level":"info","message":"\u001b[0mGET /api/v1/stocks?page=1&size=500 \u001b[36m304\u001b[0m 302.369 ms - -\u001b[0m","timestamp":"2026-04-05 15:53:27"}
{"level":"info","message":"\u001b[0mGET /api/v1/branches \u001b[36m304\u001b[0m 162.013 ms - -\u001b[0m","timestamp":"2026-04-05 15:53:27"}
{"level":"info","message":"\u001b[0mGET /api/v1/stocks?page=1&size=500 \u001b[36m304\u001b[0m 248.263 ms - -\u001b[0m","timestamp":"2026-04-05 15:53:27"}
{"level":"info","message":"\u001b[0mGET /api/v1/stocks?page=1&size=500 \u001b[36m304\u001b[0m 80.232 ms - -\u001b[0m","timestamp":"2026-04-05 15:53:32"}
{"level":"info","message":"\u001b[0mGET /api/v1/products?page=1 \u001b[32m200\u001b[0m 188.374 ms - -\u001b[0m","timestamp":"2026-04-05 15:53:57"}
{"level":"info","message":"\u001b[0mGET /api/v1/products?page=1 \u001b[36m304\u001b[0m 250.140 ms - -\u001b[0m","timestamp":"2026-04-05 15:53:57"}
{"level":"info","message":"\u001b[0mGET /uploads/images[]-1775383214386-211953253.webp \u001b[36m304\u001b[0m 2.856 ms - -\u001b[0m","timestamp":"2026-04-05 15:53:57"}
{"level":"info","message":"\u001b[0mGET /uploads/images[]-1775383070244-36808163.webp \u001b[36m304\u001b[0m 6.393 ms - -\u001b[0m","timestamp":"2026-04-05 15:53:57"}
{"level":"info","message":"\u001b[0mGET /api/v1/common/bulk-options \u001b[36m304\u001b[0m 251.375 ms - -\u001b[0m","timestamp":"2026-04-05 15:54:01"}
{"level":"info","message":"\u001b[0mGET /api/v1/suppliers/active/list \u001b[36m304\u001b[0m 249.588 ms - -\u001b[0m","timestamp":"2026-04-05 15:54:01"}
{"level":"info","message":"\u001b[0mGET /api/v1/common/bulk-options \u001b[36m304\u001b[0m 371.173 ms - -\u001b[0m","timestamp":"2026-04-05 15:54:02"}
{"level":"info","message":"\u001b[0mGET /api/v1/suppliers/active/list \u001b[36m304\u001b[0m 425.623 ms - -\u001b[0m","timestamp":"2026-04-05 15:54:02"}
{"level":"info","message":"\u001b[0mGET /api/v1/products?size=1000 \u001b[36m304\u001b[0m 124.265 ms - -\u001b[0m","timestamp":"2026-04-05 15:54:10"}
{"level":"info","message":"\u001b[0mGET /api/v1/products?size=1000 \u001b[36m304\u001b[0m 105.574 ms - -\u001b[0m","timestamp":"2026-04-05 15:54:10"}
{"level":"info","message":"\u001b[0mGET /api/v1/products/active/list \u001b[36m304\u001b[0m 116.688 ms - -\u001b[0m","timestamp":"2026-04-05 15:54:12"}
{"level":"info","message":"\u001b[0mGET /api/v1/products/7c57a43b-3238-4da2-b435-759827c9b4ab \u001b[36m304\u001b[0m 126.328 ms - -\u001b[0m","timestamp":"2026-04-05 15:54:12"}
{"level":"info","message":"\u001b[0mGET /api/v1/products/active/list \u001b[36m304\u001b[0m 189.566 ms - -\u001b[0m","timestamp":"2026-04-05 15:54:12"}
{"level":"info","message":"\u001b[0mGET /api/v1/branches \u001b[33m401\u001b[0m 9.315 ms - 44\u001b[0m","timestamp":"2026-04-05 16:10:58"}
{"level":"info","message":"\u001b[0mGET /api/v1/branches \u001b[33m401\u001b[0m 11.196 ms - 44\u001b[0m","timestamp":"2026-04-05 16:10:58"}
{"level":"info","message":"\u001b[0mPOST /api/v1/login \u001b[32m200\u001b[0m 326.777 ms - -\u001b[0m","timestamp":"2026-04-05 16:11:05"}
{"level":"info","message":"\u001b[0mGET /api/v1/me \u001b[32m200\u001b[0m 64.603 ms - -\u001b[0m","timestamp":"2026-04-05 16:11:05"}
{"level":"info","message":"\u001b[0mGET /api/v1/reports/dashboard/summary \u001b[36m304\u001b[0m 153.325 ms - -\u001b[0m","timestamp":"2026-04-05 16:11:06"}
{"level":"info","message":"\u001b[0mGET /api/v1/reports/dashboard/summary \u001b[36m304\u001b[0m 186.863 ms - -\u001b[0m","timestamp":"2026-04-05 16:11:06"}
{"level":"info","message":"\u001b[0mGET /api/v1/settings/global \u001b[36m304\u001b[0m 253.350 ms - -\u001b[0m","timestamp":"2026-04-05 16:28:48"}
{"level":"info","message":"\u001b[0mGET /api/v1/products?page=1 \u001b[36m304\u001b[0m 315.815 ms - -\u001b[0m","timestamp":"2026-04-05 16:28:48"}
{"level":"info","message":"\u001b[0mGET /api/v1/products?page=1 \u001b[36m304\u001b[0m 346.230 ms - -\u001b[0m","timestamp":"2026-04-05 16:28:49"}
{"level":"info","message":"\u001b[0mGET /uploads/images[]-1775383214386-211953253.webp \u001b[36m304\u001b[0m 1.495 ms - -\u001b[0m","timestamp":"2026-04-05 16:28:49"}
{"level":"info","message":"\u001b[0mGET /uploads/images[]-1775383070244-36808163.webp \u001b[36m304\u001b[0m 3.456 ms - -\u001b[0m","timestamp":"2026-04-05 16:28:49"}
{"level":"info","message":"\u001b[0mGET /api/v1/suppliers \u001b[36m304\u001b[0m 180.222 ms - -\u001b[0m","timestamp":"2026-04-05 16:29:28"}
{"level":"info","message":"\u001b[0mGET /api/v1/suppliers \u001b[36m304\u001b[0m 132.802 ms - -\u001b[0m","timestamp":"2026-04-05 16:29:29"}
{"level":"info","message":"\u001b[0mPATCH /api/v1/suppliers/6beb3d0b-e924-424c-8846-b4482fdf0e92/deactivate \u001b[33m404\u001b[0m 63.363 ms - 46\u001b[0m","timestamp":"2026-04-05 16:29:39"}
{"level":"info","message":"\u001b[0mPOST /api/v1/suppliers \u001b[33m401\u001b[0m 5.363 ms - 44\u001b[0m","timestamp":"2026-04-05 17:56:06"}
{"level":"info","message":"\u001b[0mPOST /api/v1/login \u001b[32m200\u001b[0m 250.844 ms - -\u001b[0m","timestamp":"2026-04-05 17:56:14"}
{"level":"info","message":"\u001b[0mGET /api/v1/me \u001b[32m200\u001b[0m 74.830 ms - -\u001b[0m","timestamp":"2026-04-05 17:56:14"}
{"level":"info","message":"\u001b[0mGET /api/v1/reports/dashboard/summary \u001b[36m304\u001b[0m 110.130 ms - -\u001b[0m","timestamp":"2026-04-05 17:56:15"}
{"level":"info","message":"\u001b[0mGET /api/v1/reports/dashboard/summary \u001b[36m304\u001b[0m 71.716 ms - -\u001b[0m","timestamp":"2026-04-05 17:56:15"}
{"level":"info","message":"\u001b[0mGET /api/v1/settings/global \u001b[36m304\u001b[0m 183.845 ms - -\u001b[0m","timestamp":"2026-04-05 17:56:17"}
{"level":"info","message":"\u001b[0mGET /api/v1/products?page=1 \u001b[36m304\u001b[0m 299.214 ms - -\u001b[0m","timestamp":"2026-04-05 17:56:18"}
{"level":"info","message":"\u001b[0mGET /api/v1/products?page=1 \u001b[36m304\u001b[0m 121.489 ms - -\u001b[0m","timestamp":"2026-04-05 17:56:18"}
{"level":"info","message":"\u001b[0mGET /uploads/images[]-1775383214386-211953253.webp \u001b[36m304\u001b[0m 0.533 ms - -\u001b[0m","timestamp":"2026-04-05 17:56:18"}
{"level":"info","message":"\u001b[0mGET /uploads/images[]-1775383070244-36808163.webp \u001b[36m304\u001b[0m 3.446 ms - -\u001b[0m","timestamp":"2026-04-05 17:56:18"}
{"level":"info","message":"\u001b[0mGET /api/v1/suppliers \u001b[36m304\u001b[0m 64.467 ms - -\u001b[0m","timestamp":"2026-04-05 17:56:23"}
{"level":"info","message":"\u001b[0mGET /api/v1/suppliers \u001b[36m304\u001b[0m 67.975 ms - -\u001b[0m","timestamp":"2026-04-05 17:56:23"}
{"level":"info","message":"\u001b[0mPOST /api/v1/suppliers \u001b[32m201\u001b[0m 62.318 ms - 394\u001b[0m","timestamp":"2026-04-05 17:56:52"}
{"level":"info","message":"\u001b[0mGET /api/v1/suppliers \u001b[32m200\u001b[0m 66.466 ms - -\u001b[0m","timestamp":"2026-04-05 17:56:52"}
{"level":"info","message":"\u001b[0mGET /api/v1/settings/global \u001b[36m304\u001b[0m 116.323 ms - -\u001b[0m","timestamp":"2026-04-05 18:00:54"}
{"level":"info","message":"\u001b[0mGET /api/v1/suppliers \u001b[36m304\u001b[0m 183.878 ms - -\u001b[0m","timestamp":"2026-04-05 18:00:54"}
{"level":"info","message":"\u001b[0mGET /api/v1/suppliers \u001b[36m304\u001b[0m 121.135 ms - -\u001b[0m","timestamp":"2026-04-05 18:00:54"}
{"level":"info","message":"\u001b[0mPATCH /api/v1/suppliers/6beb3d0b-e924-424c-8846-b4482fdf0e92/deactivate \u001b[33m404\u001b[0m 78.682 ms - 46\u001b[0m","timestamp":"2026-04-05 18:05:08"}
{"level":"info","message":"\u001b[0mGET /api/v1/suppliers/7124cd97-cfcb-4e2e-9573-a1cab1ef0bc3/ledger \u001b[32m200\u001b[0m 87.111 ms - -\u001b[0m","timestamp":"2026-04-05 18:06:48"}
{"level":"info","message":"\u001b[0mGET /api/v1/suppliers/675ac0bf-5e00-4ff0-8ce2-a6b03151f6ec/ledger \u001b[32m200\u001b[0m 147.379 ms - 472\u001b[0m","timestamp":"2026-04-05 18:07:06"}
{"level":"info","message":"\u001b[0mGET /api/v1/suppliers/675ac0bf-5e00-4ff0-8ce2-a6b03151f6ec/ledger \u001b[36m304\u001b[0m 161.365 ms - -\u001b[0m","timestamp":"2026-04-05 18:07:06"}
{"level":"info","message":"\u001b[0mGET /api/v1/suppliers/675ac0bf-5e00-4ff0-8ce2-a6b03151f6ec/ledger \u001b[36m304\u001b[0m 63.659 ms - -\u001b[0m","timestamp":"2026-04-05 18:07:35"}
{"level":"info","message":"\u001b[0mGET /api/v1/suppliers/675ac0bf-5e00-4ff0-8ce2-a6b03151f6ec/ledger \u001b[36m304\u001b[0m 103.322 ms - -\u001b[0m","timestamp":"2026-04-05 18:07:35"}
{"level":"info","message":"\u001b[0mGET /api/v1/suppliers/b7722b94-080e-4b85-b041-df26c8682472/ledger \u001b[32m200\u001b[0m 52.978 ms - 468\u001b[0m","timestamp":"2026-04-05 18:09:20"}
{"level":"info","message":"\u001b[0mGET /api/v1/suppliers/b7722b94-080e-4b85-b041-df26c8682472/ledger \u001b[36m304\u001b[0m 83.407 ms - -\u001b[0m","timestamp":"2026-04-05 18:09:20"}
{"level":"info","message":"\u001b[0mGET /api/v1/suppliers/9f1c5e24-305e-4bfa-bc97-8219e0dc02e0/ledger \u001b[32m200\u001b[0m 73.189 ms - 474\u001b[0m","timestamp":"2026-04-05 18:10:03"}
{"level":"info","message":"\u001b[0mGET /api/v1/suppliers/9f1c5e24-305e-4bfa-bc97-8219e0dc02e0/ledger \u001b[36m304\u001b[0m 45.780 ms - -\u001b[0m","timestamp":"2026-04-05 18:10:48"}
{"level":"info","message":"\u001b[0mGET /api/v1/suppliers/9f1c5e24-305e-4bfa-bc97-8219e0dc02e0/ledger \u001b[36m304\u001b[0m 55.215 ms - -\u001b[0m","timestamp":"2026-04-05 18:10:54"}
{"level":"info","message":"\u001b[0mPOST /api/v1/suppliers/9f1c5e24-305e-4bfa-bc97-8219e0dc02e0 \u001b[33m404\u001b[0m 57.163 ms - 46\u001b[0m","timestamp":"2026-04-05 18:12:54"}
{"level":"info","message":"\u001b[0mGET /api/v1/suppliers \u001b[36m304\u001b[0m 116.522 ms - -\u001b[0m","timestamp":"2026-04-05 18:14:50"}
{"level":"info","message":"\u001b[0mGET /api/v1/suppliers/6beb3d0b-e924-424c-8846-b4482fdf0e92/ledger \u001b[36m304\u001b[0m 96.960 ms - -\u001b[0m","timestamp":"2026-04-05 18:15:06"}
{"level":"info","message":"\u001b[0mGET /api/v1/suppliers/4070d9ae-de1d-482b-aca9-2e7cce992200/ledger \u001b[36m304\u001b[0m 75.665 ms - -\u001b[0m","timestamp":"2026-04-05 18:15:17"}
{"level":"info","message":"\u001b[0mGET /api/v1/suppliers \u001b[36m304\u001b[0m 203.682 ms - -\u001b[0m","timestamp":"2026-04-05 18:21:45"}
{"level":"info","message":"\u001b[0mPOST /api/v1/suppliers/7124cd97-cfcb-4e2e-9573-a1cab1ef0bc3 \u001b[33m404\u001b[0m 64.325 ms - 46\u001b[0m","timestamp":"2026-04-05 18:26:55"}
{"level":"info","message":"\u001b[0mPUT /api/v1/suppliers/7124cd97-cfcb-4e2e-9573-a1cab1ef0bc3 \u001b[32m200\u001b[0m 86.219 ms - 396\u001b[0m","timestamp":"2026-04-05 18:37:22"}
{"level":"info","message":"\u001b[0mGET /api/v1/suppliers \u001b[36m304\u001b[0m 159.569 ms - -\u001b[0m","timestamp":"2026-04-05 18:37:23"}
{"level":"info","message":"\u001b[0mGET /api/v1/suppliers/6beb3d0b-e924-424c-8846-b4482fdf0e92/ledger \u001b[36m304\u001b[0m 189.246 ms - -\u001b[0m","timestamp":"2026-04-05 18:49:21"}
{"level":"info","message":"\u001b[0mGET /api/v1/suppliers/6beb3d0b-e924-424c-8846-b4482fdf0e92/ledger \u001b[36m304\u001b[0m 44.061 ms - -\u001b[0m","timestamp":"2026-04-05 18:49:21"}
{"level":"info","message":"\u001b[0mPUT /api/v1/suppliers/6beb3d0b-e924-424c-8846-b4482fdf0e92 \u001b[32m200\u001b[0m 54.781 ms - 414\u001b[0m","timestamp":"2026-04-05 18:50:15"}
{"level":"info","message":"\u001b[0mGET /api/v1/suppliers \u001b[32m200\u001b[0m 38.837 ms - -\u001b[0m","timestamp":"2026-04-05 18:50:15"}
{"level":"info","message":"\u001b[0mGET /api/v1/settings/global \u001b[36m304\u001b[0m 330.255 ms - -\u001b[0m","timestamp":"2026-04-05 18:51:32"}
{"level":"info","message":"\u001b[0mGET /api/v1/suppliers \u001b[36m304\u001b[0m 311.366 ms - -\u001b[0m","timestamp":"2026-04-05 18:51:32"}
{"level":"info","message":"\u001b[0mGET /api/v1/suppliers \u001b[36m304\u001b[0m 90.774 ms - -\u001b[0m","timestamp":"2026-04-05 18:51:32"}
{"level":"info","message":"\u001b[0mGET /api/v1/purchase-orders \u001b[32m200\u001b[0m 80.241 ms - -\u001b[0m","timestamp":"2026-04-05 18:53:06"}
{"level":"info","message":"\u001b[0mGET /api/v1/purchase-orders \u001b[36m304\u001b[0m 82.363 ms - -\u001b[0m","timestamp":"2026-04-05 18:53:06"}
{"level":"info","message":"\u001b[0mGET /api/v1/purchase-orders \u001b[36m304\u001b[0m 288.564 ms - -\u001b[0m","timestamp":"2026-04-05 18:54:17"}
{"level":"info","message":"\u001b[0mGET /api/v1/products/active/list \u001b[36m304\u001b[0m 210.615 ms - -\u001b[0m","timestamp":"2026-04-05 18:55:15"}
{"level":"info","message":"\u001b[0mGET /api/v1/suppliers/active/list \u001b[32m200\u001b[0m 237.639 ms - -\u001b[0m","timestamp":"2026-04-05 18:55:15"}
{"level":"info","message":"\u001b[0mGET /api/v1/products/active/list \u001b[36m304\u001b[0m 200.321 ms - -\u001b[0m","timestamp":"2026-04-05 18:55:16"}
{"level":"info","message":"\u001b[0mGET /api/v1/suppliers/active/list \u001b[36m304\u001b[0m 139.027 ms - -\u001b[0m","timestamp":"2026-04-05 18:55:16"}
{"level":"info","message":"\u001b[0mGET /api/v1/branches/active/list \u001b[36m304\u001b[0m 88.558 ms - -\u001b[0m","timestamp":"2026-04-05 18:55:16"}
{"level":"info","message":"\u001b[0mGET /api/v1/branches/active/list \u001b[36m304\u001b[0m 33.575 ms - -\u001b[0m","timestamp":"2026-04-05 18:55:16"}
{"level":"info","message":"\u001b[0mPOST /api/v1/refresh \u001b[32m200\u001b[0m 134.372 ms - 466\u001b[0m","timestamp":"2026-04-05 19:03:37"}
{"level":"info","message":"\u001b[0mPOST /api/v1/refresh \u001b[33m401\u001b[0m 14.420 ms - 52\u001b[0m","timestamp":"2026-04-05 19:03:40"}
{"level":"info","message":"\u001b[0mGET /api/v1/settings/global \u001b[33m401\u001b[0m 12.031 ms - 44\u001b[0m","timestamp":"2026-04-05 19:03:40"}
{"level":"info","message":"\u001b[0mGET /api/v1/suppliers/active/list \u001b[33m401\u001b[0m 14.758 ms - 44\u001b[0m","timestamp":"2026-04-05 19:03:40"}
{"level":"info","message":"\u001b[0mGET /api/v1/products/active/list \u001b[33m401\u001b[0m 23.954 ms - 44\u001b[0m","timestamp":"2026-04-05 19:03:40"}
{"level":"info","message":"\u001b[0mGET /api/v1/suppliers/active/list \u001b[33m401\u001b[0m 24.859 ms - 44\u001b[0m","timestamp":"2026-04-05 19:03:40"}
{"level":"info","message":"\u001b[0mGET /api/v1/products/active/list \u001b[33m401\u001b[0m 13.418 ms - 44\u001b[0m","timestamp":"2026-04-05 19:03:40"}
{"level":"info","message":"\u001b[0mGET /api/v1/branches/active/list \u001b[33m401\u001b[0m 20.988 ms - 44\u001b[0m","timestamp":"2026-04-05 19:03:40"}
{"level":"info","message":"\u001b[0mGET /api/v1/branches/active/list \u001b[33m401\u001b[0m 14.387 ms - 44\u001b[0m","timestamp":"2026-04-05 19:03:40"}
{"level":"info","message":"\u001b[0mPOST /api/v1/login \u001b[32m200\u001b[0m 375.421 ms - -\u001b[0m","timestamp":"2026-04-05 20:06:49"}
{"level":"info","message":"\u001b[0mGET /api/v1/me \u001b[32m200\u001b[0m 99.959 ms - -\u001b[0m","timestamp":"2026-04-05 20:06:49"}
{"level":"info","message":"\u001b[0mGET /api/v1/settings/global \u001b[36m304\u001b[0m 254.653 ms - -\u001b[0m","timestamp":"2026-04-05 20:06:51"}
{"level":"info","message":"\u001b[0mGET /api/v1/suppliers/active/list \u001b[36m304\u001b[0m 148.314 ms - -\u001b[0m","timestamp":"2026-04-05 20:06:51"}
{"level":"info","message":"\u001b[0mGET /api/v1/products/active/list \u001b[36m304\u001b[0m 355.526 ms - -\u001b[0m","timestamp":"2026-04-05 20:06:51"}
{"level":"info","message":"\u001b[0mGET /api/v1/suppliers/active/list \u001b[36m304\u001b[0m 264.804 ms - -\u001b[0m","timestamp":"2026-04-05 20:06:51"}
{"level":"info","message":"\u001b[0mGET /api/v1/products/active/list \u001b[36m304\u001b[0m 451.767 ms - -\u001b[0m","timestamp":"2026-04-05 20:06:52"}
{"level":"info","message":"\u001b[0mGET /api/v1/branches/active/list \u001b[36m304\u001b[0m 294.129 ms - -\u001b[0m","timestamp":"2026-04-05 20:06:52"}
{"level":"info","message":"\u001b[0mGET /api/v1/branches/active/list \u001b[36m304\u001b[0m 68.008 ms - -\u001b[0m","timestamp":"2026-04-05 20:06:52"}
{"level":"info","message":"\u001b[0mGET /api/v1/settings/global \u001b[36m304\u001b[0m 209.307 ms - -\u001b[0m","timestamp":"2026-04-05 20:07:17"}
{"level":"info","message":"\u001b[0mGET /api/v1/products/active/list \u001b[36m304\u001b[0m 164.197 ms - -\u001b[0m","timestamp":"2026-04-05 20:07:17"}
{"level":"info","message":"\u001b[0mGET /api/v1/suppliers/active/list \u001b[36m304\u001b[0m 294.886 ms - -\u001b[0m","timestamp":"2026-04-05 20:07:17"}
{"level":"info","message":"\u001b[0mGET /api/v1/products/active/list \u001b[36m304\u001b[0m 136.058 ms - -\u001b[0m","timestamp":"2026-04-05 20:07:17"}
{"level":"info","message":"\u001b[0mGET /api/v1/suppliers/active/list \u001b[36m304\u001b[0m 316.583 ms - -\u001b[0m","timestamp":"2026-04-05 20:07:18"}
{"level":"info","message":"\u001b[0mGET /api/v1/branches/active/list \u001b[36m304\u001b[0m 136.459 ms - -\u001b[0m","timestamp":"2026-04-05 20:07:18"}
{"level":"info","message":"\u001b[0mGET /api/v1/branches/active/list \u001b[36m304\u001b[0m 116.252 ms - -\u001b[0m","timestamp":"2026-04-05 20:07:18"}
{"level":"info","message":"\u001b[0mPOST /api/v1/purchase-orders \u001b[32m201\u001b[0m 95.522 ms - -\u001b[0m","timestamp":"2026-04-05 20:09:38"}
{"level":"info","message":"\u001b[0mGET /api/v1/purchase-orders \u001b[32m200\u001b[0m 94.130 ms - -\u001b[0m","timestamp":"2026-04-05 20:09:39"}
{"level":"info","message":"\u001b[0mGET /api/v1/purchase-orders \u001b[36m304\u001b[0m 117.695 ms - -\u001b[0m","timestamp":"2026-04-05 20:09:39"}
{"level":"info","message":"\u001b[0mGET /api/v1/suppliers/active/list \u001b[36m304\u001b[0m 76.008 ms - -\u001b[0m","timestamp":"2026-04-05 20:09:48"}
{"level":"info","message":"\u001b[0mGET /api/v1/products/active/list \u001b[36m304\u001b[0m 104.588 ms - -\u001b[0m","timestamp":"2026-04-05 20:09:48"}
{"level":"info","message":"\u001b[0mGET /api/v1/suppliers/active/list \u001b[36m304\u001b[0m 81.755 ms - -\u001b[0m","timestamp":"2026-04-05 20:09:48"}
{"level":"info","message":"\u001b[0mGET /api/v1/products/active/list \u001b[36m304\u001b[0m 148.133 ms - -\u001b[0m","timestamp":"2026-04-05 20:09:48"}
{"level":"info","message":"\u001b[0mGET /api/v1/branches/active/list \u001b[36m304\u001b[0m 65.929 ms - -\u001b[0m","timestamp":"2026-04-05 20:09:48"}
{"level":"info","message":"\u001b[0mGET /api/v1/branches/active/list \u001b[36m304\u001b[0m 36.995 ms - -\u001b[0m","timestamp":"2026-04-05 20:09:48"}
{"level":"info","message":"\u001b[0mPOST /api/v1/purchase-orders \u001b[32m201\u001b[0m 126.846 ms - -\u001b[0m","timestamp":"2026-04-05 20:10:25"}
{"level":"info","message":"\u001b[0mGET /api/v1/purchase-orders \u001b[32m200\u001b[0m 94.832 ms - -\u001b[0m","timestamp":"2026-04-05 20:10:25"}
{"level":"info","message":"\u001b[0mGET /api/v1/purchase-orders \u001b[36m304\u001b[0m 130.979 ms - -\u001b[0m","timestamp":"2026-04-05 20:10:25"}
{"level":"info","message":"\u001b[0mGET /api/v1/suppliers/grn?page=1&size=10 \u001b[36m304\u001b[0m 218.745 ms - -\u001b[0m","timestamp":"2026-04-05 20:10:54"}
{"level":"info","message":"\u001b[0mGET /api/v1/suppliers?size=200 \u001b[32m200\u001b[0m 210.425 ms - -\u001b[0m","timestamp":"2026-04-05 20:10:54"}
{"level":"info","message":"\u001b[0mGET /api/v1/suppliers/grn?page=1&size=10 \u001b[36m304\u001b[0m 156.548 ms - -\u001b[0m","timestamp":"2026-04-05 20:10:54"}
{"level":"info","message":"\u001b[0mGET /api/v1/suppliers?size=200 \u001b[36m304\u001b[0m 171.218 ms - -\u001b[0m","timestamp":"2026-04-05 20:10:54"}
{"level":"info","message":"\u001b[0mGET /api/v1/suppliers?size=200 \u001b[36m304\u001b[0m 153.476 ms - -\u001b[0m","timestamp":"2026-04-05 20:11:49"}
{"level":"info","message":"\u001b[0mGET /api/v1/suppliers/grn?page=1&size=10 \u001b[36m304\u001b[0m 163.943 ms - -\u001b[0m","timestamp":"2026-04-05 20:11:49"}
{"level":"info","message":"\u001b[0mGET /api/v1/suppliers/grn?page=1&size=10 \u001b[36m304\u001b[0m 140.307 ms - -\u001b[0m","timestamp":"2026-04-05 20:14:06"}
{"level":"info","message":"\u001b[0mGET /api/v1/purchase-orders \u001b[36m304\u001b[0m 165.929 ms - -\u001b[0m","timestamp":"2026-04-05 20:14:54"}
{"level":"info","message":"\u001b[0mGET /api/v1/purchase-orders \u001b[36m304\u001b[0m 113.931 ms - -\u001b[0m","timestamp":"2026-04-05 20:14:54"}
{"level":"info","message":"\u001b[0mGET /api/v1/suppliers?size=200 \u001b[36m304\u001b[0m 125.995 ms - -\u001b[0m","timestamp":"2026-04-05 20:15:01"}
{"level":"info","message":"\u001b[0mGET /api/v1/suppliers/grn?page=1&size=10 \u001b[36m304\u001b[0m 140.751 ms - -\u001b[0m","timestamp":"2026-04-05 20:15:01"}
{"level":"info","message":"\u001b[0mGET /api/v1/suppliers?size=200 \u001b[36m304\u001b[0m 141.386 ms - -\u001b[0m","timestamp":"2026-04-05 20:15:01"}
{"level":"info","message":"\u001b[0mGET /api/v1/suppliers/grn?page=1&size=10 \u001b[36m304\u001b[0m 138.907 ms - -\u001b[0m","timestamp":"2026-04-05 20:15:01"}
{"level":"info","message":"\u001b[0mGET /api/v1/suppliers/grn?page=1&size=10 \u001b[36m304\u001b[0m 80.868 ms - -\u001b[0m","timestamp":"2026-04-05 20:15:14"}
{"level":"info","message":"\u001b[0mGET /api/v1/suppliers/grn?page=1&size=10 \u001b[36m304\u001b[0m 74.012 ms - -\u001b[0m","timestamp":"2026-04-05 20:15:48"}
{"level":"info","message":"\u001b[0mGET /api/v1/suppliers/grn?page=1&size=10 \u001b[36m304\u001b[0m 142.419 ms - -\u001b[0m","timestamp":"2026-04-05 20:16:17"}
{"level":"info","message":"\u001b[0mGET /api/v1/suppliers/grn?page=1&size=10 \u001b[36m304\u001b[0m 155.458 ms - -\u001b[0m","timestamp":"2026-04-05 20:16:47"}
{"level":"info","message":"\u001b[0mGET /api/v1/purchase-orders \u001b[36m304\u001b[0m 72.195 ms - -\u001b[0m","timestamp":"2026-04-05 20:17:04"}
{"level":"info","message":"\u001b[0mGET /api/v1/purchase-orders \u001b[36m304\u001b[0m 131.431 ms - -\u001b[0m","timestamp":"2026-04-05 20:17:04"}
{"level":"info","message":"\u001b[0mGET /api/v1/suppliers?size=200 \u001b[36m304\u001b[0m 314.712 ms - -\u001b[0m","timestamp":"2026-04-05 20:17:41"}
{"level":"info","message":"\u001b[0mGET /api/v1/suppliers/grn?page=1&size=10 \u001b[36m304\u001b[0m 293.834 ms - -\u001b[0m","timestamp":"2026-04-05 20:17:41"}
{"level":"info","message":"\u001b[0mGET /api/v1/suppliers?size=200 \u001b[36m304\u001b[0m 324.153 ms - -\u001b[0m","timestamp":"2026-04-05 20:17:41"}
{"level":"info","message":"\u001b[0mGET /api/v1/suppliers/grn?page=1&size=10 \u001b[36m304\u001b[0m 324.682 ms - -\u001b[0m","timestamp":"2026-04-05 20:17:41"}
{"level":"info","message":"\u001b[0mGET /api/v1/suppliers/grn?page=1&size=10 \u001b[36m304\u001b[0m 59.485 ms - -\u001b[0m","timestamp":"2026-04-05 20:17:51"}
{"level":"info","message":"\u001b[0mGET /api/v1/suppliers/grn?page=1&size=10 \u001b[36m304\u001b[0m 77.068 ms - -\u001b[0m","timestamp":"2026-04-05 20:18:42"}
{"level":"info","message":"\u001b[0mGET /api/v1/suppliers/grn?page=1&size=10 \u001b[36m304\u001b[0m 111.713 ms - -\u001b[0m","timestamp":"2026-04-05 20:19:32"}
{"level":"info","message":"\u001b[0mGET /api/v1/suppliers/grn/94fec095-d663-4db8-8599-a627e9e0a3f4 \u001b[36m304\u001b[0m 245.379 ms - -\u001b[0m","timestamp":"2026-04-05 20:20:19"}
{"level":"info","message":"\u001b[0mGET /api/v1/suppliers/grn/94fec095-d663-4db8-8599-a627e9e0a3f4 \u001b[36m304\u001b[0m 187.964 ms - -\u001b[0m","timestamp":"2026-04-05 20:20:19"}
{"level":"info","message":"\u001b[0mGET /api/v1/suppliers/grn/94fec095-d663-4db8-8599-a627e9e0a3f4 \u001b[36m304\u001b[0m 80.815 ms - -\u001b[0m","timestamp":"2026-04-05 20:23:23"}
{"level":"info","message":"\u001b[0mGET /api/v1/settings/global \u001b[36m304\u001b[0m 288.980 ms - -\u001b[0m","timestamp":"2026-04-05 20:25:58"}
{"level":"info","message":"\u001b[0mGET /api/v1/suppliers/grn/94fec095-d663-4db8-8599-a627e9e0a3f4 \u001b[36m304\u001b[0m 300.765 ms - -\u001b[0m","timestamp":"2026-04-05 20:25:58"}
{"level":"info","message":"\u001b[0mGET /api/v1/suppliers/grn/94fec095-d663-4db8-8599-a627e9e0a3f4 \u001b[36m304\u001b[0m 231.677 ms - -\u001b[0m","timestamp":"2026-04-05 20:25:58"}
{"level":"info","message":"\u001b[0mGET /api/v1/suppliers?size=200 \u001b[36m304\u001b[0m 204.329 ms - -\u001b[0m","timestamp":"2026-04-05 20:33:53"}
{"level":"info","message":"\u001b[0mGET /api/v1/suppliers/grn?page=1&size=10 \u001b[36m304\u001b[0m 214.764 ms - -\u001b[0m","timestamp":"2026-04-05 20:33:53"}
{"level":"info","message":"\u001b[0mGET /api/v1/suppliers/grn?page=1&size=10 \u001b[36m304\u001b[0m 154.247 ms - -\u001b[0m","timestamp":"2026-04-05 20:33:53"}
{"level":"info","message":"\u001b[0mGET /api/v1/suppliers?size=200 \u001b[36m304\u001b[0m 169.497 ms - -\u001b[0m","timestamp":"2026-04-05 20:33:53"}
{"level":"info","message":"\u001b[0mGET /api/v1/purchase-orders \u001b[36m304\u001b[0m 74.298 ms - -\u001b[0m","timestamp":"2026-04-05 20:33:57"}
{"level":"info","message":"\u001b[0mGET /api/v1/purchase-orders \u001b[36m304\u001b[0m 114.390 ms - -\u001b[0m","timestamp":"2026-04-05 20:33:57"}
{"level":"info","message":"\u001b[0mGET /api/v1/purchase-orders/15fd2927-8450-4d8d-9d1a-6b56bfb6ab5d \u001b[32m200\u001b[0m 95.637 ms - -\u001b[0m","timestamp":"2026-04-05 20:34:08"}
{"level":"info","message":"\u001b[0mGET /api/v1/purchase-orders/15fd2927-8450-4d8d-9d1a-6b56bfb6ab5d \u001b[36m304\u001b[0m 85.902 ms - -\u001b[0m","timestamp":"2026-04-05 20:34:08"}
{"level":"info","message":"\u001b[0mPATCH /api/v1/purchase-orders/15fd2927-8450-4d8d-9d1a-6b56bfb6ab5d/approve \u001b[32m200\u001b[0m 153.768 ms - 559\u001b[0m","timestamp":"2026-04-05 20:38:36"}
{"level":"info","message":"\u001b[0mGET /api/v1/purchase-orders/15fd2927-8450-4d8d-9d1a-6b56bfb6ab5d \u001b[32m200\u001b[0m 120.544 ms - -\u001b[0m","timestamp":"2026-04-05 20:38:37"}
{"level":"info","message":"\u001b[0mGET /api/v1/purchase-orders \u001b[32m200\u001b[0m 89.147 ms - -\u001b[0m","timestamp":"2026-04-05 20:38:46"}
{"level":"info","message":"\u001b[0mGET /api/v1/purchase-orders \u001b[36m304\u001b[0m 91.354 ms - -\u001b[0m","timestamp":"2026-04-05 20:38:46"}
{"level":"info","message":"\u001b[0mGET /api/v1/purchase-orders/15fd2927-8450-4d8d-9d1a-6b56bfb6ab5d \u001b[36m304\u001b[0m 113.582 ms - -\u001b[0m","timestamp":"2026-04-05 20:38:54"}
{"level":"info","message":"\u001b[0mGET /api/v1/purchase-orders/15fd2927-8450-4d8d-9d1a-6b56bfb6ab5d \u001b[36m304\u001b[0m 173.348 ms - -\u001b[0m","timestamp":"2026-04-05 20:38:54"}
{"level":"info","message":"\u001b[0mGET /api/v1/purchase-orders/15fd2927-8450-4d8d-9d1a-6b56bfb6ab5d \u001b[36m304\u001b[0m 321.610 ms - -\u001b[0m","timestamp":"2026-04-05 20:41:13"}
{"level":"info","message":"\u001b[0mGET /api/v1/purchase-orders/15fd2927-8450-4d8d-9d1a-6b56bfb6ab5d \u001b[36m304\u001b[0m 166.391 ms - -\u001b[0m","timestamp":"2026-04-05 20:41:14"}
{"level":"info","message":"\u001b[0mGET /api/v1/suppliers/active/list \u001b[36m304\u001b[0m 79.090 ms - -\u001b[0m","timestamp":"2026-04-05 20:41:14"}
{"level":"info","message":"\u001b[0mGET /api/v1/suppliers/active/list \u001b[36m304\u001b[0m 135.690 ms - -\u001b[0m","timestamp":"2026-04-05 20:41:14"}
{"level":"info","message":"\u001b[0mGET /api/v1/products/active/list \u001b[36m304\u001b[0m 159.527 ms - -\u001b[0m","timestamp":"2026-04-05 20:41:14"}
{"level":"info","message":"\u001b[0mGET /api/v1/products/active/list \u001b[36m304\u001b[0m 101.722 ms - -\u001b[0m","timestamp":"2026-04-05 20:41:14"}
{"level":"info","message":"\u001b[0mGET /api/v1/branches/active/list \u001b[36m304\u001b[0m 56.857 ms - -\u001b[0m","timestamp":"2026-04-05 20:41:14"}
{"level":"info","message":"\u001b[0mGET /api/v1/branches/active/list \u001b[36m304\u001b[0m 72.430 ms - -\u001b[0m","timestamp":"2026-04-05 20:41:14"}
{"level":"info","message":"\u001b[0mGET /api/v1/suppliers/active/list \u001b[36m304\u001b[0m 185.681 ms - -\u001b[0m","timestamp":"2026-04-05 20:43:04"}
{"level":"info","message":"\u001b[0mGET /api/v1/products/active/list \u001b[36m304\u001b[0m 438.809 ms - -\u001b[0m","timestamp":"2026-04-05 20:43:05"}
{"level":"info","message":"\u001b[0mGET /api/v1/branches/active/list \u001b[36m304\u001b[0m 183.542 ms - -\u001b[0m","timestamp":"2026-04-05 20:43:05"}
{"level":"info","message":"\u001b[0mGET /api/v1/purchase-orders/15fd2927-8450-4d8d-9d1a-6b56bfb6ab5d \u001b[36m304\u001b[0m 143.902 ms - -\u001b[0m","timestamp":"2026-04-05 20:43:40"}
{"level":"info","message":"\u001b[0mGET /api/v1/purchase-orders/15fd2927-8450-4d8d-9d1a-6b56bfb6ab5d \u001b[36m304\u001b[0m 155.847 ms - -\u001b[0m","timestamp":"2026-04-05 20:43:40"}
{"level":"info","message":"\u001b[0mGET /api/v1/purchase-orders/15fd2927-8450-4d8d-9d1a-6b56bfb6ab5d/pdf \u001b[32m200\u001b[0m 169.806 ms - -\u001b[0m","timestamp":"2026-04-05 20:44:01"}
{"level":"info","message":"\u001b[0mGET /api/v1/suppliers/active/list \u001b[36m304\u001b[0m 447.689 ms - -\u001b[0m","timestamp":"2026-04-05 20:46:09"}
{"level":"info","message":"\u001b[0mGET /api/v1/products/active/list \u001b[36m304\u001b[0m 496.939 ms - -\u001b[0m","timestamp":"2026-04-05 20:46:09"}
{"level":"info","message":"\u001b[0mGET /api/v1/purchase-orders/15fd2927-8450-4d8d-9d1a-6b56bfb6ab5d \u001b[36m304\u001b[0m 520.731 ms - -\u001b[0m","timestamp":"2026-04-05 20:46:09"}
{"level":"info","message":"\u001b[0mGET /api/v1/suppliers/active/list \u001b[36m304\u001b[0m 147.997 ms - -\u001b[0m","timestamp":"2026-04-05 20:46:09"}
{"level":"info","message":"\u001b[0mGET /api/v1/products/active/list \u001b[36m304\u001b[0m 218.657 ms - -\u001b[0m","timestamp":"2026-04-05 20:46:09"}
{"level":"info","message":"\u001b[0mGET /api/v1/purchase-orders/15fd2927-8450-4d8d-9d1a-6b56bfb6ab5d \u001b[36m304\u001b[0m 314.466 ms - -\u001b[0m","timestamp":"2026-04-05 20:46:09"}
{"level":"info","message":"\u001b[0mGET /api/v1/branches/active/list \u001b[36m304\u001b[0m 320.944 ms - -\u001b[0m","timestamp":"2026-04-05 20:46:09"}
{"level":"info","message":"\u001b[0mGET /api/v1/branches/active/list \u001b[36m304\u001b[0m 99.314 ms - -\u001b[0m","timestamp":"2026-04-05 20:46:09"}
{"level":"info","message":"\u001b[0mGET /api/v1/purchase-orders/15fd2927-8450-4d8d-9d1a-6b56bfb6ab5d \u001b[36m304\u001b[0m 73.639 ms - -\u001b[0m","timestamp":"2026-04-05 20:46:17"}
{"level":"info","message":"\u001b[0mGET /api/v1/purchase-orders/15fd2927-8450-4d8d-9d1a-6b56bfb6ab5d \u001b[36m304\u001b[0m 67.495 ms - -\u001b[0m","timestamp":"2026-04-05 20:46:17"}
{"level":"info","message":"\u001b[0mGET /api/v1/purchase-orders \u001b[36m304\u001b[0m 50.693 ms - -\u001b[0m","timestamp":"2026-04-05 20:46:18"}
{"level":"info","message":"\u001b[0mGET /api/v1/purchase-orders \u001b[36m304\u001b[0m 82.049 ms - -\u001b[0m","timestamp":"2026-04-05 20:46:18"}
{"level":"info","message":"\u001b[0mGET /api/v1/purchase-orders/15fd2927-8450-4d8d-9d1a-6b56bfb6ab5d \u001b[36m304\u001b[0m 194.938 ms - -\u001b[0m","timestamp":"2026-04-05 20:46:38"}
{"level":"info","message":"\u001b[0mGET /api/v1/purchase-orders/15fd2927-8450-4d8d-9d1a-6b56bfb6ab5d \u001b[36m304\u001b[0m 154.080 ms - -\u001b[0m","timestamp":"2026-04-05 20:46:38"}
{"level":"info","message":"\u001b[0mPOST /api/v1/purchase-orders/15fd2927-8450-4d8d-9d1a-6b56bfb6ab5d/email \u001b[33m404\u001b[0m 50.280 ms - 46\u001b[0m","timestamp":"2026-04-05 20:46:42"}
{"level":"info","message":"Attempting to connect to database... (Attempt 1/5)","timestamp":"2026-04-05 20:48:26"}
{"level":"info","message":"✅ Database connection established successfully.","timestamp":"2026-04-05 20:48:26"}
{"level":"info","message":"✅ Database synchronized.","timestamp":"2026-04-05 20:48:26"}
{"level":"info","message":"🚀 Server running on port 5000","timestamp":"2026-04-05 20:48:26"}
{"level":"info","message":"📍 Environment: development","timestamp":"2026-04-05 20:48:26"}
{"level":"info","message":"🔗 API Base URL: http://localhost:5000/api/v1","timestamp":"2026-04-05 20:48:26"}
{"level":"info","message":"Attempting to connect to database... (Attempt 1/5)","timestamp":"2026-04-05 20:48:38"}
{"level":"info","message":"✅ Database connection established successfully.","timestamp":"2026-04-05 20:48:38"}
{"level":"info","message":"✅ Database synchronized.","timestamp":"2026-04-05 20:48:38"}
{"level":"info","message":"🚀 Server running on port 5000","timestamp":"2026-04-05 20:48:38"}
{"level":"info","message":"📍 Environment: development","timestamp":"2026-04-05 20:48:38"}
{"level":"info","message":"🔗 API Base URL: http://localhost:5000/api/v1","timestamp":"2026-04-05 20:48:38"}
{"level":"info","message":"Attempting to connect to database... (Attempt 1/5)","timestamp":"2026-04-05 20:48:46"}
{"level":"info","message":"✅ Database connection established successfully.","timestamp":"2026-04-05 20:48:46"}
{"level":"info","message":"✅ Database synchronized.","timestamp":"2026-04-05 20:48:46"}
{"level":"info","message":"🚀 Server running on port 5000","timestamp":"2026-04-05 20:48:46"}
{"level":"info","message":"📍 Environment: development","timestamp":"2026-04-05 20:48:46"}
{"level":"info","message":"🔗 API Base URL: http://localhost:5000/api/v1","timestamp":"2026-04-05 20:48:46"}
{"level":"info","message":"\u001b[0mPOST /api/v1/purchase-orders/15fd2927-8450-4d8d-9d1a-6b56bfb6ab5d/email \u001b[31m500\u001b[0m 2105.842 ms - 403\u001b[0m","timestamp":"2026-04-05 20:49:35"}
{"level":"info","message":"\u001b[0mPOST /api/v1/purchase-orders/15fd2927-8450-4d8d-9d1a-6b56bfb6ab5d/email \u001b[31m500\u001b[0m 1522.543 ms - 403\u001b[0m","timestamp":"2026-04-05 20:50:40"}
{"level":"info","message":"\u001b[0mGET /api/v1/purchase-orders \u001b[36m304\u001b[0m 70.093 ms - -\u001b[0m","timestamp":"2026-04-05 20:50:52"}
{"level":"info","message":"\u001b[0mGET /api/v1/purchase-orders \u001b[36m304\u001b[0m 138.617 ms - -\u001b[0m","timestamp":"2026-04-05 20:50:52"}
{"level":"info","message":"\u001b[0mGET /api/v1/purchase-orders \u001b[36m304\u001b[0m 241.689 ms - -\u001b[0m","timestamp":"2026-04-05 20:52:19"}
{"level":"info","message":"\u001b[0mGET /api/v1/purchase-orders \u001b[36m304\u001b[0m 179.635 ms - -\u001b[0m","timestamp":"2026-04-05 20:53:24"}
{"level":"info","message":"\u001b[0mGET /api/v1/purchase-orders/15fd2927-8450-4d8d-9d1a-6b56bfb6ab5d \u001b[36m304\u001b[0m 173.197 ms - -\u001b[0m","timestamp":"2026-04-05 20:53:29"}
{"level":"info","message":"\u001b[0mGET /api/v1/purchase-orders/15fd2927-8450-4d8d-9d1a-6b56bfb6ab5d \u001b[36m304\u001b[0m 272.988 ms - -\u001b[0m","timestamp":"2026-04-05 20:53:29"}
{"level":"info","message":"\u001b[0mGET /api/v1/purchase-orders/15fd2927-8450-4d8d-9d1a-6b56bfb6ab5d \u001b[36m304\u001b[0m 166.260 ms - -\u001b[0m","timestamp":"2026-04-05 20:53:35"}
{"level":"info","message":"\u001b[0mGET /api/v1/purchase-orders/15fd2927-8450-4d8d-9d1a-6b56bfb6ab5d \u001b[36m304\u001b[0m 150.264 ms - -\u001b[0m","timestamp":"2026-04-05 20:53:35"}
{"level":"info","message":"\u001b[0mGET /api/v1/settings/global \u001b[36m304\u001b[0m 105.056 ms - -\u001b[0m","timestamp":"2026-04-05 20:53:55"}
{"level":"info","message":"\u001b[0mGET /api/v1/purchase-orders/15fd2927-8450-4d8d-9d1a-6b56bfb6ab5d \u001b[36m304\u001b[0m 96.251 ms - -\u001b[0m","timestamp":"2026-04-05 20:53:55"}
{"level":"info","message":"\u001b[0mGET /api/v1/purchase-orders/15fd2927-8450-4d8d-9d1a-6b56bfb6ab5d \u001b[36m304\u001b[0m 100.388 ms - -\u001b[0m","timestamp":"2026-04-05 20:53:55"}
{"level":"info","message":"\u001b[0mGET /api/v1/purchase-orders/15fd2927-8450-4d8d-9d1a-6b56bfb6ab5d \u001b[36m304\u001b[0m 485.578 ms - -\u001b[0m","timestamp":"2026-04-05 20:57:05"}
{"level":"info","message":"\u001b[0mGET /api/v1/purchase-orders/15fd2927-8450-4d8d-9d1a-6b56bfb6ab5d \u001b[36m304\u001b[0m 155.603 ms - -\u001b[0m","timestamp":"2026-04-05 20:57:27"}
{"level":"info","message":"\u001b[0mGET /api/v1/purchase-orders/15fd2927-8450-4d8d-9d1a-6b56bfb6ab5d \u001b[36m304\u001b[0m 522.461 ms - -\u001b[0m","timestamp":"2026-04-05 20:58:54"}
{"level":"info","message":"\u001b[0mGET /api/v1/purchase-orders/15fd2927-8450-4d8d-9d1a-6b56bfb6ab5d \u001b[36m304\u001b[0m 174.465 ms - -\u001b[0m","timestamp":"2026-04-05 20:59:04"}
{"level":"info","message":"\u001b[0mGET /api/v1/purchase-orders/15fd2927-8450-4d8d-9d1a-6b56bfb6ab5d \u001b[36m304\u001b[0m 305.882 ms - -\u001b[0m","timestamp":"2026-04-05 21:00:24"}
{"level":"info","message":"\u001b[0mGET /api/v1/purchase-orders/15fd2927-8450-4d8d-9d1a-6b56bfb6ab5d \u001b[33m401\u001b[0m 192.362 ms - 44\u001b[0m","timestamp":"2026-04-05 21:10:03"}
{"level":"info","message":"\u001b[0mPOST /api/v1/login \u001b[32m200\u001b[0m 249.601 ms - -\u001b[0m","timestamp":"2026-04-05 21:10:29"}
{"level":"info","message":"\u001b[0mGET /api/v1/me \u001b[32m200\u001b[0m 68.138 ms - -\u001b[0m","timestamp":"2026-04-05 21:10:30"}
{"level":"info","message":"\u001b[0mGET /api/v1/settings/global \u001b[36m304\u001b[0m 301.262 ms - -\u001b[0m","timestamp":"2026-04-05 21:10:31"}
{"level":"info","message":"\u001b[0mGET /api/v1/purchase-orders/15fd2927-8450-4d8d-9d1a-6b56bfb6ab5d \u001b[32m200\u001b[0m 532.151 ms - -\u001b[0m","timestamp":"2026-04-05 21:10:32"}
{"level":"info","message":"\u001b[0mGET /api/v1/purchase-orders/15fd2927-8450-4d8d-9d1a-6b56bfb6ab5d \u001b[36m304\u001b[0m 94.227 ms - -\u001b[0m","timestamp":"2026-04-05 21:10:32"}
{"level":"info","message":"\u001b[0mGET /api/v1/purchase-orders/15fd2927-8450-4d8d-9d1a-6b56bfb6ab5d \u001b[36m304\u001b[0m 161.526 ms - -\u001b[0m","timestamp":"2026-04-05 21:15:18"}
{"level":"info","message":"\u001b[0mGET /api/v1/purchase-orders/15fd2927-8450-4d8d-9d1a-6b56bfb6ab5d \u001b[36m304\u001b[0m 102.425 ms - -\u001b[0m","timestamp":"2026-04-05 21:15:46"}
{"level":"info","message":"\u001b[0mGET /api/v1/settings/global \u001b[36m304\u001b[0m 338.265 ms - -\u001b[0m","timestamp":"2026-04-05 21:16:05"}
{"level":"info","message":"\u001b[0mGET /api/v1/purchase-orders/15fd2927-8450-4d8d-9d1a-6b56bfb6ab5d \u001b[36m304\u001b[0m 355.703 ms - -\u001b[0m","timestamp":"2026-04-05 21:16:05"}
{"level":"info","message":"\u001b[0mGET /api/v1/purchase-orders/15fd2927-8450-4d8d-9d1a-6b56bfb6ab5d \u001b[36m304\u001b[0m 274.113 ms - -\u001b[0m","timestamp":"2026-04-05 21:16:06"}
{"level":"info","message":"\u001b[0mGET /api/v1/purchase-orders/15fd2927-8450-4d8d-9d1a-6b56bfb6ab5d \u001b[36m304\u001b[0m 139.378 ms - -\u001b[0m","timestamp":"2026-04-05 21:16:09"}
{"level":"info","message":"\u001b[0mGET /api/v1/purchase-orders/15fd2927-8450-4d8d-9d1a-6b56bfb6ab5d \u001b[36m304\u001b[0m 101.985 ms - -\u001b[0m","timestamp":"2026-04-05 21:16:09"}
{"level":"info","message":"\u001b[0mGET /api/v1/suppliers?size=200 \u001b[36m304\u001b[0m 169.509 ms - -\u001b[0m","timestamp":"2026-04-05 21:16:13"}
{"level":"info","message":"\u001b[0mGET /api/v1/suppliers/grn?page=1&size=10 \u001b[36m304\u001b[0m 164.211 ms - -\u001b[0m","timestamp":"2026-04-05 21:16:13"}
{"level":"info","message":"\u001b[0mGET /api/v1/suppliers?size=200 \u001b[36m304\u001b[0m 106.018 ms - -\u001b[0m","timestamp":"2026-04-05 21:16:13"}
{"level":"info","message":"\u001b[0mGET /api/v1/suppliers/grn?page=1&size=10 \u001b[36m304\u001b[0m 103.364 ms - -\u001b[0m","timestamp":"2026-04-05 21:16:13"}
{"level":"info","message":"\u001b[0mGET /api/v1/purchase-orders \u001b[32m200\u001b[0m 58.336 ms - -\u001b[0m","timestamp":"2026-04-05 21:16:22"}
{"level":"info","message":"\u001b[0mGET /api/v1/purchase-orders \u001b[36m304\u001b[0m 74.337 ms - -\u001b[0m","timestamp":"2026-04-05 21:16:22"}
{"level":"info","message":"\u001b[0mGET /api/v1/purchase-orders/15fd2927-8450-4d8d-9d1a-6b56bfb6ab5d \u001b[36m304\u001b[0m 92.531 ms - -\u001b[0m","timestamp":"2026-04-05 21:16:27"}
{"level":"info","message":"\u001b[0mGET /api/v1/purchase-orders/15fd2927-8450-4d8d-9d1a-6b56bfb6ab5d \u001b[36m304\u001b[0m 119.177 ms - -\u001b[0m","timestamp":"2026-04-05 21:16:27"}
{"level":"info","message":"\u001b[0mGET /api/v1/purchase-orders/15fd2927-8450-4d8d-9d1a-6b56bfb6ab5d \u001b[36m304\u001b[0m 101.266 ms - -\u001b[0m","timestamp":"2026-04-05 21:16:29"}
{"level":"info","message":"\u001b[0mGET /api/v1/purchase-orders/15fd2927-8450-4d8d-9d1a-6b56bfb6ab5d \u001b[36m304\u001b[0m 189.936 ms - -\u001b[0m","timestamp":"2026-04-05 21:16:29"}
{"level":"info","message":"Attempting to connect to database... (Attempt 1/5)","timestamp":"2026-04-05 21:22:30"}
{"level":"info","message":"✅ Database connection established successfully.","timestamp":"2026-04-05 21:22:30"}
{"level":"info","message":"✅ Database synchronized.","timestamp":"2026-04-05 21:22:30"}
{"level":"info","message":"🚀 Server running on port 5000","timestamp":"2026-04-05 21:22:30"}
{"level":"info","message":"📍 Environment: development","timestamp":"2026-04-05 21:22:30"}
{"level":"info","message":"🔗 API Base URL: http://localhost:5000/api/v1","timestamp":"2026-04-05 21:22:30"}
{"level":"info","message":"Attempting to connect to database... (Attempt 1/5)","timestamp":"2026-04-05 21:22:45"}
{"level":"info","message":"✅ Database connection established successfully.","timestamp":"2026-04-05 21:22:45"}
{"level":"info","message":"✅ Database synchronized.","timestamp":"2026-04-05 21:22:45"}
{"level":"info","message":"🚀 Server running on port 5000","timestamp":"2026-04-05 21:22:45"}
{"level":"info","message":"📍 Environment: development","timestamp":"2026-04-05 21:22:45"}
{"level":"info","message":"🔗 API Base URL: http://localhost:5000/api/v1","timestamp":"2026-04-05 21:22:45"}
{"level":"info","message":"Attempting to connect to database... (Attempt 1/5)","timestamp":"2026-04-05 21:22:58"}
{"level":"info","message":"✅ Database connection established successfully.","timestamp":"2026-04-05 21:22:58"}
{"level":"info","message":"✅ Database synchronized.","timestamp":"2026-04-05 21:22:58"}
{"level":"info","message":"🚀 Server running on port 5000","timestamp":"2026-04-05 21:22:58"}
{"level":"info","message":"📍 Environment: development","timestamp":"2026-04-05 21:22:58"}
{"level":"info","message":"🔗 API Base URL: http://localhost:5000/api/v1","timestamp":"2026-04-05 21:22:58"}
{"level":"info","message":"Attempting to connect to database... (Attempt 1/5)","timestamp":"2026-04-05 21:24:37"}
{"level":"info","message":"✅ Database connection established successfully.","timestamp":"2026-04-05 21:24:37"}
{"level":"info","message":"✅ Database synchronized.","timestamp":"2026-04-05 21:24:37"}
{"level":"info","message":"🚀 Server running on port 5000","timestamp":"2026-04-05 21:24:37"}
{"level":"info","message":"📍 Environment: development","timestamp":"2026-04-05 21:24:37"}
{"level":"info","message":"🔗 API Base URL: http://localhost:5000/api/v1","timestamp":"2026-04-05 21:24:37"}
{"level":"info","message":"Attempting to connect to database... (Attempt 1/5)","timestamp":"2026-04-05 21:25:54"}
{"level":"info","message":"✅ Database connection established successfully.","timestamp":"2026-04-05 21:25:54"}
{"level":"info","message":"✅ Database synchronized.","timestamp":"2026-04-05 21:25:54"}
{"level":"info","message":"🚀 Server running on port 5000","timestamp":"2026-04-05 21:25:54"}
{"level":"info","message":"📍 Environment: development","timestamp":"2026-04-05 21:25:54"}
{"level":"info","message":"🔗 API Base URL: http://localhost:5000/api/v1","timestamp":"2026-04-05 21:25:54"}
