{"level":"info","message":"\u001b[0mGET /api/v1/suppliers/7124cd97-cfcb-4e2e-9573-a1cab1ef0bc3/ledger \u001b[36m304\u001b[0m 54.335 ms - -\u001b[0m","timestamp":"2026-03-07 00:30:53"}
{"level":"info","message":"\u001b[0mGET /api/v1/suppliers/7124cd97-cfcb-4e2e-9573-a1cab1ef0bc3/ledger \u001b[36m304\u001b[0m 82.374 ms - -\u001b[0m","timestamp":"2026-03-07 00:30:53"}
{"level":"info","message":"\u001b[0mGET /api/v1/suppliers/7124cd97-cfcb-4e2e-9573-a1cab1ef0bc3/ledger \u001b[36m304\u001b[0m 65.175 ms - -\u001b[0m","timestamp":"2026-03-07 00:30:59"}
{"level":"info","message":"\u001b[0mGET /api/v1/suppliers/7124cd97-cfcb-4e2e-9573-a1cab1ef0bc3/ledger \u001b[36m304\u001b[0m 80.043 ms - -\u001b[0m","timestamp":"2026-03-07 00:30:59"}
{"level":"info","message":"\u001b[0mGET /api/v1/suppliers/7124cd97-cfcb-4e2e-9573-a1cab1ef0bc3/ledger \u001b[36m304\u001b[0m 117.816 ms - -\u001b[0m","timestamp":"2026-03-07 00:32:53"}
{"level":"info","message":"\u001b[0mGET /api/v1/suppliers/7124cd97-cfcb-4e2e-9573-a1cab1ef0bc3/ledger \u001b[36m304\u001b[0m 70.449 ms - -\u001b[0m","timestamp":"2026-03-07 00:32:53"}
{"level":"info","message":"\u001b[0mGET /api/v1/suppliers/7124cd97-cfcb-4e2e-9573-a1cab1ef0bc3/ledger \u001b[36m304\u001b[0m 316.580 ms - -\u001b[0m","timestamp":"2026-03-07 00:32:55"}
{"level":"info","message":"\u001b[0mGET /api/v1/suppliers/7124cd97-cfcb-4e2e-9573-a1cab1ef0bc3/ledger \u001b[36m304\u001b[0m 421.181 ms - -\u001b[0m","timestamp":"2026-03-07 00:32:56"}
{"level":"info","message":"\u001b[0mGET /api/v1/suppliers/7124cd97-cfcb-4e2e-9573-a1cab1ef0bc3/ledger \u001b[36m304\u001b[0m 60.313 ms - -\u001b[0m","timestamp":"2026-03-07 00:32:57"}
{"level":"info","message":"\u001b[0mGET /api/v1/suppliers/7124cd97-cfcb-4e2e-9573-a1cab1ef0bc3/ledger \u001b[36m304\u001b[0m 70.028 ms - -\u001b[0m","timestamp":"2026-03-07 00:32:57"}
{"level":"info","message":"\u001b[0mGET /api/v1/suppliers/7124cd97-cfcb-4e2e-9573-a1cab1ef0bc3/ledger \u001b[36m304\u001b[0m 163.060 ms - -\u001b[0m","timestamp":"2026-03-07 00:32:59"}
{"level":"info","message":"\u001b[0mGET /api/v1/suppliers/7124cd97-cfcb-4e2e-9573-a1cab1ef0bc3/ledger \u001b[36m304\u001b[0m 201.362 ms - -\u001b[0m","timestamp":"2026-03-07 00:32:59"}
{"level":"info","message":"\u001b[0mGET /api/v1/suppliers/7124cd97-cfcb-4e2e-9573-a1cab1ef0bc3/ledger \u001b[36m304\u001b[0m 157.113 ms - -\u001b[0m","timestamp":"2026-03-07 00:33:00"}
{"level":"info","message":"\u001b[0mGET /api/v1/suppliers/7124cd97-cfcb-4e2e-9573-a1cab1ef0bc3/ledger \u001b[36m304\u001b[0m 163.624 ms - -\u001b[0m","timestamp":"2026-03-07 00:33:00"}
{"level":"info","message":"\u001b[0mGET /api/v1/suppliers/7124cd97-cfcb-4e2e-9573-a1cab1ef0bc3/ledger \u001b[36m304\u001b[0m 41.214 ms - -\u001b[0m","timestamp":"2026-03-07 00:33:02"}
{"level":"info","message":"\u001b[0mGET /api/v1/suppliers/7124cd97-cfcb-4e2e-9573-a1cab1ef0bc3/ledger \u001b[36m304\u001b[0m 66.341 ms - -\u001b[0m","timestamp":"2026-03-07 00:33:02"}
{"level":"info","message":"\u001b[0mGET /api/v1/suppliers/7124cd97-cfcb-4e2e-9573-a1cab1ef0bc3/ledger \u001b[36m304\u001b[0m 56.861 ms - -\u001b[0m","timestamp":"2026-03-07 00:33:03"}
{"level":"info","message":"\u001b[0mGET /api/v1/suppliers/7124cd97-cfcb-4e2e-9573-a1cab1ef0bc3/ledger \u001b[36m304\u001b[0m 105.843 ms - -\u001b[0m","timestamp":"2026-03-07 00:33:03"}
{"level":"info","message":"\u001b[0mGET /api/v1/suppliers/7124cd97-cfcb-4e2e-9573-a1cab1ef0bc3/ledger \u001b[36m304\u001b[0m 89.287 ms - -\u001b[0m","timestamp":"2026-03-07 00:33:04"}
{"level":"info","message":"\u001b[0mGET /api/v1/suppliers/7124cd97-cfcb-4e2e-9573-a1cab1ef0bc3/ledger \u001b[36m304\u001b[0m 131.652 ms - -\u001b[0m","timestamp":"2026-03-07 00:33:04"}
{"level":"info","message":"\u001b[0mGET /api/v1/suppliers/7124cd97-cfcb-4e2e-9573-a1cab1ef0bc3/ledger \u001b[36m304\u001b[0m 34.824 ms - -\u001b[0m","timestamp":"2026-03-07 00:33:05"}
{"level":"info","message":"\u001b[0mGET /api/v1/suppliers/7124cd97-cfcb-4e2e-9573-a1cab1ef0bc3/ledger \u001b[36m304\u001b[0m 52.188 ms - -\u001b[0m","timestamp":"2026-03-07 00:33:05"}
{"level":"info","message":"\u001b[0mGET /api/v1/suppliers/7124cd97-cfcb-4e2e-9573-a1cab1ef0bc3/ledger \u001b[36m304\u001b[0m 67.040 ms - -\u001b[0m","timestamp":"2026-03-07 00:33:06"}
{"level":"info","message":"\u001b[0mGET /api/v1/suppliers/7124cd97-cfcb-4e2e-9573-a1cab1ef0bc3/ledger \u001b[36m304\u001b[0m 77.777 ms - -\u001b[0m","timestamp":"2026-03-07 00:33:06"}
{"level":"info","message":"\u001b[0mGET /api/v1/suppliers/7124cd97-cfcb-4e2e-9573-a1cab1ef0bc3/ledger \u001b[36m304\u001b[0m 43.404 ms - -\u001b[0m","timestamp":"2026-03-07 00:33:07"}
{"level":"info","message":"\u001b[0mGET /api/v1/suppliers/7124cd97-cfcb-4e2e-9573-a1cab1ef0bc3/ledger \u001b[36m304\u001b[0m 71.970 ms - -\u001b[0m","timestamp":"2026-03-07 00:33:07"}
{"level":"info","message":"\u001b[0mGET /api/v1/suppliers/7124cd97-cfcb-4e2e-9573-a1cab1ef0bc3/ledger \u001b[36m304\u001b[0m 100.734 ms - -\u001b[0m","timestamp":"2026-03-07 00:33:08"}
{"level":"info","message":"\u001b[0mGET /api/v1/suppliers/7124cd97-cfcb-4e2e-9573-a1cab1ef0bc3/ledger \u001b[36m304\u001b[0m 81.400 ms - -\u001b[0m","timestamp":"2026-03-07 00:33:09"}
{"level":"info","message":"\u001b[0mGET /api/v1/suppliers/7124cd97-cfcb-4e2e-9573-a1cab1ef0bc3/ledger \u001b[36m304\u001b[0m 46.118 ms - -\u001b[0m","timestamp":"2026-03-07 00:33:10"}
{"level":"info","message":"\u001b[0mGET /api/v1/suppliers/7124cd97-cfcb-4e2e-9573-a1cab1ef0bc3/ledger \u001b[36m304\u001b[0m 56.749 ms - -\u001b[0m","timestamp":"2026-03-07 00:33:10"}
{"level":"info","message":"\u001b[0mGET /api/v1/suppliers/7124cd97-cfcb-4e2e-9573-a1cab1ef0bc3/ledger \u001b[36m304\u001b[0m 73.016 ms - -\u001b[0m","timestamp":"2026-03-07 00:33:18"}
{"level":"info","message":"\u001b[0mGET /api/v1/suppliers/7124cd97-cfcb-4e2e-9573-a1cab1ef0bc3/ledger \u001b[36m304\u001b[0m 53.416 ms - -\u001b[0m","timestamp":"2026-03-07 00:33:19"}
{"level":"info","message":"\u001b[0mGET /api/v1/suppliers/7124cd97-cfcb-4e2e-9573-a1cab1ef0bc3/ledger \u001b[36m304\u001b[0m 61.076 ms - -\u001b[0m","timestamp":"2026-03-07 00:33:20"}
{"level":"info","message":"\u001b[0mGET /api/v1/suppliers/7124cd97-cfcb-4e2e-9573-a1cab1ef0bc3/ledger \u001b[36m304\u001b[0m 72.141 ms - -\u001b[0m","timestamp":"2026-03-07 00:33:20"}
{"level":"info","message":"\u001b[0mGET /api/v1/customers \u001b[36m304\u001b[0m 53.105 ms - -\u001b[0m","timestamp":"2026-03-07 00:33:29"}
{"level":"info","message":"\u001b[0mGET /api/v1/customers \u001b[36m304\u001b[0m 50.150 ms - -\u001b[0m","timestamp":"2026-03-07 00:33:29"}
{"level":"info","message":"\u001b[0mGET /api/v1/settings/global \u001b[36m304\u001b[0m 58.603 ms - -\u001b[0m","timestamp":"2026-03-07 00:33:29"}
{"level":"info","message":"\u001b[0mGET /api/v1/customers/94417681-9bf5-48de-8d80-ec4724cbd3b4/ledger \u001b[36m304\u001b[0m 49.869 ms - -\u001b[0m","timestamp":"2026-03-07 00:33:34"}
{"level":"info","message":"\u001b[0mGET /api/v1/customers/94417681-9bf5-48de-8d80-ec4724cbd3b4/ledger \u001b[36m304\u001b[0m 34.284 ms - -\u001b[0m","timestamp":"2026-03-07 00:33:36"}
{"level":"info","message":"\u001b[0mGET /api/v1/suppliers \u001b[36m304\u001b[0m 38.168 ms - -\u001b[0m","timestamp":"2026-03-07 00:33:46"}
{"level":"info","message":"\u001b[0mGET /api/v1/suppliers \u001b[36m304\u001b[0m 54.818 ms - -\u001b[0m","timestamp":"2026-03-07 00:33:46"}
{"level":"info","message":"\u001b[0mGET /api/v1/suppliers/7124cd97-cfcb-4e2e-9573-a1cab1ef0bc3/ledger \u001b[36m304\u001b[0m 125.905 ms - -\u001b[0m","timestamp":"2026-03-07 00:33:51"}
{"level":"info","message":"\u001b[0mGET /api/v1/suppliers/7124cd97-cfcb-4e2e-9573-a1cab1ef0bc3/ledger \u001b[36m304\u001b[0m 111.086 ms - -\u001b[0m","timestamp":"2026-03-07 00:33:51"}
{"level":"info","message":"\u001b[0mGET /api/v1/suppliers/7124cd97-cfcb-4e2e-9573-a1cab1ef0bc3/ledger \u001b[36m304\u001b[0m 32.621 ms - -\u001b[0m","timestamp":"2026-03-07 00:33:56"}
{"level":"info","message":"\u001b[0mGET /api/v1/suppliers/7124cd97-cfcb-4e2e-9573-a1cab1ef0bc3/ledger \u001b[36m304\u001b[0m 38.698 ms - -\u001b[0m","timestamp":"2026-03-07 00:33:56"}
{"level":"info","message":"\u001b[0mGET /api/v1/suppliers/7124cd97-cfcb-4e2e-9573-a1cab1ef0bc3/ledger \u001b[36m304\u001b[0m 76.238 ms - -\u001b[0m","timestamp":"2026-03-07 00:34:37"}
{"level":"info","message":"\u001b[0mGET /api/v1/suppliers/7124cd97-cfcb-4e2e-9573-a1cab1ef0bc3/ledger \u001b[36m304\u001b[0m 151.899 ms - -\u001b[0m","timestamp":"2026-03-07 00:34:37"}
{"level":"info","message":"\u001b[0mGET /api/v1/suppliers/7124cd97-cfcb-4e2e-9573-a1cab1ef0bc3/ledger \u001b[36m304\u001b[0m 67.843 ms - -\u001b[0m","timestamp":"2026-03-07 00:34:39"}
{"level":"info","message":"\u001b[0mGET /api/v1/suppliers/7124cd97-cfcb-4e2e-9573-a1cab1ef0bc3/ledger \u001b[36m304\u001b[0m 90.706 ms - -\u001b[0m","timestamp":"2026-03-07 00:34:39"}
{"level":"info","message":"\u001b[0mGET /api/v1/suppliers/7124cd97-cfcb-4e2e-9573-a1cab1ef0bc3/ledger \u001b[36m304\u001b[0m 255.221 ms - -\u001b[0m","timestamp":"2026-03-07 00:34:40"}
{"level":"info","message":"\u001b[0mGET /api/v1/suppliers/7124cd97-cfcb-4e2e-9573-a1cab1ef0bc3/ledger \u001b[36m304\u001b[0m 234.638 ms - -\u001b[0m","timestamp":"2026-03-07 00:34:40"}
{"level":"info","message":"\u001b[0mGET /api/v1/suppliers/7124cd97-cfcb-4e2e-9573-a1cab1ef0bc3/ledger \u001b[36m304\u001b[0m 79.309 ms - -\u001b[0m","timestamp":"2026-03-07 00:34:41"}
{"level":"info","message":"\u001b[0mGET /api/v1/suppliers/7124cd97-cfcb-4e2e-9573-a1cab1ef0bc3/ledger \u001b[36m304\u001b[0m 59.935 ms - -\u001b[0m","timestamp":"2026-03-07 00:34:41"}
{"level":"info","message":"\u001b[0mGET /api/v1/suppliers/7124cd97-cfcb-4e2e-9573-a1cab1ef0bc3/ledger \u001b[36m304\u001b[0m 49.121 ms - -\u001b[0m","timestamp":"2026-03-07 00:34:42"}
{"level":"info","message":"\u001b[0mGET /api/v1/suppliers/7124cd97-cfcb-4e2e-9573-a1cab1ef0bc3/ledger \u001b[36m304\u001b[0m 52.475 ms - -\u001b[0m","timestamp":"2026-03-07 00:34:42"}
{"level":"info","message":"\u001b[0mGET /api/v1/suppliers/7124cd97-cfcb-4e2e-9573-a1cab1ef0bc3/ledger \u001b[36m304\u001b[0m 67.165 ms - -\u001b[0m","timestamp":"2026-03-07 00:34:43"}
{"level":"info","message":"\u001b[0mGET /api/v1/suppliers/7124cd97-cfcb-4e2e-9573-a1cab1ef0bc3/ledger \u001b[36m304\u001b[0m 67.837 ms - -\u001b[0m","timestamp":"2026-03-07 00:34:43"}
{"level":"info","message":"\u001b[0mGET /api/v1/suppliers/7124cd97-cfcb-4e2e-9573-a1cab1ef0bc3/ledger \u001b[36m304\u001b[0m 41.481 ms - -\u001b[0m","timestamp":"2026-03-07 00:34:45"}
{"level":"info","message":"\u001b[0mGET /api/v1/suppliers/7124cd97-cfcb-4e2e-9573-a1cab1ef0bc3/ledger \u001b[36m304\u001b[0m 67.609 ms - -\u001b[0m","timestamp":"2026-03-07 00:34:45"}
{"level":"info","message":"\u001b[0mGET /api/v1/suppliers/7124cd97-cfcb-4e2e-9573-a1cab1ef0bc3/ledger \u001b[36m304\u001b[0m 333.001 ms - -\u001b[0m","timestamp":"2026-03-07 00:36:20"}
{"level":"info","message":"\u001b[0mGET /api/v1/suppliers/7124cd97-cfcb-4e2e-9573-a1cab1ef0bc3/ledger \u001b[36m304\u001b[0m 74.577 ms - -\u001b[0m","timestamp":"2026-03-07 00:36:25"}
{"level":"info","message":"\u001b[0mGET /api/v1/suppliers/7124cd97-cfcb-4e2e-9573-a1cab1ef0bc3/ledger \u001b[36m304\u001b[0m 253.763 ms - -\u001b[0m","timestamp":"2026-03-07 00:36:29"}
{"level":"info","message":"\u001b[0mGET /api/v1/suppliers/7124cd97-cfcb-4e2e-9573-a1cab1ef0bc3/ledger \u001b[36m304\u001b[0m 92.092 ms - -\u001b[0m","timestamp":"2026-03-07 00:36:35"}
{"level":"info","message":"\u001b[0mGET /api/v1/suppliers/7124cd97-cfcb-4e2e-9573-a1cab1ef0bc3/ledger \u001b[33m401\u001b[0m 459.373 ms - 44\u001b[0m","timestamp":"2026-03-07 00:43:23"}
{"level":"info","message":"\u001b[0mGET /api/v1/suppliers/7124cd97-cfcb-4e2e-9573-a1cab1ef0bc3/ledger \u001b[33m401\u001b[0m 17.283 ms - 44\u001b[0m","timestamp":"2026-03-07 00:43:23"}
{"level":"info","message":"\u001b[0mPOST /api/v1/login \u001b[32m200\u001b[0m 253.473 ms - -\u001b[0m","timestamp":"2026-03-07 00:43:31"}
{"level":"info","message":"\u001b[0mGET /api/v1/me \u001b[32m200\u001b[0m 49.536 ms - -\u001b[0m","timestamp":"2026-03-07 00:43:31"}
{"level":"info","message":"\u001b[0mGET /api/v1/reports/dashboard/summary \u001b[31m500\u001b[0m 152.921 ms - 764\u001b[0m","timestamp":"2026-03-07 00:43:33"}
{"level":"info","message":"\u001b[0mGET /api/v1/reports/dashboard/summary \u001b[31m500\u001b[0m 73.700 ms - 764\u001b[0m","timestamp":"2026-03-07 00:43:33"}
{"level":"info","message":"\u001b[0mGET /api/v1/settings/global \u001b[36m304\u001b[0m 277.866 ms - -\u001b[0m","timestamp":"2026-03-07 00:43:37"}
{"level":"info","message":"\u001b[0mGET /api/v1/purchase-orders \u001b[36m304\u001b[0m 306.014 ms - -\u001b[0m","timestamp":"2026-03-07 00:43:37"}
{"level":"info","message":"\u001b[0mGET /api/v1/purchase-orders \u001b[36m304\u001b[0m 172.191 ms - -\u001b[0m","timestamp":"2026-03-07 00:43:37"}
{"level":"info","message":"\u001b[0mGET /api/v1/suppliers \u001b[36m304\u001b[0m 66.637 ms - -\u001b[0m","timestamp":"2026-03-07 00:43:43"}
{"level":"info","message":"\u001b[0mGET /api/v1/suppliers \u001b[36m304\u001b[0m 53.496 ms - -\u001b[0m","timestamp":"2026-03-07 00:43:43"}
{"level":"info","message":"\u001b[0mGET /api/v1/suppliers/7124cd97-cfcb-4e2e-9573-a1cab1ef0bc3/ledger \u001b[36m304\u001b[0m 119.213 ms - -\u001b[0m","timestamp":"2026-03-07 00:43:48"}
{"level":"info","message":"\u001b[0mGET /api/v1/suppliers/7124cd97-cfcb-4e2e-9573-a1cab1ef0bc3/ledger \u001b[36m304\u001b[0m 99.661 ms - -\u001b[0m","timestamp":"2026-03-07 00:43:48"}
{"level":"info","message":"\u001b[0mGET /api/v1/suppliers/7124cd97-cfcb-4e2e-9573-a1cab1ef0bc3/ledger \u001b[36m304\u001b[0m 51.700 ms - -\u001b[0m","timestamp":"2026-03-07 00:44:10"}
{"level":"info","message":"\u001b[0mGET /api/v1/suppliers/7124cd97-cfcb-4e2e-9573-a1cab1ef0bc3/ledger \u001b[36m304\u001b[0m 63.684 ms - -\u001b[0m","timestamp":"2026-03-07 00:44:10"}
{"level":"info","message":"\u001b[0mGET /api/v1/suppliers/7124cd97-cfcb-4e2e-9573-a1cab1ef0bc3/ledger \u001b[36m304\u001b[0m 83.459 ms - -\u001b[0m","timestamp":"2026-03-07 00:44:12"}
{"level":"info","message":"\u001b[0mGET /api/v1/suppliers/7124cd97-cfcb-4e2e-9573-a1cab1ef0bc3/ledger \u001b[36m304\u001b[0m 76.006 ms - -\u001b[0m","timestamp":"2026-03-07 00:44:12"}
{"level":"info","message":"\u001b[0mGET /api/v1/purchase-orders \u001b[36m304\u001b[0m 70.890 ms - -\u001b[0m","timestamp":"2026-03-07 00:44:27"}
{"level":"info","message":"\u001b[0mGET /api/v1/purchase-orders \u001b[36m304\u001b[0m 84.134 ms - -\u001b[0m","timestamp":"2026-03-07 00:44:27"}
{"level":"info","message":"\u001b[0mGET /api/v1/suppliers \u001b[36m304\u001b[0m 118.260 ms - -\u001b[0m","timestamp":"2026-03-07 00:44:28"}
{"level":"info","message":"\u001b[0mGET /api/v1/suppliers \u001b[36m304\u001b[0m 67.594 ms - -\u001b[0m","timestamp":"2026-03-07 00:44:29"}
{"level":"info","message":"\u001b[0mGET /api/v1/suppliers/7124cd97-cfcb-4e2e-9573-a1cab1ef0bc3 \u001b[36m304\u001b[0m 56.311 ms - -\u001b[0m","timestamp":"2026-03-07 00:44:37"}
{"level":"info","message":"\u001b[0mGET /api/v1/suppliers/7124cd97-cfcb-4e2e-9573-a1cab1ef0bc3 \u001b[36m304\u001b[0m 55.914 ms - -\u001b[0m","timestamp":"2026-03-07 00:44:37"}
{"level":"info","message":"\u001b[0mGET /api/v1/suppliers \u001b[36m304\u001b[0m 94.668 ms - -\u001b[0m","timestamp":"2026-03-07 00:44:52"}
{"level":"info","message":"\u001b[0mGET /api/v1/suppliers \u001b[36m304\u001b[0m 149.471 ms - -\u001b[0m","timestamp":"2026-03-07 00:44:52"}
{"level":"info","message":"\u001b[0mGET /api/v1/suppliers/7124cd97-cfcb-4e2e-9573-a1cab1ef0bc3/ledger \u001b[36m304\u001b[0m 61.823 ms - -\u001b[0m","timestamp":"2026-03-07 00:45:34"}
{"level":"info","message":"\u001b[0mGET /api/v1/suppliers/7124cd97-cfcb-4e2e-9573-a1cab1ef0bc3/ledger \u001b[36m304\u001b[0m 47.598 ms - -\u001b[0m","timestamp":"2026-03-07 00:45:40"}
{"level":"info","message":"\u001b[0mGET /api/v1/suppliers/7124cd97-cfcb-4e2e-9573-a1cab1ef0bc3/ledger \u001b[36m304\u001b[0m 50.503 ms - -\u001b[0m","timestamp":"2026-03-07 00:45:46"}
{"level":"info","message":"\u001b[0mGET /api/v1/suppliers/7124cd97-cfcb-4e2e-9573-a1cab1ef0bc3/ledger \u001b[36m304\u001b[0m 91.330 ms - -\u001b[0m","timestamp":"2026-03-07 00:45:46"}
{"level":"info","message":"\u001b[0mGET /api/v1/suppliers/7124cd97-cfcb-4e2e-9573-a1cab1ef0bc3/ledger \u001b[36m304\u001b[0m 56.494 ms - -\u001b[0m","timestamp":"2026-03-07 00:46:27"}
{"level":"info","message":"\u001b[0mGET /api/v1/suppliers/7124cd97-cfcb-4e2e-9573-a1cab1ef0bc3/ledger \u001b[36m304\u001b[0m 93.612 ms - -\u001b[0m","timestamp":"2026-03-07 00:46:27"}
{"level":"info","message":"\u001b[0mGET /api/v1/suppliers/7124cd97-cfcb-4e2e-9573-a1cab1ef0bc3/ledger \u001b[36m304\u001b[0m 43.921 ms - -\u001b[0m","timestamp":"2026-03-07 00:47:56"}
{"level":"info","message":"\u001b[0mGET /api/v1/suppliers/7124cd97-cfcb-4e2e-9573-a1cab1ef0bc3/ledger \u001b[36m304\u001b[0m 103.835 ms - -\u001b[0m","timestamp":"2026-03-07 00:47:56"}
{"level":"info","message":"\u001b[0mGET /api/v1/suppliers/7124cd97-cfcb-4e2e-9573-a1cab1ef0bc3/ledger \u001b[36m304\u001b[0m 49.008 ms - -\u001b[0m","timestamp":"2026-03-07 00:48:13"}
{"level":"info","message":"\u001b[0mGET /api/v1/suppliers/7124cd97-cfcb-4e2e-9573-a1cab1ef0bc3/ledger \u001b[36m304\u001b[0m 75.823 ms - -\u001b[0m","timestamp":"2026-03-07 00:50:08"}
{"level":"info","message":"\u001b[0mGET /api/v1/settings/global \u001b[36m304\u001b[0m 137.541 ms - -\u001b[0m","timestamp":"2026-03-07 00:51:09"}
{"level":"info","message":"\u001b[0mGET /api/v1/suppliers \u001b[36m304\u001b[0m 118.240 ms - -\u001b[0m","timestamp":"2026-03-07 00:51:09"}
{"level":"info","message":"\u001b[0mGET /api/v1/suppliers \u001b[36m304\u001b[0m 91.220 ms - -\u001b[0m","timestamp":"2026-03-07 00:51:09"}
{"level":"info","message":"\u001b[0mGET /api/v1/suppliers/7124cd97-cfcb-4e2e-9573-a1cab1ef0bc3/ledger \u001b[36m304\u001b[0m 46.220 ms - -\u001b[0m","timestamp":"2026-03-07 00:51:14"}
{"level":"info","message":"\u001b[0mGET /api/v1/suppliers/7124cd97-cfcb-4e2e-9573-a1cab1ef0bc3/ledger \u001b[36m304\u001b[0m 54.066 ms - -\u001b[0m","timestamp":"2026-03-07 00:51:27"}
{"level":"info","message":"\u001b[0mGET /api/v1/suppliers/7124cd97-cfcb-4e2e-9573-a1cab1ef0bc3/ledger \u001b[36m304\u001b[0m 38.214 ms - -\u001b[0m","timestamp":"2026-03-07 00:54:30"}
{"level":"info","message":"\u001b[0mPOST /api/v1/login \u001b[32m200\u001b[0m 662.941 ms - -\u001b[0m","timestamp":"2026-03-07 13:17:43"}
{"level":"info","message":"\u001b[0mGET /api/v1/me \u001b[32m200\u001b[0m 94.854 ms - -\u001b[0m","timestamp":"2026-03-07 13:17:43"}
{"level":"info","message":"\u001b[0mGET /api/v1/settings/global \u001b[36m304\u001b[0m 104.743 ms - -\u001b[0m","timestamp":"2026-03-07 13:17:47"}
{"level":"info","message":"\u001b[0mGET /api/v1/purchase-orders \u001b[36m304\u001b[0m 104.643 ms - -\u001b[0m","timestamp":"2026-03-07 13:17:47"}
{"level":"info","message":"\u001b[0mGET /api/v1/purchase-orders \u001b[36m304\u001b[0m 58.775 ms - -\u001b[0m","timestamp":"2026-03-07 13:17:47"}
{"level":"info","message":"\nSIGINT received. Starting graceful shutdown...","timestamp":"2026-03-07 13:21:29"}
{"level":"info","message":"Attempting to connect to database... (Attempt 1/5)","timestamp":"2026-03-07 13:36:17"}
{"level":"info","message":"✅ Database connection established successfully.","timestamp":"2026-03-07 13:36:17"}
{"level":"info","message":"✅ Database synchronized.","timestamp":"2026-03-07 13:36:17"}
{"level":"info","message":"🚀 Server running on port 5000","timestamp":"2026-03-07 13:36:17"}
{"level":"info","message":"📍 Environment: development","timestamp":"2026-03-07 13:36:17"}
{"level":"info","message":"🔗 API Base URL: http://localhost:5000/api/v1","timestamp":"2026-03-07 13:36:17"}
{"level":"info","message":"\u001b[0mPOST /api/v1/login \u001b[32m200\u001b[0m 306.483 ms - -\u001b[0m","timestamp":"2026-03-07 13:36:23"}
{"level":"info","message":"\u001b[0mGET /api/v1/me \u001b[32m200\u001b[0m 48.834 ms - -\u001b[0m","timestamp":"2026-03-07 13:36:23"}
{"level":"info","message":"\u001b[0mGET /api/v1/reports/dashboard/summary \u001b[31m500\u001b[0m 120.050 ms - 764\u001b[0m","timestamp":"2026-03-07 13:36:26"}
{"level":"info","message":"\u001b[0mGET /api/v1/reports/dashboard/summary \u001b[31m500\u001b[0m 101.306 ms - 764\u001b[0m","timestamp":"2026-03-07 13:36:26"}
{"level":"info","message":"\u001b[0mGET /api/v1/settings/global \u001b[36m304\u001b[0m 161.368 ms - -\u001b[0m","timestamp":"2026-03-07 13:36:30"}
{"level":"info","message":"\u001b[0mGET /api/v1/purchase-orders \u001b[36m304\u001b[0m 116.996 ms - -\u001b[0m","timestamp":"2026-03-07 13:36:30"}
{"level":"info","message":"\u001b[0mGET /api/v1/purchase-orders \u001b[36m304\u001b[0m 109.110 ms - -\u001b[0m","timestamp":"2026-03-07 13:36:30"}
{"level":"info","message":"\u001b[0mGET /api/v1/settings/global \u001b[36m304\u001b[0m 262.982 ms - -\u001b[0m","timestamp":"2026-03-07 13:39:27"}
{"level":"info","message":"\u001b[0mGET /api/v1/suppliers/active/list \u001b[36m304\u001b[0m 255.881 ms - -\u001b[0m","timestamp":"2026-03-07 13:39:27"}
{"level":"info","message":"\u001b[0mGET /api/v1/products/active/list \u001b[36m304\u001b[0m 476.591 ms - -\u001b[0m","timestamp":"2026-03-07 13:39:27"}
{"level":"info","message":"\u001b[0mGET /api/v1/suppliers/active/list \u001b[36m304\u001b[0m 125.855 ms - -\u001b[0m","timestamp":"2026-03-07 13:39:27"}
{"level":"info","message":"\u001b[0mGET /api/v1/products/active/list \u001b[36m304\u001b[0m 244.805 ms - -\u001b[0m","timestamp":"2026-03-07 13:39:27"}
{"level":"info","message":"\u001b[0mGET /api/v1/branches/active/list \u001b[36m304\u001b[0m 194.859 ms - -\u001b[0m","timestamp":"2026-03-07 13:39:27"}
{"level":"info","message":"\u001b[0mGET /api/v1/branches/active/list \u001b[36m304\u001b[0m 119.047 ms - -\u001b[0m","timestamp":"2026-03-07 13:39:27"}
{"level":"info","message":"\u001b[0mGET /api/v1/purchase-orders \u001b[33m401\u001b[0m 17.400 ms - 44\u001b[0m","timestamp":"2026-03-07 14:52:36"}
{"level":"info","message":"\u001b[0mGET /api/v1/purchase-orders \u001b[33m401\u001b[0m 5.388 ms - 44\u001b[0m","timestamp":"2026-03-07 14:52:36"}
{"level":"info","message":"\u001b[0mPOST /api/v1/login \u001b[32m200\u001b[0m 230.022 ms - -\u001b[0m","timestamp":"2026-03-07 14:52:43"}
{"level":"info","message":"\u001b[0mGET /api/v1/me \u001b[32m200\u001b[0m 47.696 ms - -\u001b[0m","timestamp":"2026-03-07 14:52:43"}
{"level":"info","message":"\u001b[0mGET /api/v1/reports/dashboard/summary \u001b[31m500\u001b[0m 111.453 ms - 764\u001b[0m","timestamp":"2026-03-07 14:52:44"}
{"level":"info","message":"\u001b[0mGET /api/v1/reports/dashboard/summary \u001b[31m500\u001b[0m 96.535 ms - 764\u001b[0m","timestamp":"2026-03-07 14:52:44"}
{"level":"info","message":"\u001b[0mGET /api/v1/settings/global \u001b[36m304\u001b[0m 92.100 ms - -\u001b[0m","timestamp":"2026-03-07 14:52:51"}
{"level":"info","message":"\u001b[0mGET /api/v1/suppliers/active/list \u001b[36m304\u001b[0m 109.193 ms - -\u001b[0m","timestamp":"2026-03-07 14:52:51"}
{"level":"info","message":"\u001b[0mGET /api/v1/products/active/list \u001b[36m304\u001b[0m 211.547 ms - -\u001b[0m","timestamp":"2026-03-07 14:52:51"}
{"level":"info","message":"\u001b[0mGET /api/v1/suppliers/active/list \u001b[36m304\u001b[0m 205.683 ms - -\u001b[0m","timestamp":"2026-03-07 14:52:51"}
{"level":"info","message":"\u001b[0mGET /api/v1/products/active/list \u001b[36m304\u001b[0m 178.340 ms - -\u001b[0m","timestamp":"2026-03-07 14:52:51"}
{"level":"info","message":"\u001b[0mGET /api/v1/branches/active/list \u001b[36m304\u001b[0m 80.690 ms - -\u001b[0m","timestamp":"2026-03-07 14:52:51"}
{"level":"info","message":"\u001b[0mGET /api/v1/branches/active/list \u001b[36m304\u001b[0m 36.649 ms - -\u001b[0m","timestamp":"2026-03-07 14:52:51"}
{"level":"info","message":"\u001b[0mGET /api/v1/reports/dashboard/summary \u001b[31m500\u001b[0m 195.058 ms - 764\u001b[0m","timestamp":"2026-03-07 14:53:05"}
{"level":"info","message":"\u001b[0mGET /api/v1/reports/dashboard/summary \u001b[31m500\u001b[0m 241.436 ms - 764\u001b[0m","timestamp":"2026-03-07 14:53:06"}
{"level":"info","message":"\u001b[0mGET /api/v1/settings/global \u001b[36m304\u001b[0m 184.534 ms - -\u001b[0m","timestamp":"2026-03-07 14:53:07"}
{"level":"info","message":"\u001b[0mGET /api/v1/purchase-orders \u001b[36m304\u001b[0m 111.215 ms - -\u001b[0m","timestamp":"2026-03-07 14:53:07"}
{"level":"info","message":"\u001b[0mGET /api/v1/purchase-orders \u001b[36m304\u001b[0m 87.024 ms - -\u001b[0m","timestamp":"2026-03-07 14:53:07"}
{"level":"info","message":"\u001b[0mGET /api/v1/suppliers/active/list \u001b[36m304\u001b[0m 258.309 ms - -\u001b[0m","timestamp":"2026-03-07 14:55:12"}
{"level":"info","message":"\u001b[0mGET /api/v1/products/active/list \u001b[36m304\u001b[0m 287.196 ms - -\u001b[0m","timestamp":"2026-03-07 14:55:12"}
{"level":"info","message":"\u001b[0mGET /api/v1/products/active/list \u001b[36m304\u001b[0m 162.596 ms - -\u001b[0m","timestamp":"2026-03-07 14:55:12"}
{"level":"info","message":"\u001b[0mGET /api/v1/branches/active/list \u001b[36m304\u001b[0m 417.915 ms - -\u001b[0m","timestamp":"2026-03-07 14:55:13"}
{"level":"info","message":"\u001b[0mGET /api/v1/suppliers/active/list \u001b[36m304\u001b[0m 466.767 ms - -\u001b[0m","timestamp":"2026-03-07 14:55:13"}
{"level":"info","message":"\u001b[0mGET /api/v1/branches/active/list \u001b[36m304\u001b[0m 38.953 ms - -\u001b[0m","timestamp":"2026-03-07 14:55:13"}
{"level":"info","message":"\u001b[0mGET /api/v1/settings/global \u001b[36m304\u001b[0m 304.501 ms - -\u001b[0m","timestamp":"2026-03-07 14:56:01"}
{"level":"info","message":"\u001b[0mGET /api/v1/suppliers/active/list \u001b[36m304\u001b[0m 344.442 ms - -\u001b[0m","timestamp":"2026-03-07 14:56:01"}
{"level":"info","message":"\u001b[0mGET /api/v1/products/active/list \u001b[36m304\u001b[0m 370.274 ms - -\u001b[0m","timestamp":"2026-03-07 14:56:01"}
{"level":"info","message":"\u001b[0mGET /api/v1/suppliers/active/list \u001b[36m304\u001b[0m 199.093 ms - -\u001b[0m","timestamp":"2026-03-07 14:56:02"}
{"level":"info","message":"\u001b[0mGET /api/v1/products/active/list \u001b[36m304\u001b[0m 204.626 ms - -\u001b[0m","timestamp":"2026-03-07 14:56:02"}
{"level":"info","message":"\u001b[0mGET /api/v1/branches/active/list \u001b[36m304\u001b[0m 67.317 ms - -\u001b[0m","timestamp":"2026-03-07 14:56:02"}
{"level":"info","message":"\u001b[0mGET /api/v1/branches/active/list \u001b[36m304\u001b[0m 85.751 ms - -\u001b[0m","timestamp":"2026-03-07 14:56:02"}
{"level":"info","message":"\u001b[0mGET /api/v1/purchase-orders \u001b[36m304\u001b[0m 150.122 ms - -\u001b[0m","timestamp":"2026-03-07 14:57:17"}
{"level":"info","message":"\u001b[0mGET /api/v1/purchase-orders \u001b[36m304\u001b[0m 174.769 ms - -\u001b[0m","timestamp":"2026-03-07 14:57:17"}
{"level":"info","message":"\u001b[0mGET /api/v1/purchase-orders/e02afac5-4ddb-4f69-b9ad-e502c46f716e \u001b[32m200\u001b[0m 215.620 ms - -\u001b[0m","timestamp":"2026-03-07 14:57:28"}
{"level":"info","message":"\u001b[0mGET /api/v1/purchase-orders/e02afac5-4ddb-4f69-b9ad-e502c46f716e \u001b[36m304\u001b[0m 98.039 ms - -\u001b[0m","timestamp":"2026-03-07 14:57:28"}
{"level":"info","message":"\u001b[0mGET /api/v1/purchase-orders/e02afac5-4ddb-4f69-b9ad-e502c46f716e \u001b[36m304\u001b[0m 216.818 ms - -\u001b[0m","timestamp":"2026-03-07 15:00:27"}
{"level":"info","message":"\u001b[0mGET /api/v1/purchase-orders/e02afac5-4ddb-4f69-b9ad-e502c46f716e \u001b[36m304\u001b[0m 278.788 ms - -\u001b[0m","timestamp":"2026-03-07 15:00:28"}
{"level":"info","message":"\u001b[0mGET /api/v1/products/active/list \u001b[36m304\u001b[0m 236.013 ms - -\u001b[0m","timestamp":"2026-03-07 15:00:28"}
{"level":"info","message":"\u001b[0mGET /api/v1/suppliers/active/list \u001b[36m304\u001b[0m 264.929 ms - -\u001b[0m","timestamp":"2026-03-07 15:00:28"}
{"level":"info","message":"\u001b[0mGET /api/v1/suppliers/active/list \u001b[36m304\u001b[0m 282.827 ms - -\u001b[0m","timestamp":"2026-03-07 15:00:28"}
{"level":"info","message":"\u001b[0mGET /api/v1/products/active/list \u001b[36m304\u001b[0m 307.040 ms - -\u001b[0m","timestamp":"2026-03-07 15:00:28"}
{"level":"info","message":"\u001b[0mGET /api/v1/branches/active/list \u001b[36m304\u001b[0m 119.973 ms - -\u001b[0m","timestamp":"2026-03-07 15:00:28"}
{"level":"info","message":"\u001b[0mGET /api/v1/branches/active/list \u001b[36m304\u001b[0m 48.712 ms - -\u001b[0m","timestamp":"2026-03-07 15:00:28"}
{"level":"info","message":"\u001b[0mGET /api/v1/purchase-orders/e02afac5-4ddb-4f69-b9ad-e502c46f716e \u001b[36m304\u001b[0m 86.759 ms - -\u001b[0m","timestamp":"2026-03-07 15:00:36"}
{"level":"info","message":"\u001b[0mGET /api/v1/purchase-orders/e02afac5-4ddb-4f69-b9ad-e502c46f716e \u001b[36m304\u001b[0m 67.909 ms - -\u001b[0m","timestamp":"2026-03-07 15:00:36"}
{"level":"info","message":"\u001b[0mGET /api/v1/suppliers?size=100 \u001b[36m304\u001b[0m 170.305 ms - -\u001b[0m","timestamp":"2026-03-07 15:01:04"}
{"level":"info","message":"\u001b[0mGET /api/v1/suppliers/grn?page=1&size=10 \u001b[36m304\u001b[0m 175.645 ms - -\u001b[0m","timestamp":"2026-03-07 15:01:04"}
{"level":"info","message":"\u001b[0mGET /api/v1/suppliers?size=100 \u001b[36m304\u001b[0m 187.461 ms - -\u001b[0m","timestamp":"2026-03-07 15:01:05"}
{"level":"info","message":"\u001b[0mGET /api/v1/suppliers/grn?page=1&size=10 \u001b[36m304\u001b[0m 191.581 ms - -\u001b[0m","timestamp":"2026-03-07 15:01:05"}
{"level":"info","message":"\u001b[0mGET /api/v1/settings/global \u001b[36m304\u001b[0m 293.745 ms - -\u001b[0m","timestamp":"2026-03-07 15:06:18"}
{"level":"info","message":"\u001b[0mGET /api/v1/suppliers?size=100 \u001b[36m304\u001b[0m 409.367 ms - -\u001b[0m","timestamp":"2026-03-07 15:06:18"}
{"level":"info","message":"\u001b[0mGET /api/v1/suppliers/grn?page=1&size=10 \u001b[36m304\u001b[0m 434.251 ms - -\u001b[0m","timestamp":"2026-03-07 15:06:18"}
{"level":"info","message":"\u001b[0mGET /api/v1/suppliers/grn?page=1&size=10 \u001b[36m304\u001b[0m 128.904 ms - -\u001b[0m","timestamp":"2026-03-07 15:06:18"}
{"level":"info","message":"\u001b[0mGET /api/v1/suppliers?size=100 \u001b[36m304\u001b[0m 135.116 ms - -\u001b[0m","timestamp":"2026-03-07 15:06:18"}
{"level":"info","message":"\u001b[0mGET /api/v1/suppliers/grn?page=1&size=10 \u001b[36m304\u001b[0m 219.883 ms - -\u001b[0m","timestamp":"2026-03-07 15:08:40"}
{"level":"info","message":"\u001b[0mGET /api/v1/suppliers/grn?page=1&size=10 \u001b[36m304\u001b[0m 87.807 ms - -\u001b[0m","timestamp":"2026-03-07 15:09:04"}
{"level":"info","message":"\u001b[0mGET /api/v1/suppliers/grn/94fec095-d663-4db8-8599-a627e9e0a3f4 \u001b[32m200\u001b[0m 198.659 ms - -\u001b[0m","timestamp":"2026-03-07 15:09:31"}
{"level":"info","message":"\u001b[0mGET /api/v1/suppliers/grn/94fec095-d663-4db8-8599-a627e9e0a3f4 \u001b[36m304\u001b[0m 210.274 ms - -\u001b[0m","timestamp":"2026-03-07 15:09:31"}
{"level":"info","message":"\u001b[0mGET /api/v1/suppliers/grn/94fec095-d663-4db8-8599-a627e9e0a3f4/pdf \u001b[32m200\u001b[0m 123.722 ms - -\u001b[0m","timestamp":"2026-03-07 15:10:01"}
{"level":"info","message":"\u001b[0mGET /api/v1/suppliers/grn/94fec095-d663-4db8-8599-a627e9e0a3f4 \u001b[36m304\u001b[0m 87.655 ms - -\u001b[0m","timestamp":"2026-03-07 15:10:10"}
{"level":"info","message":"\u001b[0mGET /api/v1/suppliers/grn/94fec095-d663-4db8-8599-a627e9e0a3f4 \u001b[36m304\u001b[0m 207.583 ms - -\u001b[0m","timestamp":"2026-03-07 15:13:24"}
{"level":"info","message":"\u001b[0mGET /api/v1/settings/global \u001b[36m304\u001b[0m 782.117 ms - -\u001b[0m","timestamp":"2026-03-07 15:14:17"}
{"level":"info","message":"\u001b[0mGET /api/v1/suppliers/grn/94fec095-d663-4db8-8599-a627e9e0a3f4 \u001b[36m304\u001b[0m 744.856 ms - -\u001b[0m","timestamp":"2026-03-07 15:14:17"}
{"level":"info","message":"\u001b[0mGET /api/v1/suppliers/grn/94fec095-d663-4db8-8599-a627e9e0a3f4 \u001b[36m304\u001b[0m 145.715 ms - -\u001b[0m","timestamp":"2026-03-07 15:14:17"}
{"level":"info","message":"\u001b[0mGET /api/v1/settings/global \u001b[36m304\u001b[0m 250.260 ms - -\u001b[0m","timestamp":"2026-03-07 15:15:04"}
{"level":"info","message":"\u001b[0mGET /api/v1/suppliers/grn/94fec095-d663-4db8-8599-a627e9e0a3f4 \u001b[36m304\u001b[0m 388.049 ms - -\u001b[0m","timestamp":"2026-03-07 15:15:05"}
{"level":"info","message":"\u001b[0mGET /api/v1/suppliers/grn/94fec095-d663-4db8-8599-a627e9e0a3f4 \u001b[36m304\u001b[0m 114.611 ms - -\u001b[0m","timestamp":"2026-03-07 15:15:05"}
{"level":"info","message":"\u001b[0mGET /api/v1/suppliers/grn/94fec095-d663-4db8-8599-a627e9e0a3f4 \u001b[36m304\u001b[0m 389.128 ms - -\u001b[0m","timestamp":"2026-03-07 15:16:21"}
{"level":"info","message":"\u001b[0mGET /api/v1/settings/global \u001b[36m304\u001b[0m 502.275 ms - -\u001b[0m","timestamp":"2026-03-07 15:16:21"}
{"level":"info","message":"\u001b[0mGET /api/v1/suppliers/grn/94fec095-d663-4db8-8599-a627e9e0a3f4 \u001b[36m304\u001b[0m 298.881 ms - -\u001b[0m","timestamp":"2026-03-07 15:16:21"}
{"level":"info","message":"\u001b[0mGET /api/v1/suppliers/grn/94fec095-d663-4db8-8599-a627e9e0a3f4/pdf \u001b[32m200\u001b[0m 131.392 ms - -\u001b[0m","timestamp":"2026-03-07 15:16:32"}
{"level":"info","message":"\u001b[0mGET /api/v1/suppliers/grn/94fec095-d663-4db8-8599-a627e9e0a3f4 \u001b[36m304\u001b[0m 98.766 ms - -\u001b[0m","timestamp":"2026-03-07 15:16:44"}
{"level":"info","message":"\u001b[0mGET /api/v1/purchase-returns \u001b[36m304\u001b[0m 130.905 ms - -\u001b[0m","timestamp":"2026-03-07 15:17:17"}
{"level":"info","message":"\u001b[0mGET /api/v1/purchase-returns \u001b[36m304\u001b[0m 282.566 ms - -\u001b[0m","timestamp":"2026-03-07 15:17:17"}
{"level":"info","message":"\u001b[0mGET /api/v1/suppliers?size=100 \u001b[36m304\u001b[0m 183.967 ms - -\u001b[0m","timestamp":"2026-03-07 15:17:20"}
{"level":"info","message":"\u001b[0mGET /api/v1/suppliers/grn?page=1&size=10 \u001b[36m304\u001b[0m 187.891 ms - -\u001b[0m","timestamp":"2026-03-07 15:17:20"}
{"level":"info","message":"\u001b[0mGET /api/v1/suppliers?size=100 \u001b[36m304\u001b[0m 136.856 ms - -\u001b[0m","timestamp":"2026-03-07 15:17:20"}
{"level":"info","message":"\u001b[0mGET /api/v1/suppliers/grn?page=1&size=10 \u001b[36m304\u001b[0m 137.650 ms - -\u001b[0m","timestamp":"2026-03-07 15:17:20"}
{"level":"info","message":"\u001b[0mGET /api/v1/suppliers/grn/94fec095-d663-4db8-8599-a627e9e0a3f4 \u001b[36m304\u001b[0m 77.407 ms - -\u001b[0m","timestamp":"2026-03-07 15:17:35"}
{"level":"info","message":"\u001b[0mGET /api/v1/suppliers/grn/94fec095-d663-4db8-8599-a627e9e0a3f4 \u001b[36m304\u001b[0m 116.574 ms - -\u001b[0m","timestamp":"2026-03-07 15:17:35"}
{"level":"info","message":"\u001b[0mGET /api/v1/suppliers?size=100 \u001b[36m304\u001b[0m 54.685 ms - -\u001b[0m","timestamp":"2026-03-07 15:17:45"}
{"level":"info","message":"\u001b[0mGET /api/v1/suppliers/grn?page=1&size=10 \u001b[36m304\u001b[0m 98.735 ms - -\u001b[0m","timestamp":"2026-03-07 15:17:45"}
{"level":"info","message":"\u001b[0mGET /api/v1/suppliers?size=100 \u001b[36m304\u001b[0m 98.868 ms - -\u001b[0m","timestamp":"2026-03-07 15:17:45"}
{"level":"info","message":"\u001b[0mGET /api/v1/suppliers/grn?page=1&size=10 \u001b[36m304\u001b[0m 116.675 ms - -\u001b[0m","timestamp":"2026-03-07 15:17:45"}
{"level":"info","message":"\u001b[0mGET /api/v1/suppliers/grn?page=1&size=10 \u001b[36m304\u001b[0m 88.898 ms - -\u001b[0m","timestamp":"2026-03-07 15:19:39"}
{"level":"info","message":"\u001b[0mGET /api/v1/suppliers/grn?page=1&size=10 \u001b[36m304\u001b[0m 297.231 ms - -\u001b[0m","timestamp":"2026-03-07 15:20:54"}
{"level":"info","message":"\u001b[0mGET /api/v1/suppliers/grn?page=1&size=10 \u001b[36m304\u001b[0m 65.779 ms - -\u001b[0m","timestamp":"2026-03-07 15:21:35"}
{"level":"info","message":"\u001b[0mGET /api/v1/suppliers/grn?page=1&size=10 \u001b[36m304\u001b[0m 334.608 ms - -\u001b[0m","timestamp":"2026-03-07 15:23:08"}
{"level":"info","message":"\u001b[0mGET /api/v1/suppliers/grn?page=1&size=10 \u001b[36m304\u001b[0m 482.694 ms - -\u001b[0m","timestamp":"2026-03-07 15:24:31"}
{"level":"info","message":"\u001b[0mGET /api/v1/purchase-returns \u001b[36m304\u001b[0m 96.738 ms - -\u001b[0m","timestamp":"2026-03-07 15:25:00"}
{"level":"info","message":"\u001b[0mGET /api/v1/purchase-returns \u001b[36m304\u001b[0m 104.462 ms - -\u001b[0m","timestamp":"2026-03-07 15:25:00"}
{"level":"info","message":"\u001b[0mGET /api/v1/purchase-returns \u001b[36m304\u001b[0m 146.076 ms - -\u001b[0m","timestamp":"2026-03-07 15:26:25"}
{"level":"info","message":"\u001b[0mGET /api/v1/purchase-returns \u001b[36m304\u001b[0m 150.518 ms - -\u001b[0m","timestamp":"2026-03-07 15:27:00"}
{"level":"info","message":"\u001b[0mGET /api/v1/suppliers/grn?page=1&size=10 \u001b[36m304\u001b[0m 277.433 ms - -\u001b[0m","timestamp":"2026-03-07 15:28:38"}
{"level":"info","message":"\u001b[0mGET /api/v1/suppliers?size=100 \u001b[36m304\u001b[0m 283.197 ms - -\u001b[0m","timestamp":"2026-03-07 15:28:38"}
{"level":"info","message":"\u001b[0mGET /api/v1/suppliers/grn?page=1&size=10 \u001b[36m304\u001b[0m 161.152 ms - -\u001b[0m","timestamp":"2026-03-07 15:28:38"}
{"level":"info","message":"\u001b[0mGET /api/v1/suppliers?size=100 \u001b[36m304\u001b[0m 182.282 ms - -\u001b[0m","timestamp":"2026-03-07 15:28:38"}
{"level":"info","message":"\u001b[0mGET /api/v1/purchase-returns \u001b[36m304\u001b[0m 101.667 ms - -\u001b[0m","timestamp":"2026-03-07 15:28:41"}
{"level":"info","message":"\u001b[0mGET /api/v1/purchase-returns \u001b[36m304\u001b[0m 168.037 ms - -\u001b[0m","timestamp":"2026-03-07 15:28:41"}
{"level":"info","message":"\u001b[0mGET /api/v1/suppliers/grn?page=1&size=10 \u001b[36m304\u001b[0m 456.344 ms - -\u001b[0m","timestamp":"2026-03-07 15:28:47"}
{"level":"info","message":"\u001b[0mGET /api/v1/suppliers?size=100 \u001b[36m304\u001b[0m 474.218 ms - -\u001b[0m","timestamp":"2026-03-07 15:28:47"}
{"level":"info","message":"\u001b[0mGET /api/v1/suppliers/grn?page=1&size=10 \u001b[36m304\u001b[0m 272.708 ms - -\u001b[0m","timestamp":"2026-03-07 15:28:47"}
{"level":"info","message":"\u001b[0mGET /api/v1/suppliers?size=100 \u001b[36m304\u001b[0m 267.952 ms - -\u001b[0m","timestamp":"2026-03-07 15:28:47"}
{"level":"info","message":"\u001b[0mGET /api/v1/purchase-returns \u001b[36m304\u001b[0m 130.821 ms - -\u001b[0m","timestamp":"2026-03-07 15:28:48"}
{"level":"info","message":"\u001b[0mGET /api/v1/purchase-returns \u001b[36m304\u001b[0m 162.641 ms - -\u001b[0m","timestamp":"2026-03-07 15:28:48"}
{"level":"info","message":"\u001b[0mGET /api/v1/purchase-returns \u001b[36m304\u001b[0m 135.407 ms - -\u001b[0m","timestamp":"2026-03-07 15:31:20"}
{"level":"info","message":"\u001b[0mGET /api/v1/suppliers/active/list \u001b[36m304\u001b[0m 217.725 ms - -\u001b[0m","timestamp":"2026-03-07 15:31:46"}
{"level":"info","message":"\u001b[0mGET /api/v1/branches/active/list \u001b[36m304\u001b[0m 217.775 ms - -\u001b[0m","timestamp":"2026-03-07 15:31:46"}
{"level":"info","message":"\u001b[0mGET /api/v1/products?size=100 \u001b[32m200\u001b[0m 248.686 ms - -\u001b[0m","timestamp":"2026-03-07 15:31:46"}
{"level":"info","message":"\u001b[0mGET /api/v1/suppliers/active/list \u001b[36m304\u001b[0m 63.882 ms - -\u001b[0m","timestamp":"2026-03-07 15:31:46"}
{"level":"info","message":"\u001b[0mGET /api/v1/branches/active/list \u001b[36m304\u001b[0m 96.805 ms - -\u001b[0m","timestamp":"2026-03-07 15:31:46"}
{"level":"info","message":"\u001b[0mGET /api/v1/products?size=100 \u001b[36m304\u001b[0m 145.751 ms - -\u001b[0m","timestamp":"2026-03-07 15:31:46"}
{"level":"info","message":"\u001b[0mGET /api/v1/suppliers/active/list \u001b[36m304\u001b[0m 169.558 ms - -\u001b[0m","timestamp":"2026-03-07 15:41:44"}
{"level":"info","message":"\u001b[0mGET /api/v1/branches/active/list \u001b[36m304\u001b[0m 761.399 ms - -\u001b[0m","timestamp":"2026-03-07 15:41:45"}
{"level":"info","message":"\u001b[0mGET /api/v1/products?size=100 \u001b[36m304\u001b[0m 858.676 ms - -\u001b[0m","timestamp":"2026-03-07 15:41:45"}
{"level":"info","message":"\u001b[0mGET /api/v1/settings/global \u001b[36m304\u001b[0m 350.342 ms - -\u001b[0m","timestamp":"2026-03-07 15:43:11"}
{"level":"info","message":"\u001b[0mGET /api/v1/suppliers/active/list \u001b[36m304\u001b[0m 678.319 ms - -\u001b[0m","timestamp":"2026-03-07 15:43:12"}
{"level":"info","message":"\u001b[0mGET /api/v1/products?size=100 \u001b[36m304\u001b[0m 957.848 ms - -\u001b[0m","timestamp":"2026-03-07 15:43:12"}
{"level":"info","message":"\u001b[0mGET /api/v1/branches/active/list \u001b[36m304\u001b[0m 982.601 ms - -\u001b[0m","timestamp":"2026-03-07 15:43:12"}
{"level":"info","message":"\u001b[0mGET /api/v1/suppliers/active/list \u001b[36m304\u001b[0m 186.627 ms - -\u001b[0m","timestamp":"2026-03-07 15:43:12"}
{"level":"info","message":"\u001b[0mGET /api/v1/branches/active/list \u001b[36m304\u001b[0m 406.395 ms - -\u001b[0m","timestamp":"2026-03-07 15:43:13"}
{"level":"info","message":"\u001b[0mGET /api/v1/products?size=100 \u001b[36m304\u001b[0m 423.444 ms - -\u001b[0m","timestamp":"2026-03-07 15:43:13"}
{"level":"info","message":"\u001b[0mGET /api/v1/settings/global \u001b[36m304\u001b[0m 106.023 ms - -\u001b[0m","timestamp":"2026-03-07 15:45:30"}
{"level":"info","message":"\u001b[0mGET /api/v1/expense-categories \u001b[36m304\u001b[0m 134.478 ms - -\u001b[0m","timestamp":"2026-03-07 15:45:30"}
{"level":"info","message":"\u001b[0mGET /api/v1/expense-categories \u001b[36m304\u001b[0m 103.083 ms - -\u001b[0m","timestamp":"2026-03-07 15:45:30"}
{"level":"info","message":"\u001b[0mPOST /api/v1/refresh \u001b[32m200\u001b[0m 143.826 ms - 466\u001b[0m","timestamp":"2026-03-07 16:12:18"}
{"level":"info","message":"\u001b[0mGET /api/v1/settings/global \u001b[36m304\u001b[0m 700.755 ms - -\u001b[0m","timestamp":"2026-03-07 16:12:19"}
{"level":"info","message":"\u001b[0mGET /api/v1/expense-categories \u001b[36m304\u001b[0m 706.905 ms - -\u001b[0m","timestamp":"2026-03-07 16:12:19"}
{"level":"info","message":"\u001b[0mGET /api/v1/expense-categories \u001b[36m304\u001b[0m 142.794 ms - -\u001b[0m","timestamp":"2026-03-07 16:12:20"}
{"level":"info","message":"\u001b[0mGET /api/v1/expense-categories \u001b[36m304\u001b[0m 105.190 ms - -\u001b[0m","timestamp":"2026-03-07 16:36:15"}
{"level":"info","message":"\u001b[0mGET /api/v1/expense-categories \u001b[36m304\u001b[0m 95.123 ms - -\u001b[0m","timestamp":"2026-03-07 16:36:15"}
{"level":"info","message":"\u001b[0mGET /api/v1/expense-categories \u001b[36m304\u001b[0m 170.855 ms - -\u001b[0m","timestamp":"2026-03-07 16:37:17"}
{"level":"info","message":"\u001b[0mGET /api/v1/settings/global \u001b[36m304\u001b[0m 191.345 ms - -\u001b[0m","timestamp":"2026-03-07 16:47:13"}
{"level":"info","message":"\u001b[0mGET /api/v1/expense-categories \u001b[36m304\u001b[0m 182.285 ms - -\u001b[0m","timestamp":"2026-03-07 16:47:13"}
{"level":"info","message":"\u001b[0mGET /api/v1/expense-categories \u001b[36m304\u001b[0m 45.869 ms - -\u001b[0m","timestamp":"2026-03-07 16:47:13"}
{"level":"info","message":"\u001b[0mGET /api/v1/accounts \u001b[36m304\u001b[0m 127.435 ms - -\u001b[0m","timestamp":"2026-03-07 16:50:23"}
{"level":"info","message":"\u001b[0mGET /api/v1/accounts \u001b[36m304\u001b[0m 125.942 ms - -\u001b[0m","timestamp":"2026-03-07 16:50:24"}
{"level":"info","message":"\u001b[0mGET /api/v1/settings/global \u001b[36m304\u001b[0m 319.301 ms - -\u001b[0m","timestamp":"2026-03-07 16:55:05"}
{"level":"info","message":"\u001b[0mGET /api/v1/accounts \u001b[36m304\u001b[0m 517.599 ms - -\u001b[0m","timestamp":"2026-03-07 16:55:05"}
{"level":"info","message":"\u001b[0mGET /api/v1/accounts \u001b[36m304\u001b[0m 313.734 ms - -\u001b[0m","timestamp":"2026-03-07 16:55:06"}
{"level":"info","message":"\u001b[0mGET /api/v1/accounts/08ab9e3b-1929-459d-9bc7-ce8981a56592/ledger \u001b[32m200\u001b[0m 128.562 ms - -\u001b[0m","timestamp":"2026-03-07 17:07:32"}
{"level":"info","message":"\u001b[0mGET /api/v1/accounts/08ab9e3b-1929-459d-9bc7-ce8981a56592/ledger \u001b[36m304\u001b[0m 70.511 ms - -\u001b[0m","timestamp":"2026-03-07 17:08:45"}
{"level":"info","message":"\u001b[0mGET /api/v1/accounts/b0202438-5017-41d8-84d6-7f206f46add4/ledger \u001b[32m200\u001b[0m 79.883 ms - 142\u001b[0m","timestamp":"2026-03-07 17:10:25"}
{"level":"info","message":"\u001b[0mGET /api/v1/accounts/08ab9e3b-1929-459d-9bc7-ce8981a56592/ledger \u001b[36m304\u001b[0m 69.177 ms - -\u001b[0m","timestamp":"2026-03-07 17:10:29"}
{"level":"info","message":"\u001b[0mGET /api/v1/accounts/08ab9e3b-1929-459d-9bc7-ce8981a56592/ledger \u001b[36m304\u001b[0m 59.615 ms - -\u001b[0m","timestamp":"2026-03-07 17:10:43"}
{"level":"info","message":"\u001b[0mPOST /api/v1/refresh \u001b[32m200\u001b[0m 75.865 ms - 466\u001b[0m","timestamp":"2026-03-07 17:12:50"}
{"level":"info","message":"\u001b[0mGET /api/v1/settings/global \u001b[36m304\u001b[0m 224.473 ms - -\u001b[0m","timestamp":"2026-03-07 17:19:34"}
{"level":"info","message":"\u001b[0mGET /api/v1/accounts \u001b[36m304\u001b[0m 231.696 ms - -\u001b[0m","timestamp":"2026-03-07 17:19:34"}
{"level":"info","message":"\u001b[0mGET /api/v1/accounts \u001b[36m304\u001b[0m 139.012 ms - -\u001b[0m","timestamp":"2026-03-07 17:19:34"}
{"level":"info","message":"\u001b[0mGET /api/v1/accounts/b0202438-5017-41d8-84d6-7f206f46add4/ledger \u001b[36m304\u001b[0m 57.459 ms - -\u001b[0m","timestamp":"2026-03-07 17:19:52"}
{"level":"info","message":"\u001b[0mGET /api/v1/accounts/08ab9e3b-1929-459d-9bc7-ce8981a56592/ledger \u001b[36m304\u001b[0m 55.807 ms - -\u001b[0m","timestamp":"2026-03-07 17:19:55"}
{"level":"info","message":"\u001b[0mGET /api/v1/accounts \u001b[36m304\u001b[0m 52.655 ms - -\u001b[0m","timestamp":"2026-03-07 17:20:55"}
{"level":"info","message":"\u001b[0mGET /api/v1/accounts \u001b[36m304\u001b[0m 57.699 ms - -\u001b[0m","timestamp":"2026-03-07 17:20:56"}
{"level":"info","message":"\u001b[0mGET /api/v1/accounts \u001b[36m304\u001b[0m 117.299 ms - -\u001b[0m","timestamp":"2026-03-07 17:21:02"}
{"level":"info","message":"\u001b[0mGET /api/v1/accounts \u001b[36m304\u001b[0m 90.272 ms - -\u001b[0m","timestamp":"2026-03-07 17:21:02"}
{"level":"info","message":"\u001b[0mGET /api/v1/accounts \u001b[36m304\u001b[0m 653.490 ms - -\u001b[0m","timestamp":"2026-03-07 17:23:09"}
{"level":"info","message":"\u001b[0mGET /api/v1/settings/global \u001b[36m304\u001b[0m 887.147 ms - -\u001b[0m","timestamp":"2026-03-07 17:23:09"}
{"level":"info","message":"\u001b[0mGET /api/v1/accounts \u001b[36m304\u001b[0m 219.906 ms - -\u001b[0m","timestamp":"2026-03-07 17:23:09"}
{"level":"info","message":"\u001b[0mGET /api/v1/accounts \u001b[36m304\u001b[0m 58.091 ms - -\u001b[0m","timestamp":"2026-03-07 17:23:34"}
{"level":"info","message":"\u001b[0mGET /api/v1/settings/global \u001b[36m304\u001b[0m 451.167 ms - -\u001b[0m","timestamp":"2026-03-07 17:24:00"}
{"level":"info","message":"\u001b[0mGET /api/v1/accounts \u001b[36m304\u001b[0m 450.156 ms - -\u001b[0m","timestamp":"2026-03-07 17:24:00"}
{"level":"info","message":"\u001b[0mGET /api/v1/accounts \u001b[36m304\u001b[0m 177.577 ms - -\u001b[0m","timestamp":"2026-03-07 17:24:00"}
{"level":"info","message":"\u001b[0mGET /api/v1/settings/global \u001b[36m304\u001b[0m 769.349 ms - -\u001b[0m","timestamp":"2026-03-07 17:27:59"}
{"level":"info","message":"\u001b[0mGET /api/v1/accounts \u001b[36m304\u001b[0m 756.153 ms - -\u001b[0m","timestamp":"2026-03-07 17:27:59"}
{"level":"info","message":"\u001b[0mGET /api/v1/accounts \u001b[36m304\u001b[0m 80.690 ms - -\u001b[0m","timestamp":"2026-03-07 17:27:59"}
{"level":"info","message":"\u001b[0mGET /api/v1/settings/global \u001b[36m304\u001b[0m 321.911 ms - -\u001b[0m","timestamp":"2026-03-07 17:29:27"}
{"level":"info","message":"\u001b[0mGET /api/v1/accounts \u001b[36m304\u001b[0m 319.485 ms - -\u001b[0m","timestamp":"2026-03-07 17:29:27"}
{"level":"info","message":"\u001b[0mGET /api/v1/accounts \u001b[36m304\u001b[0m 200.686 ms - -\u001b[0m","timestamp":"2026-03-07 17:29:28"}
{"level":"info","message":"\u001b[0mGET /api/v1/settings/global \u001b[36m304\u001b[0m 205.902 ms - -\u001b[0m","timestamp":"2026-03-07 17:37:24"}
{"level":"info","message":"\u001b[0mGET /api/v1/accounts \u001b[36m304\u001b[0m 288.150 ms - -\u001b[0m","timestamp":"2026-03-07 17:37:24"}
{"level":"info","message":"\u001b[0mGET /api/v1/accounts \u001b[36m304\u001b[0m 274.264 ms - -\u001b[0m","timestamp":"2026-03-07 17:37:24"}
{"level":"info","message":"\u001b[0mGET /api/v1/settings/global \u001b[36m304\u001b[0m 319.791 ms - -\u001b[0m","timestamp":"2026-03-07 17:37:39"}
{"level":"info","message":"\u001b[0mGET /api/v1/accounts \u001b[36m304\u001b[0m 289.969 ms - -\u001b[0m","timestamp":"2026-03-07 17:37:39"}
{"level":"info","message":"\u001b[0mGET /api/v1/accounts \u001b[36m304\u001b[0m 164.217 ms - -\u001b[0m","timestamp":"2026-03-07 17:37:39"}
{"level":"info","message":"\u001b[0mGET /api/v1/customers/active/list \u001b[36m304\u001b[0m 108.709 ms - -\u001b[0m","timestamp":"2026-03-07 17:40:02"}
{"level":"info","message":"\u001b[0mGET /api/v1/customers/active/list \u001b[36m304\u001b[0m 52.379 ms - -\u001b[0m","timestamp":"2026-03-07 17:40:02"}
{"level":"info","message":"\u001b[0mPOST /api/v1/login \u001b[32m200\u001b[0m 279.236 ms - -\u001b[0m","timestamp":"2026-03-07 17:46:14"}
{"level":"info","message":"\u001b[0mGET /api/v1/me \u001b[32m200\u001b[0m 66.927 ms - -\u001b[0m","timestamp":"2026-03-07 17:46:14"}
{"level":"info","message":"\u001b[0mGET /api/v1/customers/active/list \u001b[36m304\u001b[0m 82.413 ms - -\u001b[0m","timestamp":"2026-03-07 17:46:15"}
{"level":"info","message":"\u001b[0mGET /api/v1/customers/active/list \u001b[36m304\u001b[0m 136.287 ms - -\u001b[0m","timestamp":"2026-03-07 17:46:15"}
{"level":"info","message":"\u001b[0mGET /api/v1/settings/global \u001b[36m304\u001b[0m 162.948 ms - -\u001b[0m","timestamp":"2026-03-07 17:46:15"}
{"level":"info","message":"\u001b[0mGET /api/v1/customers/94417681-9bf5-48de-8d80-ec4724cbd3b4/ledger \u001b[36m304\u001b[0m 57.736 ms - -\u001b[0m","timestamp":"2026-03-07 17:46:18"}
{"level":"info","message":"\u001b[0mGET /api/v1/customers/94417681-9bf5-48de-8d80-ec4724cbd3b4/ledger \u001b[36m304\u001b[0m 95.743 ms - -\u001b[0m","timestamp":"2026-03-07 17:46:39"}
{"level":"info","message":"\u001b[0mGET /api/v1/customers/active/list \u001b[36m304\u001b[0m 247.179 ms - -\u001b[0m","timestamp":"2026-03-07 17:50:49"}
{"level":"info","message":"\u001b[0mGET /api/v1/customers/94417681-9bf5-48de-8d80-ec4724cbd3b4/ledger \u001b[36m304\u001b[0m 48.288 ms - -\u001b[0m","timestamp":"2026-03-07 17:55:19"}
{"level":"info","message":"\u001b[0mGET /api/v1/settings/global \u001b[36m304\u001b[0m 83.074 ms - -\u001b[0m","timestamp":"2026-03-07 17:55:37"}
{"level":"info","message":"\u001b[0mGET /api/v1/customers/active/list \u001b[36m304\u001b[0m 121.532 ms - -\u001b[0m","timestamp":"2026-03-07 17:55:37"}
{"level":"info","message":"\u001b[0mGET /api/v1/customers/active/list \u001b[36m304\u001b[0m 93.104 ms - -\u001b[0m","timestamp":"2026-03-07 17:55:37"}
{"level":"info","message":"\u001b[0mGET /api/v1/customers/94417681-9bf5-48de-8d80-ec4724cbd3b4/ledger \u001b[36m304\u001b[0m 84.844 ms - -\u001b[0m","timestamp":"2026-03-07 17:55:40"}
{"level":"info","message":"\u001b[0mGET /api/v1/customers/94417681-9bf5-48de-8d80-ec4724cbd3b4/ledger \u001b[36m304\u001b[0m 148.148 ms - -\u001b[0m","timestamp":"2026-03-07 17:56:05"}
{"level":"info","message":"\u001b[0mGET /api/v1/settings/global \u001b[36m304\u001b[0m 261.339 ms - -\u001b[0m","timestamp":"2026-03-07 17:58:16"}
{"level":"info","message":"\u001b[0mGET /api/v1/customers/active/list \u001b[36m304\u001b[0m 206.168 ms - -\u001b[0m","timestamp":"2026-03-07 17:58:16"}
{"level":"info","message":"\u001b[0mGET /api/v1/customers/active/list \u001b[36m304\u001b[0m 86.096 ms - -\u001b[0m","timestamp":"2026-03-07 17:58:16"}
{"level":"info","message":"\u001b[0mGET /api/v1/customers/94417681-9bf5-48de-8d80-ec4724cbd3b4/ledger \u001b[36m304\u001b[0m 46.306 ms - -\u001b[0m","timestamp":"2026-03-07 17:58:21"}
{"level":"info","message":"\u001b[0mGET /api/v1/settings/global \u001b[36m304\u001b[0m 371.367 ms - -\u001b[0m","timestamp":"2026-03-07 18:05:48"}
{"level":"info","message":"\u001b[0mGET /api/v1/customers/active/list \u001b[36m304\u001b[0m 416.111 ms - -\u001b[0m","timestamp":"2026-03-07 18:05:48"}
{"level":"info","message":"\u001b[0mGET /api/v1/customers/active/list \u001b[36m304\u001b[0m 95.050 ms - -\u001b[0m","timestamp":"2026-03-07 18:05:48"}
{"level":"info","message":"\u001b[0mGET /api/v1/customers/94417681-9bf5-48de-8d80-ec4724cbd3b4/ledger \u001b[36m304\u001b[0m 270.100 ms - -\u001b[0m","timestamp":"2026-03-07 18:05:52"}
{"level":"info","message":"\u001b[0mGET /api/v1/suppliers/active/list \u001b[36m304\u001b[0m 205.780 ms - -\u001b[0m","timestamp":"2026-03-07 18:08:50"}
{"level":"info","message":"\u001b[0mGET /api/v1/suppliers/active/list \u001b[36m304\u001b[0m 211.675 ms - -\u001b[0m","timestamp":"2026-03-07 18:08:51"}
{"level":"info","message":"\u001b[0mGET /api/v1/settings/global \u001b[36m304\u001b[0m 364.376 ms - -\u001b[0m","timestamp":"2026-03-07 18:26:53"}
{"level":"info","message":"\u001b[0mGET /api/v1/suppliers/active/list \u001b[36m304\u001b[0m 364.094 ms - -\u001b[0m","timestamp":"2026-03-07 18:26:53"}
{"level":"info","message":"\u001b[0mGET /api/v1/suppliers/active/list \u001b[36m304\u001b[0m 64.042 ms - -\u001b[0m","timestamp":"2026-03-07 18:26:53"}
{"level":"info","message":"\u001b[0mGET /api/v1/suppliers/7124cd97-cfcb-4e2e-9573-a1cab1ef0bc3/ledger?start_date=2026-03-01&end_date=2026-03-07 \u001b[32m200\u001b[0m 47.506 ms - -\u001b[0m","timestamp":"2026-03-07 18:26:55"}
{"level":"info","message":"\u001b[0mGET /api/v1/suppliers/7124cd97-cfcb-4e2e-9573-a1cab1ef0bc3/ledger?start_date=2026-03-01&end_date=2026-03-07 \u001b[36m304\u001b[0m 63.744 ms - -\u001b[0m","timestamp":"2026-03-07 18:27:10"}
{"level":"info","message":"\u001b[0mPOST /api/v1/refresh \u001b[32m200\u001b[0m 72.539 ms - 466\u001b[0m","timestamp":"2026-03-07 18:52:28"}
{"level":"info","message":"\u001b[0mPOST /api/v1/refresh \u001b[33m401\u001b[0m 12.701 ms - 52\u001b[0m","timestamp":"2026-03-07 18:52:32"}
{"level":"info","message":"\u001b[0mPOST /api/v1/refresh \u001b[33m401\u001b[0m 25.967 ms - 52\u001b[0m","timestamp":"2026-03-07 18:53:06"}
{"level":"info","message":"\u001b[0mGET /api/v1/settings/global \u001b[33m401\u001b[0m 27.606 ms - 44\u001b[0m","timestamp":"2026-03-07 18:53:06"}
{"level":"info","message":"\u001b[0mGET /api/v1/suppliers/active/list \u001b[33m401\u001b[0m 58.503 ms - 44\u001b[0m","timestamp":"2026-03-07 18:53:06"}
{"level":"info","message":"\u001b[0mGET /api/v1/suppliers/active/list \u001b[33m401\u001b[0m 30.332 ms - 44\u001b[0m","timestamp":"2026-03-07 18:53:06"}
{"level":"info","message":"\u001b[0mPOST /api/v1/login \u001b[32m200\u001b[0m 513.605 ms - -\u001b[0m","timestamp":"2026-03-07 18:55:50"}
{"level":"info","message":"\u001b[0mGET /api/v1/me \u001b[32m200\u001b[0m 90.466 ms - -\u001b[0m","timestamp":"2026-03-07 18:55:50"}
{"level":"info","message":"\u001b[0mGET /api/v1/reports/dashboard/summary \u001b[31m500\u001b[0m 120.929 ms - 764\u001b[0m","timestamp":"2026-03-07 18:55:55"}
{"level":"info","message":"\u001b[0mGET /api/v1/reports/dashboard/summary \u001b[31m500\u001b[0m 119.572 ms - 764\u001b[0m","timestamp":"2026-03-07 18:55:55"}
{"level":"info","message":"\u001b[0mGET /api/v1/settings/global \u001b[36m304\u001b[0m 115.214 ms - -\u001b[0m","timestamp":"2026-03-07 18:56:00"}
{"level":"info","message":"\u001b[0mGET /api/v1/purchase-orders \u001b[36m304\u001b[0m 152.738 ms - -\u001b[0m","timestamp":"2026-03-07 18:56:00"}
{"level":"info","message":"\u001b[0mGET /api/v1/purchase-orders \u001b[36m304\u001b[0m 144.409 ms - -\u001b[0m","timestamp":"2026-03-07 18:56:01"}
{"level":"info","message":"\u001b[0mGET /api/v1/suppliers/active/list \u001b[36m304\u001b[0m 133.475 ms - -\u001b[0m","timestamp":"2026-03-07 18:56:06"}
{"level":"info","message":"\u001b[0mGET /api/v1/suppliers/active/list \u001b[36m304\u001b[0m 80.166 ms - -\u001b[0m","timestamp":"2026-03-07 18:56:06"}
{"level":"info","message":"\u001b[0mGET /api/v1/suppliers/7124cd97-cfcb-4e2e-9573-a1cab1ef0bc3/ledger?start_date=2026-03-01&end_date=2026-03-07 \u001b[36m304\u001b[0m 74.900 ms - -\u001b[0m","timestamp":"2026-03-07 18:56:09"}
{"level":"info","message":"\nSIGINT received. Starting graceful shutdown...","timestamp":"2026-03-07 18:57:30"}
{"level":"info","message":"Attempting to connect to database... (Attempt 1/5)","timestamp":"2026-03-07 20:01:04"}
{"level":"info","message":"✅ Database connection established successfully.","timestamp":"2026-03-07 20:01:04"}
{"level":"info","message":"✅ Database synchronized.","timestamp":"2026-03-07 20:01:04"}
{"level":"info","message":"🚀 Server running on port 5000","timestamp":"2026-03-07 20:01:04"}
{"level":"info","message":"📍 Environment: development","timestamp":"2026-03-07 20:01:04"}
{"level":"info","message":"🔗 API Base URL: http://localhost:5000/api/v1","timestamp":"2026-03-07 20:01:04"}
{"level":"info","message":"\u001b[0mPOST /api/v1/login \u001b[33m401\u001b[0m 42.572 ms - 50\u001b[0m","timestamp":"2026-03-07 20:01:09"}
{"level":"info","message":"\u001b[0mPOST /api/v1/refresh \u001b[32m200\u001b[0m 345.599 ms - 466\u001b[0m","timestamp":"2026-03-07 20:02:10"}
{"level":"info","message":"\u001b[0mPOST /api/v1/refresh \u001b[33m401\u001b[0m 21.202 ms - 52\u001b[0m","timestamp":"2026-03-07 20:02:10"}
{"level":"info","message":"\u001b[0mGET /api/v1/reports/dashboard/summary \u001b[31m500\u001b[0m 206.201 ms - 764\u001b[0m","timestamp":"2026-03-07 20:02:10"}
{"level":"info","message":"\u001b[0mGET /api/v1/reports/dashboard/summary \u001b[33m401\u001b[0m 23.780 ms - 44\u001b[0m","timestamp":"2026-03-07 20:02:10"}
{"level":"info","message":"\u001b[0mGET /api/v1/settings/global \u001b[33m401\u001b[0m 12.832 ms - 44\u001b[0m","timestamp":"2026-03-07 20:02:18"}
{"level":"info","message":"\u001b[0mGET /api/v1/purchase-orders \u001b[33m401\u001b[0m 11.491 ms - 44\u001b[0m","timestamp":"2026-03-07 20:02:18"}
{"level":"info","message":"\u001b[0mGET /api/v1/purchase-orders \u001b[33m401\u001b[0m 16.635 ms - 44\u001b[0m","timestamp":"2026-03-07 20:02:18"}
{"level":"info","message":"\u001b[0mPOST /api/v1/login \u001b[32m200\u001b[0m 280.048 ms - -\u001b[0m","timestamp":"2026-03-07 20:02:26"}
{"level":"info","message":"\u001b[0mGET /api/v1/me \u001b[32m200\u001b[0m 61.066 ms - -\u001b[0m","timestamp":"2026-03-07 20:02:26"}
{"level":"info","message":"\u001b[0mGET /api/v1/reports/dashboard/summary \u001b[31m500\u001b[0m 106.144 ms - 764\u001b[0m","timestamp":"2026-03-07 20:02:27"}
{"level":"info","message":"\u001b[0mGET /api/v1/reports/dashboard/summary \u001b[31m500\u001b[0m 129.194 ms - 764\u001b[0m","timestamp":"2026-03-07 20:02:27"}
{"level":"info","message":"\u001b[0mGET /api/v1/settings/global \u001b[36m304\u001b[0m 249.391 ms - -\u001b[0m","timestamp":"2026-03-07 20:02:29"}
{"level":"info","message":"\u001b[0mGET /api/v1/purchase-orders \u001b[36m304\u001b[0m 261.264 ms - -\u001b[0m","timestamp":"2026-03-07 20:02:29"}
{"level":"info","message":"\u001b[0mGET /api/v1/purchase-orders \u001b[36m304\u001b[0m 127.479 ms - -\u001b[0m","timestamp":"2026-03-07 20:02:29"}
{"level":"info","message":"\u001b[0mGET /api/v1/suppliers/active/list \u001b[36m304\u001b[0m 148.331 ms - -\u001b[0m","timestamp":"2026-03-07 20:02:43"}
{"level":"info","message":"\u001b[0mGET /api/v1/suppliers/active/list \u001b[36m304\u001b[0m 76.363 ms - -\u001b[0m","timestamp":"2026-03-07 20:02:43"}
{"level":"info","message":"\u001b[0mGET /api/v1/suppliers/7124cd97-cfcb-4e2e-9573-a1cab1ef0bc3/ledger?start_date=2026-03-01&end_date=2026-03-07 \u001b[36m304\u001b[0m 53.090 ms - -\u001b[0m","timestamp":"2026-03-07 20:02:50"}
{"level":"info","message":"\u001b[0mGET /api/v1/suppliers/active/list \u001b[36m304\u001b[0m 135.703 ms - -\u001b[0m","timestamp":"2026-03-07 20:07:24"}
{"level":"info","message":"\u001b[0mGET /api/v1/suppliers/active/list \u001b[36m304\u001b[0m 909.747 ms - -\u001b[0m","timestamp":"2026-03-07 20:12:26"}
{"level":"info","message":"\u001b[0mGET /api/v1/settings/global \u001b[36m304\u001b[0m 945.379 ms - -\u001b[0m","timestamp":"2026-03-07 20:12:26"}
{"level":"info","message":"\u001b[0mGET /api/v1/suppliers/active/list \u001b[36m304\u001b[0m 97.199 ms - -\u001b[0m","timestamp":"2026-03-07 20:12:26"}
{"level":"info","message":"\u001b[0mGET /api/v1/suppliers/7124cd97-cfcb-4e2e-9573-a1cab1ef0bc3/ledger?start_date=2026-03-01&end_date=2026-03-07 \u001b[36m304\u001b[0m 67.786 ms - -\u001b[0m","timestamp":"2026-03-07 20:12:41"}
{"level":"info","message":"\u001b[0mGET /api/v1/suppliers/7124cd97-cfcb-4e2e-9573-a1cab1ef0bc3/ledger?start_date=2026-03-01&end_date=2026-03-07 \u001b[36m304\u001b[0m 80.968 ms - -\u001b[0m","timestamp":"2026-03-07 20:18:06"}
{"level":"info","message":"\u001b[0mGET /api/v1/settings/global \u001b[36m304\u001b[0m 566.144 ms - -\u001b[0m","timestamp":"2026-03-07 20:26:19"}
{"level":"info","message":"\u001b[0mGET /api/v1/cheques \u001b[36m304\u001b[0m 650.608 ms - -\u001b[0m","timestamp":"2026-03-07 20:26:19"}
{"level":"info","message":"\u001b[0mGET /api/v1/accounts \u001b[36m304\u001b[0m 667.793 ms - -\u001b[0m","timestamp":"2026-03-07 20:26:19"}
{"level":"info","message":"\u001b[0mGET /api/v1/cheques \u001b[36m304\u001b[0m 186.347 ms - -\u001b[0m","timestamp":"2026-03-07 20:26:19"}
{"level":"info","message":"\u001b[0mGET /api/v1/accounts \u001b[36m304\u001b[0m 361.036 ms - -\u001b[0m","timestamp":"2026-03-07 20:26:19"}
{"level":"info","message":"\u001b[0mGET /api/v1/cheques \u001b[36m304\u001b[0m 306.807 ms - -\u001b[0m","timestamp":"2026-03-07 20:27:19"}
{"level":"info","message":"\u001b[0mGET /api/v1/accounts \u001b[36m304\u001b[0m 315.912 ms - -\u001b[0m","timestamp":"2026-03-07 20:27:19"}
{"level":"info","message":"\u001b[0mGET /api/v1/cheques \u001b[36m304\u001b[0m 288.534 ms - -\u001b[0m","timestamp":"2026-03-07 20:27:20"}
{"level":"info","message":"\u001b[0mGET /api/v1/accounts \u001b[36m304\u001b[0m 284.296 ms - -\u001b[0m","timestamp":"2026-03-07 20:27:20"}
{"level":"info","message":"\u001b[0mGET /api/v1/cheques \u001b[36m304\u001b[0m 109.836 ms - -\u001b[0m","timestamp":"2026-03-07 20:32:11"}
{"level":"info","message":"\u001b[0mGET /api/v1/accounts \u001b[36m304\u001b[0m 113.005 ms - -\u001b[0m","timestamp":"2026-03-07 20:32:11"}
{"level":"info","message":"\u001b[0mGET /api/v1/cheques \u001b[36m304\u001b[0m 155.790 ms - -\u001b[0m","timestamp":"2026-03-07 20:32:11"}
{"level":"info","message":"\u001b[0mGET /api/v1/accounts \u001b[36m304\u001b[0m 157.257 ms - -\u001b[0m","timestamp":"2026-03-07 20:32:11"}
{"level":"info","message":"\u001b[0mGET /api/v1/cheques \u001b[36m304\u001b[0m 253.983 ms - -\u001b[0m","timestamp":"2026-03-07 20:37:49"}
{"level":"info","message":"\u001b[0mGET /api/v1/accounts \u001b[36m304\u001b[0m 277.585 ms - -\u001b[0m","timestamp":"2026-03-07 20:37:49"}
{"level":"info","message":"\u001b[0mGET /api/v1/cheques \u001b[36m304\u001b[0m 233.276 ms - -\u001b[0m","timestamp":"2026-03-07 20:37:49"}
{"level":"info","message":"\u001b[0mGET /api/v1/accounts \u001b[36m304\u001b[0m 371.550 ms - -\u001b[0m","timestamp":"2026-03-07 20:37:49"}
{"level":"info","message":"\u001b[0mGET /api/v1/settings/global \u001b[36m304\u001b[0m 137.230 ms - -\u001b[0m","timestamp":"2026-03-07 20:48:02"}
{"level":"info","message":"\u001b[0mGET /api/v1/reports/finance/capital-balance \u001b[32m200\u001b[0m 470.695 ms - -\u001b[0m","timestamp":"2026-03-07 20:52:22"}
{"level":"info","message":"\u001b[0mGET /api/v1/reports/finance/trial-balance \u001b[32m200\u001b[0m 529.301 ms - -\u001b[0m","timestamp":"2026-03-07 20:52:22"}
{"level":"info","message":"\u001b[0mGET /api/v1/reports/finance/profit-loss \u001b[36m304\u001b[0m 584.465 ms - -\u001b[0m","timestamp":"2026-03-07 20:52:22"}
{"level":"info","message":"\u001b[0mGET /api/v1/reports/finance/capital-balance \u001b[36m304\u001b[0m 168.085 ms - -\u001b[0m","timestamp":"2026-03-07 20:52:22"}
{"level":"info","message":"\u001b[0mGET /api/v1/reports/finance/trial-balance \u001b[36m304\u001b[0m 184.290 ms - -\u001b[0m","timestamp":"2026-03-07 20:52:22"}
{"level":"info","message":"\u001b[0mGET /api/v1/reports/finance/profit-loss \u001b[36m304\u001b[0m 221.818 ms - -\u001b[0m","timestamp":"2026-03-07 20:52:22"}
