{"level":"info","message":"\u001b[0mGET /api/v1/branches/active/list \u001b[36m304\u001b[0m 683.959 ms - -\u001b[0m","timestamp":"2026-04-06 00:00:52"}
{"level":"info","message":"\u001b[0mGET /api/v1/reports/sales/card-reconciliation?start_date=2026-04-01&end_date=2026-04-30&branch_id=all \u001b[36m304\u001b[0m 722.842 ms - -\u001b[0m","timestamp":"2026-04-06 00:00:52"}
{"level":"info","message":"\u001b[0mGET /api/v1/settings/global \u001b[36m304\u001b[0m 298.183 ms - -\u001b[0m","timestamp":"2026-04-06 00:00:53"}
{"level":"info","message":"\u001b[0mGET /api/v1/branches/active/list \u001b[36m304\u001b[0m 316.298 ms - -\u001b[0m","timestamp":"2026-04-06 00:04:23"}
{"level":"info","message":"\u001b[0mGET /api/v1/reports/sales/categories?type=main&start_date=2026-04-01&end_date=2026-04-30&branch_id=all&page=1&size=10 \u001b[32m200\u001b[0m 341.014 ms - 231\u001b[0m","timestamp":"2026-04-06 00:04:23"}
{"level":"info","message":"\u001b[0mGET /api/v1/settings/global \u001b[36m304\u001b[0m 356.655 ms - -\u001b[0m","timestamp":"2026-04-06 00:04:23"}
{"level":"info","message":"\u001b[0mGET /api/v1/branches/active/list \u001b[36m304\u001b[0m 130.017 ms - -\u001b[0m","timestamp":"2026-04-06 00:04:23"}
{"level":"info","message":"\u001b[0mGET /api/v1/reports/sales/categories?type=main&start_date=2026-04-01&end_date=2026-04-30&branch_id=all&page=1&size=10 \u001b[36m304\u001b[0m 163.348 ms - -\u001b[0m","timestamp":"2026-04-06 00:04:23"}
{"level":"info","message":"\u001b[0mGET /api/v1/settings/global \u001b[36m304\u001b[0m 140.688 ms - -\u001b[0m","timestamp":"2026-04-06 00:04:28"}
{"level":"info","message":"\u001b[0mGET /api/v1/branches/active/list \u001b[36m304\u001b[0m 451.340 ms - -\u001b[0m","timestamp":"2026-04-06 00:04:43"}
{"level":"info","message":"\u001b[0mGET /api/v1/reports/sales/item-count?start_date=2026-04-01&end_date=2026-04-06&branch_id=all&product_id=&page=1&size=10 \u001b[32m200\u001b[0m 849.577 ms - 663\u001b[0m","timestamp":"2026-04-06 00:04:44"}
{"level":"info","message":"\u001b[0mGET /api/v1/products/active/list \u001b[32m200\u001b[0m 602.199 ms - -\u001b[0m","timestamp":"2026-04-06 00:04:44"}
{"level":"info","message":"\u001b[0mGET /api/v1/settings/global \u001b[36m304\u001b[0m 917.333 ms - -\u001b[0m","timestamp":"2026-04-06 00:04:44"}
{"level":"info","message":"\u001b[0mGET /api/v1/branches/active/list \u001b[36m304\u001b[0m 424.980 ms - -\u001b[0m","timestamp":"2026-04-06 00:04:44"}
{"level":"info","message":"\u001b[0mGET /api/v1/reports/sales/item-count?start_date=2026-04-01&end_date=2026-04-06&branch_id=all&product_id=&page=1&size=10 \u001b[36m304\u001b[0m 309.834 ms - -\u001b[0m","timestamp":"2026-04-06 00:04:44"}
{"level":"info","message":"\u001b[0mGET /api/v1/products/active/list \u001b[36m304\u001b[0m 312.093 ms - -\u001b[0m","timestamp":"2026-04-06 00:04:44"}
{"level":"info","message":"\u001b[0mGET /api/v1/settings/global \u001b[36m304\u001b[0m 432.165 ms - -\u001b[0m","timestamp":"2026-04-06 00:07:00"}
{"level":"info","message":"\u001b[0mGET /api/v1/branches/active/list \u001b[36m304\u001b[0m 421.276 ms - -\u001b[0m","timestamp":"2026-04-06 00:07:00"}
{"level":"info","message":"\u001b[0mGET /api/v1/products/active/list \u001b[36m304\u001b[0m 427.930 ms - -\u001b[0m","timestamp":"2026-04-06 00:07:00"}
{"level":"info","message":"\u001b[0mGET /api/v1/reports/sales/item-count?start_date=2026-04-01&end_date=2026-04-06&branch_id=all&product_id=&page=1&size=10 \u001b[36m304\u001b[0m 432.498 ms - -\u001b[0m","timestamp":"2026-04-06 00:07:00"}
{"level":"info","message":"\u001b[0mGET /api/v1/branches/active/list \u001b[36m304\u001b[0m 130.584 ms - -\u001b[0m","timestamp":"2026-04-06 00:07:00"}
{"level":"info","message":"\u001b[0mGET /api/v1/products/active/list \u001b[36m304\u001b[0m 205.367 ms - -\u001b[0m","timestamp":"2026-04-06 00:07:00"}
{"level":"info","message":"\u001b[0mGET /api/v1/reports/sales/item-count?start_date=2026-04-01&end_date=2026-04-06&branch_id=all&product_id=&page=1&size=10 \u001b[36m304\u001b[0m 288.169 ms - -\u001b[0m","timestamp":"2026-04-06 00:07:00"}
{"level":"info","message":"\u001b[0mGET /api/v1/reports/sales/supplier-profit?start_date=2026-04-01&end_date=2026-04-06&branch_id=all&supplier_id=all&page=1&size=10 \u001b[32m200\u001b[0m 327.144 ms - 526\u001b[0m","timestamp":"2026-04-06 00:08:11"}
{"level":"info","message":"\u001b[0mGET /api/v1/branches/active/list \u001b[36m304\u001b[0m 429.225 ms - -\u001b[0m","timestamp":"2026-04-06 00:08:11"}
{"level":"info","message":"\u001b[0mGET /api/v1/suppliers/active/list \u001b[36m304\u001b[0m 641.777 ms - -\u001b[0m","timestamp":"2026-04-06 00:08:11"}
{"level":"info","message":"\u001b[0mGET /api/v1/settings/global \u001b[36m304\u001b[0m 663.502 ms - -\u001b[0m","timestamp":"2026-04-06 00:08:11"}
{"level":"info","message":"\u001b[0mGET /api/v1/reports/sales/supplier-profit?start_date=2026-04-01&end_date=2026-04-06&branch_id=all&supplier_id=all&page=1&size=10 \u001b[36m304\u001b[0m 173.940 ms - -\u001b[0m","timestamp":"2026-04-06 00:08:12"}
{"level":"info","message":"\u001b[0mGET /api/v1/suppliers/active/list \u001b[36m304\u001b[0m 263.094 ms - -\u001b[0m","timestamp":"2026-04-06 00:08:12"}
{"level":"info","message":"\u001b[0mGET /api/v1/branches/active/list \u001b[36m304\u001b[0m 282.887 ms - -\u001b[0m","timestamp":"2026-04-06 00:08:12"}
{"level":"info","message":"\u001b[0mGET /api/v1/suppliers/active/list \u001b[36m304\u001b[0m 428.657 ms - -\u001b[0m","timestamp":"2026-04-06 00:10:26"}
{"level":"info","message":"\u001b[0mGET /api/v1/reports/sales/supplier-profit?start_date=2026-04-01&end_date=2026-04-06&branch_id=all&supplier_id=all&page=1&size=10 \u001b[36m304\u001b[0m 585.045 ms - -\u001b[0m","timestamp":"2026-04-06 00:10:27"}
{"level":"info","message":"\u001b[0mGET /api/v1/settings/global \u001b[36m304\u001b[0m 560.778 ms - -\u001b[0m","timestamp":"2026-04-06 00:10:27"}
{"level":"info","message":"\u001b[0mGET /api/v1/branches/active/list \u001b[36m304\u001b[0m 630.898 ms - -\u001b[0m","timestamp":"2026-04-06 00:10:27"}
{"level":"info","message":"\u001b[0mGET /api/v1/branches/active/list \u001b[36m304\u001b[0m 284.836 ms - -\u001b[0m","timestamp":"2026-04-06 00:11:37"}
{"level":"info","message":"\u001b[0mGET /api/v1/products/active/list \u001b[36m304\u001b[0m 297.003 ms - -\u001b[0m","timestamp":"2026-04-06 00:11:37"}
{"level":"info","message":"\u001b[0mGET /api/v1/reports/sales/non-stock?start_date=2026-04-01&end_date=2026-04-06&branch_id=all&product_id=&page=1&size=10 \u001b[32m200\u001b[0m 366.279 ms - -\u001b[0m","timestamp":"2026-04-06 00:11:37"}
{"level":"info","message":"\u001b[0mGET /api/v1/settings/global \u001b[36m304\u001b[0m 377.127 ms - -\u001b[0m","timestamp":"2026-04-06 00:11:38"}
{"level":"info","message":"\u001b[0mGET /api/v1/branches/active/list \u001b[36m304\u001b[0m 131.571 ms - -\u001b[0m","timestamp":"2026-04-06 00:11:38"}
{"level":"info","message":"\u001b[0mGET /api/v1/products/active/list \u001b[36m304\u001b[0m 218.717 ms - -\u001b[0m","timestamp":"2026-04-06 00:11:38"}
{"level":"info","message":"\u001b[0mGET /api/v1/reports/sales/non-stock?start_date=2026-04-01&end_date=2026-04-06&branch_id=all&product_id=&page=1&size=10 \u001b[36m304\u001b[0m 199.985 ms - -\u001b[0m","timestamp":"2026-04-06 00:11:38"}
{"level":"info","message":"\u001b[0mGET /api/v1/branches/active/list \u001b[36m304\u001b[0m 1215.165 ms - -\u001b[0m","timestamp":"2026-04-06 00:14:33"}
{"level":"info","message":"\u001b[0mGET /api/v1/products/active/list \u001b[36m304\u001b[0m 1278.277 ms - -\u001b[0m","timestamp":"2026-04-06 00:14:33"}
{"level":"info","message":"\u001b[0mGET /api/v1/settings/global \u001b[36m304\u001b[0m 1309.571 ms - -\u001b[0m","timestamp":"2026-04-06 00:14:33"}
{"level":"info","message":"\u001b[0mGET /api/v1/reports/sales/non-stock?start_date=2026-04-01&end_date=2026-04-06&branch_id=all&product_id=&page=1&size=10 \u001b[36m304\u001b[0m 1470.112 ms - -\u001b[0m","timestamp":"2026-04-06 00:14:33"}
{"level":"info","message":"\u001b[0mGET /api/v1/settings/global \u001b[36m304\u001b[0m 291.669 ms - -\u001b[0m","timestamp":"2026-04-06 00:15:12"}
{"level":"info","message":"\u001b[0mGET /api/v1/reports/finance/capital-balance \u001b[32m200\u001b[0m 276.133 ms - -\u001b[0m","timestamp":"2026-04-06 00:15:12"}
{"level":"info","message":"\u001b[0mGET /api/v1/reports/finance/capital-balance \u001b[36m304\u001b[0m 108.747 ms - -\u001b[0m","timestamp":"2026-04-06 00:15:12"}
{"level":"info","message":"\u001b[0mGET /api/v1/reports/finance/capital-balance \u001b[36m304\u001b[0m 734.254 ms - -\u001b[0m","timestamp":"2026-04-06 00:19:13"}
{"level":"info","message":"\u001b[0mGET /api/v1/settings/global \u001b[36m304\u001b[0m 749.635 ms - -\u001b[0m","timestamp":"2026-04-06 00:19:13"}
{"level":"info","message":"\u001b[0mGET /api/v1/reports/finance/cheques?type=receivable \u001b[32m200\u001b[0m 201.944 ms - 112\u001b[0m","timestamp":"2026-04-06 00:20:28"}
{"level":"info","message":"\u001b[0mGET /api/v1/settings/global \u001b[36m304\u001b[0m 238.257 ms - -\u001b[0m","timestamp":"2026-04-06 00:20:28"}
{"level":"info","message":"\u001b[0mGET /api/v1/reports/finance/cheques?type=receivable \u001b[36m304\u001b[0m 132.187 ms - -\u001b[0m","timestamp":"2026-04-06 00:20:28"}
{"level":"info","message":"\u001b[0mGET /api/v1/reports/finance/cheques?type=receivable \u001b[33m401\u001b[0m 45.312 ms - 44\u001b[0m","timestamp":"2026-04-06 00:22:51"}
{"level":"info","message":"\u001b[0mGET /api/v1/settings/global \u001b[33m401\u001b[0m 73.511 ms - 44\u001b[0m","timestamp":"2026-04-06 00:22:51"}
{"level":"info","message":"\u001b[0mPOST /api/v1/login \u001b[32m200\u001b[0m 311.017 ms - -\u001b[0m","timestamp":"2026-04-06 00:23:21"}
{"level":"info","message":"\u001b[0mGET /api/v1/me \u001b[32m200\u001b[0m 138.023 ms - -\u001b[0m","timestamp":"2026-04-06 00:23:22"}
{"level":"info","message":"\u001b[0mGET /api/v1/settings/global \u001b[36m304\u001b[0m 220.752 ms - -\u001b[0m","timestamp":"2026-04-06 00:23:23"}
{"level":"info","message":"\u001b[0mGET /api/v1/reports/finance/cheques?type=receivable \u001b[36m304\u001b[0m 79.271 ms - -\u001b[0m","timestamp":"2026-04-06 00:23:24"}
{"level":"info","message":"\u001b[0mGET /api/v1/reports/finance/cheques?type=receivable \u001b[36m304\u001b[0m 112.627 ms - -\u001b[0m","timestamp":"2026-04-06 00:23:24"}
{"level":"info","message":"\u001b[0mGET /api/v1/reports/finance/cheques?type=payable \u001b[32m200\u001b[0m 87.652 ms - 747\u001b[0m","timestamp":"2026-04-06 00:23:26"}
{"level":"info","message":"\u001b[0mGET /api/v1/reports/finance/cheques?type=receivable \u001b[36m304\u001b[0m 48.778 ms - -\u001b[0m","timestamp":"2026-04-06 00:23:27"}
{"level":"info","message":"\u001b[0mGET /api/v1/reports/finance/cheques?type=payable \u001b[36m304\u001b[0m 58.024 ms - -\u001b[0m","timestamp":"2026-04-06 00:23:27"}
{"level":"info","message":"\u001b[0mGET /api/v1/reports/finance/cheques?type=receivable \u001b[36m304\u001b[0m 55.753 ms - -\u001b[0m","timestamp":"2026-04-06 00:23:28"}
{"level":"info","message":"\u001b[0mGET /api/v1/reports/finance/cheques?type=payable \u001b[36m304\u001b[0m 43.228 ms - -\u001b[0m","timestamp":"2026-04-06 00:23:31"}
{"level":"info","message":"\u001b[0mGET /api/v1/settings/global \u001b[36m304\u001b[0m 301.111 ms - -\u001b[0m","timestamp":"2026-04-06 00:24:00"}
{"level":"info","message":"\u001b[0mGET /api/v1/reports/finance/cheques?type=receivable \u001b[36m304\u001b[0m 307.563 ms - -\u001b[0m","timestamp":"2026-04-06 00:24:00"}
{"level":"info","message":"\u001b[0mGET /api/v1/reports/finance/cheques?type=receivable \u001b[36m304\u001b[0m 170.641 ms - -\u001b[0m","timestamp":"2026-04-06 00:24:00"}
{"level":"info","message":"\u001b[0mGET /api/v1/settings/global \u001b[36m304\u001b[0m 239.324 ms - -\u001b[0m","timestamp":"2026-04-06 00:24:08"}
{"level":"info","message":"\u001b[0mGET /api/v1/reports/customers/history \u001b[32m200\u001b[0m 260.872 ms - -\u001b[0m","timestamp":"2026-04-06 00:24:08"}
{"level":"info","message":"\u001b[0mGET /api/v1/reports/customers/history \u001b[36m304\u001b[0m 167.776 ms - -\u001b[0m","timestamp":"2026-04-06 00:24:08"}
{"level":"info","message":"\u001b[0mGET /api/v1/reports/customers/history \u001b[36m304\u001b[0m 528.150 ms - -\u001b[0m","timestamp":"2026-04-06 00:25:30"}
{"level":"info","message":"\u001b[0mGET /api/v1/settings/global \u001b[36m304\u001b[0m 550.453 ms - -\u001b[0m","timestamp":"2026-04-06 00:25:30"}
{"level":"info","message":"\u001b[0mGET /api/v1/customers \u001b[36m304\u001b[0m 149.958 ms - -\u001b[0m","timestamp":"2026-04-06 00:25:56"}
{"level":"info","message":"\u001b[0mGET /api/v1/customers \u001b[36m304\u001b[0m 162.784 ms - -\u001b[0m","timestamp":"2026-04-06 00:25:56"}
{"level":"info","message":"\u001b[0mGET /api/v1/settings/global \u001b[36m304\u001b[0m 106.764 ms - -\u001b[0m","timestamp":"2026-04-06 00:25:57"}
{"level":"info","message":"\u001b[0mGET /api/v1/customers \u001b[36m304\u001b[0m 242.640 ms - -\u001b[0m","timestamp":"2026-04-06 00:28:22"}
{"level":"info","message":"\u001b[0mGET /api/v1/settings/global \u001b[36m304\u001b[0m 170.165 ms - -\u001b[0m","timestamp":"2026-04-06 00:28:22"}
{"level":"info","message":"\u001b[0mGET /api/v1/settings/global \u001b[36m304\u001b[0m 158.903 ms - -\u001b[0m","timestamp":"2026-04-06 00:28:32"}
{"level":"info","message":"\u001b[0mGET /api/v1/settings/global \u001b[36m304\u001b[0m 247.535 ms - -\u001b[0m","timestamp":"2026-04-06 00:28:48"}
{"level":"info","message":"\u001b[0mGET /api/v1/customers/de943547-70f7-4109-a0a5-338b518dc729/ledger \u001b[36m304\u001b[0m 133.330 ms - -\u001b[0m","timestamp":"2026-04-06 00:29:08"}
{"level":"info","message":"\u001b[0mGET /api/v1/sales?customer_id=de943547-70f7-4109-a0a5-338b518dc729 \u001b[36m304\u001b[0m 112.031 ms - -\u001b[0m","timestamp":"2026-04-06 00:29:11"}
{"level":"info","message":"\u001b[0mGET /api/v1/customers/de943547-70f7-4109-a0a5-338b518dc729/ledger \u001b[36m304\u001b[0m 63.570 ms - -\u001b[0m","timestamp":"2026-04-06 00:29:12"}
{"level":"info","message":"\u001b[0mGET /api/v1/customers/de943547-70f7-4109-a0a5-338b518dc729/purchased-items \u001b[33m404\u001b[0m 43.770 ms - 46\u001b[0m","timestamp":"2026-04-06 00:29:13"}
{"level":"info","message":"\u001b[0mGET /api/v1/settings/global \u001b[36m304\u001b[0m 806.951 ms - -\u001b[0m","timestamp":"2026-04-06 00:29:48"}
{"level":"info","message":"\u001b[0mGET /api/v1/customers \u001b[36m304\u001b[0m 815.103 ms - -\u001b[0m","timestamp":"2026-04-06 00:29:48"}
{"level":"info","message":"\u001b[0mGET /api/v1/customers \u001b[36m304\u001b[0m 161.084 ms - -\u001b[0m","timestamp":"2026-04-06 00:29:48"}
{"level":"info","message":"\u001b[0mGET /api/v1/settings/global \u001b[36m304\u001b[0m 580.837 ms - -\u001b[0m","timestamp":"2026-04-06 00:30:40"}
{"level":"info","message":"\u001b[0mGET /api/v1/customers \u001b[36m304\u001b[0m 595.135 ms - -\u001b[0m","timestamp":"2026-04-06 00:30:40"}
{"level":"info","message":"\u001b[0mGET /api/v1/customers \u001b[36m304\u001b[0m 205.803 ms - -\u001b[0m","timestamp":"2026-04-06 00:30:40"}
{"level":"info","message":"\u001b[0mGET /api/v1/settings/global \u001b[36m304\u001b[0m 270.086 ms - -\u001b[0m","timestamp":"2026-04-06 00:30:57"}
{"level":"info","message":"\u001b[0mGET /api/v1/customers \u001b[36m304\u001b[0m 287.629 ms - -\u001b[0m","timestamp":"2026-04-06 00:30:57"}
{"level":"info","message":"\u001b[0mGET /api/v1/customers \u001b[36m304\u001b[0m 199.177 ms - -\u001b[0m","timestamp":"2026-04-06 00:30:57"}
{"level":"info","message":"\u001b[0mGET /api/v1/settings/global \u001b[36m304\u001b[0m 806.822 ms - -\u001b[0m","timestamp":"2026-04-06 00:31:56"}
{"level":"info","message":"\u001b[0mGET /api/v1/customers \u001b[36m304\u001b[0m 821.533 ms - -\u001b[0m","timestamp":"2026-04-06 00:31:56"}
{"level":"info","message":"\u001b[0mGET /api/v1/customers \u001b[36m304\u001b[0m 249.151 ms - -\u001b[0m","timestamp":"2026-04-06 00:31:57"}
{"level":"info","message":"\u001b[0mGET /api/v1/customers/de943547-70f7-4109-a0a5-338b518dc729/ledger \u001b[36m304\u001b[0m 106.668 ms - -\u001b[0m","timestamp":"2026-04-06 00:31:57"}
{"level":"info","message":"\u001b[0mGET /api/v1/sales?customer_id=de943547-70f7-4109-a0a5-338b518dc729 \u001b[36m304\u001b[0m 219.976 ms - -\u001b[0m","timestamp":"2026-04-06 00:32:00"}
{"level":"info","message":"\u001b[0mGET /api/v1/customers/de943547-70f7-4109-a0a5-338b518dc729/ledger \u001b[36m304\u001b[0m 87.578 ms - -\u001b[0m","timestamp":"2026-04-06 00:32:01"}
{"level":"info","message":"\u001b[0mGET /api/v1/customers/de943547-70f7-4109-a0a5-338b518dc729/purchased-items \u001b[33m404\u001b[0m 36.867 ms - 46\u001b[0m","timestamp":"2026-04-06 00:32:02"}
{"level":"info","message":"\u001b[0mGET /api/v1/customers/de943547-70f7-4109-a0a5-338b518dc729/ledger \u001b[36m304\u001b[0m 55.276 ms - -\u001b[0m","timestamp":"2026-04-06 00:32:03"}
{"level":"info","message":"\u001b[0mGET /api/v1/sales?customer_id=de943547-70f7-4109-a0a5-338b518dc729 \u001b[36m304\u001b[0m 50.501 ms - -\u001b[0m","timestamp":"2026-04-06 00:32:03"}
{"level":"info","message":"\u001b[0mGET /api/v1/customers/de943547-70f7-4109-a0a5-338b518dc729/ledger \u001b[36m304\u001b[0m 58.275 ms - -\u001b[0m","timestamp":"2026-04-06 00:32:05"}
{"level":"info","message":"\u001b[0mGET /api/v1/settings/global \u001b[36m304\u001b[0m 632.298 ms - -\u001b[0m","timestamp":"2026-04-06 00:33:54"}
{"level":"info","message":"\u001b[0mGET /api/v1/customers \u001b[36m304\u001b[0m 643.975 ms - -\u001b[0m","timestamp":"2026-04-06 00:33:54"}
{"level":"info","message":"\u001b[0mGET /api/v1/customers \u001b[36m304\u001b[0m 200.772 ms - -\u001b[0m","timestamp":"2026-04-06 00:33:54"}
{"level":"info","message":"\u001b[0mGET /api/v1/settings/global \u001b[36m304\u001b[0m 295.509 ms - -\u001b[0m","timestamp":"2026-04-06 00:34:06"}
{"level":"info","message":"\u001b[0mGET /api/v1/customers \u001b[36m304\u001b[0m 274.651 ms - -\u001b[0m","timestamp":"2026-04-06 00:34:06"}
{"level":"info","message":"\u001b[0mGET /api/v1/customers \u001b[36m304\u001b[0m 102.338 ms - -\u001b[0m","timestamp":"2026-04-06 00:34:06"}
{"level":"info","message":"\u001b[0mGET /api/v1/settings/global \u001b[36m304\u001b[0m 113.343 ms - -\u001b[0m","timestamp":"2026-04-06 00:34:11"}
{"level":"info","message":"\u001b[0mGET /api/v1/customers \u001b[36m304\u001b[0m 236.773 ms - -\u001b[0m","timestamp":"2026-04-06 00:34:11"}
{"level":"info","message":"\u001b[0mGET /api/v1/customers \u001b[36m304\u001b[0m 61.004 ms - -\u001b[0m","timestamp":"2026-04-06 00:34:11"}
{"level":"info","message":"\u001b[0mGET /api/v1/settings/global \u001b[36m304\u001b[0m 520.652 ms - -\u001b[0m","timestamp":"2026-04-06 00:34:48"}
{"level":"info","message":"\u001b[0mGET /api/v1/customers \u001b[36m304\u001b[0m 546.924 ms - -\u001b[0m","timestamp":"2026-04-06 00:34:48"}
{"level":"info","message":"\u001b[0mGET /api/v1/customers \u001b[36m304\u001b[0m 269.069 ms - -\u001b[0m","timestamp":"2026-04-06 00:34:49"}
{"level":"info","message":"\u001b[0mGET /api/v1/settings/general \u001b[36m304\u001b[0m 191.786 ms - -\u001b[0m","timestamp":"2026-04-06 00:36:54"}
{"level":"info","message":"\u001b[0mGET /api/v1/settings/general \u001b[36m304\u001b[0m 172.041 ms - -\u001b[0m","timestamp":"2026-04-06 00:41:57"}
{"level":"info","message":"\u001b[0mGET /api/v1/settings/business \u001b[36m304\u001b[0m 418.529 ms - -\u001b[0m","timestamp":"2026-04-06 00:42:21"}
{"level":"info","message":"\u001b[0mGET /uploads/logos/logo-1770028207788-496095247.png \u001b[36m304\u001b[0m 21.047 ms - -\u001b[0m","timestamp":"2026-04-06 00:42:22"}
{"level":"info","message":"\u001b[0mGET /api/v1/settings/general \u001b[36m304\u001b[0m 106.092 ms - -\u001b[0m","timestamp":"2026-04-06 00:42:25"}
{"level":"info","message":"\u001b[0mGET /api/v1/settings/general \u001b[36m304\u001b[0m 121.668 ms - -\u001b[0m","timestamp":"2026-04-06 00:44:57"}
{"level":"info","message":"\u001b[0mGET /uploads/logos/logo-1770028207788-496095247.png \u001b[36m304\u001b[0m 0.838 ms - -\u001b[0m","timestamp":"2026-04-06 00:45:32"}
{"level":"info","message":"\u001b[0mGET /api/v1/settings/business \u001b[36m304\u001b[0m 103.369 ms - -\u001b[0m","timestamp":"2026-04-06 00:45:32"}
{"level":"info","message":"\u001b[0mGET /api/v1/settings/pos \u001b[36m304\u001b[0m 176.590 ms - -\u001b[0m","timestamp":"2026-04-06 00:45:33"}
{"level":"info","message":"\u001b[0mGET /api/v1/settings/receipt \u001b[36m304\u001b[0m 131.751 ms - -\u001b[0m","timestamp":"2026-04-06 00:45:34"}
{"level":"info","message":"\u001b[0mGET /api/v1/settings/general \u001b[36m304\u001b[0m 184.647 ms - -\u001b[0m","timestamp":"2026-04-06 00:45:36"}
{"level":"info","message":"\u001b[0mGET /api/v1/settings/general \u001b[36m304\u001b[0m 144.719 ms - -\u001b[0m","timestamp":"2026-04-06 00:45:42"}
{"level":"info","message":"\u001b[0mGET /api/v1/settings/pos \u001b[36m304\u001b[0m 67.900 ms - -\u001b[0m","timestamp":"2026-04-06 00:46:01"}
{"level":"info","message":"\u001b[0mGET /uploads/logos/logo-1770028207788-496095247.png \u001b[36m304\u001b[0m 0.826 ms - -\u001b[0m","timestamp":"2026-04-06 00:46:02"}
{"level":"info","message":"\u001b[0mGET /api/v1/settings/business \u001b[36m304\u001b[0m 83.205 ms - -\u001b[0m","timestamp":"2026-04-06 00:46:02"}
{"level":"info","message":"\u001b[0mGET /api/v1/settings/general \u001b[36m304\u001b[0m 90.329 ms - -\u001b[0m","timestamp":"2026-04-06 00:46:06"}
{"level":"info","message":"\u001b[0mGET /api/v1/settings/general \u001b[36m304\u001b[0m 246.142 ms - -\u001b[0m","timestamp":"2026-04-06 00:52:30"}
{"level":"info","message":"\u001b[0mGET /uploads/logos/logo-1770028207788-496095247.png \u001b[36m304\u001b[0m 1.203 ms - -\u001b[0m","timestamp":"2026-04-06 00:52:54"}
{"level":"info","message":"\u001b[0mGET /api/v1/settings/business \u001b[36m304\u001b[0m 201.471 ms - -\u001b[0m","timestamp":"2026-04-06 00:52:54"}
{"level":"info","message":"\u001b[0mGET /api/v1/settings/pos \u001b[36m304\u001b[0m 113.034 ms - -\u001b[0m","timestamp":"2026-04-06 00:52:55"}
{"level":"info","message":"\u001b[0mGET /api/v1/settings/receipt \u001b[36m304\u001b[0m 172.521 ms - -\u001b[0m","timestamp":"2026-04-06 00:52:57"}
{"level":"info","message":"\u001b[0mGET /api/v1/settings/general \u001b[36m304\u001b[0m 63.045 ms - -\u001b[0m","timestamp":"2026-04-06 00:52:59"}
{"level":"info","message":"\u001b[0mGET /uploads/logos/logo-1770028207788-496095247.png \u001b[36m304\u001b[0m 0.581 ms - -\u001b[0m","timestamp":"2026-04-06 00:53:24"}
{"level":"info","message":"\u001b[0mGET /api/v1/settings/business \u001b[36m304\u001b[0m 99.732 ms - -\u001b[0m","timestamp":"2026-04-06 00:53:24"}
{"level":"info","message":"\u001b[0mGET /api/v1/settings/general \u001b[36m304\u001b[0m 165.342 ms - -\u001b[0m","timestamp":"2026-04-06 00:53:26"}
{"level":"info","message":"\u001b[0mGET /uploads/logos/logo-1770028207788-496095247.png \u001b[36m304\u001b[0m 0.825 ms - -\u001b[0m","timestamp":"2026-04-06 00:53:33"}
{"level":"info","message":"\u001b[0mGET /api/v1/settings/business \u001b[36m304\u001b[0m 298.470 ms - -\u001b[0m","timestamp":"2026-04-06 00:53:34"}
{"level":"info","message":"\u001b[0mGET /api/v1/settings/pos \u001b[36m304\u001b[0m 83.842 ms - -\u001b[0m","timestamp":"2026-04-06 00:53:35"}
{"level":"info","message":"\u001b[0mGET /api/v1/settings/general \u001b[36m304\u001b[0m 50.869 ms - -\u001b[0m","timestamp":"2026-04-06 00:53:36"}
{"level":"info","message":"\u001b[0mGET /uploads/logos/logo-1770028207788-496095247.png \u001b[36m304\u001b[0m 0.810 ms - -\u001b[0m","timestamp":"2026-04-06 00:53:49"}
{"level":"info","message":"\u001b[0mGET /api/v1/settings/business \u001b[36m304\u001b[0m 69.277 ms - -\u001b[0m","timestamp":"2026-04-06 00:53:49"}
{"level":"info","message":"\u001b[0mGET /api/v1/settings/general \u001b[36m304\u001b[0m 75.137 ms - -\u001b[0m","timestamp":"2026-04-06 00:53:51"}
{"level":"info","message":"\u001b[0mGET /api/v1/settings/general \u001b[36m304\u001b[0m 130.125 ms - -\u001b[0m","timestamp":"2026-04-06 00:54:32"}
{"level":"info","message":"\u001b[0mGET /api/v1/settings/pos \u001b[36m304\u001b[0m 150.979 ms - -\u001b[0m","timestamp":"2026-04-06 00:55:11"}
{"level":"info","message":"\u001b[0mGET /api/v1/settings/receipt \u001b[36m304\u001b[0m 49.089 ms - -\u001b[0m","timestamp":"2026-04-06 00:55:19"}
{"level":"info","message":"\u001b[0mGET /api/v1/settings/general \u001b[36m304\u001b[0m 50.948 ms - -\u001b[0m","timestamp":"2026-04-06 00:55:21"}
{"level":"info","message":"\u001b[0mGET /api/v1/settings/general \u001b[36m304\u001b[0m 170.302 ms - -\u001b[0m","timestamp":"2026-04-06 00:55:47"}
{"level":"info","message":"\u001b[0mGET /api/v1/settings/general \u001b[36m304\u001b[0m 115.904 ms - -\u001b[0m","timestamp":"2026-04-06 00:56:09"}
{"level":"info","message":"\u001b[0mGET /uploads/logos/logo-1770028207788-496095247.png \u001b[36m304\u001b[0m 1.399 ms - -\u001b[0m","timestamp":"2026-04-06 00:56:44"}
{"level":"info","message":"\u001b[0mGET /api/v1/settings/business \u001b[36m304\u001b[0m 96.027 ms - -\u001b[0m","timestamp":"2026-04-06 00:56:44"}
{"level":"info","message":"\u001b[0mGET /api/v1/settings/general \u001b[36m304\u001b[0m 69.503 ms - -\u001b[0m","timestamp":"2026-04-06 00:56:50"}
{"level":"info","message":"\u001b[0mGET /api/v1/settings/business \u001b[36m304\u001b[0m 51.922 ms - -\u001b[0m","timestamp":"2026-04-06 00:56:51"}
{"level":"info","message":"\u001b[0mGET /api/v1/settings/pos \u001b[36m304\u001b[0m 62.861 ms - -\u001b[0m","timestamp":"2026-04-06 00:56:53"}
{"level":"info","message":"\u001b[0mGET /api/v1/customers \u001b[36m304\u001b[0m 88.629 ms - -\u001b[0m","timestamp":"2026-04-06 00:58:12"}
{"level":"info","message":"\u001b[0mGET /api/v1/customers \u001b[36m304\u001b[0m 211.392 ms - -\u001b[0m","timestamp":"2026-04-06 00:58:13"}
{"level":"info","message":"\u001b[0mGET /api/v1/settings/global \u001b[36m304\u001b[0m 83.328 ms - -\u001b[0m","timestamp":"2026-04-06 00:58:13"}
{"level":"info","message":"\u001b[0mGET /api/v1/customers/30c09a8c-ccbb-4e64-b5f8-e03dc3103779/ledger \u001b[32m200\u001b[0m 78.891 ms - 403\u001b[0m","timestamp":"2026-04-06 00:58:18"}
{"level":"info","message":"\u001b[0mGET /api/v1/customers/30c09a8c-ccbb-4e64-b5f8-e03dc3103779/purchased-items \u001b[33m404\u001b[0m 157.815 ms - 46\u001b[0m","timestamp":"2026-04-06 00:58:20"}
{"level":"info","message":"\u001b[0mGET /api/v1/customers/30c09a8c-ccbb-4e64-b5f8-e03dc3103779/ledger \u001b[36m304\u001b[0m 117.245 ms - -\u001b[0m","timestamp":"2026-04-06 00:58:21"}
{"level":"info","message":"\u001b[0mGET /api/v1/sales?customer_id=30c09a8c-ccbb-4e64-b5f8-e03dc3103779 \u001b[32m200\u001b[0m 114.537 ms - 133\u001b[0m","timestamp":"2026-04-06 00:58:22"}
{"level":"info","message":"\u001b[0mGET /api/v1/customers/30c09a8c-ccbb-4e64-b5f8-e03dc3103779/ledger \u001b[36m304\u001b[0m 178.885 ms - -\u001b[0m","timestamp":"2026-04-06 00:58:23"}
{"level":"info","message":"\u001b[0mGET /api/v1/sales?customer_id=30c09a8c-ccbb-4e64-b5f8-e03dc3103779 \u001b[36m304\u001b[0m 65.393 ms - -\u001b[0m","timestamp":"2026-04-06 00:58:27"}
{"level":"info","message":"\u001b[0mGET /api/v1/customers/30c09a8c-ccbb-4e64-b5f8-e03dc3103779/ledger \u001b[36m304\u001b[0m 82.801 ms - -\u001b[0m","timestamp":"2026-04-06 00:58:28"}
{"level":"info","message":"\u001b[0mGET /api/v1/customers/30c09a8c-ccbb-4e64-b5f8-e03dc3103779/purchased-items \u001b[33m404\u001b[0m 44.947 ms - 46\u001b[0m","timestamp":"2026-04-06 00:58:29"}
{"level":"info","message":"\u001b[0mGET /api/v1/customers/30c09a8c-ccbb-4e64-b5f8-e03dc3103779/ledger \u001b[36m304\u001b[0m 51.115 ms - -\u001b[0m","timestamp":"2026-04-06 00:58:30"}
{"level":"info","message":"\u001b[0mGET /api/v1/customers/30c09a8c-ccbb-4e64-b5f8-e03dc3103779/ledger \u001b[36m304\u001b[0m 163.845 ms - -\u001b[0m","timestamp":"2026-04-06 00:58:33"}
{"level":"info","message":"\u001b[0mGET /api/v1/settings/global \u001b[36m304\u001b[0m 153.520 ms - -\u001b[0m","timestamp":"2026-04-06 00:58:33"}
{"level":"info","message":"\u001b[0mGET /api/v1/customers \u001b[36m304\u001b[0m 158.424 ms - -\u001b[0m","timestamp":"2026-04-06 00:59:22"}
{"level":"info","message":"\u001b[0mGET /api/v1/settings/global \u001b[36m304\u001b[0m 110.404 ms - -\u001b[0m","timestamp":"2026-04-06 00:59:24"}
{"level":"info","message":"\u001b[0mGET /api/v1/customers \u001b[36m304\u001b[0m 114.764 ms - -\u001b[0m","timestamp":"2026-04-06 01:00:16"}
{"level":"info","message":"\u001b[0mGET /api/v1/settings/global \u001b[36m304\u001b[0m 195.636 ms - -\u001b[0m","timestamp":"2026-04-06 01:00:22"}
{"level":"info","message":"\u001b[0mGET /api/v1/customers \u001b[36m304\u001b[0m 128.356 ms - -\u001b[0m","timestamp":"2026-04-06 01:01:22"}
{"level":"info","message":"\u001b[0mGET /api/v1/settings/global \u001b[36m304\u001b[0m 253.550 ms - -\u001b[0m","timestamp":"2026-04-06 01:01:33"}
{"level":"info","message":"\u001b[0mGET /api/v1/customers \u001b[36m304\u001b[0m 267.441 ms - -\u001b[0m","timestamp":"2026-04-06 01:01:33"}
{"level":"info","message":"\u001b[0mGET /api/v1/customers \u001b[36m304\u001b[0m 113.445 ms - -\u001b[0m","timestamp":"2026-04-06 01:01:33"}
{"level":"info","message":"\u001b[0mGET /api/v1/branches/active/list \u001b[36m304\u001b[0m 180.658 ms - -\u001b[0m","timestamp":"2026-04-06 01:02:10"}
{"level":"info","message":"\u001b[0mGET /api/v1/products/active/list \u001b[36m304\u001b[0m 224.478 ms - -\u001b[0m","timestamp":"2026-04-06 01:02:10"}
{"level":"info","message":"\u001b[0mGET /api/v1/reports/sales/item-count?start_date=2026-04-01&end_date=2026-04-06&branch_id=all&product_id=&page=1&size=10 \u001b[36m304\u001b[0m 238.852 ms - -\u001b[0m","timestamp":"2026-04-06 01:02:10"}
{"level":"info","message":"\u001b[0mGET /api/v1/settings/global \u001b[36m304\u001b[0m 278.103 ms - -\u001b[0m","timestamp":"2026-04-06 01:02:10"}
{"level":"info","message":"\u001b[0mGET /api/v1/branches/active/list \u001b[36m304\u001b[0m 283.918 ms - -\u001b[0m","timestamp":"2026-04-06 01:02:10"}
{"level":"info","message":"\u001b[0mGET /api/v1/products/active/list \u001b[36m304\u001b[0m 300.514 ms - -\u001b[0m","timestamp":"2026-04-06 01:02:10"}
{"level":"info","message":"\u001b[0mGET /api/v1/reports/sales/item-count?start_date=2026-04-01&end_date=2026-04-06&branch_id=all&product_id=&page=1&size=10 \u001b[36m304\u001b[0m 376.554 ms - -\u001b[0m","timestamp":"2026-04-06 01:02:10"}
{"level":"info","message":"\u001b[0mGET /api/v1/branches/active/list \u001b[36m304\u001b[0m 508.917 ms - -\u001b[0m","timestamp":"2026-04-06 01:02:27"}
{"level":"info","message":"\u001b[0mGET /api/v1/products/active/list \u001b[36m304\u001b[0m 534.476 ms - -\u001b[0m","timestamp":"2026-04-06 01:02:27"}
{"level":"info","message":"\u001b[0mGET /api/v1/reports/sales/item-count?start_date=2026-04-01&end_date=2026-04-06&branch_id=all&product_id=&page=1&size=10 \u001b[36m304\u001b[0m 546.570 ms - -\u001b[0m","timestamp":"2026-04-06 01:02:27"}
{"level":"info","message":"\u001b[0mGET /api/v1/settings/global \u001b[36m304\u001b[0m 569.632 ms - -\u001b[0m","timestamp":"2026-04-06 01:02:27"}
{"level":"info","message":"\u001b[0mGET /api/v1/settings/general \u001b[36m304\u001b[0m 391.730 ms - -\u001b[0m","timestamp":"2026-04-06 01:03:16"}
{"level":"info","message":"\u001b[0mGET /api/v1/settings/business \u001b[36m304\u001b[0m 80.646 ms - -\u001b[0m","timestamp":"2026-04-06 01:03:26"}
{"level":"info","message":"\u001b[0mGET /uploads/logos/logo-1770028207788-496095247.png \u001b[36m304\u001b[0m 2.589 ms - -\u001b[0m","timestamp":"2026-04-06 01:03:26"}
{"level":"info","message":"\u001b[0mGET /api/v1/settings/general \u001b[36m304\u001b[0m 102.235 ms - -\u001b[0m","timestamp":"2026-04-06 01:03:28"}
