{"level":"info","message":"Attempting to connect to database... (Attempt 1/5)","timestamp":"2026-02-24 12:43:51"}
{"level":"info","message":"✅ Database connection established successfully.","timestamp":"2026-02-24 12:43:51"}
{"level":"info","message":"✅ Database synchronized.","timestamp":"2026-02-24 12:43:51"}
{"level":"info","message":"🚀 Server running on port 5000","timestamp":"2026-02-24 12:43:51"}
{"level":"info","message":"📍 Environment: development","timestamp":"2026-02-24 12:43:51"}
{"level":"info","message":"🔗 API Base URL: http://localhost:5000/api/v1","timestamp":"2026-02-24 12:43:51"}
{"level":"info","message":"\nSIGINT received. Starting graceful shutdown...","timestamp":"2026-02-24 12:44:14"}
{"level":"info","message":"Attempting to connect to database... (Attempt 1/5)","timestamp":"2026-02-24 12:46:41"}
{"level":"info","message":"✅ Database connection established successfully.","timestamp":"2026-02-24 12:46:41"}
{"level":"info","message":"✅ Database synchronized.","timestamp":"2026-02-24 12:46:41"}
{"level":"info","message":"🚀 Server running on port 5000","timestamp":"2026-02-24 12:46:41"}
{"level":"info","message":"📍 Environment: development","timestamp":"2026-02-24 12:46:41"}
{"level":"info","message":"🔗 API Base URL: http://localhost:5000/api/v1","timestamp":"2026-02-24 12:46:41"}
{"level":"info","message":"\nSIGINT received. Starting graceful shutdown...","timestamp":"2026-02-24 12:47:32"}
{"level":"info","message":"Attempting to connect to database... (Attempt 1/5)","timestamp":"2026-02-24 12:50:36"}
{"level":"info","message":"✅ Database connection established successfully.","timestamp":"2026-02-24 12:50:36"}
{"level":"info","message":"✅ Database synchronized.","timestamp":"2026-02-24 12:50:36"}
{"level":"info","message":"🚀 Server running on port 5000","timestamp":"2026-02-24 12:50:37"}
{"level":"info","message":"📍 Environment: development","timestamp":"2026-02-24 12:50:37"}
{"level":"info","message":"🔗 API Base URL: http://localhost:5000/api/v1","timestamp":"2026-02-24 12:50:37"}
{"level":"info","message":"\nSIGINT received. Starting graceful shutdown...","timestamp":"2026-02-24 12:51:12"}
{"level":"info","message":"Attempting to connect to database... (Attempt 1/5)","timestamp":"2026-02-24 12:51:40"}
{"level":"info","message":"✅ Database connection established successfully.","timestamp":"2026-02-24 12:51:40"}
{"level":"info","message":"✅ Database synchronized.","timestamp":"2026-02-24 12:51:40"}
{"level":"info","message":"🚀 Server running on port 5000","timestamp":"2026-02-24 12:51:40"}
{"level":"info","message":"📍 Environment: development","timestamp":"2026-02-24 12:51:40"}
{"level":"info","message":"🔗 API Base URL: http://localhost:5000/api/v1","timestamp":"2026-02-24 12:51:40"}
{"level":"info","message":"Attempting to connect to database... (Attempt 1/5)","timestamp":"2026-02-24 12:52:07"}
{"level":"info","message":"✅ Database connection established successfully.","timestamp":"2026-02-24 12:52:07"}
{"level":"info","message":"✅ Database synchronized.","timestamp":"2026-02-24 12:52:08"}
{"level":"info","message":"🚀 Server running on port 5000","timestamp":"2026-02-24 12:52:08"}
{"level":"info","message":"📍 Environment: development","timestamp":"2026-02-24 12:52:08"}
{"level":"info","message":"🔗 API Base URL: http://localhost:5000/api/v1","timestamp":"2026-02-24 12:52:08"}
{"level":"info","message":"Attempting to connect to database... (Attempt 1/5)","timestamp":"2026-02-24 12:52:48"}
{"level":"info","message":"✅ Database connection established successfully.","timestamp":"2026-02-24 12:52:48"}
{"level":"info","message":"✅ Database synchronized.","timestamp":"2026-02-24 12:52:48"}
{"level":"info","message":"🚀 Server running on port 5000","timestamp":"2026-02-24 12:52:48"}
{"level":"info","message":"📍 Environment: development","timestamp":"2026-02-24 12:52:48"}
{"level":"info","message":"🔗 API Base URL: http://localhost:5000/api/v1","timestamp":"2026-02-24 12:52:48"}
{"level":"info","message":"Attempting to connect to database... (Attempt 1/5)","timestamp":"2026-02-24 12:52:59"}
{"level":"info","message":"✅ Database connection established successfully.","timestamp":"2026-02-24 12:52:59"}
{"level":"info","message":"✅ Database synchronized.","timestamp":"2026-02-24 12:52:59"}
{"level":"info","message":"🚀 Server running on port 5000","timestamp":"2026-02-24 12:52:59"}
{"level":"info","message":"📍 Environment: development","timestamp":"2026-02-24 12:52:59"}
{"level":"info","message":"🔗 API Base URL: http://localhost:5000/api/v1","timestamp":"2026-02-24 12:52:59"}
{"level":"info","message":"\u001b[0mPOST /api/v1/login \u001b[31m500\u001b[0m 62.818 ms - 849\u001b[0m","timestamp":"2026-02-24 12:53:34"}
{"level":"info","message":"\u001b[0mPOST /api/v1/login \u001b[31m500\u001b[0m 35.382 ms - 849\u001b[0m","timestamp":"2026-02-24 12:53:42"}
{"level":"info","message":"Attempting to connect to database... (Attempt 1/5)","timestamp":"2026-02-24 12:54:37"}
{"level":"info","message":"✅ Database connection established successfully.","timestamp":"2026-02-24 12:54:37"}
{"level":"info","message":"✅ Database synchronized.","timestamp":"2026-02-24 12:54:37"}
{"level":"info","message":"🚀 Server running on port 5000","timestamp":"2026-02-24 12:54:37"}
{"level":"info","message":"📍 Environment: development","timestamp":"2026-02-24 12:54:37"}
{"level":"info","message":"🔗 API Base URL: http://localhost:5000/api/v1","timestamp":"2026-02-24 12:54:37"}
{"level":"info","message":"\nSIGINT received. Starting graceful shutdown...","timestamp":"2026-02-24 12:54:43"}
{"level":"info","message":"Attempting to connect to database... (Attempt 1/5)","timestamp":"2026-02-24 12:56:52"}
{"level":"info","message":"✅ Database connection established successfully.","timestamp":"2026-02-24 12:56:52"}
{"level":"info","message":"✅ Database synchronized.","timestamp":"2026-02-24 12:56:52"}
{"level":"info","message":"🚀 Server running on port 5000","timestamp":"2026-02-24 12:56:52"}
{"level":"info","message":"📍 Environment: development","timestamp":"2026-02-24 12:56:52"}
{"level":"info","message":"🔗 API Base URL: http://localhost:5000/api/v1","timestamp":"2026-02-24 12:56:52"}
{"level":"info","message":"\u001b[0mPOST /api/v1/auth/login \u001b[33m404\u001b[0m 11.277 ms - 46\u001b[0m","timestamp":"2026-02-24 12:57:22"}
{"level":"info","message":"\u001b[0mPOST /api/v1/login \u001b[31m500\u001b[0m 58.832 ms - 849\u001b[0m","timestamp":"2026-02-24 12:57:52"}
{"level":"info","message":"Attempting to connect to database... (Attempt 1/5)","timestamp":"2026-02-24 12:59:31"}
{"level":"info","message":"Attempting to connect to database... (Attempt 1/5)","timestamp":"2026-02-24 12:59:31"}
{"level":"info","message":"✅ Database connection established successfully.","timestamp":"2026-02-24 12:59:31"}
{"level":"info","message":"✅ Database connection established successfully.","timestamp":"2026-02-24 12:59:31"}
{"level":"info","message":"✅ Database synchronized.","timestamp":"2026-02-24 12:59:31"}
{"level":"info","message":"✅ Database synchronized.","timestamp":"2026-02-24 12:59:31"}
{"level":"info","message":"🚀 Server running on port 5000","timestamp":"2026-02-24 12:59:31"}
{"level":"info","message":"📍 Environment: development","timestamp":"2026-02-24 12:59:31"}
{"level":"info","message":"🔗 API Base URL: http://localhost:5000/api/v1","timestamp":"2026-02-24 12:59:31"}
{"level":"info","message":"🚀 Server running on port 5000","timestamp":"2026-02-24 12:59:31"}
{"level":"info","message":"📍 Environment: development","timestamp":"2026-02-24 12:59:31"}
{"level":"info","message":"🔗 API Base URL: http://localhost:5000/api/v1","timestamp":"2026-02-24 12:59:31"}
{"level":"info","message":"\u001b[0mPOST /api/v1/auth/login \u001b[33m404\u001b[0m 5.461 ms - 46\u001b[0m","timestamp":"2026-02-24 13:02:34"}
{"level":"info","message":"\u001b[0mPOST /api/v1/login \u001b[33m401\u001b[0m 206.559 ms - 50\u001b[0m","timestamp":"2026-02-24 13:02:48"}
{"level":"info","message":"\u001b[0mPOST /api/v1/login \u001b[33m401\u001b[0m 226.190 ms - 50\u001b[0m","timestamp":"2026-02-24 13:03:32"}
{"level":"info","message":"\u001b[0mPOST /api/v1/login \u001b[33m401\u001b[0m 195.567 ms - 50\u001b[0m","timestamp":"2026-02-24 13:03:46"}
{"level":"info","message":"\u001b[0mPOST /api/v1/login \u001b[33m401\u001b[0m 156.975 ms - 50\u001b[0m","timestamp":"2026-02-24 13:04:05"}
{"level":"info","message":"\u001b[0mPOST /api/v1/auth/login \u001b[33m404\u001b[0m 10.969 ms - 46\u001b[0m","timestamp":"2026-02-24 13:04:19"}
{"level":"info","message":"\u001b[0mPOST /api/v1/login \u001b[32m200\u001b[0m 289.024 ms - 65428\u001b[0m","timestamp":"2026-02-24 13:04:31"}
{"level":"info","message":"\u001b[0mPOST /api/v1/login \u001b[33m401\u001b[0m 223.628 ms - 50\u001b[0m","timestamp":"2026-02-24 13:05:33"}
{"level":"info","message":"\u001b[0mPOST /api/v1/login \u001b[33m401\u001b[0m 221.986 ms - 50\u001b[0m","timestamp":"2026-02-24 13:07:30"}
{"level":"info","message":"\u001b[0mPOST /api/v1/login \u001b[33m401\u001b[0m 207.097 ms - 50\u001b[0m","timestamp":"2026-02-24 13:08:31"}
{"level":"info","message":"\u001b[0mPOST /api/v1/login \u001b[33m401\u001b[0m 178.452 ms - 50\u001b[0m","timestamp":"2026-02-24 13:12:13"}
{"level":"info","message":"\u001b[0mPOST /api/v1/login \u001b[32m200\u001b[0m 366.997 ms - -\u001b[0m","timestamp":"2026-02-24 13:12:24"}
{"level":"info","message":"\u001b[0mGET /api/v1/me \u001b[32m200\u001b[0m 129.348 ms - -\u001b[0m","timestamp":"2026-02-24 13:12:24"}
{"level":"info","message":"\u001b[0mGET /api/v1/reports/dashboard/summary \u001b[31m500\u001b[0m 88.093 ms - 764\u001b[0m","timestamp":"2026-02-24 13:12:27"}
{"level":"info","message":"\u001b[0mGET /api/v1/reports/dashboard/summary \u001b[31m500\u001b[0m 131.447 ms - 764\u001b[0m","timestamp":"2026-02-24 13:12:27"}
{"level":"info","message":"\u001b[0mGET /api/v1/settings/global \u001b[32m200\u001b[0m 121.496 ms - -\u001b[0m","timestamp":"2026-02-24 13:12:33"}
{"level":"info","message":"\u001b[0mGET /api/v1/products?page=1 \u001b[32m200\u001b[0m 128.405 ms - -\u001b[0m","timestamp":"2026-02-24 13:12:33"}
{"level":"info","message":"\u001b[0mGET /api/v1/products?page=1 \u001b[36m304\u001b[0m 141.618 ms - -\u001b[0m","timestamp":"2026-02-24 13:12:33"}
{"level":"info","message":"\u001b[0mGET /uploads/logos/logo-1770028207788-496095247.png \u001b[32m200\u001b[0m 16.386 ms - 14835\u001b[0m","timestamp":"2026-02-24 13:12:33"}
{"level":"info","message":"\u001b[0mGET /api/v1/settings/general \u001b[36m304\u001b[0m 86.698 ms - -\u001b[0m","timestamp":"2026-02-24 13:12:44"}
{"level":"info","message":"\u001b[0mPOST /api/v1/settings/general \u001b[32m200\u001b[0m 78.759 ms - 549\u001b[0m","timestamp":"2026-02-24 13:12:52"}
{"level":"info","message":"\u001b[0mGET /api/v1/settings/general \u001b[32m200\u001b[0m 79.595 ms - 551\u001b[0m","timestamp":"2026-02-24 13:12:52"}
{"level":"info","message":"\u001b[0mGET /api/v1/settings/global \u001b[32m200\u001b[0m 197.017 ms - -\u001b[0m","timestamp":"2026-02-24 13:12:52"}
{"level":"info","message":"\u001b[0mGET /api/v1/settings/pos \u001b[36m304\u001b[0m 71.709 ms - -\u001b[0m","timestamp":"2026-02-24 13:12:58"}
{"level":"info","message":"\u001b[0mGET /api/v1/settings/receipt \u001b[36m304\u001b[0m 48.300 ms - -\u001b[0m","timestamp":"2026-02-24 13:12:59"}
{"level":"info","message":"\u001b[0mGET /api/v1/settings/business \u001b[32m200\u001b[0m 45.367 ms - 613\u001b[0m","timestamp":"2026-02-24 13:13:01"}
{"level":"info","message":"\u001b[0mGET /api/v1/settings/general \u001b[36m304\u001b[0m 70.516 ms - -\u001b[0m","timestamp":"2026-02-24 13:13:03"}
{"level":"info","message":"\u001b[0mGET /api/v1/customers \u001b[36m304\u001b[0m 94.490 ms - -\u001b[0m","timestamp":"2026-02-24 13:13:12"}
{"level":"info","message":"\u001b[0mGET /api/v1/customers \u001b[36m304\u001b[0m 118.684 ms - -\u001b[0m","timestamp":"2026-02-24 13:13:13"}
{"level":"info","message":"\u001b[0mGET /api/v1/settings/global \u001b[36m304\u001b[0m 64.962 ms - -\u001b[0m","timestamp":"2026-02-24 13:13:13"}
{"level":"info","message":"\u001b[0mGET /api/v1/customers/active/list \u001b[36m304\u001b[0m 94.372 ms - -\u001b[0m","timestamp":"2026-02-24 13:13:39"}
{"level":"info","message":"\u001b[0mGET /api/v1/customers/active/list \u001b[36m304\u001b[0m 75.145 ms - -\u001b[0m","timestamp":"2026-02-24 13:13:39"}
{"level":"info","message":"\u001b[0mGET /api/v1/customers/94417681-9bf5-48de-8d80-ec4724cbd3b4/ledger \u001b[32m200\u001b[0m 59.060 ms - -\u001b[0m","timestamp":"2026-02-24 13:13:41"}
{"level":"info","message":"\u001b[0mGET /api/v1/branches \u001b[32m200\u001b[0m 126.894 ms - -\u001b[0m","timestamp":"2026-02-24 13:13:55"}
{"level":"info","message":"\u001b[0mGET /api/v1/branches \u001b[36m304\u001b[0m 118.041 ms - -\u001b[0m","timestamp":"2026-02-24 13:13:55"}
{"level":"info","message":"\u001b[0mGET /api/v1/organizations \u001b[32m200\u001b[0m 72.460 ms - -\u001b[0m","timestamp":"2026-02-24 13:13:58"}
{"level":"info","message":"\u001b[0mGET /api/v1/organizations \u001b[36m304\u001b[0m 75.258 ms - -\u001b[0m","timestamp":"2026-02-24 13:13:58"}
{"level":"info","message":"\u001b[0mGET /api/v1/audit-logs?page=1&size=20 \u001b[32m200\u001b[0m 84.279 ms - -\u001b[0m","timestamp":"2026-02-24 13:14:09"}
{"level":"info","message":"\u001b[0mGET /api/v1/audit-logs?page=1&size=20 \u001b[36m304\u001b[0m 132.838 ms - -\u001b[0m","timestamp":"2026-02-24 13:14:09"}
{"level":"info","message":"\u001b[0mGET /api/v1/reports/dashboard/summary \u001b[31m500\u001b[0m 90.870 ms - 764\u001b[0m","timestamp":"2026-02-24 13:14:19"}
{"level":"info","message":"\u001b[0mGET /api/v1/reports/dashboard/summary \u001b[31m500\u001b[0m 95.471 ms - 764\u001b[0m","timestamp":"2026-02-24 13:14:19"}
{"level":"info","message":"\u001b[0mGET /api/v1/settings/global \u001b[36m304\u001b[0m 67.240 ms - -\u001b[0m","timestamp":"2026-02-24 13:14:24"}
{"level":"info","message":"\u001b[0mGET /api/v1/reports/sales/returns?start_date=2026-01-25&end_date=2026-02-24 \u001b[32m200\u001b[0m 69.187 ms - -\u001b[0m","timestamp":"2026-02-24 13:14:47"}
{"level":"info","message":"\u001b[0mGET /api/v1/settings/global \u001b[36m304\u001b[0m 114.913 ms - -\u001b[0m","timestamp":"2026-02-24 13:14:47"}
{"level":"info","message":"\u001b[0mGET /api/v1/reports/sales/returns?start_date=2026-01-25&end_date=2026-02-24 \u001b[36m304\u001b[0m 207.893 ms - -\u001b[0m","timestamp":"2026-02-24 13:14:47"}
{"level":"info","message":"\u001b[0mGET /api/v1/branches/active/list \u001b[32m200\u001b[0m 214.420 ms - 442\u001b[0m","timestamp":"2026-02-24 13:15:01"}
{"level":"info","message":"\u001b[0mGET /api/v1/users/active-sellers \u001b[36m304\u001b[0m 241.098 ms - -\u001b[0m","timestamp":"2026-02-24 13:15:01"}
{"level":"info","message":"\u001b[0mGET /api/v1/reports/sales/returns?start_date=2026-01-25&end_date=2026-02-24&branch_id=all&user_id=all \u001b[32m200\u001b[0m 215.819 ms - -\u001b[0m","timestamp":"2026-02-24 13:15:01"}
{"level":"info","message":"\u001b[0mGET /api/v1/settings/global \u001b[36m304\u001b[0m 225.352 ms - -\u001b[0m","timestamp":"2026-02-24 13:15:01"}
{"level":"info","message":"\u001b[0mGET /api/v1/branches/active/list \u001b[36m304\u001b[0m 215.656 ms - -\u001b[0m","timestamp":"2026-02-24 13:15:01"}
{"level":"info","message":"\u001b[0mGET /api/v1/users/active-sellers \u001b[36m304\u001b[0m 259.861 ms - -\u001b[0m","timestamp":"2026-02-24 13:15:01"}
{"level":"info","message":"\u001b[0mGET /api/v1/reports/sales/returns?start_date=2026-01-25&end_date=2026-02-24&branch_id=all&user_id=all \u001b[36m304\u001b[0m 322.835 ms - -\u001b[0m","timestamp":"2026-02-24 13:15:01"}
{"level":"info","message":"\u001b[0mGET /api/v1/reports/sales/categories?type=sub&start_date=2026-01-25&end_date=2026-02-24 \u001b[32m200\u001b[0m 82.442 ms - 239\u001b[0m","timestamp":"2026-02-24 13:18:15"}
{"level":"info","message":"\u001b[0mGET /api/v1/settings/global \u001b[36m304\u001b[0m 240.283 ms - -\u001b[0m","timestamp":"2026-02-24 13:18:15"}
{"level":"info","message":"\u001b[0mGET /api/v1/reports/sales/categories?type=sub&start_date=2026-01-25&end_date=2026-02-24 \u001b[36m304\u001b[0m 273.020 ms - -\u001b[0m","timestamp":"2026-02-24 13:18:16"}
{"level":"info","message":"\u001b[0mGET /api/v1/reports/stocks/value \u001b[32m200\u001b[0m 67.169 ms - 812\u001b[0m","timestamp":"2026-02-24 13:18:28"}
{"level":"info","message":"\u001b[0mGET /api/v1/reports/stocks/value \u001b[36m304\u001b[0m 56.619 ms - -\u001b[0m","timestamp":"2026-02-24 13:18:28"}
{"level":"info","message":"Attempting to connect to database... (Attempt 1/5)","timestamp":"2026-02-24 13:24:50"}
{"level":"info","message":"✅ Database connection established successfully.","timestamp":"2026-02-24 13:24:50"}
{"level":"info","message":"Attempting to connect to database... (Attempt 1/5)","timestamp":"2026-02-24 13:24:50"}
{"level":"info","message":"✅ Database synchronized.","timestamp":"2026-02-24 13:24:50"}
{"level":"info","message":"✅ Database connection established successfully.","timestamp":"2026-02-24 13:24:50"}
{"level":"info","message":"🚀 Server running on port 5000","timestamp":"2026-02-24 13:24:51"}
{"level":"info","message":"📍 Environment: development","timestamp":"2026-02-24 13:24:51"}
{"level":"info","message":"🔗 API Base URL: http://localhost:5000/api/v1","timestamp":"2026-02-24 13:24:51"}
{"level":"info","message":"✅ Database synchronized.","timestamp":"2026-02-24 13:24:51"}
{"level":"info","message":"🚀 Server running on port 5000","timestamp":"2026-02-24 13:24:51"}
{"level":"info","message":"📍 Environment: development","timestamp":"2026-02-24 13:24:51"}
{"level":"info","message":"🔗 API Base URL: http://localhost:5000/api/v1","timestamp":"2026-02-24 13:24:51"}
{"level":"info","message":"Attempting to connect to database... (Attempt 1/5)","timestamp":"2026-02-24 13:25:47"}
{"level":"info","message":"✅ Database connection established successfully.","timestamp":"2026-02-24 13:25:47"}
{"level":"info","message":"Attempting to connect to database... (Attempt 1/5)","timestamp":"2026-02-24 13:25:47"}
{"level":"info","message":"✅ Database connection established successfully.","timestamp":"2026-02-24 13:25:48"}
{"level":"info","message":"✅ Database synchronized.","timestamp":"2026-02-24 13:25:48"}
{"level":"info","message":"🚀 Server running on port 5000","timestamp":"2026-02-24 13:25:48"}
{"level":"info","message":"📍 Environment: development","timestamp":"2026-02-24 13:25:48"}
{"level":"info","message":"🔗 API Base URL: http://localhost:5000/api/v1","timestamp":"2026-02-24 13:25:48"}
{"level":"info","message":"✅ Database synchronized.","timestamp":"2026-02-24 13:25:48"}
{"level":"info","message":"🚀 Server running on port 5000","timestamp":"2026-02-24 13:25:48"}
{"level":"info","message":"📍 Environment: development","timestamp":"2026-02-24 13:25:48"}
{"level":"info","message":"🔗 API Base URL: http://localhost:5000/api/v1","timestamp":"2026-02-24 13:25:48"}
{"level":"info","message":"Attempting to connect to database... (Attempt 1/5)","timestamp":"2026-02-24 13:26:02"}
{"level":"info","message":"✅ Database connection established successfully.","timestamp":"2026-02-24 13:26:02"}
{"level":"info","message":"Attempting to connect to database... (Attempt 1/5)","timestamp":"2026-02-24 13:26:02"}
{"level":"info","message":"✅ Database connection established successfully.","timestamp":"2026-02-24 13:26:02"}
{"level":"info","message":"✅ Database synchronized.","timestamp":"2026-02-24 13:26:02"}
{"level":"info","message":"🚀 Server running on port 5000","timestamp":"2026-02-24 13:26:02"}
{"level":"info","message":"📍 Environment: development","timestamp":"2026-02-24 13:26:02"}
{"level":"info","message":"🔗 API Base URL: http://localhost:5000/api/v1","timestamp":"2026-02-24 13:26:02"}
{"level":"info","message":"✅ Database synchronized.","timestamp":"2026-02-24 13:26:02"}
{"level":"info","message":"🚀 Server running on port 5000","timestamp":"2026-02-24 13:26:02"}
{"level":"info","message":"📍 Environment: development","timestamp":"2026-02-24 13:26:02"}
{"level":"info","message":"🔗 API Base URL: http://localhost:5000/api/v1","timestamp":"2026-02-24 13:26:02"}
{"level":"info","message":"Attempting to connect to database... (Attempt 1/5)","timestamp":"2026-02-24 13:26:15"}
{"level":"info","message":"✅ Database connection established successfully.","timestamp":"2026-02-24 13:26:15"}
{"level":"info","message":"Attempting to connect to database... (Attempt 1/5)","timestamp":"2026-02-24 13:26:15"}
{"level":"info","message":"✅ Database connection established successfully.","timestamp":"2026-02-24 13:26:15"}
{"level":"info","message":"✅ Database synchronized.","timestamp":"2026-02-24 13:26:15"}
{"level":"info","message":"🚀 Server running on port 5000","timestamp":"2026-02-24 13:26:15"}
{"level":"info","message":"📍 Environment: development","timestamp":"2026-02-24 13:26:15"}
{"level":"info","message":"🔗 API Base URL: http://localhost:5000/api/v1","timestamp":"2026-02-24 13:26:15"}
{"level":"info","message":"✅ Database synchronized.","timestamp":"2026-02-24 13:26:15"}
{"level":"info","message":"🚀 Server running on port 5000","timestamp":"2026-02-24 13:26:15"}
{"level":"info","message":"📍 Environment: development","timestamp":"2026-02-24 13:26:15"}
{"level":"info","message":"🔗 API Base URL: http://localhost:5000/api/v1","timestamp":"2026-02-24 13:26:15"}
{"level":"info","message":"Attempting to connect to database... (Attempt 1/5)","timestamp":"2026-02-24 13:26:30"}
{"level":"info","message":"✅ Database connection established successfully.","timestamp":"2026-02-24 13:26:30"}
{"level":"info","message":"Attempting to connect to database... (Attempt 1/5)","timestamp":"2026-02-24 13:26:30"}
{"level":"info","message":"✅ Database synchronized.","timestamp":"2026-02-24 13:26:30"}
{"level":"info","message":"✅ Database connection established successfully.","timestamp":"2026-02-24 13:26:30"}
{"level":"info","message":"🚀 Server running on port 5000","timestamp":"2026-02-24 13:26:30"}
{"level":"info","message":"📍 Environment: development","timestamp":"2026-02-24 13:26:30"}
{"level":"info","message":"🔗 API Base URL: http://localhost:5000/api/v1","timestamp":"2026-02-24 13:26:30"}
{"level":"info","message":"✅ Database synchronized.","timestamp":"2026-02-24 13:26:30"}
{"level":"info","message":"🚀 Server running on port 5000","timestamp":"2026-02-24 13:26:30"}
{"level":"info","message":"📍 Environment: development","timestamp":"2026-02-24 13:26:30"}
{"level":"info","message":"🔗 API Base URL: http://localhost:5000/api/v1","timestamp":"2026-02-24 13:26:30"}
{"level":"info","message":"Attempting to connect to database... (Attempt 1/5)","timestamp":"2026-02-24 13:26:45"}
{"level":"info","message":"✅ Database connection established successfully.","timestamp":"2026-02-24 13:26:45"}
{"level":"info","message":"Attempting to connect to database... (Attempt 1/5)","timestamp":"2026-02-24 13:26:45"}
{"level":"info","message":"✅ Database connection established successfully.","timestamp":"2026-02-24 13:26:45"}
{"level":"info","message":"✅ Database synchronized.","timestamp":"2026-02-24 13:26:45"}
{"level":"info","message":"✅ Database synchronized.","timestamp":"2026-02-24 13:26:45"}
{"level":"info","message":"🚀 Server running on port 5000","timestamp":"2026-02-24 13:26:45"}
{"level":"info","message":"📍 Environment: development","timestamp":"2026-02-24 13:26:45"}
{"level":"info","message":"🔗 API Base URL: http://localhost:5000/api/v1","timestamp":"2026-02-24 13:26:45"}
{"level":"info","message":"🚀 Server running on port 5000","timestamp":"2026-02-24 13:26:45"}
{"level":"info","message":"📍 Environment: development","timestamp":"2026-02-24 13:26:45"}
{"level":"info","message":"🔗 API Base URL: http://localhost:5000/api/v1","timestamp":"2026-02-24 13:26:45"}
{"level":"info","message":"Attempting to connect to database... (Attempt 1/5)","timestamp":"2026-02-24 13:26:51"}
{"level":"info","message":"✅ Database connection established successfully.","timestamp":"2026-02-24 13:26:51"}
{"level":"info","message":"✅ Database synchronized.","timestamp":"2026-02-24 13:26:52"}
{"level":"info","message":"🚀 Server running on port 5000","timestamp":"2026-02-24 13:26:52"}
{"level":"info","message":"📍 Environment: development","timestamp":"2026-02-24 13:26:52"}
{"level":"info","message":"🔗 API Base URL: http://localhost:5000/api/v1","timestamp":"2026-02-24 13:26:52"}
{"level":"info","message":"Attempting to connect to database... (Attempt 1/5)","timestamp":"2026-02-24 13:26:52"}
{"level":"info","message":"✅ Database connection established successfully.","timestamp":"2026-02-24 13:26:52"}
{"level":"info","message":"✅ Database synchronized.","timestamp":"2026-02-24 13:26:52"}
{"level":"info","message":"🚀 Server running on port 5000","timestamp":"2026-02-24 13:26:53"}
{"level":"info","message":"📍 Environment: development","timestamp":"2026-02-24 13:26:53"}
{"level":"info","message":"🔗 API Base URL: http://localhost:5000/api/v1","timestamp":"2026-02-24 13:26:53"}
{"level":"info","message":"Attempting to connect to database... (Attempt 1/5)","timestamp":"2026-02-24 13:27:08"}
{"level":"info","message":"✅ Database connection established successfully.","timestamp":"2026-02-24 13:27:08"}
{"level":"info","message":"Attempting to connect to database... (Attempt 1/5)","timestamp":"2026-02-24 13:27:08"}
{"level":"info","message":"✅ Database connection established successfully.","timestamp":"2026-02-24 13:27:08"}
{"level":"info","message":"✅ Database synchronized.","timestamp":"2026-02-24 13:27:08"}
{"level":"info","message":"🚀 Server running on port 5000","timestamp":"2026-02-24 13:27:08"}
{"level":"info","message":"📍 Environment: development","timestamp":"2026-02-24 13:27:08"}
{"level":"info","message":"🔗 API Base URL: http://localhost:5000/api/v1","timestamp":"2026-02-24 13:27:08"}
{"level":"info","message":"✅ Database synchronized.","timestamp":"2026-02-24 13:27:08"}
{"level":"info","message":"🚀 Server running on port 5000","timestamp":"2026-02-24 13:27:09"}
{"level":"info","message":"📍 Environment: development","timestamp":"2026-02-24 13:27:09"}
{"level":"info","message":"🔗 API Base URL: http://localhost:5000/api/v1","timestamp":"2026-02-24 13:27:09"}
{"level":"info","message":"Attempting to connect to database... (Attempt 1/5)","timestamp":"2026-02-24 13:27:33"}
{"level":"info","message":"✅ Database connection established successfully.","timestamp":"2026-02-24 13:27:33"}
{"level":"info","message":"Attempting to connect to database... (Attempt 1/5)","timestamp":"2026-02-24 13:27:33"}
{"level":"info","message":"✅ Database synchronized.","timestamp":"2026-02-24 13:27:33"}
{"level":"info","message":"✅ Database connection established successfully.","timestamp":"2026-02-24 13:27:33"}
{"level":"info","message":"🚀 Server running on port 5000","timestamp":"2026-02-24 13:27:34"}
{"level":"info","message":"📍 Environment: development","timestamp":"2026-02-24 13:27:34"}
{"level":"info","message":"🔗 API Base URL: http://localhost:5000/api/v1","timestamp":"2026-02-24 13:27:34"}
{"level":"info","message":"✅ Database synchronized.","timestamp":"2026-02-24 13:27:34"}
{"level":"info","message":"🚀 Server running on port 5000","timestamp":"2026-02-24 13:27:34"}
{"level":"info","message":"📍 Environment: development","timestamp":"2026-02-24 13:27:34"}
{"level":"info","message":"🔗 API Base URL: http://localhost:5000/api/v1","timestamp":"2026-02-24 13:27:34"}
{"level":"info","message":"Attempting to connect to database... (Attempt 1/5)","timestamp":"2026-02-24 13:27:46"}
{"level":"info","message":"✅ Database connection established successfully.","timestamp":"2026-02-24 13:27:46"}
{"level":"info","message":"Attempting to connect to database... (Attempt 1/5)","timestamp":"2026-02-24 13:27:46"}
{"level":"info","message":"✅ Database connection established successfully.","timestamp":"2026-02-24 13:27:46"}
{"level":"info","message":"✅ Database synchronized.","timestamp":"2026-02-24 13:27:46"}
{"level":"info","message":"🚀 Server running on port 5000","timestamp":"2026-02-24 13:27:46"}
{"level":"info","message":"📍 Environment: development","timestamp":"2026-02-24 13:27:46"}
{"level":"info","message":"🔗 API Base URL: http://localhost:5000/api/v1","timestamp":"2026-02-24 13:27:46"}
{"level":"info","message":"✅ Database synchronized.","timestamp":"2026-02-24 13:27:46"}
{"level":"info","message":"🚀 Server running on port 5000","timestamp":"2026-02-24 13:27:46"}
{"level":"info","message":"📍 Environment: development","timestamp":"2026-02-24 13:27:46"}
{"level":"info","message":"🔗 API Base URL: http://localhost:5000/api/v1","timestamp":"2026-02-24 13:27:46"}
{"level":"info","message":"Attempting to connect to database... (Attempt 1/5)","timestamp":"2026-02-24 13:28:05"}
{"level":"info","message":"✅ Database connection established successfully.","timestamp":"2026-02-24 13:28:05"}
{"level":"info","message":"Attempting to connect to database... (Attempt 1/5)","timestamp":"2026-02-24 13:28:05"}
{"level":"info","message":"✅ Database connection established successfully.","timestamp":"2026-02-24 13:28:05"}
{"level":"info","message":"✅ Database synchronized.","timestamp":"2026-02-24 13:28:06"}
{"level":"info","message":"✅ Database synchronized.","timestamp":"2026-02-24 13:28:06"}
{"level":"info","message":"🚀 Server running on port 5000","timestamp":"2026-02-24 13:28:06"}
{"level":"info","message":"📍 Environment: development","timestamp":"2026-02-24 13:28:06"}
{"level":"info","message":"🔗 API Base URL: http://localhost:5000/api/v1","timestamp":"2026-02-24 13:28:06"}
{"level":"info","message":"🚀 Server running on port 5000","timestamp":"2026-02-24 13:28:06"}
{"level":"info","message":"📍 Environment: development","timestamp":"2026-02-24 13:28:06"}
{"level":"info","message":"🔗 API Base URL: http://localhost:5000/api/v1","timestamp":"2026-02-24 13:28:06"}
{"level":"info","message":"Attempting to connect to database... (Attempt 1/5)","timestamp":"2026-02-24 13:28:29"}
{"level":"info","message":"✅ Database connection established successfully.","timestamp":"2026-02-24 13:28:29"}
{"level":"info","message":"Attempting to connect to database... (Attempt 1/5)","timestamp":"2026-02-24 13:28:30"}
{"level":"info","message":"✅ Database connection established successfully.","timestamp":"2026-02-24 13:28:30"}
{"level":"info","message":"✅ Database synchronized.","timestamp":"2026-02-24 13:28:30"}
{"level":"info","message":"🚀 Server running on port 5000","timestamp":"2026-02-24 13:28:30"}
{"level":"info","message":"📍 Environment: development","timestamp":"2026-02-24 13:28:30"}
{"level":"info","message":"🔗 API Base URL: http://localhost:5000/api/v1","timestamp":"2026-02-24 13:28:30"}
{"level":"info","message":"✅ Database synchronized.","timestamp":"2026-02-24 13:28:30"}
{"level":"info","message":"🚀 Server running on port 5000","timestamp":"2026-02-24 13:28:30"}
{"level":"info","message":"📍 Environment: development","timestamp":"2026-02-24 13:28:30"}
{"level":"info","message":"🔗 API Base URL: http://localhost:5000/api/v1","timestamp":"2026-02-24 13:28:30"}
{"level":"info","message":"Attempting to connect to database... (Attempt 1/5)","timestamp":"2026-02-24 13:28:44"}
{"level":"info","message":"✅ Database connection established successfully.","timestamp":"2026-02-24 13:28:44"}
{"level":"info","message":"Attempting to connect to database... (Attempt 1/5)","timestamp":"2026-02-24 13:28:44"}
{"level":"info","message":"✅ Database connection established successfully.","timestamp":"2026-02-24 13:28:44"}
{"level":"info","message":"✅ Database synchronized.","timestamp":"2026-02-24 13:28:44"}
{"level":"info","message":"✅ Database synchronized.","timestamp":"2026-02-24 13:28:44"}
{"level":"info","message":"🚀 Server running on port 5000","timestamp":"2026-02-24 13:28:44"}
{"level":"info","message":"📍 Environment: development","timestamp":"2026-02-24 13:28:44"}
{"level":"info","message":"🔗 API Base URL: http://localhost:5000/api/v1","timestamp":"2026-02-24 13:28:44"}
{"level":"info","message":"🚀 Server running on port 5000","timestamp":"2026-02-24 13:28:44"}
{"level":"info","message":"📍 Environment: development","timestamp":"2026-02-24 13:28:44"}
{"level":"info","message":"🔗 API Base URL: http://localhost:5000/api/v1","timestamp":"2026-02-24 13:28:44"}
{"level":"info","message":"Attempting to connect to database... (Attempt 1/5)","timestamp":"2026-02-24 13:28:55"}
{"level":"info","message":"✅ Database connection established successfully.","timestamp":"2026-02-24 13:28:56"}
{"level":"info","message":"Attempting to connect to database... (Attempt 1/5)","timestamp":"2026-02-24 13:28:56"}
{"level":"info","message":"✅ Database connection established successfully.","timestamp":"2026-02-24 13:28:56"}
{"level":"info","message":"✅ Database synchronized.","timestamp":"2026-02-24 13:28:56"}
{"level":"info","message":"🚀 Server running on port 5000","timestamp":"2026-02-24 13:28:56"}
{"level":"info","message":"📍 Environment: development","timestamp":"2026-02-24 13:28:56"}
{"level":"info","message":"🔗 API Base URL: http://localhost:5000/api/v1","timestamp":"2026-02-24 13:28:56"}
{"level":"info","message":"✅ Database synchronized.","timestamp":"2026-02-24 13:28:56"}
{"level":"info","message":"🚀 Server running on port 5000","timestamp":"2026-02-24 13:28:56"}
{"level":"info","message":"📍 Environment: development","timestamp":"2026-02-24 13:28:56"}
{"level":"info","message":"🔗 API Base URL: http://localhost:5000/api/v1","timestamp":"2026-02-24 13:28:56"}
{"level":"info","message":"Attempting to connect to database... (Attempt 1/5)","timestamp":"2026-02-24 13:29:15"}
{"level":"info","message":"✅ Database connection established successfully.","timestamp":"2026-02-24 13:29:15"}
{"level":"info","message":"Attempting to connect to database... (Attempt 1/5)","timestamp":"2026-02-24 13:29:15"}
{"level":"info","message":"✅ Database connection established successfully.","timestamp":"2026-02-24 13:29:15"}
{"level":"info","message":"✅ Database synchronized.","timestamp":"2026-02-24 13:29:15"}
{"level":"info","message":"🚀 Server running on port 5000","timestamp":"2026-02-24 13:29:15"}
{"level":"info","message":"📍 Environment: development","timestamp":"2026-02-24 13:29:15"}
{"level":"info","message":"🔗 API Base URL: http://localhost:5000/api/v1","timestamp":"2026-02-24 13:29:15"}
{"level":"info","message":"✅ Database synchronized.","timestamp":"2026-02-24 13:29:15"}
{"level":"info","message":"🚀 Server running on port 5000","timestamp":"2026-02-24 13:29:16"}
{"level":"info","message":"📍 Environment: development","timestamp":"2026-02-24 13:29:16"}
{"level":"info","message":"🔗 API Base URL: http://localhost:5000/api/v1","timestamp":"2026-02-24 13:29:16"}
{"level":"info","message":"\u001b[0mGET /api/v1/settings/global \u001b[36m304\u001b[0m 280.380 ms - -\u001b[0m","timestamp":"2026-02-24 13:29:45"}
{"level":"info","message":"\u001b[0mGET /api/v1/settings/global \u001b[36m304\u001b[0m 330.014 ms - -\u001b[0m","timestamp":"2026-02-24 13:30:29"}
{"level":"info","message":"\u001b[0mGET /api/v1/settings/global \u001b[36m304\u001b[0m 167.287 ms - -\u001b[0m","timestamp":"2026-02-24 13:30:46"}
{"level":"info","message":"\u001b[0mGET /api/v1/settings/global \u001b[36m304\u001b[0m 351.507 ms - -\u001b[0m","timestamp":"2026-02-24 13:32:53"}
{"level":"info","message":"\u001b[0mGET /api/v1/settings/global \u001b[36m304\u001b[0m 303.171 ms - -\u001b[0m","timestamp":"2026-02-24 13:40:25"}
{"level":"info","message":"\u001b[0mGET /api/v1/reports/stocks/value \u001b[36m304\u001b[0m 312.935 ms - -\u001b[0m","timestamp":"2026-02-24 13:40:25"}
{"level":"info","message":"\u001b[0mGET /uploads/logos/logo-1770028207788-496095247.png \u001b[36m304\u001b[0m 12.190 ms - -\u001b[0m","timestamp":"2026-02-24 13:40:25"}
{"level":"info","message":"\u001b[0mGET /api/v1/reports/stocks/value \u001b[36m304\u001b[0m 230.929 ms - -\u001b[0m","timestamp":"2026-02-24 13:40:25"}
{"level":"info","message":"\u001b[0mGET /api/v1/suppliers \u001b[36m304\u001b[0m 174.216 ms - -\u001b[0m","timestamp":"2026-02-24 13:40:32"}
{"level":"info","message":"\u001b[0mGET /api/v1/suppliers \u001b[36m304\u001b[0m 87.243 ms - -\u001b[0m","timestamp":"2026-02-24 13:40:32"}
{"level":"info","message":"\u001b[0mGET /api/v1/suppliers \u001b[36m304\u001b[0m 55.696 ms - -\u001b[0m","timestamp":"2026-02-24 13:40:54"}
{"level":"info","message":"\u001b[0mGET /api/v1/suppliers \u001b[36m304\u001b[0m 76.120 ms - -\u001b[0m","timestamp":"2026-02-24 13:40:54"}
{"level":"info","message":"\u001b[0mGET /api/v1/containers \u001b[32m200\u001b[0m 163.935 ms - -\u001b[0m","timestamp":"2026-02-24 13:41:00"}
{"level":"info","message":"\u001b[0mGET /api/v1/containers \u001b[36m304\u001b[0m 163.437 ms - -\u001b[0m","timestamp":"2026-02-24 13:41:00"}
{"level":"info","message":"\u001b[0mGET /api/v1/permissions?per_page=200 \u001b[33m404\u001b[0m 38.038 ms - 46\u001b[0m","timestamp":"2026-02-24 13:41:08"}
{"level":"info","message":"\u001b[0mGET /api/v1/permissions?per_page=200 \u001b[33m404\u001b[0m 411.706 ms - 46\u001b[0m","timestamp":"2026-02-24 13:41:08"}
{"level":"info","message":"\u001b[0mGET /api/v1/users \u001b[32m200\u001b[0m 352.010 ms - -\u001b[0m","timestamp":"2026-02-24 13:41:08"}
{"level":"info","message":"\u001b[0mGET /api/v1/roles \u001b[32m200\u001b[0m 448.643 ms - -\u001b[0m","timestamp":"2026-02-24 13:41:08"}
{"level":"info","message":"\u001b[0mGET /api/v1/branches \u001b[36m304\u001b[0m 549.245 ms - -\u001b[0m","timestamp":"2026-02-24 13:41:08"}
{"level":"info","message":"\u001b[0mGET /api/v1/users \u001b[36m304\u001b[0m 234.669 ms - -\u001b[0m","timestamp":"2026-02-24 13:41:08"}
{"level":"info","message":"\u001b[0mGET /api/v1/roles \u001b[36m304\u001b[0m 296.492 ms - -\u001b[0m","timestamp":"2026-02-24 13:41:08"}
{"level":"info","message":"\u001b[0mGET /api/v1/branches \u001b[36m304\u001b[0m 254.682 ms - -\u001b[0m","timestamp":"2026-02-24 13:41:08"}
{"level":"info","message":"\u001b[0mGET /api/v1/settings/business \u001b[36m304\u001b[0m 409.020 ms - -\u001b[0m","timestamp":"2026-02-24 13:42:05"}
{"level":"info","message":"\u001b[0mGET /api/v1/settings/pos \u001b[36m304\u001b[0m 433.642 ms - -\u001b[0m","timestamp":"2026-02-24 13:42:05"}
{"level":"info","message":"\u001b[0mGET /api/v1/settings/receipt \u001b[36m304\u001b[0m 440.268 ms - -\u001b[0m","timestamp":"2026-02-24 13:42:05"}
{"level":"info","message":"\u001b[0mGET /api/v1/sales?status=completed&size=10 \u001b[36m304\u001b[0m 403.492 ms - -\u001b[0m","timestamp":"2026-02-24 13:42:05"}
{"level":"info","message":"\u001b[0mGET /api/v1/products?size=1000 \u001b[32m200\u001b[0m 375.766 ms - -\u001b[0m","timestamp":"2026-02-24 13:42:05"}
{"level":"info","message":"\u001b[0mGET /api/v1/sales?status=completed&size=10 \u001b[36m304\u001b[0m 232.811 ms - -\u001b[0m","timestamp":"2026-02-24 13:42:05"}
{"level":"info","message":"\u001b[0mGET /api/v1/products?size=1000 \u001b[36m304\u001b[0m 289.223 ms - -\u001b[0m","timestamp":"2026-02-24 13:42:06"}
{"level":"info","message":"\u001b[0mGET /api/v1/customers/active/list \u001b[36m304\u001b[0m 108.151 ms - -\u001b[0m","timestamp":"2026-02-24 13:42:06"}
{"level":"info","message":"\u001b[0mGET /api/v1/customers/active/list \u001b[36m304\u001b[0m 101.769 ms - -\u001b[0m","timestamp":"2026-02-24 13:42:06"}
{"level":"info","message":"\u001b[0mGET /api/v1/users/active-sellers \u001b[36m304\u001b[0m 133.202 ms - -\u001b[0m","timestamp":"2026-02-24 13:42:06"}
{"level":"info","message":"\u001b[0mGET /uploads/images%5B%5D-1769933963783-361524460.png \u001b[32m200\u001b[0m 20.447 ms - 3725678\u001b[0m","timestamp":"2026-02-24 13:42:06"}
{"level":"info","message":"\u001b[0mGET /uploads/images%5B%5D-1769955324185-861586388.png \u001b[32m200\u001b[0m 19.541 ms - 5108646\u001b[0m","timestamp":"2026-02-24 13:42:06"}
{"level":"info","message":"\u001b[0mGET /api/v1/users/active-sellers \u001b[36m304\u001b[0m 107.769 ms - -\u001b[0m","timestamp":"2026-02-24 13:42:07"}
{"level":"info","message":"\nSIGINT received. Starting graceful shutdown...","timestamp":"2026-02-24 13:42:26"}
{"level":"info","message":"\nSIGINT received. Starting graceful shutdown...","timestamp":"2026-02-24 13:42:59"}
