{"level":"info","message":"Attempting to connect to database... (Attempt 1/5)","timestamp":"2026-03-22 16:12:38"}
{"level":"info","message":"✅ Database connection established successfully.","timestamp":"2026-03-22 16:12:38"}
{"level":"info","message":"✅ Database synchronized.","timestamp":"2026-03-22 16:12:38"}
{"level":"info","message":"🚀 Server running on port 5000","timestamp":"2026-03-22 16:12:38"}
{"level":"info","message":"📍 Environment: development","timestamp":"2026-03-22 16:12:38"}
{"level":"info","message":"🔗 API Base URL: http://localhost:5000/api/v1","timestamp":"2026-03-22 16:12:38"}
{"level":"info","message":"\u001b[0mPOST /api/v1/login \u001b[33m401\u001b[0m 60.278 ms - 50\u001b[0m","timestamp":"2026-03-22 16:15:02"}
{"level":"info","message":"\u001b[0mPOST /api/v1/login \u001b[32m200\u001b[0m 257.787 ms - -\u001b[0m","timestamp":"2026-03-22 16:15:13"}
{"level":"info","message":"\u001b[0mGET /api/v1/me \u001b[32m200\u001b[0m 23.957 ms - 839\u001b[0m","timestamp":"2026-03-22 16:15:13"}
{"level":"info","message":"\u001b[0mGET /api/v1/reports/dashboard/summary \u001b[36m304\u001b[0m 113.135 ms - -\u001b[0m","timestamp":"2026-03-22 16:15:16"}
{"level":"info","message":"\u001b[0mGET /api/v1/reports/dashboard/summary \u001b[36m304\u001b[0m 85.705 ms - -\u001b[0m","timestamp":"2026-03-22 16:15:16"}
{"level":"info","message":"\u001b[0mGET /api/v1/settings/pos \u001b[33m403\u001b[0m 53.124 ms - 55\u001b[0m","timestamp":"2026-03-22 16:15:31"}
{"level":"info","message":"\u001b[0mGET /api/v1/settings/business \u001b[33m403\u001b[0m 86.674 ms - 55\u001b[0m","timestamp":"2026-03-22 16:15:32"}
{"level":"info","message":"\u001b[0mGET /api/v1/products?size=1000 \u001b[33m403\u001b[0m 52.665 ms - 55\u001b[0m","timestamp":"2026-03-22 16:15:32"}
{"level":"info","message":"\u001b[0mGET /api/v1/settings/receipt \u001b[33m403\u001b[0m 128.863 ms - 55\u001b[0m","timestamp":"2026-03-22 16:15:32"}
{"level":"info","message":"\u001b[0mGET /api/v1/sales?status=completed&size=10 \u001b[33m403\u001b[0m 80.888 ms - 55\u001b[0m","timestamp":"2026-03-22 16:15:32"}
{"level":"info","message":"\u001b[0mGET /api/v1/products?size=1000 \u001b[33m403\u001b[0m 35.832 ms - 55\u001b[0m","timestamp":"2026-03-22 16:15:32"}
{"level":"info","message":"\u001b[0mGET /api/v1/sales?status=completed&size=10 \u001b[33m403\u001b[0m 50.547 ms - 55\u001b[0m","timestamp":"2026-03-22 16:15:32"}
{"level":"info","message":"\u001b[0mGET /api/v1/customers/active/list \u001b[33m403\u001b[0m 36.076 ms - 55\u001b[0m","timestamp":"2026-03-22 16:15:32"}
{"level":"info","message":"\u001b[0mGET /api/v1/customers/active/list \u001b[33m403\u001b[0m 27.856 ms - 55\u001b[0m","timestamp":"2026-03-22 16:15:32"}
{"level":"info","message":"\u001b[0mGET /api/v1/users/active-sellers \u001b[36m304\u001b[0m 82.951 ms - -\u001b[0m","timestamp":"2026-03-22 16:15:32"}
{"level":"info","message":"\u001b[0mGET /api/v1/users/active-sellers \u001b[36m304\u001b[0m 25.382 ms - -\u001b[0m","timestamp":"2026-03-22 16:15:32"}
{"level":"info","message":"\u001b[0mGET /api/v1/reports/dashboard/summary \u001b[36m304\u001b[0m 52.847 ms - -\u001b[0m","timestamp":"2026-03-22 16:15:43"}
{"level":"info","message":"\u001b[0mGET /api/v1/reports/dashboard/summary \u001b[36m304\u001b[0m 65.015 ms - -\u001b[0m","timestamp":"2026-03-22 16:15:43"}
{"level":"info","message":"\u001b[0mGET /api/v1/settings/global \u001b[33m403\u001b[0m 73.219 ms - 55\u001b[0m","timestamp":"2026-03-22 16:15:49"}
{"level":"info","message":"\u001b[0mGET /api/v1/products?page=1 \u001b[33m403\u001b[0m 31.011 ms - 55\u001b[0m","timestamp":"2026-03-22 16:15:49"}
{"level":"info","message":"\u001b[0mGET /api/v1/products?page=1 \u001b[33m403\u001b[0m 49.327 ms - 55\u001b[0m","timestamp":"2026-03-22 16:15:49"}
{"level":"info","message":"\u001b[0mGET /api/v1/products?page=1 \u001b[33m403\u001b[0m 9.734 ms - 55\u001b[0m","timestamp":"2026-03-22 16:15:54"}
{"level":"info","message":"\u001b[0mPOST /api/v1/login \u001b[32m200\u001b[0m 207.520 ms - -\u001b[0m","timestamp":"2026-03-22 16:16:18"}
{"level":"info","message":"\u001b[0mGET /api/v1/me \u001b[32m200\u001b[0m 15.088 ms - 840\u001b[0m","timestamp":"2026-03-22 16:16:18"}
{"level":"info","message":"\u001b[0mGET /api/v1/settings/global \u001b[33m403\u001b[0m 34.915 ms - 55\u001b[0m","timestamp":"2026-03-22 16:16:20"}
{"level":"info","message":"\u001b[0mGET /api/v1/products?page=1 \u001b[33m403\u001b[0m 23.817 ms - 55\u001b[0m","timestamp":"2026-03-22 16:16:20"}
{"level":"info","message":"\u001b[0mGET /api/v1/products?page=1 \u001b[33m403\u001b[0m 22.571 ms - 55\u001b[0m","timestamp":"2026-03-22 16:16:20"}
{"level":"info","message":"\u001b[0mPOST /api/v1/login \u001b[32m200\u001b[0m 200.702 ms - -\u001b[0m","timestamp":"2026-03-22 16:16:39"}
{"level":"info","message":"\u001b[0mGET /api/v1/me \u001b[32m200\u001b[0m 16.475 ms - 839\u001b[0m","timestamp":"2026-03-22 16:16:39"}
{"level":"info","message":"\u001b[0mGET /api/v1/settings/global \u001b[33m403\u001b[0m 52.379 ms - 55\u001b[0m","timestamp":"2026-03-22 16:16:40"}
{"level":"info","message":"\u001b[0mGET /api/v1/products?page=1 \u001b[33m403\u001b[0m 72.721 ms - 55\u001b[0m","timestamp":"2026-03-22 16:16:40"}
{"level":"info","message":"\u001b[0mGET /api/v1/products?page=1 \u001b[33m403\u001b[0m 25.526 ms - 55\u001b[0m","timestamp":"2026-03-22 16:16:40"}
{"level":"info","message":"\u001b[0mGET /api/v1/settings/global \u001b[33m403\u001b[0m 37.559 ms - 55\u001b[0m","timestamp":"2026-03-22 16:17:14"}
{"level":"info","message":"\u001b[0mGET /api/v1/products?page=1 \u001b[33m403\u001b[0m 40.776 ms - 55\u001b[0m","timestamp":"2026-03-22 16:17:14"}
{"level":"info","message":"\u001b[0mGET /api/v1/products?page=1 \u001b[33m403\u001b[0m 22.440 ms - 55\u001b[0m","timestamp":"2026-03-22 16:17:14"}
{"level":"info","message":"\u001b[0mGET /api/v1/settings/global \u001b[33m403\u001b[0m 49.828 ms - 55\u001b[0m","timestamp":"2026-03-22 16:17:24"}
{"level":"info","message":"\u001b[0mGET /api/v1/products?page=1 \u001b[33m403\u001b[0m 25.112 ms - 55\u001b[0m","timestamp":"2026-03-22 16:17:24"}
{"level":"info","message":"\u001b[0mGET /api/v1/products?page=1 \u001b[33m403\u001b[0m 36.767 ms - 55\u001b[0m","timestamp":"2026-03-22 16:17:24"}
{"level":"info","message":"\u001b[0mGET /api/v1/settings/global \u001b[33m403\u001b[0m 18.232 ms - 55\u001b[0m","timestamp":"2026-03-22 16:17:29"}
{"level":"info","message":"\u001b[0mGET /api/v1/products?page=1 \u001b[33m403\u001b[0m 19.189 ms - 55\u001b[0m","timestamp":"2026-03-22 16:17:29"}
{"level":"info","message":"\u001b[0mGET /api/v1/products?page=1 \u001b[33m403\u001b[0m 28.685 ms - 55\u001b[0m","timestamp":"2026-03-22 16:17:29"}
{"level":"info","message":"\u001b[0mPOST /api/v1/login \u001b[32m200\u001b[0m 150.735 ms - -\u001b[0m","timestamp":"2026-03-22 16:18:02"}
{"level":"info","message":"\u001b[0mGET /api/v1/me \u001b[32m200\u001b[0m 12.755 ms - 840\u001b[0m","timestamp":"2026-03-22 16:18:02"}
{"level":"info","message":"\u001b[0mGET /api/v1/settings/global \u001b[33m403\u001b[0m 38.642 ms - 55\u001b[0m","timestamp":"2026-03-22 16:18:04"}
{"level":"info","message":"\u001b[0mGET /api/v1/products?page=1 \u001b[33m403\u001b[0m 17.143 ms - 55\u001b[0m","timestamp":"2026-03-22 16:18:04"}
{"level":"info","message":"\u001b[0mGET /api/v1/products?page=1 \u001b[33m403\u001b[0m 27.540 ms - 55\u001b[0m","timestamp":"2026-03-22 16:18:04"}
{"level":"info","message":"\u001b[0mGET /api/v1/products?page=1 \u001b[33m403\u001b[0m 29.741 ms - 55\u001b[0m","timestamp":"2026-03-22 16:18:52"}
{"level":"info","message":"\nSIGINT received. Starting graceful shutdown...","timestamp":"2026-03-22 16:19:29"}
{"level":"info","message":"Attempting to connect to database... (Attempt 1/5)","timestamp":"2026-03-22 16:21:00"}
{"level":"info","message":"✅ Database connection established successfully.","timestamp":"2026-03-22 16:21:00"}
{"level":"info","message":"✅ Database synchronized.","timestamp":"2026-03-22 16:21:01"}
{"level":"info","message":"🚀 Server running on port 5000","timestamp":"2026-03-22 16:21:01"}
{"level":"info","message":"📍 Environment: development","timestamp":"2026-03-22 16:21:01"}
{"level":"info","message":"🔗 API Base URL: http://localhost:5000/api/v1","timestamp":"2026-03-22 16:21:01"}
{"level":"info","message":"\u001b[0mGET /api/v1/products?page=1 \u001b[33m403\u001b[0m 38.643 ms - 55\u001b[0m","timestamp":"2026-03-22 16:21:13"}
{"level":"info","message":"\u001b[0mGET /api/v1/settings/global \u001b[33m403\u001b[0m 84.912 ms - 55\u001b[0m","timestamp":"2026-03-22 16:21:13"}
{"level":"info","message":"\u001b[0mGET /api/v1/products?page=1 \u001b[33m403\u001b[0m 38.458 ms - 55\u001b[0m","timestamp":"2026-03-22 16:21:13"}
{"level":"info","message":"\u001b[0mGET /api/v1/settings/business \u001b[33m403\u001b[0m 127.030 ms - 55\u001b[0m","timestamp":"2026-03-22 16:22:41"}
{"level":"info","message":"\u001b[0mGET /api/v1/settings/receipt \u001b[33m403\u001b[0m 134.640 ms - 55\u001b[0m","timestamp":"2026-03-22 16:22:41"}
{"level":"info","message":"\u001b[0mGET /api/v1/settings/pos \u001b[33m403\u001b[0m 156.888 ms - 55\u001b[0m","timestamp":"2026-03-22 16:22:41"}
{"level":"info","message":"\u001b[0mGET /api/v1/products?size=1000 \u001b[33m403\u001b[0m 97.892 ms - 55\u001b[0m","timestamp":"2026-03-22 16:22:41"}
{"level":"info","message":"\u001b[0mGET /api/v1/sales?status=completed&size=10 \u001b[33m403\u001b[0m 84.888 ms - 55\u001b[0m","timestamp":"2026-03-22 16:22:41"}
{"level":"info","message":"\u001b[0mGET /api/v1/products?size=1000 \u001b[33m403\u001b[0m 33.090 ms - 55\u001b[0m","timestamp":"2026-03-22 16:22:41"}
{"level":"info","message":"\u001b[0mGET /api/v1/sales?status=completed&size=10 \u001b[33m403\u001b[0m 46.373 ms - 55\u001b[0m","timestamp":"2026-03-22 16:22:41"}
{"level":"info","message":"\u001b[0mGET /api/v1/customers/active/list \u001b[33m403\u001b[0m 29.108 ms - 55\u001b[0m","timestamp":"2026-03-22 16:22:42"}
{"level":"info","message":"\u001b[0mGET /api/v1/customers/active/list \u001b[33m403\u001b[0m 46.278 ms - 55\u001b[0m","timestamp":"2026-03-22 16:22:42"}
{"level":"info","message":"\u001b[0mGET /api/v1/users/active-sellers \u001b[36m304\u001b[0m 31.917 ms - -\u001b[0m","timestamp":"2026-03-22 16:22:42"}
{"level":"info","message":"\u001b[0mGET /api/v1/users/active-sellers \u001b[36m304\u001b[0m 39.858 ms - -\u001b[0m","timestamp":"2026-03-22 16:22:42"}
{"level":"info","message":"\u001b[0mGET /api/v1/products?page=1 \u001b[33m403\u001b[0m 25.575 ms - 55\u001b[0m","timestamp":"2026-03-22 16:23:09"}
{"level":"info","message":"\u001b[0mGET /api/v1/products?page=1 \u001b[33m403\u001b[0m 19.588 ms - 55\u001b[0m","timestamp":"2026-03-22 16:23:09"}
{"level":"info","message":"\u001b[0mGET /api/v1/settings/global \u001b[33m403\u001b[0m 19.146 ms - 55\u001b[0m","timestamp":"2026-03-22 16:23:09"}
{"level":"info","message":"\nSIGINT received. Starting graceful shutdown...","timestamp":"2026-03-22 16:25:46"}
{"level":"info","message":"Attempting to connect to database... (Attempt 1/5)","timestamp":"2026-03-22 16:27:40"}
{"level":"info","message":"✅ Database connection established successfully.","timestamp":"2026-03-22 16:27:40"}
{"level":"info","message":"✅ Database synchronized.","timestamp":"2026-03-22 16:27:40"}
{"level":"info","message":"🚀 Server running on port 5000","timestamp":"2026-03-22 16:27:40"}
{"level":"info","message":"📍 Environment: development","timestamp":"2026-03-22 16:27:40"}
{"level":"info","message":"🔗 API Base URL: http://localhost:5000/api/v1","timestamp":"2026-03-22 16:27:40"}
{"level":"info","message":"\nSIGINT received. Starting graceful shutdown...","timestamp":"2026-03-22 16:27:44"}
{"level":"info","message":"Attempting to connect to database... (Attempt 1/5)","timestamp":"2026-03-22 16:29:59"}
{"level":"info","message":"✅ Database connection established successfully.","timestamp":"2026-03-22 16:29:59"}
{"level":"info","message":"✅ Database synchronized.","timestamp":"2026-03-22 16:29:59"}
{"level":"info","message":"🚀 Server running on port 5000","timestamp":"2026-03-22 16:29:59"}
{"level":"info","message":"📍 Environment: development","timestamp":"2026-03-22 16:29:59"}
{"level":"info","message":"🔗 API Base URL: http://localhost:5000/api/v1","timestamp":"2026-03-22 16:29:59"}
{"level":"info","message":"\u001b[0mGET /api/v1/products?page=1 \u001b[33m403\u001b[0m 57.446 ms - 55\u001b[0m","timestamp":"2026-03-22 16:30:07"}
{"level":"info","message":"\u001b[0mGET /api/v1/settings/global \u001b[33m403\u001b[0m 47.967 ms - 55\u001b[0m","timestamp":"2026-03-22 16:30:07"}
{"level":"info","message":"\u001b[0mGET /api/v1/products?page=1 \u001b[33m403\u001b[0m 38.894 ms - 55\u001b[0m","timestamp":"2026-03-22 16:30:07"}
{"level":"info","message":"\u001b[0mGET /api/v1/units \u001b[33m403\u001b[0m 21.620 ms - 55\u001b[0m","timestamp":"2026-03-22 16:30:15"}
{"level":"info","message":"\u001b[0mGET /api/v1/units \u001b[33m403\u001b[0m 74.993 ms - 55\u001b[0m","timestamp":"2026-03-22 16:30:15"}
{"level":"info","message":"\u001b[0mGET /api/v1/measurement-units \u001b[33m403\u001b[0m 22.365 ms - 55\u001b[0m","timestamp":"2026-03-22 16:30:18"}
{"level":"info","message":"\u001b[0mGET /api/v1/measurement-units \u001b[33m403\u001b[0m 15.546 ms - 55\u001b[0m","timestamp":"2026-03-22 16:30:18"}
{"level":"info","message":"\u001b[0mGET /api/v1/containers \u001b[33m403\u001b[0m 37.193 ms - 55\u001b[0m","timestamp":"2026-03-22 16:30:20"}
{"level":"info","message":"\u001b[0mGET /api/v1/containers \u001b[33m403\u001b[0m 60.469 ms - 55\u001b[0m","timestamp":"2026-03-22 16:30:20"}
{"level":"info","message":"\u001b[0mGET /api/v1/customers \u001b[33m403\u001b[0m 34.011 ms - 55\u001b[0m","timestamp":"2026-03-22 16:30:28"}
{"level":"info","message":"\u001b[0mGET /api/v1/customers \u001b[33m403\u001b[0m 21.456 ms - 55\u001b[0m","timestamp":"2026-03-22 16:30:28"}
{"level":"info","message":"\u001b[0mGET /api/v1/settings/global \u001b[33m403\u001b[0m 22.601 ms - 55\u001b[0m","timestamp":"2026-03-22 16:30:28"}
{"level":"info","message":"\u001b[0mGET /api/v1/settings/global \u001b[33m403\u001b[0m 65.712 ms - 55\u001b[0m","timestamp":"2026-03-22 16:31:01"}
{"level":"info","message":"\u001b[0mGET /api/v1/sub-categories \u001b[33m403\u001b[0m 65.007 ms - 55\u001b[0m","timestamp":"2026-03-22 16:31:01"}
{"level":"info","message":"\u001b[0mGET /api/v1/sub-categories \u001b[33m403\u001b[0m 27.146 ms - 55\u001b[0m","timestamp":"2026-03-22 16:31:01"}
{"level":"info","message":"\u001b[0mGET /api/v1/settings/global \u001b[33m403\u001b[0m 19.133 ms - 55\u001b[0m","timestamp":"2026-03-22 16:31:10"}
{"level":"info","message":"\u001b[0mGET /api/v1/plans \u001b[33m404\u001b[0m 14.092 ms - 46\u001b[0m","timestamp":"2026-03-22 16:31:10"}
{"level":"info","message":"\u001b[0mGET /api/v1/plans \u001b[33m404\u001b[0m 5.055 ms - 46\u001b[0m","timestamp":"2026-03-22 16:31:10"}
{"level":"info","message":"\u001b[0mGET /api/v1/organizations \u001b[33m403\u001b[0m 83.289 ms - 55\u001b[0m","timestamp":"2026-03-22 16:31:24"}
{"level":"info","message":"\u001b[0mGET /api/v1/organizations \u001b[33m403\u001b[0m 60.803 ms - 55\u001b[0m","timestamp":"2026-03-22 16:31:24"}
{"level":"info","message":"\u001b[0mGET /api/v1/organizations/stats \u001b[33m403\u001b[0m 22.977 ms - 55\u001b[0m","timestamp":"2026-03-22 16:31:27"}
{"level":"info","message":"\u001b[0mGET /api/v1/organizations?size=3 \u001b[33m403\u001b[0m 21.084 ms - 55\u001b[0m","timestamp":"2026-03-22 16:31:27"}
{"level":"info","message":"\u001b[0mGET /api/v1/organizations/stats \u001b[33m403\u001b[0m 37.413 ms - 55\u001b[0m","timestamp":"2026-03-22 16:31:27"}
{"level":"info","message":"\u001b[0mGET /api/v1/organizations?size=3 \u001b[33m403\u001b[0m 33.884 ms - 55\u001b[0m","timestamp":"2026-03-22 16:31:27"}
{"level":"info","message":"\u001b[0mGET /api/v1/reports/dashboard/summary \u001b[36m304\u001b[0m 45.950 ms - -\u001b[0m","timestamp":"2026-03-22 16:33:17"}
{"level":"info","message":"\u001b[0mGET /api/v1/reports/dashboard/summary \u001b[36m304\u001b[0m 45.656 ms - -\u001b[0m","timestamp":"2026-03-22 16:33:17"}
{"level":"info","message":"\u001b[0mGET /api/v1/settings/global \u001b[33m403\u001b[0m 35.865 ms - 55\u001b[0m","timestamp":"2026-03-22 16:33:25"}
{"level":"info","message":"\u001b[0mGET /api/v1/measurement-units \u001b[33m403\u001b[0m 25.989 ms - 55\u001b[0m","timestamp":"2026-03-22 16:33:35"}
{"level":"info","message":"\u001b[0mGET /api/v1/measurement-units \u001b[33m403\u001b[0m 19.507 ms - 55\u001b[0m","timestamp":"2026-03-22 16:33:35"}
{"level":"info","message":"\nSIGINT received. Starting graceful shutdown...","timestamp":"2026-03-22 16:34:37"}
{"level":"info","message":"Attempting to connect to database... (Attempt 1/5)","timestamp":"2026-03-22 16:34:48"}
{"level":"info","message":"✅ Database connection established successfully.","timestamp":"2026-03-22 16:34:49"}
{"level":"info","message":"✅ Database synchronized.","timestamp":"2026-03-22 16:34:49"}
{"level":"info","message":"🚀 Server running on port 5000","timestamp":"2026-03-22 16:34:49"}
{"level":"info","message":"📍 Environment: development","timestamp":"2026-03-22 16:34:49"}
{"level":"info","message":"🔗 API Base URL: http://localhost:5000/api/v1","timestamp":"2026-03-22 16:34:49"}
{"level":"info","message":"Attempting to connect to database... (Attempt 1/5)","timestamp":"2026-03-22 16:36:02"}
{"level":"info","message":"✅ Database connection established successfully.","timestamp":"2026-03-22 16:36:02"}
{"level":"info","message":"✅ Database synchronized.","timestamp":"2026-03-22 16:36:02"}
{"level":"info","message":"🚀 Server running on port 5000","timestamp":"2026-03-22 16:36:03"}
{"level":"info","message":"📍 Environment: development","timestamp":"2026-03-22 16:36:03"}
{"level":"info","message":"🔗 API Base URL: http://localhost:5000/api/v1","timestamp":"2026-03-22 16:36:03"}
{"level":"info","message":"Attempting to connect to database... (Attempt 1/5)","timestamp":"2026-03-22 16:37:17"}
{"level":"info","message":"✅ Database connection established successfully.","timestamp":"2026-03-22 16:37:17"}
{"level":"info","message":"✅ Database synchronized.","timestamp":"2026-03-22 16:37:18"}
{"level":"info","message":"🚀 Server running on port 5000","timestamp":"2026-03-22 16:37:18"}
{"level":"info","message":"📍 Environment: development","timestamp":"2026-03-22 16:37:18"}
{"level":"info","message":"🔗 API Base URL: http://localhost:5000/api/v1","timestamp":"2026-03-22 16:37:18"}
{"level":"info","message":"Attempting to connect to database... (Attempt 1/5)","timestamp":"2026-03-22 16:37:53"}
{"level":"info","message":"✅ Database connection established successfully.","timestamp":"2026-03-22 16:37:53"}
{"level":"info","message":"✅ Database synchronized.","timestamp":"2026-03-22 16:37:53"}
{"level":"info","message":"🚀 Server running on port 5000","timestamp":"2026-03-22 16:37:53"}
{"level":"info","message":"📍 Environment: development","timestamp":"2026-03-22 16:37:53"}
{"level":"info","message":"🔗 API Base URL: http://localhost:5000/api/v1","timestamp":"2026-03-22 16:37:53"}
{"level":"info","message":"Attempting to connect to database... (Attempt 1/5)","timestamp":"2026-03-22 16:38:12"}
{"level":"info","message":"✅ Database connection established successfully.","timestamp":"2026-03-22 16:38:12"}
{"level":"info","message":"✅ Database synchronized.","timestamp":"2026-03-22 16:38:12"}
{"level":"info","message":"🚀 Server running on port 5000","timestamp":"2026-03-22 16:38:12"}
{"level":"info","message":"📍 Environment: development","timestamp":"2026-03-22 16:38:12"}
{"level":"info","message":"🔗 API Base URL: http://localhost:5000/api/v1","timestamp":"2026-03-22 16:38:12"}
{"level":"info","message":"Attempting to connect to database... (Attempt 1/5)","timestamp":"2026-03-22 16:38:19"}
{"level":"info","message":"✅ Database connection established successfully.","timestamp":"2026-03-22 16:38:19"}
{"level":"info","message":"Attempting to connect to database... (Attempt 1/5)","timestamp":"2026-03-22 16:38:19"}
{"level":"info","message":"✅ Database connection established successfully.","timestamp":"2026-03-22 16:38:20"}
{"level":"info","message":"✅ Database synchronized.","timestamp":"2026-03-22 16:38:20"}
{"level":"info","message":"✅ Database synchronized.","timestamp":"2026-03-22 16:38:20"}
{"level":"info","message":"🚀 Server running on port 5000","timestamp":"2026-03-22 16:38:20"}
{"level":"info","message":"📍 Environment: development","timestamp":"2026-03-22 16:38:20"}
{"level":"info","message":"🔗 API Base URL: http://localhost:5000/api/v1","timestamp":"2026-03-22 16:38:20"}
{"level":"info","message":"🚀 Server running on port 5000","timestamp":"2026-03-22 16:38:20"}
{"level":"info","message":"📍 Environment: development","timestamp":"2026-03-22 16:38:20"}
{"level":"info","message":"🔗 API Base URL: http://localhost:5000/api/v1","timestamp":"2026-03-22 16:38:20"}
{"level":"info","message":"\u001b[0mGET /api/v1/reports/dashboard/summary \u001b[36m304\u001b[0m 91.681 ms - -\u001b[0m","timestamp":"2026-03-22 16:39:09"}
{"level":"info","message":"\u001b[0mGET /api/v1/reports/dashboard/summary \u001b[36m304\u001b[0m 45.008 ms - -\u001b[0m","timestamp":"2026-03-22 16:39:09"}
{"level":"info","message":"\u001b[0mGET /api/v1/settings/global \u001b[33m403\u001b[0m 49.224 ms - 55\u001b[0m","timestamp":"2026-03-22 16:39:23"}
{"level":"info","message":"\u001b[0mGET /api/v1/purchase-orders \u001b[33m403\u001b[0m 27.500 ms - 55\u001b[0m","timestamp":"2026-03-22 16:39:23"}
{"level":"info","message":"\u001b[0mGET /api/v1/purchase-orders \u001b[33m403\u001b[0m 32.145 ms - 55\u001b[0m","timestamp":"2026-03-22 16:39:23"}
{"level":"info","message":"\u001b[0mGET /api/v1/purchase-orders \u001b[33m403\u001b[0m 14.647 ms - 55\u001b[0m","timestamp":"2026-03-22 16:39:25"}
{"level":"info","message":"\u001b[0mPOST /api/v1/login \u001b[33m401\u001b[0m 27.524 ms - 50\u001b[0m","timestamp":"2026-03-22 16:39:56"}
{"level":"info","message":"\u001b[0mPOST /api/v1/login \u001b[32m200\u001b[0m 288.105 ms - 636\u001b[0m","timestamp":"2026-03-22 16:42:55"}
{"level":"info","message":"\u001b[0mGET /api/v1/me \u001b[32m200\u001b[0m 22.592 ms - 231\u001b[0m","timestamp":"2026-03-22 16:42:55"}
{"level":"info","message":"\u001b[0mGET /api/v1/reports/dashboard/summary \u001b[32m200\u001b[0m 42.868 ms - 303\u001b[0m","timestamp":"2026-03-22 16:42:56"}
{"level":"info","message":"\u001b[0mGET /api/v1/reports/dashboard/summary \u001b[36m304\u001b[0m 57.129 ms - -\u001b[0m","timestamp":"2026-03-22 16:42:56"}
{"level":"info","message":"Attempting to connect to database... (Attempt 1/5)","timestamp":"2026-03-22 16:43:54"}
{"level":"info","message":"✅ Database connection established successfully.","timestamp":"2026-03-22 16:43:54"}
{"level":"info","message":"Attempting to connect to database... (Attempt 1/5)","timestamp":"2026-03-22 16:43:54"}
{"level":"info","message":"✅ Database connection established successfully.","timestamp":"2026-03-22 16:43:54"}
{"level":"info","message":"✅ Database synchronized.","timestamp":"2026-03-22 16:43:55"}
{"level":"info","message":"🚀 Server running on port 5000","timestamp":"2026-03-22 16:43:55"}
{"level":"info","message":"📍 Environment: development","timestamp":"2026-03-22 16:43:55"}
{"level":"info","message":"🔗 API Base URL: http://localhost:5000/api/v1","timestamp":"2026-03-22 16:43:55"}
{"level":"info","message":"✅ Database synchronized.","timestamp":"2026-03-22 16:43:55"}
{"level":"info","message":"🚀 Server running on port 5000","timestamp":"2026-03-22 16:43:55"}
{"level":"info","message":"📍 Environment: development","timestamp":"2026-03-22 16:43:55"}
{"level":"info","message":"🔗 API Base URL: http://localhost:5000/api/v1","timestamp":"2026-03-22 16:43:55"}
{"level":"info","message":"\u001b[0mGET /api/v1/settings/global \u001b[33m403\u001b[0m 147.359 ms - 55\u001b[0m","timestamp":"2026-03-22 16:44:10"}
{"level":"info","message":"\u001b[0mGET /api/v1/products?page=1 \u001b[33m403\u001b[0m 108.955 ms - 55\u001b[0m","timestamp":"2026-03-22 16:44:10"}
{"level":"info","message":"\u001b[0mGET /api/v1/products?page=1 \u001b[33m403\u001b[0m 57.833 ms - 55\u001b[0m","timestamp":"2026-03-22 16:44:10"}
{"level":"info","message":"\u001b[0mGET /api/v1/products?page=1 \u001b[33m403\u001b[0m 16.137 ms - 55\u001b[0m","timestamp":"2026-03-22 16:44:12"}
{"level":"info","message":"Attempting to connect to database... (Attempt 1/5)","timestamp":"2026-03-22 16:44:16"}
{"level":"info","message":"✅ Database connection established successfully.","timestamp":"2026-03-22 16:44:16"}
{"level":"info","message":"✅ Database synchronized.","timestamp":"2026-03-22 16:44:17"}
{"level":"info","message":"🚀 Server running on port 5000","timestamp":"2026-03-22 16:44:17"}
{"level":"info","message":"📍 Environment: development","timestamp":"2026-03-22 16:44:17"}
{"level":"info","message":"🔗 API Base URL: http://localhost:5000/api/v1","timestamp":"2026-03-22 16:44:17"}
{"level":"info","message":"Attempting to connect to database... (Attempt 1/5)","timestamp":"2026-03-22 16:44:17"}
{"level":"info","message":"✅ Database connection established successfully.","timestamp":"2026-03-22 16:44:17"}
{"level":"info","message":"✅ Database synchronized.","timestamp":"2026-03-22 16:44:18"}
{"level":"info","message":"🚀 Server running on port 5000","timestamp":"2026-03-22 16:44:18"}
{"level":"info","message":"📍 Environment: development","timestamp":"2026-03-22 16:44:18"}
{"level":"info","message":"🔗 API Base URL: http://localhost:5000/api/v1","timestamp":"2026-03-22 16:44:18"}
{"level":"info","message":"Attempting to connect to database... (Attempt 1/5)","timestamp":"2026-03-22 16:44:23"}
{"level":"info","message":"✅ Database connection established successfully.","timestamp":"2026-03-22 16:44:23"}
{"level":"info","message":"✅ Database synchronized.","timestamp":"2026-03-22 16:44:23"}
{"level":"info","message":"🚀 Server running on port 5000","timestamp":"2026-03-22 16:44:23"}
{"level":"info","message":"📍 Environment: development","timestamp":"2026-03-22 16:44:23"}
{"level":"info","message":"🔗 API Base URL: http://localhost:5000/api/v1","timestamp":"2026-03-22 16:44:23"}
{"level":"info","message":"Attempting to connect to database... (Attempt 1/5)","timestamp":"2026-03-22 16:44:23"}
{"level":"info","message":"✅ Database connection established successfully.","timestamp":"2026-03-22 16:44:23"}
{"level":"info","message":"✅ Database synchronized.","timestamp":"2026-03-22 16:44:24"}
{"level":"info","message":"🚀 Server running on port 5000","timestamp":"2026-03-22 16:44:24"}
{"level":"info","message":"📍 Environment: development","timestamp":"2026-03-22 16:44:24"}
{"level":"info","message":"🔗 API Base URL: http://localhost:5000/api/v1","timestamp":"2026-03-22 16:44:24"}
{"level":"info","message":"\u001b[0mPOST /api/v1/login \u001b[32m200\u001b[0m 291.496 ms - -\u001b[0m","timestamp":"2026-03-22 16:44:24"}
{"level":"info","message":"\u001b[0mGET /api/v1/me \u001b[32m200\u001b[0m 27.180 ms - 839\u001b[0m","timestamp":"2026-03-22 16:44:24"}
{"level":"info","message":"\u001b[0mGET /api/v1/settings/global \u001b[33m403\u001b[0m 37.355 ms - 55\u001b[0m","timestamp":"2026-03-22 16:44:26"}
{"level":"info","message":"\u001b[0mGET /api/v1/products?page=1 \u001b[33m403\u001b[0m 20.054 ms - 55\u001b[0m","timestamp":"2026-03-22 16:44:26"}
{"level":"info","message":"\u001b[0mGET /api/v1/products?page=1 \u001b[33m403\u001b[0m 38.624 ms - 55\u001b[0m","timestamp":"2026-03-22 16:44:26"}
{"level":"info","message":"\u001b[0mGET /api/v1/settings/global \u001b[33m403\u001b[0m 101.675 ms - 55\u001b[0m","timestamp":"2026-03-22 16:44:37"}
{"level":"info","message":"\u001b[0mGET /api/v1/products?page=1 \u001b[33m403\u001b[0m 88.631 ms - 55\u001b[0m","timestamp":"2026-03-22 16:44:37"}
{"level":"info","message":"\u001b[0mGET /api/v1/products?page=1 \u001b[33m403\u001b[0m 48.244 ms - 55\u001b[0m","timestamp":"2026-03-22 16:44:37"}
{"level":"info","message":"\u001b[0mGET /api/v1/settings/global \u001b[33m403\u001b[0m 40.186 ms - 55\u001b[0m","timestamp":"2026-03-22 16:44:42"}
{"level":"info","message":"\u001b[0mGET /api/v1/products?page=1 \u001b[33m403\u001b[0m 41.345 ms - 55\u001b[0m","timestamp":"2026-03-22 16:44:42"}
{"level":"info","message":"\u001b[0mGET /api/v1/products?page=1 \u001b[33m403\u001b[0m 18.071 ms - 55\u001b[0m","timestamp":"2026-03-22 16:44:42"}
{"level":"info","message":"Attempting to connect to database... (Attempt 1/5)","timestamp":"2026-03-22 16:44:48"}
{"level":"info","message":"Attempting to connect to database... (Attempt 1/5)","timestamp":"2026-03-22 16:44:48"}
{"level":"info","message":"✅ Database connection established successfully.","timestamp":"2026-03-22 16:44:48"}
{"level":"info","message":"✅ Database connection established successfully.","timestamp":"2026-03-22 16:44:48"}
{"level":"info","message":"✅ Database synchronized.","timestamp":"2026-03-22 16:44:48"}
{"level":"info","message":"✅ Database synchronized.","timestamp":"2026-03-22 16:44:48"}
{"level":"info","message":"🚀 Server running on port 5000","timestamp":"2026-03-22 16:44:48"}
{"level":"info","message":"📍 Environment: development","timestamp":"2026-03-22 16:44:48"}
{"level":"info","message":"🔗 API Base URL: http://localhost:5000/api/v1","timestamp":"2026-03-22 16:44:48"}
{"level":"info","message":"🚀 Server running on port 5000","timestamp":"2026-03-22 16:44:48"}
{"level":"info","message":"📍 Environment: development","timestamp":"2026-03-22 16:44:48"}
{"level":"info","message":"🔗 API Base URL: http://localhost:5000/api/v1","timestamp":"2026-03-22 16:44:48"}
{"level":"info","message":"Attempting to connect to database... (Attempt 1/5)","timestamp":"2026-03-22 16:46:23"}
{"level":"info","message":"✅ Database connection established successfully.","timestamp":"2026-03-22 16:46:23"}
{"level":"info","message":"✅ Database synchronized.","timestamp":"2026-03-22 16:46:24"}
{"level":"info","message":"🚀 Server running on port 5000","timestamp":"2026-03-22 16:46:24"}
{"level":"info","message":"📍 Environment: development","timestamp":"2026-03-22 16:46:24"}
{"level":"info","message":"🔗 API Base URL: http://localhost:5000/api/v1","timestamp":"2026-03-22 16:46:24"}
{"level":"info","message":"Attempting to connect to database... (Attempt 1/5)","timestamp":"2026-03-22 16:46:24"}
{"level":"info","message":"✅ Database connection established successfully.","timestamp":"2026-03-22 16:46:24"}
{"level":"info","message":"✅ Database synchronized.","timestamp":"2026-03-22 16:46:24"}
{"level":"info","message":"🚀 Server running on port 5000","timestamp":"2026-03-22 16:46:24"}
{"level":"info","message":"📍 Environment: development","timestamp":"2026-03-22 16:46:24"}
{"level":"info","message":"🔗 API Base URL: http://localhost:5000/api/v1","timestamp":"2026-03-22 16:46:24"}
{"level":"info","message":"\u001b[0mPOST /api/v1/login \u001b[32m200\u001b[0m 281.351 ms - -\u001b[0m","timestamp":"2026-03-22 16:46:28"}
{"level":"info","message":"\u001b[0mGET /api/v1/organizations/stats \u001b[33m401\u001b[0m 7.046 ms - 44\u001b[0m","timestamp":"2026-03-22 16:46:28"}
{"level":"info","message":"Attempting to connect to database... (Attempt 1/5)","timestamp":"2026-03-22 16:46:41"}
{"level":"info","message":"✅ Database connection established successfully.","timestamp":"2026-03-22 16:46:41"}
{"level":"info","message":"Attempting to connect to database... (Attempt 1/5)","timestamp":"2026-03-22 16:46:42"}
{"level":"info","message":"✅ Database synchronized.","timestamp":"2026-03-22 16:46:42"}
{"level":"info","message":"✅ Database connection established successfully.","timestamp":"2026-03-22 16:46:42"}
{"level":"info","message":"🚀 Server running on port 5000","timestamp":"2026-03-22 16:46:42"}
{"level":"info","message":"📍 Environment: development","timestamp":"2026-03-22 16:46:42"}
{"level":"info","message":"🔗 API Base URL: http://localhost:5000/api/v1","timestamp":"2026-03-22 16:46:42"}
{"level":"info","message":"✅ Database synchronized.","timestamp":"2026-03-22 16:46:42"}
{"level":"info","message":"🚀 Server running on port 5000","timestamp":"2026-03-22 16:46:42"}
{"level":"info","message":"📍 Environment: development","timestamp":"2026-03-22 16:46:42"}
{"level":"info","message":"🔗 API Base URL: http://localhost:5000/api/v1","timestamp":"2026-03-22 16:46:42"}
{"level":"info","message":"\u001b[0mPOST /api/v1/login \u001b[32m200\u001b[0m 247.612 ms - -\u001b[0m","timestamp":"2026-03-22 16:46:49"}
{"level":"info","message":"\u001b[0mGET /api/v1/organizations/stats \u001b[32m200\u001b[0m 68.233 ms - 163\u001b[0m","timestamp":"2026-03-22 16:46:49"}
{"level":"info","message":"\u001b[0mGET /api/v1/settings/global \u001b[33m403\u001b[0m 61.588 ms - 55\u001b[0m","timestamp":"2026-03-22 16:47:00"}
{"level":"info","message":"\u001b[0mGET /api/v1/products?page=1 \u001b[33m403\u001b[0m 64.702 ms - 55\u001b[0m","timestamp":"2026-03-22 16:47:00"}
{"level":"info","message":"\u001b[0mGET /api/v1/products?page=1 \u001b[33m403\u001b[0m 31.721 ms - 55\u001b[0m","timestamp":"2026-03-22 16:47:00"}
{"level":"info","message":"Attempting to connect to database... (Attempt 1/5)","timestamp":"2026-03-22 16:47:33"}
{"level":"info","message":"✅ Database connection established successfully.","timestamp":"2026-03-22 16:47:33"}
{"level":"info","message":"Attempting to connect to database... (Attempt 1/5)","timestamp":"2026-03-22 16:47:33"}
{"level":"info","message":"✅ Database connection established successfully.","timestamp":"2026-03-22 16:47:33"}
{"level":"info","message":"✅ Database synchronized.","timestamp":"2026-03-22 16:47:34"}
{"level":"info","message":"✅ Database synchronized.","timestamp":"2026-03-22 16:47:34"}
{"level":"info","message":"🚀 Server running on port 5000","timestamp":"2026-03-22 16:47:34"}
{"level":"info","message":"📍 Environment: development","timestamp":"2026-03-22 16:47:34"}
{"level":"info","message":"🔗 API Base URL: http://localhost:5000/api/v1","timestamp":"2026-03-22 16:47:34"}
{"level":"info","message":"🚀 Server running on port 5000","timestamp":"2026-03-22 16:47:34"}
{"level":"info","message":"📍 Environment: development","timestamp":"2026-03-22 16:47:34"}
{"level":"info","message":"🔗 API Base URL: http://localhost:5000/api/v1","timestamp":"2026-03-22 16:47:34"}
{"level":"info","message":"Attempting to connect to database... (Attempt 1/5)","timestamp":"2026-03-22 16:47:44"}
{"level":"info","message":"Attempting to connect to database... (Attempt 1/5)","timestamp":"2026-03-22 16:47:44"}
{"level":"info","message":"✅ Database connection established successfully.","timestamp":"2026-03-22 16:47:44"}
{"level":"info","message":"✅ Database connection established successfully.","timestamp":"2026-03-22 16:47:44"}
{"level":"info","message":"✅ Database synchronized.","timestamp":"2026-03-22 16:47:44"}
{"level":"info","message":"✅ Database synchronized.","timestamp":"2026-03-22 16:47:44"}
{"level":"info","message":"🚀 Server running on port 5000","timestamp":"2026-03-22 16:47:44"}
{"level":"info","message":"📍 Environment: development","timestamp":"2026-03-22 16:47:44"}
{"level":"info","message":"🔗 API Base URL: http://localhost:5000/api/v1","timestamp":"2026-03-22 16:47:44"}
{"level":"info","message":"🚀 Server running on port 5000","timestamp":"2026-03-22 16:47:44"}
{"level":"info","message":"📍 Environment: development","timestamp":"2026-03-22 16:47:44"}
{"level":"info","message":"🔗 API Base URL: http://localhost:5000/api/v1","timestamp":"2026-03-22 16:47:44"}
{"level":"info","message":"\u001b[0mPOST /api/v1/login \u001b[32m200\u001b[0m 311.213 ms - -\u001b[0m","timestamp":"2026-03-22 16:48:40"}
{"level":"info","message":"\u001b[0mGET /api/v1/me \u001b[32m200\u001b[0m 67.185 ms - -\u001b[0m","timestamp":"2026-03-22 16:48:40"}
{"level":"info","message":"\u001b[0mGET /api/v1/settings/global \u001b[32m200\u001b[0m 286.268 ms - -\u001b[0m","timestamp":"2026-03-22 16:48:41"}
{"level":"info","message":"\u001b[0mGET /api/v1/products?page=1 \u001b[32m200\u001b[0m 189.300 ms - -\u001b[0m","timestamp":"2026-03-22 16:48:41"}
{"level":"info","message":"\u001b[0mGET /api/v1/products?page=1 \u001b[36m304\u001b[0m 196.073 ms - -\u001b[0m","timestamp":"2026-03-22 16:48:42"}
{"level":"info","message":"\u001b[0mGET /api/v1/common/bulk-options \u001b[32m200\u001b[0m 344.311 ms - -\u001b[0m","timestamp":"2026-03-22 16:49:06"}
{"level":"info","message":"\u001b[0mGET /api/v1/suppliers/active/list \u001b[32m200\u001b[0m 347.631 ms - -\u001b[0m","timestamp":"2026-03-22 16:49:06"}
{"level":"info","message":"\u001b[0mGET /api/v1/suppliers/active/list \u001b[36m304\u001b[0m 139.656 ms - -\u001b[0m","timestamp":"2026-03-22 16:49:06"}
{"level":"info","message":"\u001b[0mGET /api/v1/common/bulk-options \u001b[36m304\u001b[0m 157.257 ms - -\u001b[0m","timestamp":"2026-03-22 16:49:06"}
{"level":"info","message":"\u001b[0mGET /api/v1/products/active/list \u001b[32m200\u001b[0m 172.470 ms - -\u001b[0m","timestamp":"2026-03-22 16:50:37"}
{"level":"info","message":"\u001b[0mGET /api/v1/products/active/list \u001b[36m304\u001b[0m 128.209 ms - -\u001b[0m","timestamp":"2026-03-22 16:50:37"}
{"level":"info","message":"\u001b[0mGET /api/v1/products/active/list \u001b[36m304\u001b[0m 105.679 ms - -\u001b[0m","timestamp":"2026-03-22 16:50:42"}
{"level":"info","message":"\u001b[0mGET /api/v1/products/active/list \u001b[36m304\u001b[0m 82.571 ms - -\u001b[0m","timestamp":"2026-03-22 16:50:43"}
{"level":"info","message":"\u001b[0mGET /api/v1/products/8119883f-10c3-41cd-90fc-9e9c373a6329 \u001b[32m200\u001b[0m 124.740 ms - -\u001b[0m","timestamp":"2026-03-22 16:50:48"}
{"level":"info","message":"\u001b[0mGET /api/v1/products?size=2000 \u001b[32m200\u001b[0m 179.954 ms - -\u001b[0m","timestamp":"2026-03-22 16:51:45"}
{"level":"info","message":"\u001b[0mGET /api/v1/products?size=2000 \u001b[36m304\u001b[0m 219.022 ms - -\u001b[0m","timestamp":"2026-03-22 16:51:45"}
{"level":"info","message":"\u001b[0mGET /api/v1/settings/global \u001b[36m304\u001b[0m 360.519 ms - -\u001b[0m","timestamp":"2026-03-22 16:51:45"}
{"level":"info","message":"\u001b[0mGET /api/v1/stocks?page=1&size=500 \u001b[32m200\u001b[0m 228.102 ms - 766\u001b[0m","timestamp":"2026-03-22 16:52:53"}
{"level":"info","message":"\u001b[0mGET /api/v1/branches \u001b[32m200\u001b[0m 239.694 ms - 631\u001b[0m","timestamp":"2026-03-22 16:52:53"}
{"level":"info","message":"\u001b[0mGET /api/v1/stocks?page=1&size=500 \u001b[36m304\u001b[0m 129.192 ms - -\u001b[0m","timestamp":"2026-03-22 16:52:53"}
{"level":"info","message":"\u001b[0mGET /api/v1/branches \u001b[36m304\u001b[0m 212.013 ms - -\u001b[0m","timestamp":"2026-03-22 16:52:53"}
{"level":"info","message":"\u001b[0mGET /api/v1/products?page=1 \u001b[36m304\u001b[0m 125.301 ms - -\u001b[0m","timestamp":"2026-03-22 16:53:01"}
{"level":"info","message":"\u001b[0mGET /api/v1/products?page=1 \u001b[36m304\u001b[0m 181.676 ms - -\u001b[0m","timestamp":"2026-03-22 16:53:01"}
{"level":"info","message":"\u001b[0mGET /api/v1/suppliers \u001b[36m304\u001b[0m 214.505 ms - -\u001b[0m","timestamp":"2026-03-22 16:53:34"}
{"level":"info","message":"\u001b[0mGET /api/v1/suppliers \u001b[36m304\u001b[0m 150.840 ms - -\u001b[0m","timestamp":"2026-03-22 16:53:34"}
{"level":"info","message":"\u001b[0mGET /api/v1/purchase-orders \u001b[32m200\u001b[0m 78.241 ms - -\u001b[0m","timestamp":"2026-03-22 16:53:38"}
{"level":"info","message":"\u001b[0mGET /api/v1/purchase-orders \u001b[36m304\u001b[0m 72.385 ms - -\u001b[0m","timestamp":"2026-03-22 16:53:38"}
{"level":"info","message":"\u001b[0mGET /api/v1/products/active/list \u001b[36m304\u001b[0m 241.957 ms - -\u001b[0m","timestamp":"2026-03-22 16:53:44"}
{"level":"info","message":"\u001b[0mGET /api/v1/suppliers/active/list \u001b[36m304\u001b[0m 273.739 ms - -\u001b[0m","timestamp":"2026-03-22 16:53:44"}
{"level":"info","message":"\u001b[0mGET /api/v1/products/active/list \u001b[36m304\u001b[0m 108.021 ms - -\u001b[0m","timestamp":"2026-03-22 16:53:44"}
{"level":"info","message":"\u001b[0mGET /api/v1/suppliers/active/list \u001b[36m304\u001b[0m 147.912 ms - -\u001b[0m","timestamp":"2026-03-22 16:53:44"}
{"level":"info","message":"\u001b[0mGET /api/v1/branches/active/list \u001b[36m304\u001b[0m 60.987 ms - -\u001b[0m","timestamp":"2026-03-22 16:53:44"}
{"level":"info","message":"\u001b[0mGET /api/v1/branches/active/list \u001b[36m304\u001b[0m 69.150 ms - -\u001b[0m","timestamp":"2026-03-22 16:53:44"}
{"level":"info","message":"\u001b[0mGET /api/v1/purchase-orders \u001b[36m304\u001b[0m 54.640 ms - -\u001b[0m","timestamp":"2026-03-22 16:53:47"}
{"level":"info","message":"\u001b[0mGET /api/v1/purchase-orders \u001b[36m304\u001b[0m 66.516 ms - -\u001b[0m","timestamp":"2026-03-22 16:53:47"}
{"level":"info","message":"\u001b[0mGET /api/v1/suppliers?size=100 \u001b[36m304\u001b[0m 88.516 ms - -\u001b[0m","timestamp":"2026-03-22 16:54:01"}
{"level":"info","message":"\u001b[0mGET /api/v1/suppliers/grn?page=1&size=10 \u001b[36m304\u001b[0m 155.894 ms - -\u001b[0m","timestamp":"2026-03-22 16:54:01"}
{"level":"info","message":"\u001b[0mGET /api/v1/suppliers?size=100 \u001b[36m304\u001b[0m 135.699 ms - -\u001b[0m","timestamp":"2026-03-22 16:54:01"}
{"level":"info","message":"\u001b[0mGET /api/v1/suppliers/grn?page=1&size=10 \u001b[36m304\u001b[0m 126.131 ms - -\u001b[0m","timestamp":"2026-03-22 16:54:01"}
{"level":"info","message":"\u001b[0mGET /api/v1/suppliers/grn/94fec095-d663-4db8-8599-a627e9e0a3f4 \u001b[32m200\u001b[0m 85.155 ms - 985\u001b[0m","timestamp":"2026-03-22 16:54:11"}
{"level":"info","message":"\u001b[0mGET /api/v1/suppliers/grn/94fec095-d663-4db8-8599-a627e9e0a3f4 \u001b[36m304\u001b[0m 111.343 ms - -\u001b[0m","timestamp":"2026-03-22 16:54:12"}
{"level":"info","message":"\u001b[0mGET /api/v1/purchase-returns \u001b[36m304\u001b[0m 193.318 ms - -\u001b[0m","timestamp":"2026-03-22 16:54:21"}
{"level":"info","message":"\u001b[0mGET /api/v1/purchase-returns \u001b[36m304\u001b[0m 102.332 ms - -\u001b[0m","timestamp":"2026-03-22 16:54:21"}
{"level":"info","message":"\u001b[0mGET /api/v1/sales?start_date=2026-02-20&end_date=2026-03-22&status=completed \u001b[32m200\u001b[0m 138.089 ms - -\u001b[0m","timestamp":"2026-03-22 16:54:31"}
{"level":"info","message":"\u001b[0mGET /api/v1/settings/global \u001b[36m304\u001b[0m 113.541 ms - -\u001b[0m","timestamp":"2026-03-22 16:54:32"}
{"level":"info","message":"\u001b[0mGET /api/v1/sales?start_date=2026-02-20&end_date=2026-03-22&status=completed \u001b[36m304\u001b[0m 117.442 ms - -\u001b[0m","timestamp":"2026-03-22 16:54:32"}
{"level":"info","message":"\u001b[0mGET /api/v1/reports/sales/returns?start_date=2026-02-20&end_date=2026-03-22 \u001b[32m200\u001b[0m 137.237 ms - 184\u001b[0m","timestamp":"2026-03-22 16:54:37"}
{"level":"info","message":"\u001b[0mGET /api/v1/settings/global \u001b[36m304\u001b[0m 217.767 ms - -\u001b[0m","timestamp":"2026-03-22 16:54:37"}
{"level":"info","message":"\u001b[0mGET /api/v1/reports/sales/returns?start_date=2026-02-20&end_date=2026-03-22 \u001b[36m304\u001b[0m 115.886 ms - -\u001b[0m","timestamp":"2026-03-22 16:54:37"}
{"level":"info","message":"\u001b[0mGET /api/v1/customers \u001b[32m200\u001b[0m 115.009 ms - 749\u001b[0m","timestamp":"2026-03-22 16:54:42"}
{"level":"info","message":"\u001b[0mGET /api/v1/customers \u001b[36m304\u001b[0m 85.105 ms - -\u001b[0m","timestamp":"2026-03-22 16:54:42"}
{"level":"info","message":"\u001b[0mGET /api/v1/settings/global \u001b[36m304\u001b[0m 62.057 ms - -\u001b[0m","timestamp":"2026-03-22 16:54:42"}
{"level":"info","message":"\u001b[0mGET /api/v1/settings/global \u001b[36m304\u001b[0m 92.226 ms - -\u001b[0m","timestamp":"2026-03-22 16:54:52"}
{"level":"info","message":"\u001b[0mGET /api/v1/expenses \u001b[32m200\u001b[0m 183.545 ms - -\u001b[0m","timestamp":"2026-03-22 16:54:52"}
{"level":"info","message":"\u001b[0mGET /api/v1/expenses \u001b[36m304\u001b[0m 64.292 ms - -\u001b[0m","timestamp":"2026-03-22 16:54:52"}
{"level":"info","message":"\u001b[0mGET /api/v1/accounts \u001b[36m304\u001b[0m 203.362 ms - -\u001b[0m","timestamp":"2026-03-22 16:54:55"}
{"level":"info","message":"\u001b[0mGET /api/v1/accounts \u001b[36m304\u001b[0m 88.104 ms - -\u001b[0m","timestamp":"2026-03-22 16:54:55"}
{"level":"info","message":"\u001b[0mGET /api/v1/accounts \u001b[36m304\u001b[0m 98.845 ms - -\u001b[0m","timestamp":"2026-03-22 16:54:59"}
{"level":"info","message":"\u001b[0mGET /api/v1/accounts \u001b[36m304\u001b[0m 63.309 ms - -\u001b[0m","timestamp":"2026-03-22 16:54:59"}
{"level":"info","message":"\u001b[0mGET /api/v1/customers/active/list \u001b[32m200\u001b[0m 119.290 ms - 684\u001b[0m","timestamp":"2026-03-22 16:55:08"}
{"level":"info","message":"\u001b[0mGET /api/v1/customers/active/list \u001b[36m304\u001b[0m 156.384 ms - -\u001b[0m","timestamp":"2026-03-22 16:55:08"}
{"level":"info","message":"\u001b[0mGET /api/v1/cheques \u001b[36m304\u001b[0m 152.237 ms - -\u001b[0m","timestamp":"2026-03-22 16:55:13"}
{"level":"info","message":"\u001b[0mGET /api/v1/accounts \u001b[36m304\u001b[0m 207.937 ms - -\u001b[0m","timestamp":"2026-03-22 16:55:13"}
{"level":"info","message":"\u001b[0mGET /api/v1/cheques \u001b[36m304\u001b[0m 116.971 ms - -\u001b[0m","timestamp":"2026-03-22 16:55:14"}
{"level":"info","message":"\u001b[0mGET /api/v1/accounts \u001b[36m304\u001b[0m 151.058 ms - -\u001b[0m","timestamp":"2026-03-22 16:55:14"}
{"level":"info","message":"\u001b[0mGET /api/v1/reports/finance/trial-balance \u001b[36m304\u001b[0m 210.921 ms - -\u001b[0m","timestamp":"2026-03-22 16:55:19"}
{"level":"info","message":"\u001b[0mGET /api/v1/reports/finance/capital-balance \u001b[36m304\u001b[0m 428.430 ms - -\u001b[0m","timestamp":"2026-03-22 16:55:19"}
{"level":"info","message":"\u001b[0mGET /api/v1/reports/finance/profit-loss \u001b[32m200\u001b[0m 454.113 ms - 203\u001b[0m","timestamp":"2026-03-22 16:55:20"}
{"level":"info","message":"\u001b[0mGET /api/v1/reports/finance/trial-balance \u001b[36m304\u001b[0m 180.595 ms - -\u001b[0m","timestamp":"2026-03-22 16:55:20"}
{"level":"info","message":"\u001b[0mGET /api/v1/reports/finance/capital-balance \u001b[36m304\u001b[0m 135.189 ms - -\u001b[0m","timestamp":"2026-03-22 16:55:20"}
{"level":"info","message":"\u001b[0mGET /api/v1/reports/finance/profit-loss \u001b[36m304\u001b[0m 113.797 ms - -\u001b[0m","timestamp":"2026-03-22 16:55:20"}
{"level":"info","message":"\u001b[0mGET /api/v1/reports/stocks/summary \u001b[32m200\u001b[0m 205.054 ms - 660\u001b[0m","timestamp":"2026-03-22 16:55:32"}
{"level":"info","message":"\u001b[0mGET /api/v1/reports/stocks/low-stock \u001b[32m200\u001b[0m 267.327 ms - 80\u001b[0m","timestamp":"2026-03-22 16:55:32"}
{"level":"info","message":"\u001b[0mGET /api/v1/settings/global \u001b[36m304\u001b[0m 333.085 ms - -\u001b[0m","timestamp":"2026-03-22 16:55:32"}
{"level":"info","message":"\u001b[0mGET /api/v1/reports/stocks/summary \u001b[36m304\u001b[0m 179.703 ms - -\u001b[0m","timestamp":"2026-03-22 16:55:33"}
{"level":"info","message":"\u001b[0mGET /api/v1/reports/stocks/low-stock \u001b[36m304\u001b[0m 170.439 ms - -\u001b[0m","timestamp":"2026-03-22 16:55:33"}
{"level":"info","message":"\u001b[0mGET /api/v1/settings/global \u001b[36m304\u001b[0m 107.078 ms - -\u001b[0m","timestamp":"2026-03-22 16:55:51"}
{"level":"info","message":"\u001b[0mGET /api/v1/reports/stocks/value \u001b[32m200\u001b[0m 172.091 ms - 429\u001b[0m","timestamp":"2026-03-22 16:55:51"}
{"level":"info","message":"\u001b[0mGET /api/v1/reports/stocks/value \u001b[36m304\u001b[0m 162.626 ms - -\u001b[0m","timestamp":"2026-03-22 16:55:51"}
{"level":"info","message":"\u001b[0mGET /api/v1/settings/global \u001b[36m304\u001b[0m 319.640 ms - -\u001b[0m","timestamp":"2026-03-22 16:55:56"}
{"level":"info","message":"\u001b[0mGET /api/v1/reports/stocks/low-stock \u001b[36m304\u001b[0m 237.477 ms - -\u001b[0m","timestamp":"2026-03-22 16:55:56"}
{"level":"info","message":"\u001b[0mGET /api/v1/reports/stocks/low-stock \u001b[36m304\u001b[0m 164.121 ms - -\u001b[0m","timestamp":"2026-03-22 16:55:56"}
{"level":"info","message":"\u001b[0mGET /api/v1/settings/global \u001b[36m304\u001b[0m 287.626 ms - -\u001b[0m","timestamp":"2026-03-22 16:55:58"}
{"level":"info","message":"\u001b[0mGET /api/v1/sub-categories \u001b[32m200\u001b[0m 168.785 ms - -\u001b[0m","timestamp":"2026-03-22 16:55:58"}
{"level":"info","message":"\u001b[0mGET /api/v1/branches/active/list \u001b[36m304\u001b[0m 442.770 ms - -\u001b[0m","timestamp":"2026-03-22 16:55:58"}
{"level":"info","message":"\u001b[0mGET /api/v1/main-categories/active/list \u001b[32m200\u001b[0m 568.683 ms - -\u001b[0m","timestamp":"2026-03-22 16:55:58"}
{"level":"info","message":"\u001b[0mGET /api/v1/reports/stocks/summary?branch_id=all&main_category_id=all&sub_category_id=all \u001b[32m200\u001b[0m 791.393 ms - 660\u001b[0m","timestamp":"2026-03-22 16:55:58"}
{"level":"info","message":"\u001b[0mGET /api/v1/sub-categories \u001b[36m304\u001b[0m 245.254 ms - -\u001b[0m","timestamp":"2026-03-22 16:55:58"}
{"level":"info","message":"\u001b[0mGET /api/v1/branches/active/list \u001b[36m304\u001b[0m 299.270 ms - -\u001b[0m","timestamp":"2026-03-22 16:55:58"}
{"level":"info","message":"\u001b[0mGET /api/v1/main-categories/active/list \u001b[36m304\u001b[0m 288.031 ms - -\u001b[0m","timestamp":"2026-03-22 16:55:58"}
{"level":"info","message":"\u001b[0mGET /api/v1/reports/stocks/summary?branch_id=all&main_category_id=all&sub_category_id=all \u001b[36m304\u001b[0m 158.054 ms - -\u001b[0m","timestamp":"2026-03-22 16:55:58"}
{"level":"info","message":"\u001b[0mGET /api/v1/settings/general \u001b[36m304\u001b[0m 108.623 ms - -\u001b[0m","timestamp":"2026-03-22 16:56:20"}
{"level":"info","message":"\u001b[0mGET /api/v1/permissions?per_page=200 \u001b[33m404\u001b[0m 121.496 ms - 46\u001b[0m","timestamp":"2026-03-22 16:56:23"}
{"level":"info","message":"\u001b[0mGET /api/v1/users \u001b[32m200\u001b[0m 150.622 ms - -\u001b[0m","timestamp":"2026-03-22 16:56:23"}
{"level":"info","message":"\u001b[0mGET /api/v1/permissions?per_page=200 \u001b[33m404\u001b[0m 169.022 ms - 46\u001b[0m","timestamp":"2026-03-22 16:56:23"}
{"level":"info","message":"\u001b[0mGET /api/v1/roles \u001b[32m200\u001b[0m 243.585 ms - -\u001b[0m","timestamp":"2026-03-22 16:56:23"}
{"level":"info","message":"\u001b[0mGET /api/v1/branches \u001b[36m304\u001b[0m 330.499 ms - -\u001b[0m","timestamp":"2026-03-22 16:56:23"}
{"level":"info","message":"\u001b[0mGET /api/v1/users \u001b[36m304\u001b[0m 143.999 ms - -\u001b[0m","timestamp":"2026-03-22 16:56:23"}
{"level":"info","message":"\u001b[0mGET /api/v1/branches \u001b[36m304\u001b[0m 299.386 ms - -\u001b[0m","timestamp":"2026-03-22 16:56:23"}
{"level":"info","message":"\u001b[0mGET /api/v1/roles \u001b[36m304\u001b[0m 361.812 ms - -\u001b[0m","timestamp":"2026-03-22 16:56:24"}
{"level":"info","message":"\u001b[0mGET /api/v1/users \u001b[36m304\u001b[0m 165.228 ms - -\u001b[0m","timestamp":"2026-03-22 16:56:47"}
{"level":"info","message":"\u001b[0mGET /api/v1/users \u001b[36m304\u001b[0m 165.361 ms - -\u001b[0m","timestamp":"2026-03-22 16:56:47"}
{"level":"info","message":"\u001b[0mGET /api/v1/organizations \u001b[32m200\u001b[0m 152.880 ms - -\u001b[0m","timestamp":"2026-03-22 16:56:50"}
{"level":"info","message":"\u001b[0mGET /api/v1/organizations \u001b[36m304\u001b[0m 127.631 ms - -\u001b[0m","timestamp":"2026-03-22 16:56:50"}
{"level":"info","message":"\nSIGINT received. Starting graceful shutdown...","timestamp":"2026-03-22 20:24:00"}
