{"level":"info","message":"\u001b[0mGET /api/v1/suppliers/6beb3d0b-e924-424c-8846-b4482fdf0e92/ledger \u001b[36m304\u001b[0m 97.753 ms - -\u001b[0m","timestamp":"2026-04-04 00:18:50"}
{"level":"info","message":"\u001b[0mGET /api/v1/suppliers/6beb3d0b-e924-424c-8846-b4482fdf0e92/ledger \u001b[36m304\u001b[0m 82.535 ms - -\u001b[0m","timestamp":"2026-04-04 00:18:50"}
{"level":"info","message":"\u001b[0mGET /api/v1/suppliers/6beb3d0b-e924-424c-8846-b4482fdf0e92/ledger \u001b[36m304\u001b[0m 104.970 ms - -\u001b[0m","timestamp":"2026-04-04 00:18:54"}
{"level":"info","message":"\u001b[0mGET /api/v1/suppliers/6beb3d0b-e924-424c-8846-b4482fdf0e92/ledger \u001b[36m304\u001b[0m 65.738 ms - -\u001b[0m","timestamp":"2026-04-04 00:18:54"}
{"level":"info","message":"\u001b[0mGET /api/v1/suppliers/6beb3d0b-e924-424c-8846-b4482fdf0e92/ledger \u001b[36m304\u001b[0m 59.404 ms - -\u001b[0m","timestamp":"2026-04-04 00:18:59"}
{"level":"info","message":"\u001b[0mGET /api/v1/suppliers/6beb3d0b-e924-424c-8846-b4482fdf0e92/ledger \u001b[36m304\u001b[0m 80.401 ms - -\u001b[0m","timestamp":"2026-04-04 00:18:59"}
{"level":"info","message":"\u001b[0mGET /api/v1/purchase-orders \u001b[36m304\u001b[0m 73.889 ms - -\u001b[0m","timestamp":"2026-04-04 00:19:05"}
{"level":"info","message":"\u001b[0mGET /api/v1/purchase-orders \u001b[36m304\u001b[0m 93.431 ms - -\u001b[0m","timestamp":"2026-04-04 00:19:05"}
{"level":"info","message":"\u001b[0mGET /api/v1/settings/global \u001b[36m304\u001b[0m 113.659 ms - -\u001b[0m","timestamp":"2026-04-04 00:19:32"}
{"level":"info","message":"\u001b[0mGET /api/v1/purchase-orders \u001b[36m304\u001b[0m 96.164 ms - -\u001b[0m","timestamp":"2026-04-04 00:19:32"}
{"level":"info","message":"\u001b[0mGET /api/v1/purchase-orders \u001b[36m304\u001b[0m 93.470 ms - -\u001b[0m","timestamp":"2026-04-04 00:19:32"}
{"level":"info","message":"\u001b[0mGET /api/v1/purchase-orders/e02afac5-4ddb-4f69-b9ad-e502c46f716e \u001b[32m200\u001b[0m 97.713 ms - -\u001b[0m","timestamp":"2026-04-04 00:19:54"}
{"level":"info","message":"\u001b[0mGET /api/v1/purchase-orders/e02afac5-4ddb-4f69-b9ad-e502c46f716e \u001b[36m304\u001b[0m 87.184 ms - -\u001b[0m","timestamp":"2026-04-04 00:19:54"}
{"level":"info","message":"\u001b[0mGET /api/v1/suppliers/grn/94fec095-d663-4db8-8599-a627e9e0a3f4 \u001b[32m200\u001b[0m 101.406 ms - 985\u001b[0m","timestamp":"2026-04-04 00:20:10"}
{"level":"info","message":"\u001b[0mGET /api/v1/suppliers/grn/94fec095-d663-4db8-8599-a627e9e0a3f4 \u001b[36m304\u001b[0m 97.668 ms - -\u001b[0m","timestamp":"2026-04-04 00:20:10"}
{"level":"info","message":"\u001b[0mGET /api/v1/purchase-orders/e02afac5-4ddb-4f69-b9ad-e502c46f716e \u001b[36m304\u001b[0m 91.978 ms - -\u001b[0m","timestamp":"2026-04-04 00:36:10"}
{"level":"info","message":"\u001b[0mGET /api/v1/purchase-orders/e02afac5-4ddb-4f69-b9ad-e502c46f716e \u001b[36m304\u001b[0m 135.667 ms - -\u001b[0m","timestamp":"2026-04-04 00:36:10"}
{"level":"info","message":"\u001b[0mGET /api/v1/purchase-orders \u001b[36m304\u001b[0m 67.190 ms - -\u001b[0m","timestamp":"2026-04-04 00:36:15"}
{"level":"info","message":"\u001b[0mGET /api/v1/purchase-orders \u001b[36m304\u001b[0m 104.558 ms - -\u001b[0m","timestamp":"2026-04-04 00:36:15"}
{"level":"info","message":"\u001b[0mPOST /api/v1/refresh \u001b[32m200\u001b[0m 38.515 ms - 466\u001b[0m","timestamp":"2026-04-04 01:24:12"}
{"level":"info","message":"\u001b[0mGET /api/v1/settings/global \u001b[36m304\u001b[0m 114.448 ms - -\u001b[0m","timestamp":"2026-04-04 01:24:12"}
{"level":"info","message":"\u001b[0mGET /api/v1/suppliers/active/list \u001b[36m304\u001b[0m 239.949 ms - -\u001b[0m","timestamp":"2026-04-04 01:24:13"}
{"level":"info","message":"\u001b[0mGET /api/v1/products/active/list \u001b[36m304\u001b[0m 186.915 ms - -\u001b[0m","timestamp":"2026-04-04 01:24:13"}
{"level":"info","message":"\u001b[0mGET /api/v1/suppliers/active/list \u001b[36m304\u001b[0m 98.178 ms - -\u001b[0m","timestamp":"2026-04-04 01:24:13"}
{"level":"info","message":"\u001b[0mGET /api/v1/products/active/list \u001b[36m304\u001b[0m 113.671 ms - -\u001b[0m","timestamp":"2026-04-04 01:24:13"}
{"level":"info","message":"\u001b[0mGET /api/v1/branches/active/list \u001b[36m304\u001b[0m 97.774 ms - -\u001b[0m","timestamp":"2026-04-04 01:24:13"}
{"level":"info","message":"\u001b[0mGET /api/v1/branches/active/list \u001b[36m304\u001b[0m 60.032 ms - -\u001b[0m","timestamp":"2026-04-04 01:24:13"}
{"level":"info","message":"\u001b[0mGET /api/v1/settings/global \u001b[36m304\u001b[0m 319.271 ms - -\u001b[0m","timestamp":"2026-04-04 01:27:17"}
{"level":"info","message":"\u001b[0mGET /api/v1/purchase-orders \u001b[36m304\u001b[0m 322.274 ms - -\u001b[0m","timestamp":"2026-04-04 01:27:17"}
{"level":"info","message":"\u001b[0mGET /api/v1/purchase-orders \u001b[36m304\u001b[0m 94.416 ms - -\u001b[0m","timestamp":"2026-04-04 01:27:17"}
{"level":"info","message":"\u001b[0mGET /api/v1/suppliers?size=100 \u001b[36m304\u001b[0m 160.261 ms - -\u001b[0m","timestamp":"2026-04-04 01:27:21"}
{"level":"info","message":"\u001b[0mGET /api/v1/suppliers/grn?page=1&size=10 \u001b[36m304\u001b[0m 162.172 ms - -\u001b[0m","timestamp":"2026-04-04 01:27:21"}
{"level":"info","message":"\u001b[0mGET /api/v1/suppliers?size=100 \u001b[36m304\u001b[0m 162.421 ms - -\u001b[0m","timestamp":"2026-04-04 01:27:22"}
{"level":"info","message":"\u001b[0mGET /api/v1/suppliers/grn?page=1&size=10 \u001b[36m304\u001b[0m 170.899 ms - -\u001b[0m","timestamp":"2026-04-04 01:27:22"}
{"level":"info","message":"\u001b[0mGET /api/v1/purchase-orders \u001b[36m304\u001b[0m 60.664 ms - -\u001b[0m","timestamp":"2026-04-04 01:27:23"}
{"level":"info","message":"\u001b[0mGET /api/v1/purchase-orders \u001b[36m304\u001b[0m 80.804 ms - -\u001b[0m","timestamp":"2026-04-04 01:27:23"}
{"level":"info","message":"\u001b[0mGET /api/v1/suppliers/grn?page=1&size=10 \u001b[36m304\u001b[0m 124.671 ms - -\u001b[0m","timestamp":"2026-04-04 01:27:25"}
{"level":"info","message":"\u001b[0mGET /api/v1/suppliers?size=100 \u001b[36m304\u001b[0m 129.678 ms - -\u001b[0m","timestamp":"2026-04-04 01:27:25"}
{"level":"info","message":"\u001b[0mGET /api/v1/suppliers/grn?page=1&size=10 \u001b[36m304\u001b[0m 173.802 ms - -\u001b[0m","timestamp":"2026-04-04 01:27:25"}
{"level":"info","message":"\u001b[0mGET /api/v1/suppliers?size=100 \u001b[36m304\u001b[0m 180.293 ms - -\u001b[0m","timestamp":"2026-04-04 01:27:25"}
{"level":"info","message":"\u001b[0mGET /api/v1/purchase-orders \u001b[36m304\u001b[0m 87.962 ms - -\u001b[0m","timestamp":"2026-04-04 01:27:26"}
{"level":"info","message":"\u001b[0mGET /api/v1/purchase-orders \u001b[36m304\u001b[0m 90.672 ms - -\u001b[0m","timestamp":"2026-04-04 01:27:26"}
{"level":"info","message":"\u001b[0mGET /api/v1/suppliers?size=100 \u001b[36m304\u001b[0m 128.509 ms - -\u001b[0m","timestamp":"2026-04-04 01:27:28"}
{"level":"info","message":"\u001b[0mGET /api/v1/suppliers/grn?page=1&size=10 \u001b[36m304\u001b[0m 143.914 ms - -\u001b[0m","timestamp":"2026-04-04 01:27:28"}
{"level":"info","message":"\u001b[0mGET /api/v1/suppliers?size=100 \u001b[36m304\u001b[0m 108.624 ms - -\u001b[0m","timestamp":"2026-04-04 01:27:28"}
{"level":"info","message":"\u001b[0mGET /api/v1/suppliers/grn?page=1&size=10 \u001b[36m304\u001b[0m 143.459 ms - -\u001b[0m","timestamp":"2026-04-04 01:27:28"}
{"level":"info","message":"\u001b[0mGET /api/v1/purchase-orders \u001b[36m304\u001b[0m 105.555 ms - -\u001b[0m","timestamp":"2026-04-04 01:27:31"}
{"level":"info","message":"\u001b[0mGET /api/v1/purchase-orders \u001b[36m304\u001b[0m 132.841 ms - -\u001b[0m","timestamp":"2026-04-04 01:27:31"}
{"level":"info","message":"\u001b[0mGET /api/v1/suppliers?size=100 \u001b[36m304\u001b[0m 113.121 ms - -\u001b[0m","timestamp":"2026-04-04 01:27:33"}
{"level":"info","message":"\u001b[0mGET /api/v1/suppliers/grn?page=1&size=10 \u001b[36m304\u001b[0m 116.929 ms - -\u001b[0m","timestamp":"2026-04-04 01:27:33"}
{"level":"info","message":"\u001b[0mGET /api/v1/suppliers?size=100 \u001b[36m304\u001b[0m 146.820 ms - -\u001b[0m","timestamp":"2026-04-04 01:27:33"}
{"level":"info","message":"\u001b[0mGET /api/v1/suppliers/grn?page=1&size=10 \u001b[36m304\u001b[0m 152.311 ms - -\u001b[0m","timestamp":"2026-04-04 01:27:33"}
{"level":"info","message":"\u001b[0mGET /api/v1/settings/global \u001b[36m304\u001b[0m 403.860 ms - -\u001b[0m","timestamp":"2026-04-04 01:35:27"}
{"level":"info","message":"\u001b[0mGET /api/v1/suppliers/grn?page=1&size=10 \u001b[36m304\u001b[0m 420.058 ms - -\u001b[0m","timestamp":"2026-04-04 01:35:27"}
{"level":"info","message":"\u001b[0mGET /api/v1/suppliers?size=100 \u001b[36m304\u001b[0m 433.106 ms - -\u001b[0m","timestamp":"2026-04-04 01:35:27"}
{"level":"info","message":"\u001b[0mGET /api/v1/suppliers/grn?page=1&size=10 \u001b[36m304\u001b[0m 119.081 ms - -\u001b[0m","timestamp":"2026-04-04 01:35:27"}
{"level":"info","message":"\u001b[0mGET /api/v1/suppliers?size=100 \u001b[36m304\u001b[0m 306.928 ms - -\u001b[0m","timestamp":"2026-04-04 01:35:27"}
{"level":"info","message":"\u001b[0mGET /api/v1/suppliers/grn?page=1&size=10 \u001b[36m304\u001b[0m 324.497 ms - -\u001b[0m","timestamp":"2026-04-04 01:36:29"}
{"level":"info","message":"\u001b[0mGET /api/v1/suppliers?size=100 \u001b[36m304\u001b[0m 335.785 ms - -\u001b[0m","timestamp":"2026-04-04 01:36:29"}
{"level":"info","message":"\u001b[0mGET /api/v1/suppliers?size=100 \u001b[36m304\u001b[0m 213.739 ms - -\u001b[0m","timestamp":"2026-04-04 01:36:30"}
{"level":"info","message":"\u001b[0mGET /api/v1/suppliers/grn?page=1&size=10 \u001b[36m304\u001b[0m 384.671 ms - -\u001b[0m","timestamp":"2026-04-04 01:36:30"}
{"level":"info","message":"\u001b[0mGET /api/v1/suppliers/grn?page=1&size=10&start_date=2026-04-08 \u001b[32m200\u001b[0m 38.295 ms - 809\u001b[0m","timestamp":"2026-04-04 01:36:37"}
{"level":"info","message":"\u001b[0mGET /api/v1/suppliers/grn?page=1&size=10 \u001b[36m304\u001b[0m 613.476 ms - -\u001b[0m","timestamp":"2026-04-04 01:41:47"}
{"level":"info","message":"\u001b[0mGET /api/v1/suppliers?size=200 \u001b[32m200\u001b[0m 636.998 ms - -\u001b[0m","timestamp":"2026-04-04 01:41:47"}
{"level":"info","message":"\u001b[0mGET /api/v1/settings/global \u001b[36m304\u001b[0m 372.333 ms - -\u001b[0m","timestamp":"2026-04-04 01:42:36"}
{"level":"info","message":"\u001b[0mGET /api/v1/suppliers?size=200 \u001b[36m304\u001b[0m 399.868 ms - -\u001b[0m","timestamp":"2026-04-04 01:42:36"}
{"level":"info","message":"\u001b[0mGET /api/v1/suppliers/grn?page=1&size=10 \u001b[36m304\u001b[0m 460.527 ms - -\u001b[0m","timestamp":"2026-04-04 01:42:36"}
{"level":"info","message":"\u001b[0mGET /api/v1/suppliers?size=200 \u001b[36m304\u001b[0m 87.125 ms - -\u001b[0m","timestamp":"2026-04-04 01:42:36"}
{"level":"info","message":"\u001b[0mGET /api/v1/suppliers/grn?page=1&size=10 \u001b[36m304\u001b[0m 148.226 ms - -\u001b[0m","timestamp":"2026-04-04 01:42:36"}
{"level":"info","message":"\u001b[0mGET /api/v1/settings/global \u001b[36m304\u001b[0m 121.211 ms - -\u001b[0m","timestamp":"2026-04-04 01:42:51"}
{"level":"info","message":"\u001b[0mGET /api/v1/suppliers?size=200 \u001b[36m304\u001b[0m 156.583 ms - -\u001b[0m","timestamp":"2026-04-04 01:42:51"}
{"level":"info","message":"\u001b[0mGET /api/v1/suppliers/grn?page=1&size=10 \u001b[36m304\u001b[0m 213.220 ms - -\u001b[0m","timestamp":"2026-04-04 01:42:51"}
{"level":"info","message":"\u001b[0mGET /api/v1/suppliers?size=200 \u001b[36m304\u001b[0m 147.955 ms - -\u001b[0m","timestamp":"2026-04-04 01:42:51"}
{"level":"info","message":"\u001b[0mGET /api/v1/suppliers/grn?page=1&size=10 \u001b[36m304\u001b[0m 192.949 ms - -\u001b[0m","timestamp":"2026-04-04 01:42:51"}
{"level":"info","message":"\u001b[0mGET /api/v1/settings/global \u001b[36m304\u001b[0m 178.556 ms - -\u001b[0m","timestamp":"2026-04-04 01:43:01"}
{"level":"info","message":"\u001b[0mGET /api/v1/suppliers?size=200 \u001b[36m304\u001b[0m 169.455 ms - -\u001b[0m","timestamp":"2026-04-04 01:43:01"}
{"level":"info","message":"\u001b[0mGET /api/v1/suppliers/grn?page=1&size=10 \u001b[36m304\u001b[0m 176.903 ms - -\u001b[0m","timestamp":"2026-04-04 01:43:01"}
{"level":"info","message":"\u001b[0mGET /api/v1/suppliers?size=200 \u001b[36m304\u001b[0m 129.633 ms - -\u001b[0m","timestamp":"2026-04-04 01:43:01"}
{"level":"info","message":"\u001b[0mGET /api/v1/suppliers/grn?page=1&size=10 \u001b[36m304\u001b[0m 134.477 ms - -\u001b[0m","timestamp":"2026-04-04 01:43:01"}
{"level":"info","message":"\u001b[0mGET /api/v1/suppliers/grn?page=1&size=10 \u001b[36m304\u001b[0m 116.089 ms - -\u001b[0m","timestamp":"2026-04-04 01:44:16"}
{"level":"info","message":"\u001b[0mGET /api/v1/suppliers/grn?page=1&size=10&start_date=2026-04-11 \u001b[32m200\u001b[0m 36.951 ms - 809\u001b[0m","timestamp":"2026-04-04 01:45:02"}
{"level":"info","message":"\u001b[0mGET /api/v1/suppliers/grn?page=1&size=10&supplier_id=6beb3d0b-e924-424c-8846-b4482fdf0e92&start_date=2026-04-11 \u001b[32m200\u001b[0m 48.857 ms - 132\u001b[0m","timestamp":"2026-04-04 01:45:42"}
{"level":"info","message":"\u001b[0mGET /api/v1/suppliers/grn?page=1&size=10&start_date=2026-04-11 \u001b[36m304\u001b[0m 36.945 ms - -\u001b[0m","timestamp":"2026-04-04 01:45:46"}
{"level":"info","message":"\u001b[0mGET /api/v1/suppliers/grn?page=1&size=10&start_date=2026-04-08 \u001b[36m304\u001b[0m 61.730 ms - -\u001b[0m","timestamp":"2026-04-04 01:46:14"}
{"level":"info","message":"\u001b[0mGET /api/v1/suppliers/grn?page=1&size=10&start_date=2026-04-08&end_date=2026-04-08 \u001b[32m200\u001b[0m 48.888 ms - 132\u001b[0m","timestamp":"2026-04-04 01:46:18"}
{"level":"info","message":"\u001b[0mGET /api/v1/suppliers/grn?page=1&size=10&start_date=2026-04-18&end_date=2026-04-08 \u001b[32m200\u001b[0m 81.410 ms - 132\u001b[0m","timestamp":"2026-04-04 01:46:21"}
{"level":"info","message":"\u001b[0mGET /api/v1/suppliers/grn?page=1&size=10&supplier_id=6beb3d0b-e924-424c-8846-b4482fdf0e92&start_date=2026-04-18&end_date=2026-04-08 \u001b[32m200\u001b[0m 50.205 ms - 132\u001b[0m","timestamp":"2026-04-04 01:46:24"}
{"level":"info","message":"\u001b[0mGET /api/v1/suppliers/grn?page=1&size=10&supplier_id=4070d9ae-de1d-482b-aca9-2e7cce992200&start_date=2026-04-18&end_date=2026-04-08 \u001b[32m200\u001b[0m 45.964 ms - 132\u001b[0m","timestamp":"2026-04-04 01:47:54"}
{"level":"info","message":"\u001b[0mGET /api/v1/suppliers/grn?page=1&size=10&start_date=2026-04-18&end_date=2026-04-08 \u001b[36m304\u001b[0m 44.732 ms - -\u001b[0m","timestamp":"2026-04-04 01:47:56"}
{"level":"info","message":"\u001b[0mGET /api/v1/suppliers/grn?page=1&size=10&start_date=2026-04-18&end_date=2026-04-08 \u001b[36m304\u001b[0m 71.452 ms - -\u001b[0m","timestamp":"2026-04-04 01:47:59"}
{"level":"info","message":"\u001b[0mGET /api/v1/suppliers/grn?page=1&size=10&start_date=2026-04-01&end_date=2026-04-08 \u001b[32m200\u001b[0m 147.445 ms - 132\u001b[0m","timestamp":"2026-04-04 01:47:59"}
{"level":"info","message":"\u001b[0mGET /api/v1/suppliers/grn?page=1&size=10 \u001b[36m304\u001b[0m 52.350 ms - -\u001b[0m","timestamp":"2026-04-04 01:48:03"}
{"level":"info","message":"\u001b[0mGET /api/v1/purchase-returns \u001b[36m304\u001b[0m 163.967 ms - -\u001b[0m","timestamp":"2026-04-04 01:48:45"}
{"level":"info","message":"\u001b[0mGET /api/v1/purchase-returns \u001b[36m304\u001b[0m 144.741 ms - -\u001b[0m","timestamp":"2026-04-04 01:48:45"}
{"level":"info","message":"\u001b[0mGET /api/v1/suppliers?size=200 \u001b[36m304\u001b[0m 87.312 ms - -\u001b[0m","timestamp":"2026-04-04 01:48:57"}
{"level":"info","message":"\u001b[0mGET /api/v1/suppliers/grn?page=1&size=10 \u001b[36m304\u001b[0m 95.738 ms - -\u001b[0m","timestamp":"2026-04-04 01:48:57"}
{"level":"info","message":"\u001b[0mGET /api/v1/suppliers?size=200 \u001b[36m304\u001b[0m 130.347 ms - -\u001b[0m","timestamp":"2026-04-04 01:48:57"}
{"level":"info","message":"\u001b[0mGET /api/v1/suppliers/grn?page=1&size=10 \u001b[36m304\u001b[0m 135.447 ms - -\u001b[0m","timestamp":"2026-04-04 01:48:57"}
{"level":"info","message":"\u001b[0mGET /api/v1/suppliers/grn/94fec095-d663-4db8-8599-a627e9e0a3f4 \u001b[36m304\u001b[0m 47.464 ms - -\u001b[0m","timestamp":"2026-04-04 01:49:07"}
{"level":"info","message":"\u001b[0mGET /api/v1/suppliers/grn/94fec095-d663-4db8-8599-a627e9e0a3f4 \u001b[36m304\u001b[0m 177.085 ms - -\u001b[0m","timestamp":"2026-04-04 01:49:07"}
{"level":"info","message":"\u001b[0mGET /api/v1/suppliers?size=200 \u001b[36m304\u001b[0m 64.741 ms - -\u001b[0m","timestamp":"2026-04-04 01:49:16"}
{"level":"info","message":"\u001b[0mGET /api/v1/suppliers/grn?page=1&size=10 \u001b[36m304\u001b[0m 104.617 ms - -\u001b[0m","timestamp":"2026-04-04 01:49:16"}
{"level":"info","message":"\u001b[0mGET /api/v1/suppliers?size=200 \u001b[36m304\u001b[0m 105.711 ms - -\u001b[0m","timestamp":"2026-04-04 01:49:16"}
{"level":"info","message":"\u001b[0mGET /api/v1/suppliers/grn?page=1&size=10 \u001b[36m304\u001b[0m 196.558 ms - -\u001b[0m","timestamp":"2026-04-04 01:49:16"}
{"level":"info","message":"\u001b[0mGET /api/v1/suppliers/grn?page=1&size=10 \u001b[36m304\u001b[0m 112.409 ms - -\u001b[0m","timestamp":"2026-04-04 01:49:58"}
{"level":"info","message":"\u001b[0mGET /api/v1/suppliers/grn?page=1&size=10 \u001b[36m304\u001b[0m 228.664 ms - -\u001b[0m","timestamp":"2026-04-04 01:50:01"}
{"level":"info","message":"\u001b[0mGET /api/v1/suppliers?size=200 \u001b[36m304\u001b[0m 325.238 ms - -\u001b[0m","timestamp":"2026-04-04 01:50:01"}
{"level":"info","message":"\u001b[0mGET /api/v1/expenses \u001b[36m304\u001b[0m 98.242 ms - -\u001b[0m","timestamp":"2026-04-04 01:50:08"}
{"level":"info","message":"\u001b[0mGET /api/v1/settings/global \u001b[36m304\u001b[0m 154.248 ms - -\u001b[0m","timestamp":"2026-04-04 01:50:08"}
{"level":"info","message":"\u001b[0mGET /api/v1/expenses \u001b[36m304\u001b[0m 140.350 ms - -\u001b[0m","timestamp":"2026-04-04 01:50:08"}
{"level":"info","message":"\u001b[0mGET /api/v1/suppliers/grn?page=1&size=10 \u001b[36m304\u001b[0m 134.863 ms - -\u001b[0m","timestamp":"2026-04-04 01:50:23"}
{"level":"info","message":"\u001b[0mGET /api/v1/suppliers?size=200 \u001b[36m304\u001b[0m 141.020 ms - -\u001b[0m","timestamp":"2026-04-04 01:50:23"}
{"level":"info","message":"\u001b[0mGET /api/v1/suppliers/grn?page=1&size=10 \u001b[36m304\u001b[0m 80.065 ms - -\u001b[0m","timestamp":"2026-04-04 01:50:23"}
{"level":"info","message":"\u001b[0mGET /api/v1/suppliers?size=200 \u001b[36m304\u001b[0m 162.220 ms - -\u001b[0m","timestamp":"2026-04-04 01:50:23"}
{"level":"info","message":"\u001b[0mGET /api/v1/purchase-returns \u001b[36m304\u001b[0m 84.071 ms - -\u001b[0m","timestamp":"2026-04-04 01:50:41"}
{"level":"info","message":"\u001b[0mGET /api/v1/purchase-returns \u001b[36m304\u001b[0m 120.276 ms - -\u001b[0m","timestamp":"2026-04-04 01:50:41"}
{"level":"info","message":"\u001b[0mGET /api/v1/customers/active/list \u001b[36m304\u001b[0m 225.710 ms - -\u001b[0m","timestamp":"2026-04-04 01:51:17"}
{"level":"info","message":"\u001b[0mGET /api/v1/customers/active/list \u001b[36m304\u001b[0m 163.024 ms - -\u001b[0m","timestamp":"2026-04-04 01:51:17"}
{"level":"info","message":"\u001b[0mGET /api/v1/purchase-returns \u001b[36m304\u001b[0m 113.193 ms - -\u001b[0m","timestamp":"2026-04-04 01:55:28"}
{"level":"info","message":"\u001b[0mGET /api/v1/suppliers?size=200 \u001b[36m304\u001b[0m 121.700 ms - -\u001b[0m","timestamp":"2026-04-04 01:55:28"}
{"level":"info","message":"\u001b[0mGET /api/v1/purchase-returns \u001b[36m304\u001b[0m 225.528 ms - -\u001b[0m","timestamp":"2026-04-04 01:55:28"}
{"level":"info","message":"\u001b[0mGET /api/v1/suppliers?size=200 \u001b[36m304\u001b[0m 226.945 ms - -\u001b[0m","timestamp":"2026-04-04 01:55:28"}
{"level":"info","message":"\u001b[0mGET /api/v1/purchase-returns/f042536a-74fd-4232-9727-3f64b7a3d71f \u001b[32m200\u001b[0m 134.328 ms - -\u001b[0m","timestamp":"2026-04-04 01:55:44"}
{"level":"info","message":"\u001b[0mGET /api/v1/purchase-returns/f042536a-74fd-4232-9727-3f64b7a3d71f \u001b[36m304\u001b[0m 70.930 ms - -\u001b[0m","timestamp":"2026-04-04 01:55:45"}
{"level":"info","message":"\u001b[0mGET /api/v1/purchase-returns \u001b[36m304\u001b[0m 64.992 ms - -\u001b[0m","timestamp":"2026-04-04 01:55:48"}
{"level":"info","message":"\u001b[0mGET /api/v1/suppliers?size=200 \u001b[36m304\u001b[0m 73.280 ms - -\u001b[0m","timestamp":"2026-04-04 01:55:48"}
{"level":"info","message":"\u001b[0mGET /api/v1/purchase-returns \u001b[36m304\u001b[0m 60.447 ms - -\u001b[0m","timestamp":"2026-04-04 01:55:48"}
{"level":"info","message":"\u001b[0mGET /api/v1/suppliers?size=200 \u001b[36m304\u001b[0m 129.481 ms - -\u001b[0m","timestamp":"2026-04-04 01:55:48"}
{"level":"info","message":"\u001b[0mGET /api/v1/expenses \u001b[36m304\u001b[0m 63.789 ms - -\u001b[0m","timestamp":"2026-04-04 01:55:53"}
{"level":"info","message":"\u001b[0mGET /api/v1/settings/global \u001b[36m304\u001b[0m 182.599 ms - -\u001b[0m","timestamp":"2026-04-04 01:55:53"}
{"level":"info","message":"\u001b[0mGET /api/v1/expenses \u001b[36m304\u001b[0m 165.771 ms - -\u001b[0m","timestamp":"2026-04-04 01:55:53"}
{"level":"info","message":"\u001b[0mGET /api/v1/expense-categories?size=100 \u001b[32m200\u001b[0m 272.378 ms - 309\u001b[0m","timestamp":"2026-04-04 01:59:24"}
{"level":"info","message":"\u001b[0mGET /api/v1/expenses \u001b[36m304\u001b[0m 284.494 ms - -\u001b[0m","timestamp":"2026-04-04 01:59:24"}
{"level":"info","message":"\u001b[0mGET /api/v1/settings/global \u001b[36m304\u001b[0m 419.825 ms - -\u001b[0m","timestamp":"2026-04-04 01:59:24"}
{"level":"info","message":"\u001b[0mGET /api/v1/settings/global \u001b[36m304\u001b[0m 134.372 ms - -\u001b[0m","timestamp":"2026-04-04 01:59:41"}
{"level":"info","message":"\u001b[0mGET /api/v1/expense-categories?size=100 \u001b[36m304\u001b[0m 176.494 ms - -\u001b[0m","timestamp":"2026-04-04 01:59:41"}
{"level":"info","message":"\u001b[0mGET /api/v1/expenses \u001b[36m304\u001b[0m 183.489 ms - -\u001b[0m","timestamp":"2026-04-04 01:59:41"}
{"level":"info","message":"\u001b[0mGET /api/v1/expense-categories?size=100 \u001b[36m304\u001b[0m 109.162 ms - -\u001b[0m","timestamp":"2026-04-04 01:59:41"}
{"level":"info","message":"\u001b[0mGET /api/v1/expenses \u001b[36m304\u001b[0m 111.316 ms - -\u001b[0m","timestamp":"2026-04-04 01:59:41"}
{"level":"info","message":"\u001b[0mGET /api/v1/settings/global \u001b[36m304\u001b[0m 314.707 ms - -\u001b[0m","timestamp":"2026-04-04 01:59:46"}
{"level":"info","message":"\u001b[0mGET /api/v1/expenses \u001b[36m304\u001b[0m 318.624 ms - -\u001b[0m","timestamp":"2026-04-04 01:59:46"}
{"level":"info","message":"\u001b[0mGET /api/v1/expense-categories?size=100 \u001b[36m304\u001b[0m 322.048 ms - -\u001b[0m","timestamp":"2026-04-04 01:59:46"}
{"level":"info","message":"\u001b[0mGET /api/v1/expenses \u001b[36m304\u001b[0m 88.709 ms - -\u001b[0m","timestamp":"2026-04-04 01:59:46"}
{"level":"info","message":"\u001b[0mGET /api/v1/expense-categories?size=100 \u001b[36m304\u001b[0m 87.587 ms - -\u001b[0m","timestamp":"2026-04-04 01:59:46"}
{"level":"info","message":"\u001b[0mGET /api/v1/expense-categories \u001b[36m304\u001b[0m 64.575 ms - -\u001b[0m","timestamp":"2026-04-04 01:59:49"}
{"level":"info","message":"\u001b[0mGET /api/v1/expense-categories \u001b[36m304\u001b[0m 42.232 ms - -\u001b[0m","timestamp":"2026-04-04 01:59:49"}
{"level":"info","message":"\nSIGINT received. Starting graceful shutdown...","timestamp":"2026-04-04 02:00:57"}
