{"level":"info","message":"\u001b[0mGET /api/v1/expenses \u001b[36m304\u001b[0m 165.658 ms - -\u001b[0m","timestamp":"2026-03-10 00:00:42"}
{"level":"info","message":"\u001b[0mGET /api/v1/settings/global \u001b[36m304\u001b[0m 94.737 ms - -\u001b[0m","timestamp":"2026-03-10 00:00:50"}
{"level":"info","message":"\u001b[0mGET /api/v1/expenses \u001b[36m304\u001b[0m 174.145 ms - -\u001b[0m","timestamp":"2026-03-10 00:00:50"}
{"level":"info","message":"\u001b[0mGET /api/v1/expenses \u001b[36m304\u001b[0m 193.414 ms - -\u001b[0m","timestamp":"2026-03-10 00:00:50"}
{"level":"info","message":"\u001b[0mGET /api/v1/expense-categories \u001b[36m304\u001b[0m 172.157 ms - -\u001b[0m","timestamp":"2026-03-10 00:05:06"}
{"level":"info","message":"\u001b[0mGET /api/v1/expense-categories \u001b[36m304\u001b[0m 187.140 ms - -\u001b[0m","timestamp":"2026-03-10 00:05:07"}
{"level":"info","message":"\u001b[0mGET /api/v1/expense-categories \u001b[36m304\u001b[0m 105.333 ms - -\u001b[0m","timestamp":"2026-03-10 00:11:53"}
{"level":"info","message":"\u001b[0mGET /api/v1/expenses \u001b[36m304\u001b[0m 106.674 ms - -\u001b[0m","timestamp":"2026-03-10 00:12:08"}
{"level":"info","message":"\u001b[0mGET /api/v1/expenses \u001b[36m304\u001b[0m 68.858 ms - -\u001b[0m","timestamp":"2026-03-10 00:12:08"}
{"level":"info","message":"\u001b[0mGET /api/v1/expense-categories \u001b[36m304\u001b[0m 49.365 ms - -\u001b[0m","timestamp":"2026-03-10 00:12:12"}
{"level":"info","message":"\u001b[0mGET /api/v1/expense-categories \u001b[36m304\u001b[0m 93.979 ms - -\u001b[0m","timestamp":"2026-03-10 00:12:12"}
{"level":"info","message":"\u001b[0mGET /api/v1/expense-categories \u001b[36m304\u001b[0m 73.389 ms - -\u001b[0m","timestamp":"2026-03-10 00:12:19"}
{"level":"info","message":"\u001b[0mGET /api/v1/expense-categories \u001b[36m304\u001b[0m 70.607 ms - -\u001b[0m","timestamp":"2026-03-10 00:12:19"}
{"level":"info","message":"\u001b[0mPOST /api/v1/expense-categories \u001b[32m201\u001b[0m 41.380 ms - 305\u001b[0m","timestamp":"2026-03-10 00:12:25"}
{"level":"info","message":"\u001b[0mGET /api/v1/expense-categories \u001b[32m200\u001b[0m 31.895 ms - 309\u001b[0m","timestamp":"2026-03-10 00:12:25"}
{"level":"info","message":"\u001b[0mGET /api/v1/expenses \u001b[36m304\u001b[0m 88.048 ms - -\u001b[0m","timestamp":"2026-03-10 00:12:31"}
{"level":"info","message":"\u001b[0mGET /api/v1/expenses \u001b[36m304\u001b[0m 81.596 ms - -\u001b[0m","timestamp":"2026-03-10 00:12:31"}
{"level":"info","message":"\u001b[0mGET /api/v1/expense-categories \u001b[36m304\u001b[0m 59.207 ms - -\u001b[0m","timestamp":"2026-03-10 00:12:33"}
{"level":"info","message":"\u001b[0mGET /api/v1/expense-categories \u001b[36m304\u001b[0m 47.150 ms - -\u001b[0m","timestamp":"2026-03-10 00:12:33"}
{"level":"info","message":"\u001b[0mPOST /api/v1/expenses \u001b[31m500\u001b[0m 64.459 ms - 397\u001b[0m","timestamp":"2026-03-10 00:12:49"}
{"level":"info","message":"\u001b[0mGET /api/v1/expenses \u001b[36m304\u001b[0m 98.984 ms - -\u001b[0m","timestamp":"2026-03-10 00:12:51"}
{"level":"info","message":"\u001b[0mGET /api/v1/expenses \u001b[36m304\u001b[0m 82.036 ms - -\u001b[0m","timestamp":"2026-03-10 00:12:51"}
{"level":"info","message":"\u001b[0mGET /api/v1/expense-categories \u001b[36m304\u001b[0m 62.989 ms - -\u001b[0m","timestamp":"2026-03-10 00:13:24"}
{"level":"info","message":"\u001b[0mGET /api/v1/expense-categories \u001b[36m304\u001b[0m 64.728 ms - -\u001b[0m","timestamp":"2026-03-10 00:13:24"}
{"level":"info","message":"\u001b[0mPOST /api/v1/expenses \u001b[31m500\u001b[0m 68.120 ms - 397\u001b[0m","timestamp":"2026-03-10 00:13:54"}
{"level":"info","message":"\u001b[0mGET /api/v1/expenses \u001b[36m304\u001b[0m 130.313 ms - -\u001b[0m","timestamp":"2026-03-10 00:13:56"}
{"level":"info","message":"\u001b[0mGET /api/v1/expenses \u001b[36m304\u001b[0m 83.266 ms - -\u001b[0m","timestamp":"2026-03-10 00:13:56"}
{"level":"info","message":"Attempting to connect to database... (Attempt 1/5)","timestamp":"2026-03-10 00:19:04"}
{"level":"info","message":"✅ Database connection established successfully.","timestamp":"2026-03-10 00:19:04"}
{"level":"info","message":"✅ Database synchronized.","timestamp":"2026-03-10 00:19:05"}
{"level":"info","message":"🚀 Server running on port 5000","timestamp":"2026-03-10 00:19:05"}
{"level":"info","message":"📍 Environment: development","timestamp":"2026-03-10 00:19:05"}
{"level":"info","message":"🔗 API Base URL: http://localhost:5000/api/v1","timestamp":"2026-03-10 00:19:05"}
{"level":"info","message":"Attempting to connect to database... (Attempt 1/5)","timestamp":"2026-03-10 00:19:18"}
{"level":"info","message":"✅ Database connection established successfully.","timestamp":"2026-03-10 00:19:18"}
{"level":"info","message":"✅ Database synchronized.","timestamp":"2026-03-10 00:19:18"}
{"level":"info","message":"🚀 Server running on port 5000","timestamp":"2026-03-10 00:19:18"}
{"level":"info","message":"📍 Environment: development","timestamp":"2026-03-10 00:19:18"}
{"level":"info","message":"🔗 API Base URL: http://localhost:5000/api/v1","timestamp":"2026-03-10 00:19:18"}
{"level":"info","message":"\u001b[0mGET /api/v1/expense-categories \u001b[36m304\u001b[0m 160.393 ms - -\u001b[0m","timestamp":"2026-03-10 00:20:35"}
{"level":"info","message":"\u001b[0mGET /api/v1/expense-categories \u001b[36m304\u001b[0m 122.692 ms - -\u001b[0m","timestamp":"2026-03-10 00:20:35"}
{"level":"info","message":"\u001b[0mPOST /api/v1/expenses \u001b[33m400\u001b[0m 65.389 ms - -\u001b[0m","timestamp":"2026-03-10 00:20:45"}
{"level":"info","message":"\u001b[0mGET /api/v1/expenses \u001b[31m500\u001b[0m 130.704 ms - 918\u001b[0m","timestamp":"2026-03-10 00:20:47"}
{"level":"info","message":"\u001b[0mGET /api/v1/expenses \u001b[31m500\u001b[0m 163.060 ms - 918\u001b[0m","timestamp":"2026-03-10 00:20:47"}
{"level":"info","message":"\u001b[0mGET /api/v1/settings/global \u001b[36m304\u001b[0m 196.064 ms - -\u001b[0m","timestamp":"2026-03-10 00:20:59"}
{"level":"info","message":"\u001b[0mGET /api/v1/expenses \u001b[31m500\u001b[0m 206.565 ms - 918\u001b[0m","timestamp":"2026-03-10 00:20:59"}
{"level":"info","message":"\u001b[0mGET /api/v1/expenses \u001b[31m500\u001b[0m 156.371 ms - 918\u001b[0m","timestamp":"2026-03-10 00:20:59"}
{"level":"info","message":"\u001b[0mGET /api/v1/expense-categories \u001b[36m304\u001b[0m 55.411 ms - -\u001b[0m","timestamp":"2026-03-10 00:21:02"}
{"level":"info","message":"\u001b[0mGET /api/v1/expense-categories \u001b[36m304\u001b[0m 44.213 ms - -\u001b[0m","timestamp":"2026-03-10 00:21:02"}
{"level":"info","message":"\u001b[0mPOST /api/v1/expenses \u001b[33m400\u001b[0m 68.639 ms - -\u001b[0m","timestamp":"2026-03-10 00:21:19"}
{"level":"info","message":"\u001b[0mGET /api/v1/expenses \u001b[31m500\u001b[0m 106.657 ms - 918\u001b[0m","timestamp":"2026-03-10 00:21:21"}
{"level":"info","message":"\u001b[0mGET /api/v1/expenses \u001b[31m500\u001b[0m 98.985 ms - 918\u001b[0m","timestamp":"2026-03-10 00:21:21"}
{"level":"info","message":"Attempting to connect to database... (Attempt 1/5)","timestamp":"2026-03-10 00:24:06"}
{"level":"info","message":"✅ Database connection established successfully.","timestamp":"2026-03-10 00:24:06"}
{"level":"info","message":"✅ Database synchronized.","timestamp":"2026-03-10 00:24:06"}
{"level":"info","message":"🚀 Server running on port 5000","timestamp":"2026-03-10 00:24:06"}
{"level":"info","message":"📍 Environment: development","timestamp":"2026-03-10 00:24:06"}
{"level":"info","message":"🔗 API Base URL: http://localhost:5000/api/v1","timestamp":"2026-03-10 00:24:06"}
{"level":"info","message":"Attempting to connect to database... (Attempt 1/5)","timestamp":"2026-03-10 00:24:21"}
{"level":"info","message":"✅ Database connection established successfully.","timestamp":"2026-03-10 00:24:21"}
{"level":"info","message":"✅ Database synchronized.","timestamp":"2026-03-10 00:24:21"}
{"level":"info","message":"🚀 Server running on port 5000","timestamp":"2026-03-10 00:24:21"}
{"level":"info","message":"📍 Environment: development","timestamp":"2026-03-10 00:24:21"}
{"level":"info","message":"🔗 API Base URL: http://localhost:5000/api/v1","timestamp":"2026-03-10 00:24:21"}
{"level":"info","message":"\u001b[0mGET /api/v1/settings/global \u001b[36m304\u001b[0m 566.386 ms - -\u001b[0m","timestamp":"2026-03-10 00:24:39"}
{"level":"info","message":"\u001b[0mGET /api/v1/expenses \u001b[31m500\u001b[0m 503.664 ms - 918\u001b[0m","timestamp":"2026-03-10 00:24:39"}
{"level":"info","message":"\u001b[0mGET /api/v1/expenses \u001b[31m500\u001b[0m 401.790 ms - 918\u001b[0m","timestamp":"2026-03-10 00:24:40"}
{"level":"info","message":"Attempting to connect to database... (Attempt 1/5)","timestamp":"2026-03-10 00:26:13"}
{"level":"info","message":"✅ Database connection established successfully.","timestamp":"2026-03-10 00:26:13"}
{"level":"info","message":"✅ Database synchronized.","timestamp":"2026-03-10 00:26:13"}
{"level":"info","message":"🚀 Server running on port 5000","timestamp":"2026-03-10 00:26:13"}
{"level":"info","message":"📍 Environment: development","timestamp":"2026-03-10 00:26:13"}
{"level":"info","message":"🔗 API Base URL: http://localhost:5000/api/v1","timestamp":"2026-03-10 00:26:13"}
{"level":"info","message":"\u001b[0mGET /api/v1/expenses \u001b[32m200\u001b[0m 486.700 ms - 136\u001b[0m","timestamp":"2026-03-10 00:26:34"}
{"level":"info","message":"\u001b[0mGET /api/v1/settings/global \u001b[36m304\u001b[0m 472.193 ms - -\u001b[0m","timestamp":"2026-03-10 00:26:34"}
{"level":"info","message":"\u001b[0mGET /api/v1/expenses \u001b[36m304\u001b[0m 401.835 ms - -\u001b[0m","timestamp":"2026-03-10 00:26:34"}
{"level":"info","message":"\u001b[0mGET /api/v1/expense-categories \u001b[36m304\u001b[0m 96.083 ms - -\u001b[0m","timestamp":"2026-03-10 00:26:39"}
{"level":"info","message":"\u001b[0mGET /api/v1/expense-categories \u001b[36m304\u001b[0m 65.051 ms - -\u001b[0m","timestamp":"2026-03-10 00:26:39"}
{"level":"info","message":"\u001b[0mPOST /api/v1/expenses \u001b[32m201\u001b[0m 195.476 ms - 553\u001b[0m","timestamp":"2026-03-10 00:26:48"}
{"level":"info","message":"\u001b[0mGET /api/v1/expenses \u001b[32m200\u001b[0m 136.678 ms - -\u001b[0m","timestamp":"2026-03-10 00:26:49"}
{"level":"info","message":"\u001b[0mGET /api/v1/expenses \u001b[36m304\u001b[0m 95.079 ms - -\u001b[0m","timestamp":"2026-03-10 00:26:49"}
{"level":"info","message":"\u001b[0mGET /api/v1/settings/global \u001b[36m304\u001b[0m 99.417 ms - -\u001b[0m","timestamp":"2026-03-10 00:26:57"}
{"level":"info","message":"\u001b[0mGET /api/v1/expenses \u001b[36m304\u001b[0m 169.543 ms - -\u001b[0m","timestamp":"2026-03-10 00:26:58"}
{"level":"info","message":"\u001b[0mGET /api/v1/expenses \u001b[36m304\u001b[0m 91.300 ms - -\u001b[0m","timestamp":"2026-03-10 00:26:58"}
{"level":"info","message":"\u001b[0mGET /api/v1/settings/global \u001b[36m304\u001b[0m 473.355 ms - -\u001b[0m","timestamp":"2026-03-10 00:27:09"}
{"level":"info","message":"\u001b[0mGET /api/v1/expenses \u001b[36m304\u001b[0m 508.551 ms - -\u001b[0m","timestamp":"2026-03-10 00:27:09"}
{"level":"info","message":"\u001b[0mGET /api/v1/expenses \u001b[36m304\u001b[0m 274.069 ms - -\u001b[0m","timestamp":"2026-03-10 00:27:10"}
{"level":"info","message":"\u001b[0mGET /api/v1/settings/global \u001b[36m304\u001b[0m 597.565 ms - -\u001b[0m","timestamp":"2026-03-10 00:29:13"}
{"level":"info","message":"\u001b[0mGET /api/v1/expenses \u001b[36m304\u001b[0m 642.785 ms - -\u001b[0m","timestamp":"2026-03-10 00:29:13"}
{"level":"info","message":"\u001b[0mGET /api/v1/expenses \u001b[36m304\u001b[0m 282.517 ms - -\u001b[0m","timestamp":"2026-03-10 00:29:13"}
{"level":"info","message":"Attempting to connect to database... (Attempt 1/5)","timestamp":"2026-03-10 00:31:48"}
{"level":"info","message":"✅ Database connection established successfully.","timestamp":"2026-03-10 00:31:48"}
{"level":"info","message":"✅ Database synchronized.","timestamp":"2026-03-10 00:31:48"}
{"level":"info","message":"🚀 Server running on port 5000","timestamp":"2026-03-10 00:31:48"}
{"level":"info","message":"📍 Environment: development","timestamp":"2026-03-10 00:31:48"}
{"level":"info","message":"🔗 API Base URL: http://localhost:5000/api/v1","timestamp":"2026-03-10 00:31:48"}
{"level":"info","message":"Attempting to connect to database... (Attempt 1/5)","timestamp":"2026-03-10 00:31:58"}
{"level":"info","message":"✅ Database connection established successfully.","timestamp":"2026-03-10 00:31:58"}
{"level":"info","message":"✅ Database synchronized.","timestamp":"2026-03-10 00:31:58"}
{"level":"info","message":"🚀 Server running on port 5000","timestamp":"2026-03-10 00:31:58"}
{"level":"info","message":"📍 Environment: development","timestamp":"2026-03-10 00:31:58"}
{"level":"info","message":"🔗 API Base URL: http://localhost:5000/api/v1","timestamp":"2026-03-10 00:31:58"}
{"level":"info","message":"\u001b[0mGET /api/v1/settings/global \u001b[36m304\u001b[0m 483.024 ms - -\u001b[0m","timestamp":"2026-03-10 00:32:17"}
{"level":"info","message":"\u001b[0mGET /api/v1/expenses \u001b[36m304\u001b[0m 453.547 ms - -\u001b[0m","timestamp":"2026-03-10 00:32:17"}
{"level":"info","message":"\u001b[0mGET /api/v1/expenses \u001b[36m304\u001b[0m 441.157 ms - -\u001b[0m","timestamp":"2026-03-10 00:32:17"}
{"level":"info","message":"\u001b[0mGET /api/v1/expense-categories \u001b[36m304\u001b[0m 174.136 ms - -\u001b[0m","timestamp":"2026-03-10 00:32:22"}
{"level":"info","message":"\u001b[0mGET /api/v1/expense-categories \u001b[36m304\u001b[0m 89.561 ms - -\u001b[0m","timestamp":"2026-03-10 00:32:22"}
{"level":"info","message":"\u001b[0mPOST /api/v1/expenses \u001b[32m201\u001b[0m 137.406 ms - 549\u001b[0m","timestamp":"2026-03-10 00:32:40"}
{"level":"info","message":"\u001b[0mGET /api/v1/expenses \u001b[32m200\u001b[0m 82.909 ms - -\u001b[0m","timestamp":"2026-03-10 00:32:40"}
{"level":"info","message":"\u001b[0mGET /api/v1/expenses \u001b[36m304\u001b[0m 104.110 ms - -\u001b[0m","timestamp":"2026-03-10 00:32:40"}
{"level":"info","message":"\u001b[0mGET /api/v1/audit-logs?page=1&size=20 \u001b[32m200\u001b[0m 98.337 ms - -\u001b[0m","timestamp":"2026-03-10 00:33:00"}
{"level":"info","message":"\u001b[0mGET /api/v1/audit-logs?page=1&size=20 \u001b[36m304\u001b[0m 78.786 ms - -\u001b[0m","timestamp":"2026-03-10 00:33:00"}
{"level":"info","message":"\u001b[0mPOST /api/v1/refresh \u001b[32m200\u001b[0m 22.871 ms - 466\u001b[0m","timestamp":"2026-03-10 11:58:20"}
{"level":"info","message":"\u001b[0mPOST /api/v1/login \u001b[32m200\u001b[0m 328.780 ms - -\u001b[0m","timestamp":"2026-03-10 11:58:23"}
{"level":"info","message":"\u001b[0mGET /api/v1/me \u001b[32m200\u001b[0m 40.749 ms - -\u001b[0m","timestamp":"2026-03-10 11:58:23"}
{"level":"info","message":"\u001b[0mGET /api/v1/settings/global \u001b[36m304\u001b[0m 117.273 ms - -\u001b[0m","timestamp":"2026-03-10 11:58:28"}
{"level":"info","message":"\u001b[0mGET /api/v1/audit-logs?page=1&size=20 \u001b[32m200\u001b[0m 77.122 ms - -\u001b[0m","timestamp":"2026-03-10 11:58:28"}
{"level":"info","message":"\u001b[0mGET /api/v1/audit-logs?page=1&size=20 \u001b[36m304\u001b[0m 103.023 ms - -\u001b[0m","timestamp":"2026-03-10 11:58:28"}
{"level":"info","message":"\u001b[0mGET /api/v1/expense-categories \u001b[36m304\u001b[0m 70.859 ms - -\u001b[0m","timestamp":"2026-03-10 11:58:44"}
{"level":"info","message":"\u001b[0mGET /api/v1/expense-categories \u001b[36m304\u001b[0m 118.043 ms - -\u001b[0m","timestamp":"2026-03-10 11:58:44"}
{"level":"info","message":"\u001b[0mGET /api/v1/accounts \u001b[32m200\u001b[0m 173.831 ms - -\u001b[0m","timestamp":"2026-03-10 11:58:55"}
{"level":"info","message":"\u001b[0mGET /api/v1/accounts \u001b[36m304\u001b[0m 126.209 ms - -\u001b[0m","timestamp":"2026-03-10 11:58:56"}
{"level":"info","message":"\u001b[0mGET /api/v1/accounts \u001b[36m304\u001b[0m 141.616 ms - -\u001b[0m","timestamp":"2026-03-10 11:59:06"}
{"level":"info","message":"\u001b[0mGET /api/v1/accounts \u001b[36m304\u001b[0m 121.616 ms - -\u001b[0m","timestamp":"2026-03-10 11:59:06"}
{"level":"info","message":"\u001b[0mGET /api/v1/customers/active/list \u001b[36m304\u001b[0m 128.908 ms - -\u001b[0m","timestamp":"2026-03-10 11:59:16"}
{"level":"info","message":"\u001b[0mGET /api/v1/customers/active/list \u001b[36m304\u001b[0m 106.194 ms - -\u001b[0m","timestamp":"2026-03-10 11:59:16"}
{"level":"info","message":"\u001b[0mGET /api/v1/suppliers/active/list \u001b[36m304\u001b[0m 99.376 ms - -\u001b[0m","timestamp":"2026-03-10 11:59:27"}
{"level":"info","message":"\u001b[0mGET /api/v1/suppliers/active/list \u001b[36m304\u001b[0m 87.607 ms - -\u001b[0m","timestamp":"2026-03-10 11:59:27"}
{"level":"info","message":"\u001b[0mGET /api/v1/cheques \u001b[32m200\u001b[0m 133.807 ms - 754\u001b[0m","timestamp":"2026-03-10 11:59:31"}
{"level":"info","message":"\u001b[0mGET /api/v1/accounts \u001b[36m304\u001b[0m 230.153 ms - -\u001b[0m","timestamp":"2026-03-10 11:59:31"}
{"level":"info","message":"\u001b[0mGET /api/v1/cheques \u001b[36m304\u001b[0m 185.468 ms - -\u001b[0m","timestamp":"2026-03-10 11:59:31"}
{"level":"info","message":"\u001b[0mGET /api/v1/accounts \u001b[36m304\u001b[0m 186.724 ms - -\u001b[0m","timestamp":"2026-03-10 11:59:31"}
{"level":"info","message":"\u001b[0mGET /api/v1/reports/finance/trial-balance \u001b[32m200\u001b[0m 242.056 ms - -\u001b[0m","timestamp":"2026-03-10 12:00:32"}
{"level":"info","message":"\u001b[0mGET /api/v1/reports/finance/capital-balance \u001b[32m200\u001b[0m 242.446 ms - -\u001b[0m","timestamp":"2026-03-10 12:00:32"}
{"level":"info","message":"\u001b[0mGET /api/v1/reports/finance/profit-loss \u001b[32m200\u001b[0m 303.123 ms - 217\u001b[0m","timestamp":"2026-03-10 12:00:32"}
{"level":"info","message":"\u001b[0mGET /api/v1/reports/finance/trial-balance \u001b[36m304\u001b[0m 112.612 ms - -\u001b[0m","timestamp":"2026-03-10 12:00:32"}
{"level":"info","message":"\u001b[0mGET /api/v1/reports/finance/capital-balance \u001b[36m304\u001b[0m 264.241 ms - -\u001b[0m","timestamp":"2026-03-10 12:00:32"}
{"level":"info","message":"\u001b[0mGET /api/v1/reports/finance/profit-loss \u001b[36m304\u001b[0m 368.049 ms - -\u001b[0m","timestamp":"2026-03-10 12:00:32"}
{"level":"info","message":"\u001b[0mGET /api/v1/reports/finance/capital-balance \u001b[36m304\u001b[0m 94.588 ms - -\u001b[0m","timestamp":"2026-03-10 12:08:39"}
{"level":"info","message":"\u001b[0mGET /api/v1/reports/finance/trial-balance \u001b[36m304\u001b[0m 151.872 ms - -\u001b[0m","timestamp":"2026-03-10 12:08:39"}
{"level":"info","message":"\u001b[0mGET /api/v1/reports/finance/profit-loss \u001b[36m304\u001b[0m 161.202 ms - -\u001b[0m","timestamp":"2026-03-10 12:08:39"}
{"level":"info","message":"\u001b[0mGET /api/v1/cheques \u001b[36m304\u001b[0m 69.656 ms - -\u001b[0m","timestamp":"2026-03-10 12:08:44"}
{"level":"info","message":"\u001b[0mGET /api/v1/accounts \u001b[36m304\u001b[0m 129.328 ms - -\u001b[0m","timestamp":"2026-03-10 12:08:44"}
{"level":"info","message":"\u001b[0mGET /api/v1/cheques \u001b[36m304\u001b[0m 146.273 ms - -\u001b[0m","timestamp":"2026-03-10 12:08:44"}
{"level":"info","message":"\u001b[0mGET /api/v1/accounts \u001b[36m304\u001b[0m 140.812 ms - -\u001b[0m","timestamp":"2026-03-10 12:08:44"}
{"level":"info","message":"\u001b[0mGET /api/v1/cheques \u001b[36m304\u001b[0m 198.725 ms - -\u001b[0m","timestamp":"2026-03-10 12:09:39"}
{"level":"info","message":"\u001b[0mGET /api/v1/accounts \u001b[36m304\u001b[0m 216.475 ms - -\u001b[0m","timestamp":"2026-03-10 12:09:39"}
{"level":"info","message":"\u001b[0mGET /api/v1/cheques \u001b[36m304\u001b[0m 169.832 ms - -\u001b[0m","timestamp":"2026-03-10 12:09:40"}
{"level":"info","message":"\u001b[0mGET /api/v1/accounts \u001b[36m304\u001b[0m 162.586 ms - -\u001b[0m","timestamp":"2026-03-10 12:09:40"}
{"level":"info","message":"\u001b[0mGET /api/v1/cheques \u001b[36m304\u001b[0m 198.758 ms - -\u001b[0m","timestamp":"2026-03-10 12:11:07"}
{"level":"info","message":"\u001b[0mGET /api/v1/accounts \u001b[36m304\u001b[0m 259.224 ms - -\u001b[0m","timestamp":"2026-03-10 12:11:07"}
{"level":"info","message":"\u001b[0mGET /api/v1/accounts \u001b[36m304\u001b[0m 324.696 ms - -\u001b[0m","timestamp":"2026-03-10 12:11:14"}
{"level":"info","message":"\u001b[0mGET /api/v1/cheques \u001b[36m304\u001b[0m 347.188 ms - -\u001b[0m","timestamp":"2026-03-10 12:11:14"}
{"level":"info","message":"\u001b[0mGET /api/v1/accounts \u001b[36m304\u001b[0m 269.734 ms - -\u001b[0m","timestamp":"2026-03-10 12:13:31"}
{"level":"info","message":"\u001b[0mGET /api/v1/cheques \u001b[36m304\u001b[0m 291.617 ms - -\u001b[0m","timestamp":"2026-03-10 12:13:31"}
{"level":"info","message":"\u001b[0mGET /api/v1/accounts \u001b[36m304\u001b[0m 82.826 ms - -\u001b[0m","timestamp":"2026-03-10 12:13:31"}
{"level":"info","message":"\u001b[0mGET /api/v1/cheques \u001b[36m304\u001b[0m 123.398 ms - -\u001b[0m","timestamp":"2026-03-10 12:13:31"}
{"level":"info","message":"\u001b[0mPOST /api/v1/login \u001b[32m200\u001b[0m 372.569 ms - -\u001b[0m","timestamp":"2026-03-10 12:17:16"}
{"level":"info","message":"\u001b[0mGET /api/v1/me \u001b[32m200\u001b[0m 72.553 ms - -\u001b[0m","timestamp":"2026-03-10 12:17:16"}
{"level":"info","message":"\u001b[0mGET /api/v1/cheques \u001b[36m304\u001b[0m 169.511 ms - -\u001b[0m","timestamp":"2026-03-10 12:17:17"}
{"level":"info","message":"\u001b[0mGET /api/v1/accounts \u001b[36m304\u001b[0m 306.607 ms - -\u001b[0m","timestamp":"2026-03-10 12:17:17"}
{"level":"info","message":"\u001b[0mGET /api/v1/settings/global \u001b[36m304\u001b[0m 333.044 ms - -\u001b[0m","timestamp":"2026-03-10 12:17:17"}
{"level":"info","message":"\u001b[0mGET /api/v1/cheques \u001b[36m304\u001b[0m 266.923 ms - -\u001b[0m","timestamp":"2026-03-10 12:17:18"}
{"level":"info","message":"\u001b[0mGET /api/v1/accounts \u001b[36m304\u001b[0m 304.816 ms - -\u001b[0m","timestamp":"2026-03-10 12:17:18"}
{"level":"info","message":"\u001b[0mGET /api/v1/cheques \u001b[36m304\u001b[0m 255.390 ms - -\u001b[0m","timestamp":"2026-03-10 12:19:20"}
{"level":"info","message":"\u001b[0mGET /api/v1/accounts \u001b[36m304\u001b[0m 264.876 ms - -\u001b[0m","timestamp":"2026-03-10 12:19:20"}
{"level":"info","message":"\u001b[0mGET /api/v1/accounts \u001b[36m304\u001b[0m 314.906 ms - -\u001b[0m","timestamp":"2026-03-10 12:22:57"}
{"level":"info","message":"\u001b[0mGET /api/v1/cheques \u001b[36m304\u001b[0m 322.247 ms - -\u001b[0m","timestamp":"2026-03-10 12:22:57"}
{"level":"info","message":"\u001b[0mGET /api/v1/settings/global \u001b[36m304\u001b[0m 416.676 ms - -\u001b[0m","timestamp":"2026-03-10 12:22:57"}
{"level":"info","message":"\u001b[0mGET /api/v1/cheques \u001b[36m304\u001b[0m 150.807 ms - -\u001b[0m","timestamp":"2026-03-10 12:22:57"}
{"level":"info","message":"\u001b[0mGET /api/v1/accounts \u001b[36m304\u001b[0m 149.161 ms - -\u001b[0m","timestamp":"2026-03-10 12:22:57"}
{"level":"info","message":"\u001b[0mGET /api/v1/cheques \u001b[36m304\u001b[0m 155.197 ms - -\u001b[0m","timestamp":"2026-03-10 12:24:26"}
{"level":"info","message":"\u001b[0mGET /api/v1/accounts \u001b[36m304\u001b[0m 156.228 ms - -\u001b[0m","timestamp":"2026-03-10 12:24:26"}
{"level":"info","message":"\u001b[0mGET /api/v1/accounts \u001b[36m304\u001b[0m 245.068 ms - -\u001b[0m","timestamp":"2026-03-10 12:28:49"}
{"level":"info","message":"\u001b[0mGET /api/v1/cheques \u001b[36m304\u001b[0m 334.744 ms - -\u001b[0m","timestamp":"2026-03-10 12:28:50"}
{"level":"info","message":"\u001b[0mGET /api/v1/reports/finance/trial-balance \u001b[36m304\u001b[0m 314.620 ms - -\u001b[0m","timestamp":"2026-03-10 12:29:38"}
{"level":"info","message":"\u001b[0mGET /api/v1/reports/finance/capital-balance \u001b[36m304\u001b[0m 317.201 ms - -\u001b[0m","timestamp":"2026-03-10 12:29:38"}
{"level":"info","message":"\u001b[0mGET /api/v1/reports/finance/profit-loss \u001b[36m304\u001b[0m 367.887 ms - -\u001b[0m","timestamp":"2026-03-10 12:29:38"}
{"level":"info","message":"\u001b[0mGET /api/v1/reports/finance/trial-balance \u001b[36m304\u001b[0m 84.258 ms - -\u001b[0m","timestamp":"2026-03-10 12:29:38"}
{"level":"info","message":"\u001b[0mGET /api/v1/reports/finance/capital-balance \u001b[36m304\u001b[0m 142.823 ms - -\u001b[0m","timestamp":"2026-03-10 12:29:38"}
{"level":"info","message":"\u001b[0mGET /api/v1/reports/finance/profit-loss \u001b[36m304\u001b[0m 196.866 ms - -\u001b[0m","timestamp":"2026-03-10 12:29:38"}
{"level":"info","message":"\u001b[0mPOST /api/v1/login \u001b[32m200\u001b[0m 767.588 ms - -\u001b[0m","timestamp":"2026-03-10 12:37:25"}
{"level":"info","message":"\u001b[0mGET /api/v1/me \u001b[32m200\u001b[0m 187.311 ms - -\u001b[0m","timestamp":"2026-03-10 12:37:25"}
{"level":"info","message":"\u001b[0mGET /api/v1/reports/finance/trial-balance \u001b[36m304\u001b[0m 225.739 ms - -\u001b[0m","timestamp":"2026-03-10 12:37:28"}
{"level":"info","message":"\u001b[0mGET /api/v1/reports/finance/capital-balance \u001b[36m304\u001b[0m 732.276 ms - -\u001b[0m","timestamp":"2026-03-10 12:37:29"}
{"level":"info","message":"\u001b[0mGET /api/v1/reports/finance/profit-loss \u001b[36m304\u001b[0m 941.626 ms - -\u001b[0m","timestamp":"2026-03-10 12:37:29"}
{"level":"info","message":"\u001b[0mGET /api/v1/settings/global \u001b[36m304\u001b[0m 954.722 ms - -\u001b[0m","timestamp":"2026-03-10 12:37:29"}
{"level":"info","message":"\u001b[0mGET /api/v1/reports/finance/trial-balance \u001b[36m304\u001b[0m 501.165 ms - -\u001b[0m","timestamp":"2026-03-10 12:37:29"}
{"level":"info","message":"\u001b[0mGET /api/v1/reports/finance/capital-balance \u001b[36m304\u001b[0m 320.147 ms - -\u001b[0m","timestamp":"2026-03-10 12:37:29"}
{"level":"info","message":"\u001b[0mGET /api/v1/reports/finance/profit-loss \u001b[36m304\u001b[0m 233.717 ms - -\u001b[0m","timestamp":"2026-03-10 12:37:29"}
{"level":"info","message":"\u001b[0mGET /api/v1/reports/finance/trial-balance \u001b[36m304\u001b[0m 202.287 ms - -\u001b[0m","timestamp":"2026-03-10 12:42:03"}
{"level":"info","message":"\u001b[0mGET /api/v1/reports/finance/capital-balance \u001b[36m304\u001b[0m 306.209 ms - -\u001b[0m","timestamp":"2026-03-10 12:42:03"}
{"level":"info","message":"\u001b[0mGET /api/v1/reports/finance/profit-loss \u001b[36m304\u001b[0m 331.219 ms - -\u001b[0m","timestamp":"2026-03-10 12:42:03"}
{"level":"info","message":"\u001b[0mGET /api/v1/reports/finance/trial-balance \u001b[36m304\u001b[0m 135.284 ms - -\u001b[0m","timestamp":"2026-03-10 12:42:29"}
{"level":"info","message":"\u001b[0mGET /api/v1/reports/finance/capital-balance \u001b[36m304\u001b[0m 133.795 ms - -\u001b[0m","timestamp":"2026-03-10 12:42:29"}
{"level":"info","message":"\u001b[0mGET /api/v1/reports/finance/profit-loss \u001b[36m304\u001b[0m 157.017 ms - -\u001b[0m","timestamp":"2026-03-10 12:42:29"}
{"level":"info","message":"\u001b[0mGET /api/v1/accounts \u001b[36m304\u001b[0m 143.309 ms - -\u001b[0m","timestamp":"2026-03-10 12:43:00"}
{"level":"info","message":"\u001b[0mGET /api/v1/cheques \u001b[36m304\u001b[0m 158.862 ms - -\u001b[0m","timestamp":"2026-03-10 12:43:00"}
{"level":"info","message":"\u001b[0mGET /api/v1/accounts \u001b[36m304\u001b[0m 108.325 ms - -\u001b[0m","timestamp":"2026-03-10 12:43:00"}
{"level":"info","message":"\u001b[0mGET /api/v1/cheques \u001b[36m304\u001b[0m 187.643 ms - -\u001b[0m","timestamp":"2026-03-10 12:43:00"}
{"level":"info","message":"\u001b[0mGET /api/v1/reports/finance/trial-balance \u001b[36m304\u001b[0m 193.508 ms - -\u001b[0m","timestamp":"2026-03-10 12:43:06"}
{"level":"info","message":"\u001b[0mGET /api/v1/reports/finance/capital-balance \u001b[36m304\u001b[0m 192.815 ms - -\u001b[0m","timestamp":"2026-03-10 12:43:06"}
{"level":"info","message":"\u001b[0mGET /api/v1/reports/finance/profit-loss \u001b[36m304\u001b[0m 214.327 ms - -\u001b[0m","timestamp":"2026-03-10 12:43:06"}
{"level":"info","message":"\u001b[0mGET /api/v1/reports/finance/trial-balance \u001b[36m304\u001b[0m 90.524 ms - -\u001b[0m","timestamp":"2026-03-10 12:43:06"}
{"level":"info","message":"\u001b[0mGET /api/v1/reports/finance/capital-balance \u001b[36m304\u001b[0m 147.781 ms - -\u001b[0m","timestamp":"2026-03-10 12:43:06"}
{"level":"info","message":"\u001b[0mGET /api/v1/reports/finance/profit-loss \u001b[36m304\u001b[0m 155.179 ms - -\u001b[0m","timestamp":"2026-03-10 12:43:06"}
{"level":"info","message":"\u001b[0mGET /api/v1/reports/finance/trial-balance \u001b[36m304\u001b[0m 145.236 ms - -\u001b[0m","timestamp":"2026-03-10 12:43:55"}
{"level":"info","message":"\u001b[0mGET /api/v1/reports/finance/capital-balance \u001b[36m304\u001b[0m 178.143 ms - -\u001b[0m","timestamp":"2026-03-10 12:43:55"}
{"level":"info","message":"\u001b[0mGET /api/v1/reports/finance/profit-loss \u001b[36m304\u001b[0m 205.741 ms - -\u001b[0m","timestamp":"2026-03-10 12:43:55"}
{"level":"info","message":"\u001b[0mGET /api/v1/cheques \u001b[36m304\u001b[0m 174.665 ms - -\u001b[0m","timestamp":"2026-03-10 12:44:04"}
{"level":"info","message":"\u001b[0mGET /api/v1/accounts \u001b[36m304\u001b[0m 181.555 ms - -\u001b[0m","timestamp":"2026-03-10 12:44:04"}
{"level":"info","message":"\u001b[0mGET /api/v1/accounts \u001b[36m304\u001b[0m 132.437 ms - -\u001b[0m","timestamp":"2026-03-10 12:44:04"}
{"level":"info","message":"\u001b[0mGET /api/v1/cheques \u001b[36m304\u001b[0m 148.065 ms - -\u001b[0m","timestamp":"2026-03-10 12:44:04"}
{"level":"info","message":"\u001b[0mGET /api/v1/reports/finance/trial-balance \u001b[36m304\u001b[0m 120.054 ms - -\u001b[0m","timestamp":"2026-03-10 12:44:06"}
{"level":"info","message":"\u001b[0mGET /api/v1/reports/finance/profit-loss \u001b[36m304\u001b[0m 266.477 ms - -\u001b[0m","timestamp":"2026-03-10 12:44:06"}
{"level":"info","message":"\u001b[0mGET /api/v1/reports/finance/capital-balance \u001b[36m304\u001b[0m 286.509 ms - -\u001b[0m","timestamp":"2026-03-10 12:44:06"}
{"level":"info","message":"\u001b[0mGET /api/v1/reports/finance/trial-balance \u001b[36m304\u001b[0m 186.047 ms - -\u001b[0m","timestamp":"2026-03-10 12:44:06"}
{"level":"info","message":"\u001b[0mGET /api/v1/reports/finance/capital-balance \u001b[36m304\u001b[0m 229.211 ms - -\u001b[0m","timestamp":"2026-03-10 12:44:06"}
{"level":"info","message":"\u001b[0mGET /api/v1/reports/finance/profit-loss \u001b[36m304\u001b[0m 339.875 ms - -\u001b[0m","timestamp":"2026-03-10 12:44:06"}
{"level":"info","message":"\u001b[0mGET /api/v1/reports/stocks/low-stock \u001b[36m304\u001b[0m 269.318 ms - -\u001b[0m","timestamp":"2026-03-10 12:45:59"}
{"level":"info","message":"\u001b[0mGET /api/v1/reports/stocks/summary \u001b[32m200\u001b[0m 249.127 ms - -\u001b[0m","timestamp":"2026-03-10 12:45:59"}
{"level":"info","message":"\u001b[0mGET /api/v1/settings/global \u001b[36m304\u001b[0m 449.816 ms - -\u001b[0m","timestamp":"2026-03-10 12:46:00"}
{"level":"info","message":"\u001b[0mGET /api/v1/reports/stocks/low-stock \u001b[36m304\u001b[0m 121.392 ms - -\u001b[0m","timestamp":"2026-03-10 12:46:00"}
{"level":"info","message":"\u001b[0mGET /api/v1/reports/stocks/summary \u001b[32m200\u001b[0m 159.645 ms - -\u001b[0m","timestamp":"2026-03-10 12:46:00"}
{"level":"info","message":"\u001b[0mGET /api/v1/reports/finance/trial-balance \u001b[36m304\u001b[0m 276.516 ms - -\u001b[0m","timestamp":"2026-03-10 12:48:41"}
{"level":"info","message":"\u001b[0mGET /api/v1/reports/finance/capital-balance \u001b[36m304\u001b[0m 345.221 ms - -\u001b[0m","timestamp":"2026-03-10 12:48:41"}
{"level":"info","message":"\u001b[0mGET /api/v1/reports/finance/profit-loss \u001b[36m304\u001b[0m 368.008 ms - -\u001b[0m","timestamp":"2026-03-10 12:48:41"}
{"level":"info","message":"\u001b[0mGET /api/v1/reports/finance/trial-balance \u001b[36m304\u001b[0m 118.849 ms - -\u001b[0m","timestamp":"2026-03-10 12:48:41"}
{"level":"info","message":"\u001b[0mGET /api/v1/reports/finance/capital-balance \u001b[36m304\u001b[0m 234.971 ms - -\u001b[0m","timestamp":"2026-03-10 12:48:41"}
{"level":"info","message":"\u001b[0mGET /api/v1/reports/finance/profit-loss \u001b[36m304\u001b[0m 325.160 ms - -\u001b[0m","timestamp":"2026-03-10 12:48:41"}
{"level":"info","message":"\u001b[0mGET /api/v1/reports/finance/trial-balance \u001b[36m304\u001b[0m 363.438 ms - -\u001b[0m","timestamp":"2026-03-10 12:53:27"}
{"level":"info","message":"\u001b[0mGET /api/v1/reports/finance/capital-balance \u001b[36m304\u001b[0m 452.651 ms - -\u001b[0m","timestamp":"2026-03-10 12:53:27"}
{"level":"info","message":"\u001b[0mGET /api/v1/reports/finance/profit-loss \u001b[36m304\u001b[0m 459.261 ms - -\u001b[0m","timestamp":"2026-03-10 12:53:27"}
{"level":"info","message":"\u001b[0mGET /api/v1/reports/finance/trial-balance \u001b[36m304\u001b[0m 81.818 ms - -\u001b[0m","timestamp":"2026-03-10 12:53:28"}
{"level":"info","message":"\u001b[0mGET /api/v1/reports/finance/capital-balance \u001b[36m304\u001b[0m 165.518 ms - -\u001b[0m","timestamp":"2026-03-10 12:53:29"}
{"level":"info","message":"\u001b[0mGET /api/v1/reports/finance/profit-loss \u001b[36m304\u001b[0m 175.272 ms - -\u001b[0m","timestamp":"2026-03-10 12:53:29"}
{"level":"info","message":"\u001b[0mGET /api/v1/settings/general \u001b[36m304\u001b[0m 517.271 ms - -\u001b[0m","timestamp":"2026-03-10 13:02:44"}
{"level":"info","message":"\u001b[0mPOST /api/v1/login \u001b[32m200\u001b[0m 241.044 ms - -\u001b[0m","timestamp":"2026-03-10 13:03:49"}
{"level":"info","message":"\u001b[0mGET /api/v1/me \u001b[32m200\u001b[0m 46.653 ms - -\u001b[0m","timestamp":"2026-03-10 13:03:49"}
{"level":"info","message":"\u001b[0mGET /api/v1/reports/dashboard/summary \u001b[31m500\u001b[0m 242.809 ms - 764\u001b[0m","timestamp":"2026-03-10 13:04:20"}
{"level":"info","message":"\u001b[0mGET /api/v1/reports/dashboard/summary \u001b[31m500\u001b[0m 188.347 ms - 764\u001b[0m","timestamp":"2026-03-10 13:05:08"}
{"level":"info","message":"\u001b[0mGET /api/v1/settings/global \u001b[36m304\u001b[0m 700.898 ms - -\u001b[0m","timestamp":"2026-03-10 13:05:14"}
{"level":"info","message":"\u001b[0mGET /api/v1/products?page=1 \u001b[36m304\u001b[0m 867.276 ms - -\u001b[0m","timestamp":"2026-03-10 13:05:14"}
{"level":"info","message":"\u001b[0mGET /api/v1/products?page=1 \u001b[36m304\u001b[0m 612.049 ms - -\u001b[0m","timestamp":"2026-03-10 13:05:14"}
{"level":"info","message":"\u001b[0mGET /api/v1/settings/global \u001b[36m304\u001b[0m 269.542 ms - -\u001b[0m","timestamp":"2026-03-10 13:05:45"}
{"level":"info","message":"\u001b[0mGET /api/v1/reports/dashboard/summary \u001b[31m500\u001b[0m 324.934 ms - 764\u001b[0m","timestamp":"2026-03-10 13:05:45"}
{"level":"info","message":"\u001b[0mGET /api/v1/reports/dashboard/summary \u001b[31m500\u001b[0m 293.037 ms - 764\u001b[0m","timestamp":"2026-03-10 13:05:46"}
{"level":"info","message":"\u001b[0mGET /api/v1/reports/stocks/low-stock \u001b[36m304\u001b[0m 114.802 ms - -\u001b[0m","timestamp":"2026-03-10 13:05:57"}
{"level":"info","message":"\u001b[0mGET /api/v1/settings/global \u001b[36m304\u001b[0m 151.223 ms - -\u001b[0m","timestamp":"2026-03-10 13:05:57"}
{"level":"info","message":"\u001b[0mGET /api/v1/reports/stocks/summary \u001b[32m200\u001b[0m 108.855 ms - -\u001b[0m","timestamp":"2026-03-10 13:05:57"}
{"level":"info","message":"\u001b[0mGET /api/v1/reports/stocks/low-stock \u001b[36m304\u001b[0m 80.302 ms - -\u001b[0m","timestamp":"2026-03-10 13:05:57"}
{"level":"info","message":"\u001b[0mGET /api/v1/reports/stocks/summary \u001b[36m304\u001b[0m 161.688 ms - -\u001b[0m","timestamp":"2026-03-10 13:05:57"}
{"level":"info","message":"\u001b[0mGET /api/v1/reports/dashboard/summary \u001b[31m500\u001b[0m 43.932 ms - 764\u001b[0m","timestamp":"2026-03-10 13:05:59"}
{"level":"info","message":"\u001b[0mGET /api/v1/reports/dashboard/summary \u001b[31m500\u001b[0m 60.684 ms - 764\u001b[0m","timestamp":"2026-03-10 13:05:59"}
{"level":"info","message":"\u001b[0mGET /api/v1/reports/stocks/low-stock \u001b[36m304\u001b[0m 237.279 ms - -\u001b[0m","timestamp":"2026-03-10 13:06:18"}
{"level":"info","message":"\u001b[0mGET /api/v1/settings/global \u001b[36m304\u001b[0m 287.783 ms - -\u001b[0m","timestamp":"2026-03-10 13:06:18"}
{"level":"info","message":"\u001b[0mGET /api/v1/reports/stocks/summary \u001b[32m200\u001b[0m 236.559 ms - -\u001b[0m","timestamp":"2026-03-10 13:06:18"}
{"level":"info","message":"\u001b[0mGET /api/v1/reports/stocks/low-stock \u001b[36m304\u001b[0m 139.657 ms - -\u001b[0m","timestamp":"2026-03-10 13:06:18"}
{"level":"info","message":"\u001b[0mGET /api/v1/reports/stocks/summary \u001b[32m200\u001b[0m 127.619 ms - -\u001b[0m","timestamp":"2026-03-10 13:06:18"}
{"level":"info","message":"\u001b[0mGET /api/v1/reports/dashboard/summary \u001b[31m500\u001b[0m 83.326 ms - 764\u001b[0m","timestamp":"2026-03-10 13:06:20"}
{"level":"info","message":"\u001b[0mGET /api/v1/reports/dashboard/summary \u001b[31m500\u001b[0m 62.986 ms - 764\u001b[0m","timestamp":"2026-03-10 13:06:20"}
{"level":"info","message":"\u001b[0mGET /api/v1/settings/global \u001b[36m304\u001b[0m 176.530 ms - -\u001b[0m","timestamp":"2026-03-10 13:06:47"}
{"level":"info","message":"\u001b[0mGET /api/v1/settings/global \u001b[36m304\u001b[0m 196.741 ms - -\u001b[0m","timestamp":"2026-03-10 13:07:31"}
{"level":"info","message":"\u001b[0mGET /api/v1/settings/global \u001b[36m304\u001b[0m 131.638 ms - -\u001b[0m","timestamp":"2026-03-10 13:08:00"}
{"level":"info","message":"\u001b[0mGET /api/v1/reports/stocks/low-stock \u001b[36m304\u001b[0m 137.227 ms - -\u001b[0m","timestamp":"2026-03-10 13:08:08"}
{"level":"info","message":"\u001b[0mGET /api/v1/reports/stocks/summary \u001b[32m200\u001b[0m 75.172 ms - -\u001b[0m","timestamp":"2026-03-10 13:08:08"}
{"level":"info","message":"\u001b[0mGET /api/v1/settings/global \u001b[36m304\u001b[0m 228.852 ms - -\u001b[0m","timestamp":"2026-03-10 13:08:08"}
{"level":"info","message":"\u001b[0mGET /api/v1/reports/stocks/summary \u001b[36m304\u001b[0m 203.539 ms - -\u001b[0m","timestamp":"2026-03-10 13:08:08"}
{"level":"info","message":"\u001b[0mGET /api/v1/reports/stocks/low-stock \u001b[36m304\u001b[0m 218.855 ms - -\u001b[0m","timestamp":"2026-03-10 13:08:08"}
{"level":"info","message":"\u001b[0mGET /api/v1/reports/stocks/low-stock \u001b[36m304\u001b[0m 629.285 ms - -\u001b[0m","timestamp":"2026-03-10 13:10:18"}
{"level":"info","message":"\u001b[0mGET /api/v1/settings/global \u001b[36m304\u001b[0m 642.814 ms - -\u001b[0m","timestamp":"2026-03-10 13:10:18"}
{"level":"info","message":"\u001b[0mGET /api/v1/reports/stocks/summary \u001b[32m200\u001b[0m 627.099 ms - -\u001b[0m","timestamp":"2026-03-10 13:10:18"}
{"level":"info","message":"\u001b[0mGET /api/v1/reports/stocks/summary \u001b[36m304\u001b[0m 578.583 ms - -\u001b[0m","timestamp":"2026-03-10 13:10:43"}
{"level":"info","message":"\u001b[0mGET /api/v1/reports/stocks/low-stock \u001b[36m304\u001b[0m 587.573 ms - -\u001b[0m","timestamp":"2026-03-10 13:10:43"}
{"level":"info","message":"\u001b[0mGET /api/v1/settings/global \u001b[36m304\u001b[0m 609.836 ms - -\u001b[0m","timestamp":"2026-03-10 13:10:43"}
{"level":"info","message":"\u001b[0mGET /api/v1/reports/stocks/summary \u001b[36m304\u001b[0m 150.278 ms - -\u001b[0m","timestamp":"2026-03-10 13:11:06"}
{"level":"info","message":"\u001b[0mGET /api/v1/reports/stocks/low-stock \u001b[36m304\u001b[0m 152.301 ms - -\u001b[0m","timestamp":"2026-03-10 13:11:06"}
{"level":"info","message":"\u001b[0mGET /api/v1/settings/global \u001b[36m304\u001b[0m 271.917 ms - -\u001b[0m","timestamp":"2026-03-10 13:11:06"}
{"level":"info","message":"\u001b[0mGET /api/v1/reports/stocks/low-stock \u001b[36m304\u001b[0m 331.961 ms - -\u001b[0m","timestamp":"2026-03-10 13:12:44"}
{"level":"info","message":"\u001b[0mGET /api/v1/reports/stocks/summary \u001b[36m304\u001b[0m 374.189 ms - -\u001b[0m","timestamp":"2026-03-10 13:12:44"}
{"level":"info","message":"\u001b[0mGET /api/v1/settings/global \u001b[36m304\u001b[0m 476.184 ms - -\u001b[0m","timestamp":"2026-03-10 13:12:44"}
{"level":"info","message":"\u001b[0mGET /api/v1/reports/stocks/summary \u001b[36m304\u001b[0m 1010.421 ms - -\u001b[0m","timestamp":"2026-03-10 13:13:16"}
{"level":"info","message":"\u001b[0mGET /api/v1/settings/global \u001b[36m304\u001b[0m 1006.135 ms - -\u001b[0m","timestamp":"2026-03-10 13:13:16"}
{"level":"info","message":"\u001b[0mGET /api/v1/reports/stocks/low-stock \u001b[36m304\u001b[0m 1056.556 ms - -\u001b[0m","timestamp":"2026-03-10 13:13:16"}
{"level":"info","message":"\u001b[0mGET /api/v1/reports/stocks/low-stock \u001b[36m304\u001b[0m 62.329 ms - -\u001b[0m","timestamp":"2026-03-10 13:13:25"}
{"level":"info","message":"\u001b[0mGET /api/v1/reports/stocks/summary \u001b[36m304\u001b[0m 119.830 ms - -\u001b[0m","timestamp":"2026-03-10 13:13:25"}
{"level":"info","message":"\u001b[0mGET /api/v1/settings/global \u001b[36m304\u001b[0m 143.972 ms - -\u001b[0m","timestamp":"2026-03-10 13:13:26"}
{"level":"info","message":"\u001b[0mGET /api/v1/reports/stocks/summary \u001b[36m304\u001b[0m 92.190 ms - -\u001b[0m","timestamp":"2026-03-10 13:13:33"}
{"level":"info","message":"\u001b[0mGET /api/v1/reports/stocks/low-stock \u001b[36m304\u001b[0m 92.694 ms - -\u001b[0m","timestamp":"2026-03-10 13:13:33"}
{"level":"info","message":"\u001b[0mGET /api/v1/settings/global \u001b[36m304\u001b[0m 249.993 ms - -\u001b[0m","timestamp":"2026-03-10 13:20:22"}
{"level":"info","message":"\u001b[0mGET /api/v1/settings/general \u001b[36m304\u001b[0m 143.919 ms - -\u001b[0m","timestamp":"2026-03-10 13:21:00"}
{"level":"info","message":"\u001b[0mGET /api/v1/settings/business \u001b[36m304\u001b[0m 56.847 ms - -\u001b[0m","timestamp":"2026-03-10 13:21:07"}
{"level":"info","message":"\u001b[0mGET /uploads/logos/logo-1770028207788-496095247.png \u001b[36m304\u001b[0m 6.903 ms - -\u001b[0m","timestamp":"2026-03-10 13:21:07"}
{"level":"info","message":"\u001b[0mGET /api/v1/settings/global \u001b[36m304\u001b[0m 1629.104 ms - -\u001b[0m","timestamp":"2026-03-10 13:27:09"}
{"level":"info","message":"\u001b[0mGET /api/v1/organizations \u001b[36m304\u001b[0m 1765.674 ms - -\u001b[0m","timestamp":"2026-03-10 13:27:09"}
{"level":"info","message":"\u001b[0mGET /api/v1/organizations \u001b[36m304\u001b[0m 158.213 ms - -\u001b[0m","timestamp":"2026-03-10 13:27:10"}
{"level":"info","message":"\u001b[0mGET /api/v1/settings/global \u001b[36m304\u001b[0m 485.871 ms - -\u001b[0m","timestamp":"2026-03-10 13:27:39"}
{"level":"info","message":"\u001b[0mGET /api/v1/organizations \u001b[36m304\u001b[0m 530.793 ms - -\u001b[0m","timestamp":"2026-03-10 13:27:39"}
{"level":"info","message":"\u001b[0mGET /api/v1/organizations \u001b[36m304\u001b[0m 55.335 ms - -\u001b[0m","timestamp":"2026-03-10 13:27:39"}
{"level":"info","message":"\u001b[0mGET /api/v1/settings/global \u001b[36m304\u001b[0m 173.293 ms - -\u001b[0m","timestamp":"2026-03-10 13:27:41"}
{"level":"info","message":"\u001b[0mGET /api/v1/organizations \u001b[36m304\u001b[0m 257.716 ms - -\u001b[0m","timestamp":"2026-03-10 13:27:41"}
{"level":"info","message":"\u001b[0mGET /api/v1/organizations \u001b[36m304\u001b[0m 80.201 ms - -\u001b[0m","timestamp":"2026-03-10 13:27:41"}
{"level":"info","message":"\u001b[0mGET /api/v1/organizations/81eb22d5-43eb-4f6f-91cf-24e52f19f4d0 \u001b[32m200\u001b[0m 297.236 ms - -\u001b[0m","timestamp":"2026-03-10 13:28:41"}
{"level":"info","message":"\u001b[0mGET /api/v1/organizations/81eb22d5-43eb-4f6f-91cf-24e52f19f4d0 \u001b[36m304\u001b[0m 70.065 ms - -\u001b[0m","timestamp":"2026-03-10 13:28:41"}
{"level":"info","message":"\u001b[0mGET /api/v1/organizations \u001b[36m304\u001b[0m 359.876 ms - -\u001b[0m","timestamp":"2026-03-10 13:33:03"}
{"level":"info","message":"\u001b[0mGET /api/v1/organizations \u001b[36m304\u001b[0m 94.723 ms - -\u001b[0m","timestamp":"2026-03-10 13:33:03"}
{"level":"info","message":"\u001b[0mGET /api/v1/settings/global \u001b[36m304\u001b[0m 422.712 ms - -\u001b[0m","timestamp":"2026-03-10 13:41:44"}
{"level":"info","message":"\u001b[0mGET /api/v1/reports/dashboard/summary \u001b[31m500\u001b[0m 52.776 ms - 764\u001b[0m","timestamp":"2026-03-10 13:44:06"}
{"level":"info","message":"\u001b[0mGET /api/v1/settings/global \u001b[36m304\u001b[0m 191.343 ms - -\u001b[0m","timestamp":"2026-03-10 13:44:30"}
{"level":"info","message":"\u001b[0mGET /api/v1/settings/general \u001b[36m304\u001b[0m 107.646 ms - -\u001b[0m","timestamp":"2026-03-10 13:44:37"}
{"level":"info","message":"\u001b[0mGET /api/v1/organizations \u001b[36m304\u001b[0m 94.148 ms - -\u001b[0m","timestamp":"2026-03-10 13:44:40"}
{"level":"info","message":"\u001b[0mGET /api/v1/organizations \u001b[36m304\u001b[0m 107.357 ms - -\u001b[0m","timestamp":"2026-03-10 13:44:40"}
{"level":"info","message":"\u001b[0mGET /api/v1/organizations \u001b[36m304\u001b[0m 121.599 ms - -\u001b[0m","timestamp":"2026-03-10 13:47:43"}
{"level":"info","message":"\u001b[0mGET /api/v1/organizations \u001b[36m304\u001b[0m 449.460 ms - -\u001b[0m","timestamp":"2026-03-10 13:47:43"}
{"level":"info","message":"\u001b[0mGET /api/v1/organizations \u001b[36m304\u001b[0m 266.431 ms - -\u001b[0m","timestamp":"2026-03-10 13:49:36"}
{"level":"info","message":"\u001b[0mGET /api/v1/reports/stocks/summary \u001b[36m304\u001b[0m 394.877 ms - -\u001b[0m","timestamp":"2026-03-10 13:51:06"}
{"level":"info","message":"\u001b[0mGET /api/v1/reports/stocks/low-stock \u001b[36m304\u001b[0m 394.480 ms - -\u001b[0m","timestamp":"2026-03-10 13:51:06"}
{"level":"info","message":"\u001b[0mGET /api/v1/settings/global \u001b[36m304\u001b[0m 415.762 ms - -\u001b[0m","timestamp":"2026-03-10 13:51:06"}
{"level":"info","message":"\u001b[0mGET /api/v1/reports/stocks/low-stock \u001b[36m304\u001b[0m 132.656 ms - -\u001b[0m","timestamp":"2026-03-10 13:51:06"}
{"level":"info","message":"\u001b[0mGET /api/v1/reports/stocks/summary \u001b[32m200\u001b[0m 112.454 ms - -\u001b[0m","timestamp":"2026-03-10 13:51:06"}
{"level":"info","message":"\u001b[0mGET /api/v1/reports/stocks/summary \u001b[36m304\u001b[0m 62.493 ms - -\u001b[0m","timestamp":"2026-03-10 13:51:11"}
{"level":"info","message":"\u001b[0mGET /api/v1/reports/stocks/low-stock \u001b[36m304\u001b[0m 112.111 ms - -\u001b[0m","timestamp":"2026-03-10 13:51:11"}
{"level":"info","message":"\u001b[0mGET /api/v1/settings/global \u001b[36m304\u001b[0m 247.990 ms - -\u001b[0m","timestamp":"2026-03-10 13:51:11"}
{"level":"info","message":"\u001b[0mGET /api/v1/reports/stocks/summary \u001b[36m304\u001b[0m 209.870 ms - -\u001b[0m","timestamp":"2026-03-10 13:51:11"}
{"level":"info","message":"\u001b[0mGET /api/v1/reports/stocks/low-stock \u001b[36m304\u001b[0m 309.544 ms - -\u001b[0m","timestamp":"2026-03-10 13:51:11"}
{"level":"info","message":"\u001b[0mGET /api/v1/cheques \u001b[36m304\u001b[0m 168.227 ms - -\u001b[0m","timestamp":"2026-03-10 13:51:17"}
{"level":"info","message":"\u001b[0mGET /api/v1/accounts \u001b[36m304\u001b[0m 240.726 ms - -\u001b[0m","timestamp":"2026-03-10 13:51:17"}
{"level":"info","message":"\u001b[0mGET /api/v1/cheques \u001b[36m304\u001b[0m 161.294 ms - -\u001b[0m","timestamp":"2026-03-10 13:51:17"}
{"level":"info","message":"\u001b[0mGET /api/v1/accounts \u001b[36m304\u001b[0m 161.485 ms - -\u001b[0m","timestamp":"2026-03-10 13:51:17"}
{"level":"info","message":"\u001b[0mGET /api/v1/reports/finance/trial-balance \u001b[36m304\u001b[0m 141.929 ms - -\u001b[0m","timestamp":"2026-03-10 13:51:22"}
{"level":"info","message":"\u001b[0mGET /api/v1/reports/finance/capital-balance \u001b[36m304\u001b[0m 233.109 ms - -\u001b[0m","timestamp":"2026-03-10 13:51:22"}
{"level":"info","message":"\u001b[0mGET /api/v1/reports/finance/profit-loss \u001b[36m304\u001b[0m 258.434 ms - -\u001b[0m","timestamp":"2026-03-10 13:51:22"}
{"level":"info","message":"\u001b[0mGET /api/v1/reports/finance/trial-balance \u001b[36m304\u001b[0m 103.899 ms - -\u001b[0m","timestamp":"2026-03-10 13:51:23"}
{"level":"info","message":"\u001b[0mGET /api/v1/reports/finance/capital-balance \u001b[36m304\u001b[0m 123.207 ms - -\u001b[0m","timestamp":"2026-03-10 13:51:23"}
{"level":"info","message":"\u001b[0mGET /api/v1/reports/finance/profit-loss \u001b[36m304\u001b[0m 187.748 ms - -\u001b[0m","timestamp":"2026-03-10 13:51:23"}
{"level":"info","message":"\u001b[0mGET /api/v1/suppliers/active/list \u001b[36m304\u001b[0m 205.922 ms - -\u001b[0m","timestamp":"2026-03-10 13:51:29"}
{"level":"info","message":"\u001b[0mGET /api/v1/suppliers/active/list \u001b[36m304\u001b[0m 87.025 ms - -\u001b[0m","timestamp":"2026-03-10 13:51:29"}
{"level":"info","message":"\u001b[0mGET /api/v1/cheques \u001b[36m304\u001b[0m 49.874 ms - -\u001b[0m","timestamp":"2026-03-10 13:51:32"}
{"level":"info","message":"\u001b[0mGET /api/v1/accounts \u001b[36m304\u001b[0m 81.734 ms - -\u001b[0m","timestamp":"2026-03-10 13:51:32"}
{"level":"info","message":"\u001b[0mGET /api/v1/cheques \u001b[36m304\u001b[0m 145.068 ms - -\u001b[0m","timestamp":"2026-03-10 13:51:32"}
{"level":"info","message":"\u001b[0mGET /api/v1/accounts \u001b[36m304\u001b[0m 201.277 ms - -\u001b[0m","timestamp":"2026-03-10 13:51:32"}
{"level":"info","message":"\u001b[0mGET /api/v1/cheques \u001b[36m304\u001b[0m 162.716 ms - -\u001b[0m","timestamp":"2026-03-10 14:00:58"}
{"level":"info","message":"\u001b[0mGET /api/v1/accounts \u001b[36m304\u001b[0m 165.938 ms - -\u001b[0m","timestamp":"2026-03-10 14:00:58"}
{"level":"info","message":"\u001b[0mGET /api/v1/reports/finance/trial-balance \u001b[36m304\u001b[0m 65.764 ms - -\u001b[0m","timestamp":"2026-03-10 14:01:04"}
{"level":"info","message":"\u001b[0mGET /api/v1/reports/finance/capital-balance \u001b[36m304\u001b[0m 208.070 ms - -\u001b[0m","timestamp":"2026-03-10 14:01:04"}
{"level":"info","message":"\u001b[0mGET /api/v1/reports/finance/profit-loss \u001b[36m304\u001b[0m 225.277 ms - -\u001b[0m","timestamp":"2026-03-10 14:01:04"}
{"level":"info","message":"\u001b[0mGET /api/v1/reports/finance/trial-balance \u001b[36m304\u001b[0m 179.054 ms - -\u001b[0m","timestamp":"2026-03-10 14:01:04"}
{"level":"info","message":"\u001b[0mGET /api/v1/reports/finance/profit-loss \u001b[36m304\u001b[0m 127.503 ms - -\u001b[0m","timestamp":"2026-03-10 14:01:05"}
{"level":"info","message":"\u001b[0mGET /api/v1/reports/finance/capital-balance \u001b[36m304\u001b[0m 140.658 ms - -\u001b[0m","timestamp":"2026-03-10 14:01:05"}
{"level":"info","message":"\u001b[0mGET /api/v1/reports/stocks/summary \u001b[33m401\u001b[0m 14.356 ms - 44\u001b[0m","timestamp":"2026-03-10 14:06:49"}
{"level":"info","message":"\u001b[0mGET /api/v1/reports/stocks/low-stock \u001b[33m401\u001b[0m 17.345 ms - 44\u001b[0m","timestamp":"2026-03-10 14:06:49"}
{"level":"info","message":"\u001b[0mGET /api/v1/reports/stocks/low-stock \u001b[33m401\u001b[0m 21.355 ms - 44\u001b[0m","timestamp":"2026-03-10 14:06:49"}
{"level":"info","message":"\u001b[0mGET /api/v1/reports/stocks/summary \u001b[33m401\u001b[0m 41.269 ms - 44\u001b[0m","timestamp":"2026-03-10 14:06:49"}
{"level":"info","message":"\u001b[0mGET /api/v1/settings/global \u001b[33m401\u001b[0m 26.991 ms - 44\u001b[0m","timestamp":"2026-03-10 14:06:49"}
{"level":"info","message":"\u001b[0mPOST /api/v1/login \u001b[32m200\u001b[0m 236.750 ms - -\u001b[0m","timestamp":"2026-03-10 14:06:58"}
{"level":"info","message":"\u001b[0mGET /api/v1/me \u001b[32m200\u001b[0m 64.718 ms - -\u001b[0m","timestamp":"2026-03-10 14:06:58"}
{"level":"info","message":"\u001b[0mGET /api/v1/reports/dashboard/summary \u001b[31m500\u001b[0m 90.219 ms - 764\u001b[0m","timestamp":"2026-03-10 14:06:59"}
{"level":"info","message":"\u001b[0mGET /api/v1/reports/dashboard/summary \u001b[31m500\u001b[0m 120.422 ms - 764\u001b[0m","timestamp":"2026-03-10 14:06:59"}
{"level":"info","message":"\u001b[0mGET /api/v1/settings/global \u001b[36m304\u001b[0m 105.484 ms - -\u001b[0m","timestamp":"2026-03-10 14:07:04"}
{"level":"info","message":"\u001b[0mGET /api/v1/reports/stocks/low-stock \u001b[36m304\u001b[0m 138.722 ms - -\u001b[0m","timestamp":"2026-03-10 14:07:04"}
{"level":"info","message":"\u001b[0mGET /api/v1/reports/stocks/summary \u001b[32m200\u001b[0m 132.371 ms - -\u001b[0m","timestamp":"2026-03-10 14:07:04"}
{"level":"info","message":"\u001b[0mGET /api/v1/reports/stocks/low-stock \u001b[36m304\u001b[0m 118.821 ms - -\u001b[0m","timestamp":"2026-03-10 14:07:04"}
{"level":"info","message":"\u001b[0mGET /api/v1/reports/stocks/summary \u001b[32m200\u001b[0m 87.324 ms - -\u001b[0m","timestamp":"2026-03-10 14:07:04"}
{"level":"info","message":"\u001b[0mGET /api/v1/reports/stocks/summary \u001b[32m200\u001b[0m 112.186 ms - -\u001b[0m","timestamp":"2026-03-10 14:09:32"}
{"level":"info","message":"\u001b[0mGET /api/v1/reports/stocks/low-stock \u001b[36m304\u001b[0m 446.343 ms - -\u001b[0m","timestamp":"2026-03-10 14:09:32"}
{"level":"info","message":"\u001b[0mGET /api/v1/settings/global \u001b[36m304\u001b[0m 523.014 ms - -\u001b[0m","timestamp":"2026-03-10 14:09:33"}
{"level":"info","message":"\u001b[0mGET /api/v1/reports/stocks/summary \u001b[36m304\u001b[0m 565.510 ms - -\u001b[0m","timestamp":"2026-03-10 14:09:54"}
{"level":"info","message":"\u001b[0mGET /api/v1/reports/stocks/low-stock \u001b[36m304\u001b[0m 579.174 ms - -\u001b[0m","timestamp":"2026-03-10 14:09:54"}
{"level":"info","message":"\u001b[0mGET /api/v1/settings/global \u001b[36m304\u001b[0m 584.161 ms - -\u001b[0m","timestamp":"2026-03-10 14:09:54"}
{"level":"info","message":"\u001b[0mGET /api/v1/reports/stocks/summary \u001b[36m304\u001b[0m 283.135 ms - -\u001b[0m","timestamp":"2026-03-10 14:11:48"}
{"level":"info","message":"\u001b[0mGET /api/v1/settings/global \u001b[36m304\u001b[0m 309.806 ms - -\u001b[0m","timestamp":"2026-03-10 14:11:48"}
{"level":"info","message":"\u001b[0mGET /api/v1/reports/stocks/low-stock \u001b[36m304\u001b[0m 323.234 ms - -\u001b[0m","timestamp":"2026-03-10 14:11:48"}
{"level":"info","message":"\u001b[0mGET /api/v1/reports/stocks/summary \u001b[36m304\u001b[0m 389.492 ms - -\u001b[0m","timestamp":"2026-03-10 14:12:11"}
{"level":"info","message":"\u001b[0mGET /api/v1/settings/global \u001b[36m304\u001b[0m 410.504 ms - -\u001b[0m","timestamp":"2026-03-10 14:12:11"}
{"level":"info","message":"\u001b[0mGET /api/v1/reports/stocks/low-stock \u001b[36m304\u001b[0m 416.129 ms - -\u001b[0m","timestamp":"2026-03-10 14:12:11"}
{"level":"info","message":"\u001b[0mGET /api/v1/reports/stocks/summary \u001b[36m304\u001b[0m 677.250 ms - -\u001b[0m","timestamp":"2026-03-10 14:13:35"}
{"level":"info","message":"\u001b[0mGET /api/v1/reports/stocks/low-stock \u001b[36m304\u001b[0m 751.394 ms - -\u001b[0m","timestamp":"2026-03-10 14:13:35"}
{"level":"info","message":"\u001b[0mGET /api/v1/settings/global \u001b[36m304\u001b[0m 839.606 ms - -\u001b[0m","timestamp":"2026-03-10 14:13:35"}
{"level":"info","message":"\u001b[0mGET /api/v1/reports/stocks/summary \u001b[36m304\u001b[0m 135.535 ms - -\u001b[0m","timestamp":"2026-03-10 14:14:17"}
{"level":"info","message":"\u001b[0mGET /api/v1/reports/stocks/low-stock \u001b[36m304\u001b[0m 181.689 ms - -\u001b[0m","timestamp":"2026-03-10 14:14:17"}
{"level":"info","message":"\u001b[0mGET /api/v1/reports/stocks/low-stock \u001b[36m304\u001b[0m 374.627 ms - -\u001b[0m","timestamp":"2026-03-10 14:14:34"}
{"level":"info","message":"\u001b[0mGET /api/v1/settings/global \u001b[36m304\u001b[0m 430.713 ms - -\u001b[0m","timestamp":"2026-03-10 14:14:34"}
{"level":"info","message":"\u001b[0mGET /api/v1/reports/stocks/summary \u001b[32m200\u001b[0m 453.312 ms - -\u001b[0m","timestamp":"2026-03-10 14:14:34"}
{"level":"info","message":"\u001b[0mGET /api/v1/reports/stocks/summary \u001b[32m200\u001b[0m 261.654 ms - -\u001b[0m","timestamp":"2026-03-10 14:15:04"}
{"level":"info","message":"\u001b[0mGET /api/v1/settings/global \u001b[36m304\u001b[0m 294.327 ms - -\u001b[0m","timestamp":"2026-03-10 14:15:04"}
{"level":"info","message":"\u001b[0mGET /api/v1/reports/stocks/low-stock \u001b[36m304\u001b[0m 293.949 ms - -\u001b[0m","timestamp":"2026-03-10 14:15:04"}
{"level":"info","message":"\u001b[0mGET /api/v1/settings/global \u001b[36m304\u001b[0m 334.501 ms - -\u001b[0m","timestamp":"2026-03-10 14:15:29"}
{"level":"info","message":"\u001b[0mGET /api/v1/reports/stocks/summary \u001b[32m200\u001b[0m 282.103 ms - -\u001b[0m","timestamp":"2026-03-10 14:15:29"}
{"level":"info","message":"\u001b[0mGET /api/v1/reports/stocks/low-stock \u001b[36m304\u001b[0m 367.617 ms - -\u001b[0m","timestamp":"2026-03-10 14:15:29"}
{"level":"info","message":"\u001b[0mGET /api/v1/reports/finance/tax?start_date=2026-03-01&end_date=2026-03-31&branch_id=all \u001b[32m200\u001b[0m 319.786 ms - 165\u001b[0m","timestamp":"2026-03-10 14:21:22"}
{"level":"info","message":"\u001b[0mGET /api/v1/branches/active/list \u001b[36m304\u001b[0m 302.687 ms - -\u001b[0m","timestamp":"2026-03-10 14:21:22"}
{"level":"info","message":"\u001b[0mGET /api/v1/reports/finance/tax?start_date=2026-03-01&end_date=2026-03-31&branch_id=all \u001b[36m304\u001b[0m 138.644 ms - -\u001b[0m","timestamp":"2026-03-10 14:21:22"}
{"level":"info","message":"\u001b[0mGET /api/v1/branches/active/list \u001b[36m304\u001b[0m 239.429 ms - -\u001b[0m","timestamp":"2026-03-10 14:21:22"}
{"level":"info","message":"\u001b[0mGET /api/v1/reports/stocks/value \u001b[36m304\u001b[0m 241.574 ms - -\u001b[0m","timestamp":"2026-03-10 14:33:57"}
{"level":"info","message":"\u001b[0mGET /api/v1/reports/stocks/value \u001b[36m304\u001b[0m 65.907 ms - -\u001b[0m","timestamp":"2026-03-10 14:33:57"}
{"level":"info","message":"\u001b[0mGET /api/v1/reports/stocks/low-stock \u001b[36m304\u001b[0m 520.032 ms - -\u001b[0m","timestamp":"2026-03-10 14:37:01"}
{"level":"info","message":"\u001b[0mGET /api/v1/reports/stocks/low-stock \u001b[36m304\u001b[0m 125.609 ms - -\u001b[0m","timestamp":"2026-03-10 14:37:01"}
{"level":"info","message":"\u001b[0mGET /api/v1/reports/stocks/low-stock \u001b[36m304\u001b[0m 115.692 ms - -\u001b[0m","timestamp":"2026-03-10 14:41:07"}
{"level":"info","message":"\u001b[0mGET /api/v1/settings/global \u001b[36m304\u001b[0m 142.934 ms - -\u001b[0m","timestamp":"2026-03-10 14:41:07"}
{"level":"info","message":"\u001b[0mGET /api/v1/reports/stocks/low-stock \u001b[36m304\u001b[0m 63.524 ms - -\u001b[0m","timestamp":"2026-03-10 14:41:08"}
{"level":"info","message":"\u001b[0mGET /api/v1/reports/stocks/low-stock \u001b[36m304\u001b[0m 516.225 ms - -\u001b[0m","timestamp":"2026-03-10 14:54:31"}
{"level":"info","message":"\u001b[0mGET /api/v1/suppliers/active/list \u001b[36m304\u001b[0m 120.184 ms - -\u001b[0m","timestamp":"2026-03-10 14:55:09"}
{"level":"info","message":"\u001b[0mGET /api/v1/products/active/list \u001b[36m304\u001b[0m 297.842 ms - -\u001b[0m","timestamp":"2026-03-10 14:55:09"}
{"level":"info","message":"\u001b[0mGET /api/v1/suppliers/active/list \u001b[36m304\u001b[0m 182.941 ms - -\u001b[0m","timestamp":"2026-03-10 14:55:09"}
{"level":"info","message":"\u001b[0mGET /api/v1/products/active/list \u001b[36m304\u001b[0m 118.176 ms - -\u001b[0m","timestamp":"2026-03-10 14:55:09"}
{"level":"info","message":"\u001b[0mGET /api/v1/branches/active/list \u001b[36m304\u001b[0m 110.153 ms - -\u001b[0m","timestamp":"2026-03-10 14:55:10"}
{"level":"info","message":"\u001b[0mGET /api/v1/branches/active/list \u001b[36m304\u001b[0m 50.309 ms - -\u001b[0m","timestamp":"2026-03-10 14:55:10"}
{"level":"info","message":"\u001b[0mGET /api/v1/reports/stocks/low-stock \u001b[36m304\u001b[0m 56.420 ms - -\u001b[0m","timestamp":"2026-03-10 14:55:21"}
{"level":"info","message":"\u001b[0mGET /api/v1/reports/stocks/low-stock \u001b[36m304\u001b[0m 58.745 ms - -\u001b[0m","timestamp":"2026-03-10 14:55:21"}
{"level":"info","message":"\u001b[0mGET /api/v1/suppliers/active/list \u001b[36m304\u001b[0m 137.366 ms - -\u001b[0m","timestamp":"2026-03-10 14:56:30"}
{"level":"info","message":"\u001b[0mGET /api/v1/products/active/list \u001b[36m304\u001b[0m 140.661 ms - -\u001b[0m","timestamp":"2026-03-10 14:56:30"}
{"level":"info","message":"\u001b[0mGET /api/v1/suppliers/active/list \u001b[36m304\u001b[0m 141.865 ms - -\u001b[0m","timestamp":"2026-03-10 14:56:30"}
{"level":"info","message":"\u001b[0mGET /api/v1/products/active/list \u001b[36m304\u001b[0m 194.930 ms - -\u001b[0m","timestamp":"2026-03-10 14:56:30"}
{"level":"info","message":"\u001b[0mGET /api/v1/branches/active/list \u001b[36m304\u001b[0m 68.370 ms - -\u001b[0m","timestamp":"2026-03-10 14:56:30"}
{"level":"info","message":"\u001b[0mGET /api/v1/branches/active/list \u001b[36m304\u001b[0m 42.390 ms - -\u001b[0m","timestamp":"2026-03-10 14:56:30"}
{"level":"info","message":"\u001b[0mGET /api/v1/reports/stocks/low-stock \u001b[36m304\u001b[0m 56.393 ms - -\u001b[0m","timestamp":"2026-03-10 14:56:48"}
{"level":"info","message":"\u001b[0mGET /api/v1/reports/stocks/low-stock \u001b[36m304\u001b[0m 63.651 ms - -\u001b[0m","timestamp":"2026-03-10 14:56:48"}
{"level":"info","message":"\u001b[0mGET /api/v1/suppliers/active/list \u001b[36m304\u001b[0m 107.453 ms - -\u001b[0m","timestamp":"2026-03-10 14:56:50"}
{"level":"info","message":"\u001b[0mGET /api/v1/products/active/list \u001b[36m304\u001b[0m 118.046 ms - -\u001b[0m","timestamp":"2026-03-10 14:56:50"}
{"level":"info","message":"\u001b[0mGET /api/v1/suppliers/active/list \u001b[36m304\u001b[0m 137.729 ms - -\u001b[0m","timestamp":"2026-03-10 14:56:50"}
{"level":"info","message":"\u001b[0mGET /api/v1/products/active/list \u001b[36m304\u001b[0m 150.232 ms - -\u001b[0m","timestamp":"2026-03-10 14:56:50"}
{"level":"info","message":"\u001b[0mGET /api/v1/branches/active/list \u001b[36m304\u001b[0m 179.880 ms - -\u001b[0m","timestamp":"2026-03-10 14:56:51"}
{"level":"info","message":"\u001b[0mGET /api/v1/branches/active/list \u001b[36m304\u001b[0m 45.236 ms - -\u001b[0m","timestamp":"2026-03-10 14:56:51"}
{"level":"info","message":"\u001b[0mGET /api/v1/reports/stocks/low-stock \u001b[36m304\u001b[0m 41.732 ms - -\u001b[0m","timestamp":"2026-03-10 14:56:54"}
{"level":"info","message":"\u001b[0mGET /api/v1/reports/stocks/low-stock \u001b[36m304\u001b[0m 53.786 ms - -\u001b[0m","timestamp":"2026-03-10 14:56:54"}
{"level":"info","message":"\u001b[0mGET /api/v1/suppliers/active/list \u001b[36m304\u001b[0m 85.629 ms - -\u001b[0m","timestamp":"2026-03-10 14:57:16"}
{"level":"info","message":"\u001b[0mGET /api/v1/products/active/list \u001b[36m304\u001b[0m 143.518 ms - -\u001b[0m","timestamp":"2026-03-10 14:57:16"}
{"level":"info","message":"\u001b[0mGET /api/v1/suppliers/active/list \u001b[36m304\u001b[0m 77.630 ms - -\u001b[0m","timestamp":"2026-03-10 14:57:16"}
{"level":"info","message":"\u001b[0mGET /api/v1/products/active/list \u001b[36m304\u001b[0m 125.856 ms - -\u001b[0m","timestamp":"2026-03-10 14:57:16"}
{"level":"info","message":"\u001b[0mGET /api/v1/branches/active/list \u001b[36m304\u001b[0m 57.287 ms - -\u001b[0m","timestamp":"2026-03-10 14:57:16"}
{"level":"info","message":"\u001b[0mGET /api/v1/branches/active/list \u001b[36m304\u001b[0m 74.081 ms - -\u001b[0m","timestamp":"2026-03-10 14:57:16"}
{"level":"info","message":"\u001b[0mGET /api/v1/reports/stocks/low-stock \u001b[36m304\u001b[0m 111.943 ms - -\u001b[0m","timestamp":"2026-03-10 14:58:19"}
{"level":"info","message":"\u001b[0mGET /api/v1/reports/stocks/low-stock \u001b[36m304\u001b[0m 127.879 ms - -\u001b[0m","timestamp":"2026-03-10 14:58:19"}
{"level":"info","message":"\u001b[0mGET /api/v1/products/active/list \u001b[36m304\u001b[0m 221.539 ms - -\u001b[0m","timestamp":"2026-03-10 14:58:23"}
{"level":"info","message":"\u001b[0mGET /api/v1/suppliers/active/list \u001b[36m304\u001b[0m 234.919 ms - -\u001b[0m","timestamp":"2026-03-10 14:58:23"}
{"level":"info","message":"\u001b[0mGET /api/v1/suppliers/active/list \u001b[36m304\u001b[0m 173.564 ms - -\u001b[0m","timestamp":"2026-03-10 14:58:23"}
{"level":"info","message":"\u001b[0mGET /api/v1/products/active/list \u001b[36m304\u001b[0m 202.298 ms - -\u001b[0m","timestamp":"2026-03-10 14:58:23"}
{"level":"info","message":"\u001b[0mGET /api/v1/branches/active/list \u001b[36m304\u001b[0m 210.641 ms - -\u001b[0m","timestamp":"2026-03-10 14:58:23"}
{"level":"info","message":"\u001b[0mGET /api/v1/branches/active/list \u001b[36m304\u001b[0m 62.091 ms - -\u001b[0m","timestamp":"2026-03-10 14:58:23"}
{"level":"info","message":"\u001b[0mGET /api/v1/settings/global \u001b[36m304\u001b[0m 268.268 ms - -\u001b[0m","timestamp":"2026-03-10 14:58:34"}
{"level":"info","message":"\u001b[0mGET /api/v1/suppliers/active/list \u001b[36m304\u001b[0m 311.188 ms - -\u001b[0m","timestamp":"2026-03-10 14:58:34"}
{"level":"info","message":"\u001b[0mGET /api/v1/products/active/list \u001b[36m304\u001b[0m 301.068 ms - -\u001b[0m","timestamp":"2026-03-10 14:58:34"}
{"level":"info","message":"\u001b[0mGET /api/v1/suppliers/active/list \u001b[36m304\u001b[0m 179.143 ms - -\u001b[0m","timestamp":"2026-03-10 14:58:35"}
{"level":"info","message":"\u001b[0mGET /api/v1/products/active/list \u001b[36m304\u001b[0m 186.929 ms - -\u001b[0m","timestamp":"2026-03-10 14:58:35"}
{"level":"info","message":"\u001b[0mGET /api/v1/branches/active/list \u001b[36m304\u001b[0m 183.713 ms - -\u001b[0m","timestamp":"2026-03-10 14:58:35"}
{"level":"info","message":"\u001b[0mGET /api/v1/branches/active/list \u001b[36m304\u001b[0m 86.555 ms - -\u001b[0m","timestamp":"2026-03-10 14:58:35"}
{"level":"info","message":"\u001b[0mGET /api/v1/settings/global \u001b[36m304\u001b[0m 408.739 ms - -\u001b[0m","timestamp":"2026-03-10 14:58:49"}
{"level":"info","message":"\u001b[0mGET /api/v1/suppliers/active/list \u001b[36m304\u001b[0m 410.758 ms - -\u001b[0m","timestamp":"2026-03-10 14:58:49"}
{"level":"info","message":"\u001b[0mGET /api/v1/products/active/list \u001b[36m304\u001b[0m 421.295 ms - -\u001b[0m","timestamp":"2026-03-10 14:58:49"}
{"level":"info","message":"\u001b[0mGET /api/v1/suppliers/active/list \u001b[36m304\u001b[0m 221.127 ms - -\u001b[0m","timestamp":"2026-03-10 14:58:49"}
{"level":"info","message":"\u001b[0mGET /api/v1/products/active/list \u001b[36m304\u001b[0m 224.247 ms - -\u001b[0m","timestamp":"2026-03-10 14:58:49"}
{"level":"info","message":"\u001b[0mGET /api/v1/branches/active/list \u001b[36m304\u001b[0m 130.145 ms - -\u001b[0m","timestamp":"2026-03-10 14:58:49"}
{"level":"info","message":"\u001b[0mGET /api/v1/branches/active/list \u001b[36m304\u001b[0m 118.720 ms - -\u001b[0m","timestamp":"2026-03-10 14:58:49"}
{"level":"info","message":"\u001b[0mGET /api/v1/suppliers/active/list \u001b[36m304\u001b[0m 163.307 ms - -\u001b[0m","timestamp":"2026-03-10 14:59:01"}
{"level":"info","message":"\u001b[0mGET /api/v1/settings/global \u001b[36m304\u001b[0m 201.908 ms - -\u001b[0m","timestamp":"2026-03-10 14:59:01"}
{"level":"info","message":"\u001b[0mGET /api/v1/products/active/list \u001b[36m304\u001b[0m 196.088 ms - -\u001b[0m","timestamp":"2026-03-10 14:59:01"}
{"level":"info","message":"\u001b[0mGET /api/v1/suppliers/active/list \u001b[36m304\u001b[0m 135.396 ms - -\u001b[0m","timestamp":"2026-03-10 14:59:01"}
{"level":"info","message":"\u001b[0mGET /api/v1/products/active/list \u001b[36m304\u001b[0m 147.955 ms - -\u001b[0m","timestamp":"2026-03-10 14:59:01"}
{"level":"info","message":"\u001b[0mGET /api/v1/branches/active/list \u001b[36m304\u001b[0m 112.080 ms - -\u001b[0m","timestamp":"2026-03-10 14:59:02"}
{"level":"info","message":"\u001b[0mGET /api/v1/branches/active/list \u001b[36m304\u001b[0m 181.265 ms - -\u001b[0m","timestamp":"2026-03-10 14:59:02"}
{"level":"info","message":"\u001b[0mGET /api/v1/reports/stocks/low-stock \u001b[36m304\u001b[0m 726.555 ms - -\u001b[0m","timestamp":"2026-03-10 14:59:06"}
{"level":"info","message":"\u001b[0mGET /api/v1/reports/stocks/low-stock \u001b[36m304\u001b[0m 117.173 ms - -\u001b[0m","timestamp":"2026-03-10 14:59:06"}
{"level":"info","message":"\u001b[0mGET /api/v1/suppliers/active/list \u001b[36m304\u001b[0m 388.514 ms - -\u001b[0m","timestamp":"2026-03-10 14:59:12"}
{"level":"info","message":"\u001b[0mGET /api/v1/products/active/list \u001b[36m304\u001b[0m 466.167 ms - -\u001b[0m","timestamp":"2026-03-10 14:59:12"}
{"level":"info","message":"\u001b[0mGET /api/v1/suppliers/active/list \u001b[36m304\u001b[0m 69.946 ms - -\u001b[0m","timestamp":"2026-03-10 14:59:12"}
{"level":"info","message":"\u001b[0mGET /api/v1/products/active/list \u001b[36m304\u001b[0m 54.811 ms - -\u001b[0m","timestamp":"2026-03-10 14:59:12"}
{"level":"info","message":"\u001b[0mGET /api/v1/branches/active/list \u001b[36m304\u001b[0m 54.022 ms - -\u001b[0m","timestamp":"2026-03-10 14:59:12"}
{"level":"info","message":"\u001b[0mGET /api/v1/branches/active/list \u001b[36m304\u001b[0m 73.062 ms - -\u001b[0m","timestamp":"2026-03-10 14:59:12"}
{"level":"info","message":"\u001b[0mGET /api/v1/suppliers/active/list \u001b[36m304\u001b[0m 625.917 ms - -\u001b[0m","timestamp":"2026-03-10 14:59:30"}
{"level":"info","message":"\u001b[0mGET /api/v1/products/active/list \u001b[36m304\u001b[0m 750.067 ms - -\u001b[0m","timestamp":"2026-03-10 14:59:31"}
{"level":"info","message":"\u001b[0mGET /api/v1/settings/global \u001b[36m304\u001b[0m 844.062 ms - -\u001b[0m","timestamp":"2026-03-10 14:59:31"}
{"level":"info","message":"\u001b[0mGET /api/v1/suppliers/active/list \u001b[36m304\u001b[0m 320.615 ms - -\u001b[0m","timestamp":"2026-03-10 14:59:31"}
{"level":"info","message":"\u001b[0mGET /api/v1/products/active/list \u001b[36m304\u001b[0m 240.948 ms - -\u001b[0m","timestamp":"2026-03-10 14:59:31"}
{"level":"info","message":"\u001b[0mGET /api/v1/branches/active/list \u001b[36m304\u001b[0m 105.150 ms - -\u001b[0m","timestamp":"2026-03-10 14:59:31"}
{"level":"info","message":"\u001b[0mGET /api/v1/branches/active/list \u001b[36m304\u001b[0m 88.154 ms - -\u001b[0m","timestamp":"2026-03-10 14:59:31"}
{"level":"info","message":"\u001b[0mGET /api/v1/suppliers/active/list \u001b[36m304\u001b[0m 781.118 ms - -\u001b[0m","timestamp":"2026-03-10 15:00:37"}
{"level":"info","message":"\u001b[0mGET /api/v1/products/active/list \u001b[36m304\u001b[0m 817.465 ms - -\u001b[0m","timestamp":"2026-03-10 15:00:37"}
{"level":"info","message":"\u001b[0mGET /api/v1/branches/active/list \u001b[36m304\u001b[0m 290.356 ms - -\u001b[0m","timestamp":"2026-03-10 15:00:38"}
{"level":"info","message":"\u001b[0mGET /api/v1/settings/global \u001b[36m304\u001b[0m 805.250 ms - -\u001b[0m","timestamp":"2026-03-10 15:01:40"}
{"level":"info","message":"\u001b[0mGET /api/v1/suppliers/active/list \u001b[36m304\u001b[0m 816.767 ms - -\u001b[0m","timestamp":"2026-03-10 15:01:40"}
{"level":"info","message":"\u001b[0mGET /api/v1/products/active/list \u001b[36m304\u001b[0m 822.989 ms - -\u001b[0m","timestamp":"2026-03-10 15:01:40"}
{"level":"info","message":"\u001b[0mGET /api/v1/suppliers/active/list \u001b[36m304\u001b[0m 34.986 ms - -\u001b[0m","timestamp":"2026-03-10 15:01:40"}
{"level":"info","message":"\u001b[0mGET /api/v1/products/active/list \u001b[36m304\u001b[0m 79.000 ms - -\u001b[0m","timestamp":"2026-03-10 15:01:40"}
{"level":"info","message":"\u001b[0mGET /api/v1/branches/active/list \u001b[36m304\u001b[0m 609.484 ms - -\u001b[0m","timestamp":"2026-03-10 15:01:49"}
{"level":"info","message":"\u001b[0mGET /api/v1/branches/active/list \u001b[36m304\u001b[0m 57.634 ms - -\u001b[0m","timestamp":"2026-03-10 15:01:49"}
{"level":"info","message":"\u001b[0mGET /api/v1/reports/stocks/low-stock \u001b[36m304\u001b[0m 618.768 ms - -\u001b[0m","timestamp":"2026-03-10 15:02:17"}
{"level":"info","message":"\u001b[0mGET /api/v1/reports/stocks/low-stock \u001b[36m304\u001b[0m 66.456 ms - -\u001b[0m","timestamp":"2026-03-10 15:02:17"}
{"level":"info","message":"\u001b[0mGET /api/v1/products/active/list \u001b[36m304\u001b[0m 301.868 ms - -\u001b[0m","timestamp":"2026-03-10 15:02:24"}
{"level":"info","message":"\u001b[0mGET /api/v1/suppliers/active/list \u001b[36m304\u001b[0m 314.747 ms - -\u001b[0m","timestamp":"2026-03-10 15:02:24"}
{"level":"info","message":"\u001b[0mGET /api/v1/products/active/list \u001b[36m304\u001b[0m 86.838 ms - -\u001b[0m","timestamp":"2026-03-10 15:02:24"}
{"level":"info","message":"\u001b[0mGET /api/v1/suppliers/active/list \u001b[36m304\u001b[0m 137.989 ms - -\u001b[0m","timestamp":"2026-03-10 15:02:24"}
{"level":"info","message":"\u001b[0mGET /api/v1/branches/active/list \u001b[36m304\u001b[0m 82.596 ms - -\u001b[0m","timestamp":"2026-03-10 15:02:24"}
{"level":"info","message":"\u001b[0mGET /api/v1/branches/active/list \u001b[36m304\u001b[0m 65.773 ms - -\u001b[0m","timestamp":"2026-03-10 15:02:24"}
{"level":"info","message":"Attempting to connect to database... (Attempt 1/5)","timestamp":"2026-03-10 15:05:55"}
{"level":"info","message":"✅ Database connection established successfully.","timestamp":"2026-03-10 15:05:56"}
{"level":"info","message":"✅ Database synchronized.","timestamp":"2026-03-10 15:05:56"}
{"level":"info","message":"🚀 Server running on port 5000","timestamp":"2026-03-10 15:05:56"}
{"level":"info","message":"📍 Environment: development","timestamp":"2026-03-10 15:05:56"}
{"level":"info","message":"🔗 API Base URL: http://localhost:5000/api/v1","timestamp":"2026-03-10 15:05:56"}
{"level":"info","message":"\u001b[0mGET /api/v1/reports/stocks/low-stock \u001b[32m200\u001b[0m 148.384 ms - 301\u001b[0m","timestamp":"2026-03-10 15:06:23"}
{"level":"info","message":"\u001b[0mGET /api/v1/reports/stocks/low-stock \u001b[36m304\u001b[0m 152.315 ms - -\u001b[0m","timestamp":"2026-03-10 15:06:23"}
{"level":"info","message":"\u001b[0mPOST /api/v1/refresh \u001b[32m200\u001b[0m 295.308 ms - 466\u001b[0m","timestamp":"2026-03-10 15:07:18"}
{"level":"info","message":"\u001b[0mGET /api/v1/settings/global \u001b[36m304\u001b[0m 137.840 ms - -\u001b[0m","timestamp":"2026-03-10 15:07:19"}
{"level":"info","message":"\u001b[0mGET /api/v1/reports/stocks/low-stock \u001b[36m304\u001b[0m 266.437 ms - -\u001b[0m","timestamp":"2026-03-10 15:07:19"}
{"level":"info","message":"\u001b[0mGET /api/v1/reports/stocks/low-stock \u001b[36m304\u001b[0m 112.211 ms - -\u001b[0m","timestamp":"2026-03-10 15:07:19"}
{"level":"info","message":"\u001b[0mGET /api/v1/suppliers/active/list \u001b[36m304\u001b[0m 423.353 ms - -\u001b[0m","timestamp":"2026-03-10 15:07:25"}
{"level":"info","message":"\u001b[0mGET /api/v1/products/active/list \u001b[36m304\u001b[0m 423.460 ms - -\u001b[0m","timestamp":"2026-03-10 15:07:25"}
{"level":"info","message":"\u001b[0mGET /api/v1/suppliers/active/list \u001b[36m304\u001b[0m 75.782 ms - -\u001b[0m","timestamp":"2026-03-10 15:07:25"}
{"level":"info","message":"\u001b[0mGET /api/v1/branches/active/list \u001b[36m304\u001b[0m 97.691 ms - -\u001b[0m","timestamp":"2026-03-10 15:07:25"}
{"level":"info","message":"\u001b[0mGET /api/v1/products/active/list \u001b[36m304\u001b[0m 133.197 ms - -\u001b[0m","timestamp":"2026-03-10 15:07:25"}
{"level":"info","message":"\u001b[0mGET /api/v1/branches/active/list \u001b[36m304\u001b[0m 34.203 ms - -\u001b[0m","timestamp":"2026-03-10 15:07:26"}
{"level":"info","message":"\u001b[0mGET /api/v1/reports/stocks/low-stock \u001b[36m304\u001b[0m 460.635 ms - -\u001b[0m","timestamp":"2026-03-10 15:07:36"}
{"level":"info","message":"\u001b[0mGET /api/v1/reports/stocks/low-stock \u001b[36m304\u001b[0m 42.767 ms - -\u001b[0m","timestamp":"2026-03-10 15:07:37"}
{"level":"info","message":"\u001b[0mGET /api/v1/products/active/list \u001b[36m304\u001b[0m 454.180 ms - -\u001b[0m","timestamp":"2026-03-10 15:08:39"}
{"level":"info","message":"\u001b[0mGET /api/v1/suppliers/active/list \u001b[36m304\u001b[0m 490.894 ms - -\u001b[0m","timestamp":"2026-03-10 15:08:39"}
{"level":"info","message":"\u001b[0mGET /api/v1/suppliers/active/list \u001b[36m304\u001b[0m 162.240 ms - -\u001b[0m","timestamp":"2026-03-10 15:08:39"}
{"level":"info","message":"\u001b[0mGET /api/v1/products/active/list \u001b[36m304\u001b[0m 202.778 ms - -\u001b[0m","timestamp":"2026-03-10 15:08:39"}
{"level":"info","message":"\u001b[0mGET /api/v1/branches/active/list \u001b[36m304\u001b[0m 186.249 ms - -\u001b[0m","timestamp":"2026-03-10 15:08:39"}
{"level":"info","message":"\u001b[0mGET /api/v1/branches/active/list \u001b[36m304\u001b[0m 72.055 ms - -\u001b[0m","timestamp":"2026-03-10 15:08:39"}
{"level":"info","message":"\u001b[0mGET /api/v1/reports/stocks/low-stock \u001b[36m304\u001b[0m 362.445 ms - -\u001b[0m","timestamp":"2026-03-10 15:08:43"}
{"level":"info","message":"\u001b[0mGET /api/v1/reports/stocks/low-stock \u001b[36m304\u001b[0m 73.421 ms - -\u001b[0m","timestamp":"2026-03-10 15:08:43"}
{"level":"info","message":"\u001b[0mGET /api/v1/branches/active/list \u001b[36m304\u001b[0m 919.951 ms - -\u001b[0m","timestamp":"2026-03-10 15:09:03"}
{"level":"info","message":"\u001b[0mGET /api/v1/settings/global \u001b[36m304\u001b[0m 938.049 ms - -\u001b[0m","timestamp":"2026-03-10 15:09:03"}
{"level":"info","message":"\u001b[0mGET /api/v1/main-categories/active/list \u001b[36m304\u001b[0m 982.019 ms - -\u001b[0m","timestamp":"2026-03-10 15:09:03"}
{"level":"info","message":"\u001b[0mGET /api/v1/reports/stocks/summary?branch_id=all&main_category_id=all \u001b[32m200\u001b[0m 1032.426 ms - -\u001b[0m","timestamp":"2026-03-10 15:09:03"}
{"level":"info","message":"\u001b[0mGET /api/v1/branches/active/list \u001b[36m304\u001b[0m 80.332 ms - -\u001b[0m","timestamp":"2026-03-10 15:09:04"}
{"level":"info","message":"\u001b[0mGET /api/v1/reports/stocks/summary?branch_id=all&main_category_id=all \u001b[36m304\u001b[0m 151.027 ms - -\u001b[0m","timestamp":"2026-03-10 15:09:04"}
{"level":"info","message":"\u001b[0mGET /api/v1/main-categories/active/list \u001b[36m304\u001b[0m 148.606 ms - -\u001b[0m","timestamp":"2026-03-10 15:09:04"}
{"level":"info","message":"\u001b[0mGET /api/v1/reports/stocks/low-stock \u001b[36m304\u001b[0m 364.258 ms - -\u001b[0m","timestamp":"2026-03-10 15:12:37"}
{"level":"info","message":"\u001b[0mGET /api/v1/reports/stocks/low-stock \u001b[36m304\u001b[0m 76.445 ms - -\u001b[0m","timestamp":"2026-03-10 15:12:37"}
{"level":"info","message":"\u001b[0mGET /api/v1/settings/global \u001b[36m304\u001b[0m 458.059 ms - -\u001b[0m","timestamp":"2026-03-10 15:12:42"}
{"level":"info","message":"\u001b[0mGET /api/v1/reports/stocks/low-stock \u001b[36m304\u001b[0m 577.679 ms - -\u001b[0m","timestamp":"2026-03-10 15:12:42"}
{"level":"info","message":"\u001b[0mGET /api/v1/reports/stocks/summary \u001b[36m304\u001b[0m 585.489 ms - -\u001b[0m","timestamp":"2026-03-10 15:12:42"}
{"level":"info","message":"\u001b[0mGET /api/v1/reports/stocks/low-stock \u001b[36m304\u001b[0m 83.142 ms - -\u001b[0m","timestamp":"2026-03-10 15:12:42"}
{"level":"info","message":"\u001b[0mGET /api/v1/reports/stocks/summary \u001b[32m200\u001b[0m 149.200 ms - -\u001b[0m","timestamp":"2026-03-10 15:12:42"}
{"level":"info","message":"\u001b[0mGET /api/v1/reports/finance/capital-balance \u001b[36m304\u001b[0m 809.261 ms - -\u001b[0m","timestamp":"2026-03-10 15:12:51"}
{"level":"info","message":"\u001b[0mGET /api/v1/reports/finance/trial-balance \u001b[36m304\u001b[0m 889.335 ms - -\u001b[0m","timestamp":"2026-03-10 15:12:51"}
{"level":"info","message":"\u001b[0mGET /api/v1/reports/stocks/summary \u001b[36m304\u001b[0m 888.518 ms - -\u001b[0m","timestamp":"2026-03-10 15:12:51"}
{"level":"info","message":"\u001b[0mGET /api/v1/reports/stocks/low-stock \u001b[36m304\u001b[0m 951.657 ms - -\u001b[0m","timestamp":"2026-03-10 15:12:51"}
{"level":"info","message":"\u001b[0mGET /api/v1/settings/global \u001b[36m304\u001b[0m 1054.377 ms - -\u001b[0m","timestamp":"2026-03-10 15:12:51"}
{"level":"info","message":"\u001b[0mGET /api/v1/reports/finance/profit-loss \u001b[36m304\u001b[0m 1084.883 ms - -\u001b[0m","timestamp":"2026-03-10 15:12:51"}
{"level":"info","message":"\u001b[0mGET /api/v1/reports/finance/capital-balance \u001b[36m304\u001b[0m 90.271 ms - -\u001b[0m","timestamp":"2026-03-10 15:12:51"}
{"level":"info","message":"\u001b[0mGET /api/v1/reports/finance/trial-balance \u001b[36m304\u001b[0m 135.721 ms - -\u001b[0m","timestamp":"2026-03-10 15:12:52"}
{"level":"info","message":"\u001b[0mGET /api/v1/branches/active/list \u001b[36m304\u001b[0m 219.212 ms - -\u001b[0m","timestamp":"2026-03-10 15:12:52"}
{"level":"info","message":"\u001b[0mGET /api/v1/reports/stocks/low-stock \u001b[36m304\u001b[0m 243.593 ms - -\u001b[0m","timestamp":"2026-03-10 15:12:52"}
{"level":"info","message":"\u001b[0mGET /api/v1/reports/stocks/summary \u001b[32m200\u001b[0m 171.992 ms - -\u001b[0m","timestamp":"2026-03-10 15:12:52"}
{"level":"info","message":"\u001b[0mGET /api/v1/reports/finance/tax?start_date=2026-03-01&end_date=2026-03-31&branch_id=all \u001b[36m304\u001b[0m 304.575 ms - -\u001b[0m","timestamp":"2026-03-10 15:12:52"}
{"level":"info","message":"\u001b[0mGET /api/v1/reports/finance/profit-loss \u001b[36m304\u001b[0m 237.087 ms - -\u001b[0m","timestamp":"2026-03-10 15:12:52"}
{"level":"info","message":"\u001b[0mGET /api/v1/reports/finance/tax?start_date=2026-03-01&end_date=2026-03-31&branch_id=all \u001b[36m304\u001b[0m 656.158 ms - -\u001b[0m","timestamp":"2026-03-10 15:13:04"}
{"level":"info","message":"\u001b[0mGET /api/v1/branches/active/list \u001b[36m304\u001b[0m 661.554 ms - -\u001b[0m","timestamp":"2026-03-10 15:13:04"}
{"level":"info","message":"\u001b[0mGET /api/v1/reports/stocks/low-stock \u001b[36m304\u001b[0m 408.026 ms - -\u001b[0m","timestamp":"2026-03-10 15:13:35"}
{"level":"info","message":"\u001b[0mGET /api/v1/reports/stocks/low-stock \u001b[36m304\u001b[0m 75.620 ms - -\u001b[0m","timestamp":"2026-03-10 15:13:35"}
{"level":"info","message":"\u001b[0mGET /api/v1/suppliers/active/list \u001b[36m304\u001b[0m 232.876 ms - -\u001b[0m","timestamp":"2026-03-10 15:13:37"}
{"level":"info","message":"\u001b[0mGET /api/v1/products/active/list \u001b[36m304\u001b[0m 286.369 ms - -\u001b[0m","timestamp":"2026-03-10 15:13:37"}
{"level":"info","message":"\u001b[0mGET /api/v1/suppliers/active/list \u001b[36m304\u001b[0m 94.780 ms - -\u001b[0m","timestamp":"2026-03-10 15:13:37"}
{"level":"info","message":"\u001b[0mGET /api/v1/products/active/list \u001b[36m304\u001b[0m 139.849 ms - -\u001b[0m","timestamp":"2026-03-10 15:13:37"}
{"level":"info","message":"\u001b[0mGET /api/v1/branches/active/list \u001b[36m304\u001b[0m 161.657 ms - -\u001b[0m","timestamp":"2026-03-10 15:13:37"}
{"level":"info","message":"\u001b[0mGET /api/v1/branches/active/list \u001b[36m304\u001b[0m 84.490 ms - -\u001b[0m","timestamp":"2026-03-10 15:13:38"}
{"level":"info","message":"\u001b[0mGET /api/v1/reports/stocks/low-stock \u001b[36m304\u001b[0m 1081.156 ms - -\u001b[0m","timestamp":"2026-03-10 15:14:28"}
{"level":"info","message":"\u001b[0mGET /api/v1/reports/stocks/low-stock \u001b[36m304\u001b[0m 62.909 ms - -\u001b[0m","timestamp":"2026-03-10 15:14:28"}
{"level":"info","message":"\u001b[0mGET /api/v1/main-categories/active/list \u001b[36m304\u001b[0m 1643.509 ms - -\u001b[0m","timestamp":"2026-03-10 15:14:53"}
{"level":"info","message":"\u001b[0mGET /api/v1/branches/active/list \u001b[36m304\u001b[0m 1646.187 ms - -\u001b[0m","timestamp":"2026-03-10 15:14:53"}
{"level":"info","message":"\u001b[0mGET /api/v1/reports/stocks/summary?branch_id=all&main_category_id=all \u001b[36m304\u001b[0m 1662.553 ms - -\u001b[0m","timestamp":"2026-03-10 15:14:53"}
{"level":"info","message":"\u001b[0mGET /api/v1/settings/global \u001b[36m304\u001b[0m 1713.630 ms - -\u001b[0m","timestamp":"2026-03-10 15:14:53"}
{"level":"info","message":"\u001b[0mGET /api/v1/main-categories/active/list \u001b[36m304\u001b[0m 42.444 ms - -\u001b[0m","timestamp":"2026-03-10 15:14:53"}
{"level":"info","message":"\u001b[0mGET /api/v1/branches/active/list \u001b[36m304\u001b[0m 43.488 ms - -\u001b[0m","timestamp":"2026-03-10 15:14:53"}
{"level":"info","message":"\u001b[0mGET /api/v1/reports/stocks/summary?branch_id=all&main_category_id=all \u001b[32m200\u001b[0m 76.297 ms - -\u001b[0m","timestamp":"2026-03-10 15:14:53"}
{"level":"info","message":"\u001b[0mGET /api/v1/main-categories/active/list \u001b[36m304\u001b[0m 358.820 ms - -\u001b[0m","timestamp":"2026-03-10 15:18:56"}
{"level":"info","message":"\u001b[0mGET /api/v1/branches/active/list \u001b[36m304\u001b[0m 617.026 ms - -\u001b[0m","timestamp":"2026-03-10 15:18:56"}
{"level":"info","message":"\u001b[0mGET /api/v1/reports/stocks/summary?branch_id=all&main_category_id=all \u001b[32m200\u001b[0m 576.916 ms - -\u001b[0m","timestamp":"2026-03-10 15:18:56"}
{"level":"info","message":"\u001b[0mGET /api/v1/settings/global \u001b[36m304\u001b[0m 220.900 ms - -\u001b[0m","timestamp":"2026-03-10 15:19:26"}
{"level":"info","message":"Attempting to connect to database... (Attempt 1/5)","timestamp":"2026-03-10 15:22:22"}
{"level":"info","message":"✅ Database connection established successfully.","timestamp":"2026-03-10 15:22:22"}
{"level":"info","message":"✅ Database synchronized.","timestamp":"2026-03-10 15:22:22"}
{"level":"info","message":"🚀 Server running on port 5000","timestamp":"2026-03-10 15:22:23"}
{"level":"info","message":"📍 Environment: development","timestamp":"2026-03-10 15:22:23"}
{"level":"info","message":"🔗 API Base URL: http://localhost:5000/api/v1","timestamp":"2026-03-10 15:22:23"}
{"level":"info","message":"\u001b[0mGET /api/v1/branches/active/list \u001b[36m304\u001b[0m 736.916 ms - -\u001b[0m","timestamp":"2026-03-10 15:23:57"}
{"level":"info","message":"\u001b[0mGET /api/v1/main-categories/active/list \u001b[36m304\u001b[0m 713.844 ms - -\u001b[0m","timestamp":"2026-03-10 15:23:57"}
{"level":"info","message":"\u001b[0mGET /api/v1/sub-categories \u001b[36m304\u001b[0m 708.869 ms - -\u001b[0m","timestamp":"2026-03-10 15:23:57"}
{"level":"info","message":"\u001b[0mGET /api/v1/settings/global \u001b[36m304\u001b[0m 733.755 ms - -\u001b[0m","timestamp":"2026-03-10 15:23:57"}
{"level":"info","message":"\u001b[0mGET /api/v1/reports/stocks/summary?branch_id=all&main_category_id=all&sub_category_id=all \u001b[32m200\u001b[0m 698.891 ms - -\u001b[0m","timestamp":"2026-03-10 15:23:57"}
{"level":"info","message":"\u001b[0mGET /api/v1/settings/global \u001b[36m304\u001b[0m 178.318 ms - -\u001b[0m","timestamp":"2026-03-10 15:25:48"}
{"level":"info","message":"\u001b[0mGET /api/v1/branches/active/list \u001b[36m304\u001b[0m 258.113 ms - -\u001b[0m","timestamp":"2026-03-10 15:25:49"}
{"level":"info","message":"\u001b[0mGET /api/v1/main-categories/active/list \u001b[36m304\u001b[0m 304.077 ms - -\u001b[0m","timestamp":"2026-03-10 15:25:49"}
{"level":"info","message":"\u001b[0mGET /api/v1/sub-categories \u001b[36m304\u001b[0m 333.700 ms - -\u001b[0m","timestamp":"2026-03-10 15:25:49"}
{"level":"info","message":"\u001b[0mGET /api/v1/reports/stocks/summary?branch_id=all&main_category_id=all&sub_category_id=all \u001b[36m304\u001b[0m 449.266 ms - -\u001b[0m","timestamp":"2026-03-10 15:25:49"}
{"level":"info","message":"\u001b[0mGET /api/v1/branches/active/list \u001b[36m304\u001b[0m 197.502 ms - -\u001b[0m","timestamp":"2026-03-10 15:25:49"}
{"level":"info","message":"\u001b[0mGET /api/v1/main-categories/active/list \u001b[36m304\u001b[0m 215.469 ms - -\u001b[0m","timestamp":"2026-03-10 15:25:49"}
{"level":"info","message":"\u001b[0mGET /api/v1/sub-categories \u001b[36m304\u001b[0m 382.104 ms - -\u001b[0m","timestamp":"2026-03-10 15:25:49"}
{"level":"info","message":"\u001b[0mGET /api/v1/reports/stocks/summary?branch_id=all&main_category_id=all&sub_category_id=all \u001b[36m304\u001b[0m 238.518 ms - -\u001b[0m","timestamp":"2026-03-10 15:25:49"}
{"level":"info","message":"\u001b[0mGET /api/v1/reports/stocks/summary?branch_id=all&main_category_id=cce42e09-7929-4f80-9a05-6a46879ea2c4&sub_category_id=all \u001b[32m200\u001b[0m 100.841 ms - 615\u001b[0m","timestamp":"2026-03-10 15:26:15"}
{"level":"info","message":"\u001b[0mGET /api/v1/reports/stocks/summary?branch_id=cf3a2759-3c83-42ca-b9f7-97164bfe8918&main_category_id=cce42e09-7929-4f80-9a05-6a46879ea2c4&sub_category_id=all \u001b[32m200\u001b[0m 75.308 ms - 615\u001b[0m","timestamp":"2026-03-10 15:26:20"}
{"level":"info","message":"\u001b[0mGET /api/v1/reports/stocks/transfers?start_date=2026-02-08&end_date=2026-03-10 \u001b[32m200\u001b[0m 117.970 ms - 79\u001b[0m","timestamp":"2026-03-10 15:26:40"}
{"level":"info","message":"\u001b[0mGET /api/v1/settings/global \u001b[36m304\u001b[0m 137.275 ms - -\u001b[0m","timestamp":"2026-03-10 15:26:40"}
{"level":"info","message":"\u001b[0mGET /api/v1/reports/stocks/transfers?start_date=2026-02-08&end_date=2026-03-10 \u001b[36m304\u001b[0m 215.118 ms - -\u001b[0m","timestamp":"2026-03-10 15:26:40"}
{"level":"info","message":"\u001b[0mGET /api/v1/reports/stocks/transfers?start_date=2026-02-08&end_date=2026-03-10&from_branch=all&to_branch=all \u001b[32m200\u001b[0m 393.398 ms - 79\u001b[0m","timestamp":"2026-03-10 15:30:13"}
{"level":"info","message":"\u001b[0mGET /api/v1/settings/global \u001b[36m304\u001b[0m 416.213 ms - -\u001b[0m","timestamp":"2026-03-10 15:30:14"}
{"level":"info","message":"\u001b[0mGET /api/v1/branches/active/list \u001b[36m304\u001b[0m 417.477 ms - -\u001b[0m","timestamp":"2026-03-10 15:30:14"}
{"level":"info","message":"\u001b[0mGET /api/v1/reports/stocks/transfers?start_date=2026-02-08&end_date=2026-04-07&from_branch=all&to_branch=all \u001b[32m200\u001b[0m 60.611 ms - 79\u001b[0m","timestamp":"2026-03-10 15:30:34"}
{"level":"info","message":"\u001b[0mGET /api/v1/branches/active/list \u001b[36m304\u001b[0m 515.724 ms - -\u001b[0m","timestamp":"2026-03-10 15:30:51"}
{"level":"info","message":"\u001b[0mGET /api/v1/reports/sales/daily?start_date=2026-03-03&end_date=2026-03-10&branch_id=all&user_id=all \u001b[32m200\u001b[0m 544.262 ms - 213\u001b[0m","timestamp":"2026-03-10 15:30:51"}
{"level":"info","message":"\u001b[0mGET /api/v1/users/active-sellers \u001b[36m304\u001b[0m 541.596 ms - -\u001b[0m","timestamp":"2026-03-10 15:30:51"}
{"level":"info","message":"\u001b[0mGET /api/v1/settings/global \u001b[36m304\u001b[0m 186.137 ms - -\u001b[0m","timestamp":"2026-03-10 15:30:52"}
{"level":"info","message":"\u001b[0mGET /api/v1/reports/sales/daily?start_date=2026-03-03&end_date=2026-03-10&branch_id=all&user_id=all \u001b[36m304\u001b[0m 168.702 ms - -\u001b[0m","timestamp":"2026-03-10 15:30:52"}
{"level":"info","message":"\u001b[0mGET /api/v1/branches/active/list \u001b[36m304\u001b[0m 217.767 ms - -\u001b[0m","timestamp":"2026-03-10 15:30:52"}
{"level":"info","message":"\u001b[0mGET /api/v1/users/active-sellers \u001b[36m304\u001b[0m 224.792 ms - -\u001b[0m","timestamp":"2026-03-10 15:30:52"}
{"level":"info","message":"\u001b[0mGET /api/v1/users/active-sellers \u001b[36m304\u001b[0m 732.481 ms - -\u001b[0m","timestamp":"2026-03-10 15:33:08"}
{"level":"info","message":"\u001b[0mGET /api/v1/branches/active/list \u001b[36m304\u001b[0m 913.270 ms - -\u001b[0m","timestamp":"2026-03-10 15:33:08"}
{"level":"info","message":"\u001b[0mGET /api/v1/reports/sales/daily?start_date=2026-03-03&end_date=2026-03-10&branch_id=all&user_id=all \u001b[36m304\u001b[0m 1073.508 ms - -\u001b[0m","timestamp":"2026-03-10 15:33:08"}
{"level":"info","message":"\u001b[0mGET /api/v1/settings/global \u001b[36m304\u001b[0m 680.165 ms - -\u001b[0m","timestamp":"2026-03-10 15:33:09"}
{"level":"info","message":"\u001b[0mGET /api/v1/settings/global \u001b[36m304\u001b[0m 73.035 ms - -\u001b[0m","timestamp":"2026-03-10 15:34:05"}
{"level":"info","message":"\u001b[0mGET /api/v1/reports/sales/product?start_date=2026-02-10&end_date=2026-03-10&main_category_id=all&brand_id=all&branch_id=all \u001b[32m200\u001b[0m 224.150 ms - 84\u001b[0m","timestamp":"2026-03-10 15:34:05"}
{"level":"info","message":"\u001b[0mGET /api/v1/branches/active/list \u001b[36m304\u001b[0m 223.544 ms - -\u001b[0m","timestamp":"2026-03-10 15:34:05"}
{"level":"info","message":"\u001b[0mGET /api/v1/main-categories/active/list \u001b[36m304\u001b[0m 256.616 ms - -\u001b[0m","timestamp":"2026-03-10 15:34:05"}
{"level":"info","message":"\u001b[0mGET /api/v1/brands/active/list \u001b[32m200\u001b[0m 238.477 ms - -\u001b[0m","timestamp":"2026-03-10 15:34:05"}
{"level":"info","message":"\u001b[0mGET /api/v1/reports/sales/product?start_date=2026-02-10&end_date=2026-03-10&main_category_id=all&brand_id=all&branch_id=all \u001b[36m304\u001b[0m 87.199 ms - -\u001b[0m","timestamp":"2026-03-10 15:34:05"}
{"level":"info","message":"\u001b[0mGET /api/v1/branches/active/list \u001b[36m304\u001b[0m 205.947 ms - -\u001b[0m","timestamp":"2026-03-10 15:34:06"}
{"level":"info","message":"\u001b[0mGET /api/v1/main-categories/active/list \u001b[36m304\u001b[0m 206.459 ms - -\u001b[0m","timestamp":"2026-03-10 15:34:06"}
{"level":"info","message":"\u001b[0mGET /api/v1/brands/active/list \u001b[36m304\u001b[0m 248.223 ms - -\u001b[0m","timestamp":"2026-03-10 15:34:06"}
{"level":"info","message":"\u001b[0mGET /api/v1/settings/global \u001b[36m304\u001b[0m 178.578 ms - -\u001b[0m","timestamp":"2026-03-10 15:34:15"}
{"level":"info","message":"\u001b[0mGET /api/v1/users/active-sellers \u001b[36m304\u001b[0m 110.359 ms - -\u001b[0m","timestamp":"2026-03-10 15:34:15"}
{"level":"info","message":"\u001b[0mGET /api/v1/branches/active/list \u001b[36m304\u001b[0m 163.337 ms - -\u001b[0m","timestamp":"2026-03-10 15:34:15"}
{"level":"info","message":"\u001b[0mGET /api/v1/reports/sales/daily?start_date=2026-03-03&end_date=2026-03-10&branch_id=all&user_id=all \u001b[36m304\u001b[0m 192.172 ms - -\u001b[0m","timestamp":"2026-03-10 15:34:15"}
{"level":"info","message":"\u001b[0mGET /api/v1/users/active-sellers \u001b[36m304\u001b[0m 152.335 ms - -\u001b[0m","timestamp":"2026-03-10 15:34:15"}
{"level":"info","message":"\u001b[0mGET /api/v1/branches/active/list \u001b[36m304\u001b[0m 168.930 ms - -\u001b[0m","timestamp":"2026-03-10 15:34:16"}
{"level":"info","message":"\u001b[0mGET /api/v1/reports/sales/daily?start_date=2026-03-03&end_date=2026-03-10&branch_id=all&user_id=all \u001b[36m304\u001b[0m 102.754 ms - -\u001b[0m","timestamp":"2026-03-10 15:34:16"}
{"level":"info","message":"\u001b[0mGET /api/v1/settings/global \u001b[36m304\u001b[0m 349.214 ms - -\u001b[0m","timestamp":"2026-03-10 15:35:16"}
{"level":"info","message":"\u001b[0mGET /api/v1/reports/sales/supplier-profit?start_date=2026-02-08&end_date=2026-03-10&branch_id=all \u001b[32m200\u001b[0m 213.508 ms - 86\u001b[0m","timestamp":"2026-03-10 15:35:17"}
{"level":"info","message":"\u001b[0mGET /api/v1/branches/active/list \u001b[36m304\u001b[0m 248.729 ms - -\u001b[0m","timestamp":"2026-03-10 15:35:17"}
{"level":"info","message":"\u001b[0mGET /api/v1/reports/sales/supplier-profit?start_date=2026-02-08&end_date=2026-03-10&branch_id=all \u001b[36m304\u001b[0m 68.259 ms - -\u001b[0m","timestamp":"2026-03-10 15:35:17"}
{"level":"info","message":"\u001b[0mGET /api/v1/branches/active/list \u001b[36m304\u001b[0m 111.011 ms - -\u001b[0m","timestamp":"2026-03-10 15:35:17"}
