{"level":"info","message":"Test log entry","timestamp":"2026-02-21 00:56:47"}
{"level":"info","message":"Attempting to connect to database... (Attempt 1/5)","timestamp":"2026-02-21 01:21:56"}
{"0":"g","1":"e","10":"o","11":" ","12":"E","13":"A","14":"I","15":"_","16":"A","17":"G","18":"A","19":"I","2":"t","20":"N","21":" ","22":"l","23":"o","24":"c","25":"a","26":"l","27":"h","28":"o","29":"s","3":"a","30":"t","31":"_","32":"i","33":"n","34":"v","35":"a","36":"l","37":"i","38":"d","39":"_","4":"d","40":"i","41":"n","42":"v","43":"a","44":"l","45":"i","46":"d","5":"d","6":"r","7":"i","8":"n","9":"f","level":"error","message":"❌ Attempt 1/5 failed:","timestamp":"2026-02-21 01:21:56"}
{"level":"info","message":"Retrying in 5s...","timestamp":"2026-02-21 01:21:56"}
{"level":"info","message":"Attempting to connect to database... (Attempt 2/5)","timestamp":"2026-02-21 01:22:01"}
{"0":"g","1":"e","10":"o","11":" ","12":"E","13":"A","14":"I","15":"_","16":"A","17":"G","18":"A","19":"I","2":"t","20":"N","21":" ","22":"l","23":"o","24":"c","25":"a","26":"l","27":"h","28":"o","29":"s","3":"a","30":"t","31":"_","32":"i","33":"n","34":"v","35":"a","36":"l","37":"i","38":"d","39":"_","4":"d","40":"i","41":"n","42":"v","43":"a","44":"l","45":"i","46":"d","5":"d","6":"r","7":"i","8":"n","9":"f","level":"error","message":"❌ Attempt 2/5 failed:","timestamp":"2026-02-21 01:22:01"}
{"level":"info","message":"Retrying in 5s...","timestamp":"2026-02-21 01:22:01"}
{"level":"info","message":"Attempting to connect to database... (Attempt 3/5)","timestamp":"2026-02-21 01:22:06"}
{"0":"g","1":"e","10":"o","11":" ","12":"E","13":"A","14":"I","15":"_","16":"A","17":"G","18":"A","19":"I","2":"t","20":"N","21":" ","22":"l","23":"o","24":"c","25":"a","26":"l","27":"h","28":"o","29":"s","3":"a","30":"t","31":"_","32":"i","33":"n","34":"v","35":"a","36":"l","37":"i","38":"d","39":"_","4":"d","40":"i","41":"n","42":"v","43":"a","44":"l","45":"i","46":"d","5":"d","6":"r","7":"i","8":"n","9":"f","level":"error","message":"❌ Attempt 3/5 failed:","timestamp":"2026-02-21 01:22:07"}
{"level":"info","message":"Retrying in 5s...","timestamp":"2026-02-21 01:22:07"}
{"level":"info","message":"Attempting to connect to database... (Attempt 1/5)","timestamp":"2026-02-21 01:22:08"}
{"0":"g","1":"e","10":"o","11":" ","12":"E","13":"A","14":"I","15":"_","16":"A","17":"G","18":"A","19":"I","2":"t","20":"N","21":" ","22":"l","23":"o","24":"c","25":"a","26":"l","27":"h","28":"o","29":"s","3":"a","30":"t","31":"_","32":"i","33":"n","34":"v","35":"a","36":"l","37":"i","38":"d","39":"_","4":"d","40":"i","41":"n","42":"v","43":"a","44":"l","45":"i","46":"d","47":"_","48":"i","49":"n","5":"d","50":"v","51":"a","52":"l","53":"i","54":"d","6":"r","7":"i","8":"n","9":"f","level":"error","message":"❌ Attempt 1/5 failed:","timestamp":"2026-02-21 01:22:08"}
{"level":"info","message":"Retrying in 5s...","timestamp":"2026-02-21 01:22:08"}
{"level":"info","message":"Attempting to connect to database... (Attempt 4/5)","timestamp":"2026-02-21 01:22:12"}
{"0":"g","1":"e","10":"o","11":" ","12":"E","13":"A","14":"I","15":"_","16":"A","17":"G","18":"A","19":"I","2":"t","20":"N","21":" ","22":"l","23":"o","24":"c","25":"a","26":"l","27":"h","28":"o","29":"s","3":"a","30":"t","31":"_","32":"i","33":"n","34":"v","35":"a","36":"l","37":"i","38":"d","39":"_","4":"d","40":"i","41":"n","42":"v","43":"a","44":"l","45":"i","46":"d","5":"d","6":"r","7":"i","8":"n","9":"f","level":"error","message":"❌ Attempt 4/5 failed:","timestamp":"2026-02-21 01:22:12"}
{"level":"info","message":"Retrying in 5s...","timestamp":"2026-02-21 01:22:12"}
{"level":"info","message":"Attempting to connect to database... (Attempt 2/5)","timestamp":"2026-02-21 01:22:13"}
{"0":"g","1":"e","10":"o","11":" ","12":"E","13":"A","14":"I","15":"_","16":"A","17":"G","18":"A","19":"I","2":"t","20":"N","21":" ","22":"l","23":"o","24":"c","25":"a","26":"l","27":"h","28":"o","29":"s","3":"a","30":"t","31":"_","32":"i","33":"n","34":"v","35":"a","36":"l","37":"i","38":"d","39":"_","4":"d","40":"i","41":"n","42":"v","43":"a","44":"l","45":"i","46":"d","47":"_","48":"i","49":"n","5":"d","50":"v","51":"a","52":"l","53":"i","54":"d","6":"r","7":"i","8":"n","9":"f","level":"error","message":"❌ Attempt 2/5 failed:","timestamp":"2026-02-21 01:22:13"}
{"level":"info","message":"Retrying in 5s...","timestamp":"2026-02-21 01:22:13"}
{"level":"info","message":"Attempting to connect to database... (Attempt 5/5)","timestamp":"2026-02-21 01:22:17"}
{"0":"g","1":"e","10":"o","11":" ","12":"E","13":"A","14":"I","15":"_","16":"A","17":"G","18":"A","19":"I","2":"t","20":"N","21":" ","22":"l","23":"o","24":"c","25":"a","26":"l","27":"h","28":"o","29":"s","3":"a","30":"t","31":"_","32":"i","33":"n","34":"v","35":"a","36":"l","37":"i","38":"d","39":"_","4":"d","40":"i","41":"n","42":"v","43":"a","44":"l","45":"i","46":"d","5":"d","6":"r","7":"i","8":"n","9":"f","level":"error","message":"❌ Attempt 5/5 failed:","timestamp":"2026-02-21 01:22:17"}
{"level":"info","message":"Attempting to connect to database... (Attempt 3/5)","timestamp":"2026-02-21 01:22:18"}
{"0":"g","1":"e","10":"o","11":" ","12":"E","13":"A","14":"I","15":"_","16":"A","17":"G","18":"A","19":"I","2":"t","20":"N","21":" ","22":"l","23":"o","24":"c","25":"a","26":"l","27":"h","28":"o","29":"s","3":"a","30":"t","31":"_","32":"i","33":"n","34":"v","35":"a","36":"l","37":"i","38":"d","39":"_","4":"d","40":"i","41":"n","42":"v","43":"a","44":"l","45":"i","46":"d","47":"_","48":"i","49":"n","5":"d","50":"v","51":"a","52":"l","53":"i","54":"d","6":"r","7":"i","8":"n","9":"f","level":"error","message":"❌ Attempt 3/5 failed:","timestamp":"2026-02-21 01:22:18"}
{"level":"info","message":"Retrying in 5s...","timestamp":"2026-02-21 01:22:18"}
{"level":"info","message":"\nSIGINT received. Starting graceful shutdown...","timestamp":"2026-02-21 01:22:18"}
{"level":"info","message":"Attempting to connect to database... (Attempt 1/5)","timestamp":"2026-02-21 01:22:44"}
{"0":"g","1":"e","10":"o","11":" ","12":"E","13":"A","14":"I","15":"_","16":"A","17":"G","18":"A","19":"I","2":"t","20":"N","21":" ","22":"l","23":"o","24":"c","25":"a","26":"l","27":"h","28":"o","29":"s","3":"a","30":"t","31":"_","32":"i","33":"n","34":"v","35":"a","36":"l","37":"i","38":"d","39":"_","4":"d","40":"i","41":"n","42":"v","43":"a","44":"l","45":"i","46":"d","5":"d","6":"r","7":"i","8":"n","9":"f","level":"error","message":"❌ Attempt 1/5 failed:","timestamp":"2026-02-21 01:22:44"}
{"level":"info","message":"Retrying in 5s...","timestamp":"2026-02-21 01:22:44"}
{"level":"info","message":"Attempting to connect to database... (Attempt 2/5)","timestamp":"2026-02-21 01:22:49"}
{"0":"g","1":"e","10":"o","11":" ","12":"E","13":"A","14":"I","15":"_","16":"A","17":"G","18":"A","19":"I","2":"t","20":"N","21":" ","22":"l","23":"o","24":"c","25":"a","26":"l","27":"h","28":"o","29":"s","3":"a","30":"t","31":"_","32":"i","33":"n","34":"v","35":"a","36":"l","37":"i","38":"d","39":"_","4":"d","40":"i","41":"n","42":"v","43":"a","44":"l","45":"i","46":"d","5":"d","6":"r","7":"i","8":"n","9":"f","level":"error","message":"❌ Attempt 2/5 failed:","timestamp":"2026-02-21 01:22:49"}
{"level":"info","message":"Retrying in 5s...","timestamp":"2026-02-21 01:22:49"}
{"level":"info","message":"Attempting to connect to database... (Attempt 3/5)","timestamp":"2026-02-21 01:22:54"}
{"0":"g","1":"e","10":"o","11":" ","12":"E","13":"A","14":"I","15":"_","16":"A","17":"G","18":"A","19":"I","2":"t","20":"N","21":" ","22":"l","23":"o","24":"c","25":"a","26":"l","27":"h","28":"o","29":"s","3":"a","30":"t","31":"_","32":"i","33":"n","34":"v","35":"a","36":"l","37":"i","38":"d","39":"_","4":"d","40":"i","41":"n","42":"v","43":"a","44":"l","45":"i","46":"d","5":"d","6":"r","7":"i","8":"n","9":"f","level":"error","message":"❌ Attempt 3/5 failed:","timestamp":"2026-02-21 01:22:54"}
{"level":"info","message":"Retrying in 5s...","timestamp":"2026-02-21 01:22:54"}
{"level":"info","message":"Attempting to connect to database... (Attempt 4/5)","timestamp":"2026-02-21 01:22:59"}
{"0":"g","1":"e","10":"o","11":" ","12":"E","13":"A","14":"I","15":"_","16":"A","17":"G","18":"A","19":"I","2":"t","20":"N","21":" ","22":"l","23":"o","24":"c","25":"a","26":"l","27":"h","28":"o","29":"s","3":"a","30":"t","31":"_","32":"i","33":"n","34":"v","35":"a","36":"l","37":"i","38":"d","39":"_","4":"d","40":"i","41":"n","42":"v","43":"a","44":"l","45":"i","46":"d","5":"d","6":"r","7":"i","8":"n","9":"f","level":"error","message":"❌ Attempt 4/5 failed:","timestamp":"2026-02-21 01:23:00"}
{"level":"info","message":"Retrying in 5s...","timestamp":"2026-02-21 01:23:00"}
{"level":"info","message":"Attempting to connect to database... (Attempt 5/5)","timestamp":"2026-02-21 01:23:05"}
{"0":"g","1":"e","10":"o","11":" ","12":"E","13":"A","14":"I","15":"_","16":"A","17":"G","18":"A","19":"I","2":"t","20":"N","21":" ","22":"l","23":"o","24":"c","25":"a","26":"l","27":"h","28":"o","29":"s","3":"a","30":"t","31":"_","32":"i","33":"n","34":"v","35":"a","36":"l","37":"i","38":"d","39":"_","4":"d","40":"i","41":"n","42":"v","43":"a","44":"l","45":"i","46":"d","5":"d","6":"r","7":"i","8":"n","9":"f","level":"error","message":"❌ Attempt 5/5 failed:","timestamp":"2026-02-21 01:23:05"}
{"level":"info","message":"Attempting to connect to database... (Attempt 1/5)","timestamp":"2026-02-21 01:23:18"}
{"level":"info","message":"✅ Database connection established successfully.","timestamp":"2026-02-21 01:23:18"}
{"level":"info","message":"✅ Database synchronized.","timestamp":"2026-02-21 01:23:19"}
{"level":"info","message":"🚀 Server running on port 5000","timestamp":"2026-02-21 01:23:19"}
{"level":"info","message":"📍 Environment: development","timestamp":"2026-02-21 01:23:19"}
{"level":"info","message":"🔗 API Base URL: http://localhost:5000/api/v1","timestamp":"2026-02-21 01:23:19"}
{"level":"info","message":"\nSIGINT received. Starting graceful shutdown...","timestamp":"2026-02-21 01:23:41"}
{"level":"info","message":"Attempting to connect to database... (Attempt 1/5)","timestamp":"2026-02-21 01:24:34"}
{"level":"info","message":"✅ Database connection established successfully.","timestamp":"2026-02-21 01:24:34"}
{"level":"info","message":"✅ Database synchronized.","timestamp":"2026-02-21 01:24:35"}
{"level":"info","message":"🚀 Server running on port 5000","timestamp":"2026-02-21 01:24:35"}
{"level":"info","message":"📍 Environment: development","timestamp":"2026-02-21 01:24:35"}
{"level":"info","message":"🔗 API Base URL: http://localhost:5000/api/v1","timestamp":"2026-02-21 01:24:35"}
{"level":"info","message":"Attempting to connect to database... (Attempt 1/5)","timestamp":"2026-02-21 01:28:45"}
{"level":"info","message":"✅ Database connection established successfully.","timestamp":"2026-02-21 01:28:45"}
{"level":"info","message":"✅ Database synchronized.","timestamp":"2026-02-21 01:28:46"}
{"level":"info","message":"🚀 Server running on port 5000","timestamp":"2026-02-21 01:28:46"}
{"level":"info","message":"📍 Environment: development","timestamp":"2026-02-21 01:28:46"}
{"level":"info","message":"🔗 API Base URL: http://localhost:5000/api/v1","timestamp":"2026-02-21 01:28:46"}
{"level":"info","message":"Attempting to connect to database... (Attempt 1/5)","timestamp":"2026-02-21 01:30:21"}
{"level":"info","message":"✅ Database connection established successfully.","timestamp":"2026-02-21 01:30:21"}
{"level":"info","message":"✅ Database synchronized.","timestamp":"2026-02-21 01:30:21"}
{"level":"info","message":"🚀 Server running on port 5000","timestamp":"2026-02-21 01:30:21"}
{"level":"info","message":"📍 Environment: development","timestamp":"2026-02-21 01:30:21"}
{"level":"info","message":"🔗 API Base URL: http://localhost:5000/api/v1","timestamp":"2026-02-21 01:30:21"}
{"level":"info","message":"Attempting to connect to database... (Attempt 1/5)","timestamp":"2026-02-21 01:34:34"}
{"level":"info","message":"✅ Database connection established successfully.","timestamp":"2026-02-21 01:34:34"}
{"level":"info","message":"✅ Database synchronized.","timestamp":"2026-02-21 01:34:34"}
{"level":"info","message":"🚀 Server running on port 5000","timestamp":"2026-02-21 01:34:34"}
{"level":"info","message":"📍 Environment: development","timestamp":"2026-02-21 01:34:34"}
{"level":"info","message":"🔗 API Base URL: http://localhost:5000/api/v1","timestamp":"2026-02-21 01:34:34"}
{"level":"info","message":"\nSIGINT received. Starting graceful shutdown...","timestamp":"2026-02-21 01:35:04"}
