{"level":"info","message":"Attempting to connect to database... (Attempt 1/5)","timestamp":"2026-04-03 10:52:29"}
{"level":"info","message":"✅ Database connection established successfully.","timestamp":"2026-04-03 10:52:29"}
{"level":"info","message":"✅ Database synchronized.","timestamp":"2026-04-03 10:52:31"}
{"level":"info","message":"🚀 Server running on port 5000","timestamp":"2026-04-03 10:52:31"}
{"level":"info","message":"📍 Environment: development","timestamp":"2026-04-03 10:52:31"}
{"level":"info","message":"🔗 API Base URL: http://localhost:5000/api/v1","timestamp":"2026-04-03 10:52:31"}
{"level":"info","message":"\u001b[0mPOST /api/v1/login \u001b[32m200\u001b[0m 375.997 ms - -\u001b[0m","timestamp":"2026-04-03 10:52:56"}
{"level":"info","message":"\u001b[0mGET /api/v1/me \u001b[32m200\u001b[0m 56.934 ms - -\u001b[0m","timestamp":"2026-04-03 10:52:56"}
{"level":"info","message":"\u001b[0mGET /api/v1/reports/dashboard/summary \u001b[32m200\u001b[0m 86.072 ms - 303\u001b[0m","timestamp":"2026-04-03 10:52:59"}
{"level":"info","message":"\u001b[0mGET /api/v1/reports/dashboard/summary \u001b[36m304\u001b[0m 122.491 ms - -\u001b[0m","timestamp":"2026-04-03 10:52:59"}
{"level":"info","message":"\u001b[0mGET /api/v1/settings/business \u001b[32m200\u001b[0m 98.060 ms - 628\u001b[0m","timestamp":"2026-04-03 10:53:09"}
{"level":"info","message":"\u001b[0mGET /api/v1/settings/receipt \u001b[32m200\u001b[0m 254.869 ms - 67\u001b[0m","timestamp":"2026-04-03 10:53:09"}
{"level":"info","message":"\u001b[0mGET /api/v1/settings/pos \u001b[32m200\u001b[0m 299.983 ms - -\u001b[0m","timestamp":"2026-04-03 10:53:09"}
{"level":"info","message":"\u001b[0mGET /api/v1/products?size=1000 \u001b[32m200\u001b[0m 235.603 ms - -\u001b[0m","timestamp":"2026-04-03 10:53:09"}
{"level":"info","message":"\u001b[0mGET /api/v1/sales?status=completed&size=10 \u001b[32m200\u001b[0m 274.391 ms - -\u001b[0m","timestamp":"2026-04-03 10:53:09"}
{"level":"info","message":"\u001b[0mGET /api/v1/products?size=1000 \u001b[36m304\u001b[0m 86.577 ms - -\u001b[0m","timestamp":"2026-04-03 10:53:10"}
{"level":"info","message":"\u001b[0mGET /api/v1/sales?status=completed&size=10 \u001b[36m304\u001b[0m 228.081 ms - -\u001b[0m","timestamp":"2026-04-03 10:53:10"}
{"level":"info","message":"\u001b[0mGET /api/v1/customers/active/list \u001b[36m304\u001b[0m 53.921 ms - -\u001b[0m","timestamp":"2026-04-03 10:53:10"}
{"level":"info","message":"\u001b[0mGET /api/v1/customers/active/list \u001b[36m304\u001b[0m 45.164 ms - -\u001b[0m","timestamp":"2026-04-03 10:53:10"}
{"level":"info","message":"\u001b[0mGET /api/v1/users/active-sellers \u001b[36m304\u001b[0m 202.897 ms - -\u001b[0m","timestamp":"2026-04-03 10:53:10"}
{"level":"info","message":"\u001b[0mGET /api/v1/users/active-sellers \u001b[36m304\u001b[0m 60.959 ms - -\u001b[0m","timestamp":"2026-04-03 10:53:10"}
{"level":"info","message":"\u001b[0mPOST /api/v1/sales \u001b[33m400\u001b[0m 42.059 ms - 74\u001b[0m","timestamp":"2026-04-03 10:53:33"}
{"level":"info","message":"\u001b[0mGET /api/v1/reports/dashboard/summary \u001b[36m304\u001b[0m 108.298 ms - -\u001b[0m","timestamp":"2026-04-03 10:53:58"}
{"level":"info","message":"\u001b[0mGET /api/v1/reports/dashboard/summary \u001b[36m304\u001b[0m 110.161 ms - -\u001b[0m","timestamp":"2026-04-03 10:53:58"}
{"level":"info","message":"\u001b[0mGET /api/v1/products?page=1 \u001b[32m200\u001b[0m 275.266 ms - -\u001b[0m","timestamp":"2026-04-03 10:54:03"}
{"level":"info","message":"\u001b[0mGET /api/v1/settings/global \u001b[32m200\u001b[0m 249.662 ms - -\u001b[0m","timestamp":"2026-04-03 10:54:03"}
{"level":"info","message":"\u001b[0mGET /api/v1/products?page=1 \u001b[36m304\u001b[0m 160.701 ms - -\u001b[0m","timestamp":"2026-04-03 10:54:03"}
{"level":"info","message":"\u001b[0mGET /api/v1/reports/dashboard/summary \u001b[36m304\u001b[0m 142.518 ms - -\u001b[0m","timestamp":"2026-04-03 10:56:13"}
{"level":"info","message":"\u001b[0mGET /api/v1/settings/global \u001b[36m304\u001b[0m 242.588 ms - -\u001b[0m","timestamp":"2026-04-03 10:59:32"}
{"level":"info","message":"\u001b[0mGET /api/v1/products?page=1 \u001b[36m304\u001b[0m 193.256 ms - -\u001b[0m","timestamp":"2026-04-03 10:59:33"}
{"level":"info","message":"\u001b[0mGET /api/v1/products?page=1 \u001b[36m304\u001b[0m 221.293 ms - -\u001b[0m","timestamp":"2026-04-03 10:59:33"}
{"level":"info","message":"\u001b[0mGET /api/v1/settings/global \u001b[36m304\u001b[0m 127.730 ms - -\u001b[0m","timestamp":"2026-04-03 11:00:48"}
{"level":"info","message":"\u001b[0mGET /api/v1/settings/global \u001b[36m304\u001b[0m 135.257 ms - -\u001b[0m","timestamp":"2026-04-03 11:01:01"}
{"level":"info","message":"\u001b[0mGET /api/v1/settings/global \u001b[36m304\u001b[0m 363.234 ms - -\u001b[0m","timestamp":"2026-04-03 11:03:30"}
{"level":"info","message":"\u001b[0mGET /api/v1/settings/global \u001b[36m304\u001b[0m 259.224 ms - -\u001b[0m","timestamp":"2026-04-03 11:03:32"}
{"level":"info","message":"\u001b[0mGET /api/v1/products?page=1 \u001b[36m304\u001b[0m 272.647 ms - -\u001b[0m","timestamp":"2026-04-03 11:03:33"}
{"level":"info","message":"\u001b[0mGET /api/v1/products?page=1 \u001b[36m304\u001b[0m 251.856 ms - -\u001b[0m","timestamp":"2026-04-03 11:03:33"}
{"level":"info","message":"\u001b[0mGET /api/v1/settings/global \u001b[36m304\u001b[0m 77.922 ms - -\u001b[0m","timestamp":"2026-04-03 11:03:37"}
{"level":"info","message":"\u001b[0mGET /api/v1/products?page=1 \u001b[36m304\u001b[0m 290.637 ms - -\u001b[0m","timestamp":"2026-04-03 11:04:13"}
{"level":"info","message":"\u001b[0mGET /api/v1/settings/global \u001b[36m304\u001b[0m 328.206 ms - -\u001b[0m","timestamp":"2026-04-03 11:04:13"}
{"level":"info","message":"\u001b[0mGET /api/v1/products?page=1 \u001b[36m304\u001b[0m 181.463 ms - -\u001b[0m","timestamp":"2026-04-03 11:04:14"}
{"level":"info","message":"\u001b[0mGET /api/v1/reports/dashboard/summary \u001b[36m304\u001b[0m 95.696 ms - -\u001b[0m","timestamp":"2026-04-03 11:05:11"}
{"level":"info","message":"\u001b[0mGET /api/v1/settings/global \u001b[36m304\u001b[0m 110.995 ms - -\u001b[0m","timestamp":"2026-04-03 11:05:15"}
{"level":"info","message":"\u001b[0mGET /api/v1/products?page=1 \u001b[36m304\u001b[0m 139.691 ms - -\u001b[0m","timestamp":"2026-04-03 11:05:16"}
{"level":"info","message":"\u001b[0mGET /api/v1/products?page=1 \u001b[36m304\u001b[0m 205.764 ms - -\u001b[0m","timestamp":"2026-04-03 11:05:16"}
{"level":"info","message":"\u001b[0mGET /api/v1/branches/active/list \u001b[36m304\u001b[0m 113.345 ms - -\u001b[0m","timestamp":"2026-04-03 11:05:54"}
{"level":"info","message":"\u001b[0mGET /api/v1/products/active/list \u001b[32m200\u001b[0m 110.615 ms - -\u001b[0m","timestamp":"2026-04-03 11:05:54"}
{"level":"info","message":"\u001b[0mGET /api/v1/reports/dashboard/summary \u001b[36m304\u001b[0m 153.959 ms - -\u001b[0m","timestamp":"2026-04-03 11:06:47"}
{"level":"info","message":"\u001b[0mGET /api/v1/reports/dashboard/summary \u001b[36m304\u001b[0m 203.218 ms - -\u001b[0m","timestamp":"2026-04-03 11:06:47"}
{"level":"info","message":"\u001b[0mGET /api/v1/products?page=1 \u001b[36m304\u001b[0m 95.772 ms - -\u001b[0m","timestamp":"2026-04-03 11:07:07"}
{"level":"info","message":"\u001b[0mGET /api/v1/settings/global \u001b[36m304\u001b[0m 208.786 ms - -\u001b[0m","timestamp":"2026-04-03 11:07:07"}
{"level":"info","message":"\u001b[0mGET /api/v1/products?page=1 \u001b[36m304\u001b[0m 245.766 ms - -\u001b[0m","timestamp":"2026-04-03 11:07:07"}
{"level":"info","message":"\u001b[0mGET /api/v1/reports/dashboard/summary \u001b[36m304\u001b[0m 410.116 ms - -\u001b[0m","timestamp":"2026-04-03 11:09:35"}
{"level":"info","message":"\u001b[0mGET /api/v1/reports/dashboard/summary \u001b[36m304\u001b[0m 127.419 ms - -\u001b[0m","timestamp":"2026-04-03 11:09:35"}
{"level":"info","message":"\u001b[0mGET /api/v1/settings/global \u001b[36m304\u001b[0m 198.796 ms - -\u001b[0m","timestamp":"2026-04-03 11:09:42"}
{"level":"info","message":"\u001b[0mGET /api/v1/products?page=1 \u001b[36m304\u001b[0m 120.548 ms - -\u001b[0m","timestamp":"2026-04-03 11:09:42"}
{"level":"info","message":"\u001b[0mGET /api/v1/products?page=1 \u001b[36m304\u001b[0m 155.734 ms - -\u001b[0m","timestamp":"2026-04-03 11:09:42"}
{"level":"info","message":"\u001b[0mGET /api/v1/settings/global \u001b[36m304\u001b[0m 301.681 ms - -\u001b[0m","timestamp":"2026-04-03 11:17:48"}
{"level":"info","message":"\u001b[0mGET /api/v1/reports/dashboard/summary \u001b[36m304\u001b[0m 76.165 ms - -\u001b[0m","timestamp":"2026-04-03 11:18:07"}
{"level":"info","message":"\u001b[0mGET /api/v1/reports/dashboard/summary \u001b[36m304\u001b[0m 88.643 ms - -\u001b[0m","timestamp":"2026-04-03 11:18:07"}
{"level":"info","message":"\u001b[0mGET /api/v1/products?page=1 \u001b[36m304\u001b[0m 121.463 ms - -\u001b[0m","timestamp":"2026-04-03 11:19:02"}
{"level":"info","message":"\u001b[0mGET /api/v1/settings/global \u001b[36m304\u001b[0m 114.985 ms - -\u001b[0m","timestamp":"2026-04-03 11:19:02"}
{"level":"info","message":"\u001b[0mGET /api/v1/products?page=1 \u001b[36m304\u001b[0m 257.914 ms - -\u001b[0m","timestamp":"2026-04-03 11:19:02"}
{"level":"info","message":"\u001b[0mGET /api/v1/reports/dashboard/summary \u001b[36m304\u001b[0m 162.714 ms - -\u001b[0m","timestamp":"2026-04-03 11:19:14"}
{"level":"info","message":"\u001b[0mGET /api/v1/reports/dashboard/summary \u001b[36m304\u001b[0m 118.200 ms - -\u001b[0m","timestamp":"2026-04-03 11:19:14"}
{"level":"info","message":"\u001b[0mGET /api/v1/products?page=1 \u001b[36m304\u001b[0m 71.447 ms - -\u001b[0m","timestamp":"2026-04-03 11:19:25"}
{"level":"info","message":"\u001b[0mGET /api/v1/settings/global \u001b[36m304\u001b[0m 93.208 ms - -\u001b[0m","timestamp":"2026-04-03 11:19:25"}
{"level":"info","message":"\u001b[0mGET /api/v1/products?page=1 \u001b[36m304\u001b[0m 175.075 ms - -\u001b[0m","timestamp":"2026-04-03 11:19:25"}
{"level":"info","message":"\u001b[0mGET /api/v1/main-categories \u001b[32m200\u001b[0m 190.889 ms - -\u001b[0m","timestamp":"2026-04-03 11:19:59"}
{"level":"info","message":"\u001b[0mGET /api/v1/main-categories \u001b[36m304\u001b[0m 188.418 ms - -\u001b[0m","timestamp":"2026-04-03 11:20:00"}
{"level":"info","message":"\u001b[0mGET /api/v1/products?page=1 \u001b[36m304\u001b[0m 267.172 ms - -\u001b[0m","timestamp":"2026-04-03 11:21:04"}
{"level":"info","message":"\u001b[0mGET /api/v1/products?page=1 \u001b[36m304\u001b[0m 412.686 ms - -\u001b[0m","timestamp":"2026-04-03 11:21:05"}
{"level":"info","message":"\u001b[0mGET /api/v1/products?page=1 \u001b[36m304\u001b[0m 117.783 ms - -\u001b[0m","timestamp":"2026-04-03 11:22:09"}
{"level":"info","message":"\u001b[0mGET /api/v1/settings/general \u001b[36m304\u001b[0m 99.893 ms - -\u001b[0m","timestamp":"2026-04-03 11:22:34"}
{"level":"info","message":"\u001b[0mGET /api/v1/products?page=1 \u001b[36m304\u001b[0m 132.476 ms - -\u001b[0m","timestamp":"2026-04-03 11:22:53"}
{"level":"info","message":"\u001b[0mGET /api/v1/products?page=1 \u001b[36m304\u001b[0m 129.575 ms - -\u001b[0m","timestamp":"2026-04-03 11:22:53"}
{"level":"info","message":"\u001b[0mGET /api/v1/products?page=1 \u001b[36m304\u001b[0m 162.670 ms - -\u001b[0m","timestamp":"2026-04-03 11:24:13"}
{"level":"info","message":"\u001b[0mGET /api/v1/products?page=1 \u001b[36m304\u001b[0m 243.780 ms - -\u001b[0m","timestamp":"2026-04-03 11:26:12"}
{"level":"info","message":"\u001b[0mGET /api/v1/products?page=1 \u001b[36m304\u001b[0m 282.039 ms - -\u001b[0m","timestamp":"2026-04-03 11:26:21"}
{"level":"info","message":"\u001b[0mGET /api/v1/settings/global \u001b[36m304\u001b[0m 86.914 ms - -\u001b[0m","timestamp":"2026-04-03 11:27:06"}
{"level":"info","message":"\u001b[0mGET /api/v1/settings/global \u001b[36m304\u001b[0m 107.338 ms - -\u001b[0m","timestamp":"2026-04-03 11:27:28"}
{"level":"info","message":"\u001b[0mGET /api/v1/reports/dashboard/summary \u001b[36m304\u001b[0m 77.729 ms - -\u001b[0m","timestamp":"2026-04-03 11:27:42"}
{"level":"info","message":"\u001b[0mGET /api/v1/reports/dashboard/summary \u001b[36m304\u001b[0m 85.807 ms - -\u001b[0m","timestamp":"2026-04-03 11:27:42"}
{"level":"info","message":"\u001b[0mGET /api/v1/products?page=1 \u001b[36m304\u001b[0m 105.832 ms - -\u001b[0m","timestamp":"2026-04-03 11:27:45"}
{"level":"info","message":"\u001b[0mGET /api/v1/settings/global \u001b[36m304\u001b[0m 154.988 ms - -\u001b[0m","timestamp":"2026-04-03 11:27:45"}
{"level":"info","message":"\u001b[0mGET /api/v1/products?page=1 \u001b[36m304\u001b[0m 186.295 ms - -\u001b[0m","timestamp":"2026-04-03 11:27:45"}
{"level":"info","message":"\u001b[0mGET /api/v1/reports/dashboard/summary \u001b[36m304\u001b[0m 93.539 ms - -\u001b[0m","timestamp":"2026-04-03 11:28:01"}
{"level":"info","message":"\u001b[0mGET /api/v1/reports/dashboard/summary \u001b[36m304\u001b[0m 128.656 ms - -\u001b[0m","timestamp":"2026-04-03 11:28:02"}
{"level":"info","message":"\u001b[0mGET /api/v1/products?page=1 \u001b[36m304\u001b[0m 73.366 ms - -\u001b[0m","timestamp":"2026-04-03 11:28:09"}
{"level":"info","message":"\u001b[0mGET /api/v1/settings/global \u001b[36m304\u001b[0m 121.428 ms - -\u001b[0m","timestamp":"2026-04-03 11:28:09"}
{"level":"info","message":"\u001b[0mGET /api/v1/products?page=1 \u001b[36m304\u001b[0m 183.048 ms - -\u001b[0m","timestamp":"2026-04-03 11:28:10"}
{"level":"info","message":"\u001b[0mGET /api/v1/expenses \u001b[36m304\u001b[0m 266.988 ms - -\u001b[0m","timestamp":"2026-04-03 11:28:26"}
{"level":"info","message":"\u001b[0mGET /api/v1/settings/global \u001b[36m304\u001b[0m 287.513 ms - -\u001b[0m","timestamp":"2026-04-03 11:28:26"}
{"level":"info","message":"\u001b[0mGET /api/v1/expenses \u001b[36m304\u001b[0m 91.876 ms - -\u001b[0m","timestamp":"2026-04-03 11:28:26"}
{"level":"info","message":"\u001b[0mGET /api/v1/expense-categories \u001b[32m200\u001b[0m 103.726 ms - 309\u001b[0m","timestamp":"2026-04-03 11:28:31"}
{"level":"info","message":"\u001b[0mGET /api/v1/expense-categories \u001b[36m304\u001b[0m 108.441 ms - -\u001b[0m","timestamp":"2026-04-03 11:28:31"}
{"level":"info","message":"\u001b[0mGET /api/v1/expenses \u001b[36m304\u001b[0m 75.894 ms - -\u001b[0m","timestamp":"2026-04-03 11:28:37"}
{"level":"info","message":"\u001b[0mGET /api/v1/settings/global \u001b[36m304\u001b[0m 172.100 ms - -\u001b[0m","timestamp":"2026-04-03 11:28:37"}
{"level":"info","message":"\u001b[0mGET /api/v1/expenses \u001b[36m304\u001b[0m 150.737 ms - -\u001b[0m","timestamp":"2026-04-03 11:28:37"}
{"level":"info","message":"\u001b[0mGET /api/v1/products?page=1 \u001b[36m304\u001b[0m 61.414 ms - -\u001b[0m","timestamp":"2026-04-03 11:28:39"}
{"level":"info","message":"\u001b[0mGET /api/v1/products?page=1 \u001b[36m304\u001b[0m 183.992 ms - -\u001b[0m","timestamp":"2026-04-03 11:28:39"}
{"level":"info","message":"\u001b[0mGET /api/v1/products?page=1 \u001b[36m304\u001b[0m 243.273 ms - -\u001b[0m","timestamp":"2026-04-03 11:29:13"}
{"level":"info","message":"\u001b[0mGET /api/v1/products?page=1 \u001b[36m304\u001b[0m 100.833 ms - -\u001b[0m","timestamp":"2026-04-03 11:29:31"}
{"level":"info","message":"\u001b[0mGET /api/v1/measurement-units \u001b[32m200\u001b[0m 183.994 ms - -\u001b[0m","timestamp":"2026-04-03 11:30:17"}
{"level":"info","message":"\u001b[0mGET /api/v1/measurement-units \u001b[36m304\u001b[0m 160.322 ms - -\u001b[0m","timestamp":"2026-04-03 11:30:17"}
{"level":"info","message":"\u001b[0mGET /api/v1/containers \u001b[32m200\u001b[0m 58.798 ms - -\u001b[0m","timestamp":"2026-04-03 11:30:25"}
{"level":"info","message":"\u001b[0mGET /api/v1/containers \u001b[36m304\u001b[0m 61.959 ms - -\u001b[0m","timestamp":"2026-04-03 11:30:25"}
{"level":"info","message":"\u001b[0mGET /api/v1/measurement-units/active/list \u001b[32m200\u001b[0m 46.464 ms - -\u001b[0m","timestamp":"2026-04-03 11:30:27"}
{"level":"info","message":"\u001b[0mGET /api/v1/units/active/list \u001b[32m200\u001b[0m 72.042 ms - -\u001b[0m","timestamp":"2026-04-03 11:30:27"}
{"level":"info","message":"\u001b[0mGET /api/v1/settings/global \u001b[36m304\u001b[0m 237.224 ms - -\u001b[0m","timestamp":"2026-04-03 11:31:04"}
{"level":"info","message":"\u001b[0mGET /api/v1/containers \u001b[36m304\u001b[0m 223.456 ms - -\u001b[0m","timestamp":"2026-04-03 11:31:04"}
{"level":"info","message":"\u001b[0mGET /api/v1/containers \u001b[36m304\u001b[0m 146.413 ms - -\u001b[0m","timestamp":"2026-04-03 11:31:04"}
{"level":"info","message":"\u001b[0mGET /api/v1/products?page=1 \u001b[36m304\u001b[0m 127.844 ms - -\u001b[0m","timestamp":"2026-04-03 11:31:12"}
{"level":"info","message":"\u001b[0mGET /api/v1/products?page=1 \u001b[36m304\u001b[0m 190.490 ms - -\u001b[0m","timestamp":"2026-04-03 11:31:12"}
{"level":"info","message":"\u001b[0mGET /api/v1/products?page=1 \u001b[36m304\u001b[0m 183.485 ms - -\u001b[0m","timestamp":"2026-04-03 11:34:14"}
{"level":"info","message":"\u001b[0mGET /api/v1/products?page=1 \u001b[36m304\u001b[0m 160.679 ms - -\u001b[0m","timestamp":"2026-04-03 11:37:16"}
{"level":"info","message":"\u001b[0mGET /api/v1/products?page=1 \u001b[36m304\u001b[0m 169.324 ms - -\u001b[0m","timestamp":"2026-04-03 11:37:25"}
{"level":"info","message":"\u001b[0mGET /api/v1/products?page=1 \u001b[36m304\u001b[0m 248.392 ms - -\u001b[0m","timestamp":"2026-04-03 11:37:54"}
{"level":"info","message":"\u001b[0mGET /api/v1/settings/business \u001b[36m304\u001b[0m 244.366 ms - -\u001b[0m","timestamp":"2026-04-03 11:40:21"}
{"level":"info","message":"\u001b[0mGET /api/v1/settings/pos \u001b[36m304\u001b[0m 265.378 ms - -\u001b[0m","timestamp":"2026-04-03 11:40:21"}
{"level":"info","message":"\u001b[0mGET /api/v1/settings/receipt \u001b[36m304\u001b[0m 274.360 ms - -\u001b[0m","timestamp":"2026-04-03 11:40:21"}
{"level":"info","message":"\u001b[0mGET /api/v1/sales?status=completed&size=10 \u001b[36m304\u001b[0m 249.783 ms - -\u001b[0m","timestamp":"2026-04-03 11:40:22"}
{"level":"info","message":"\u001b[0mGET /api/v1/products?size=1000 \u001b[36m304\u001b[0m 260.164 ms - -\u001b[0m","timestamp":"2026-04-03 11:40:22"}
{"level":"info","message":"\u001b[0mGET /api/v1/sales?status=completed&size=10 \u001b[36m304\u001b[0m 111.290 ms - -\u001b[0m","timestamp":"2026-04-03 11:40:22"}
{"level":"info","message":"\u001b[0mGET /api/v1/products?size=1000 \u001b[36m304\u001b[0m 222.345 ms - -\u001b[0m","timestamp":"2026-04-03 11:40:22"}
{"level":"info","message":"\u001b[0mGET /api/v1/customers/active/list \u001b[36m304\u001b[0m 55.479 ms - -\u001b[0m","timestamp":"2026-04-03 11:40:22"}
{"level":"info","message":"\u001b[0mGET /api/v1/customers/active/list \u001b[36m304\u001b[0m 94.083 ms - -\u001b[0m","timestamp":"2026-04-03 11:40:22"}
{"level":"info","message":"\u001b[0mGET /api/v1/users/active-sellers \u001b[36m304\u001b[0m 126.292 ms - -\u001b[0m","timestamp":"2026-04-03 11:40:23"}
{"level":"info","message":"\u001b[0mGET /api/v1/users/active-sellers \u001b[36m304\u001b[0m 121.554 ms - -\u001b[0m","timestamp":"2026-04-03 11:40:23"}
{"level":"info","message":"\u001b[0mGET /api/v1/products?page=1 \u001b[36m304\u001b[0m 50.287 ms - -\u001b[0m","timestamp":"2026-04-03 11:40:25"}
{"level":"info","message":"\u001b[0mGET /api/v1/products?page=1 \u001b[36m304\u001b[0m 64.686 ms - -\u001b[0m","timestamp":"2026-04-03 11:40:25"}
{"level":"info","message":"\u001b[0mGET /api/v1/settings/global \u001b[36m304\u001b[0m 122.360 ms - -\u001b[0m","timestamp":"2026-04-03 11:40:25"}
{"level":"info","message":"\u001b[0mGET /api/v1/expenses \u001b[36m304\u001b[0m 164.481 ms - -\u001b[0m","timestamp":"2026-04-03 11:42:12"}
{"level":"info","message":"\u001b[0mGET /api/v1/settings/global \u001b[36m304\u001b[0m 198.930 ms - -\u001b[0m","timestamp":"2026-04-03 11:42:12"}
{"level":"info","message":"\u001b[0mGET /api/v1/expenses \u001b[36m304\u001b[0m 66.994 ms - -\u001b[0m","timestamp":"2026-04-03 11:42:12"}
{"level":"info","message":"\u001b[0mGET /api/v1/expense-categories \u001b[36m304\u001b[0m 58.908 ms - -\u001b[0m","timestamp":"2026-04-03 11:42:17"}
{"level":"info","message":"\u001b[0mGET /api/v1/expense-categories \u001b[36m304\u001b[0m 66.690 ms - -\u001b[0m","timestamp":"2026-04-03 11:42:17"}
{"level":"info","message":"\u001b[0mGET /api/v1/accounts \u001b[36m304\u001b[0m 57.714 ms - -\u001b[0m","timestamp":"2026-04-03 11:42:20"}
{"level":"info","message":"\u001b[0mGET /api/v1/accounts \u001b[36m304\u001b[0m 77.688 ms - -\u001b[0m","timestamp":"2026-04-03 11:42:20"}
{"level":"info","message":"\u001b[0mGET /api/v1/products?size=1000 \u001b[33m401\u001b[0m 18.645 ms - 44\u001b[0m","timestamp":"2026-04-03 11:56:09"}
{"level":"info","message":"\u001b[0mGET /api/v1/sales?status=completed&size=10 \u001b[33m401\u001b[0m 21.486 ms - 44\u001b[0m","timestamp":"2026-04-03 11:56:09"}
{"level":"info","message":"\u001b[0mGET /api/v1/products?size=1000 \u001b[33m401\u001b[0m 7.905 ms - 44\u001b[0m","timestamp":"2026-04-03 11:56:09"}
{"level":"info","message":"\u001b[0mGET /api/v1/sales?status=completed&size=10 \u001b[33m401\u001b[0m 12.480 ms - 44\u001b[0m","timestamp":"2026-04-03 11:56:09"}
{"level":"info","message":"\u001b[0mGET /api/v1/settings/business \u001b[33m401\u001b[0m 13.664 ms - 44\u001b[0m","timestamp":"2026-04-03 11:56:09"}
{"level":"info","message":"\u001b[0mGET /api/v1/settings/receipt \u001b[33m401\u001b[0m 9.497 ms - 44\u001b[0m","timestamp":"2026-04-03 11:56:09"}
{"level":"info","message":"\u001b[0mGET /api/v1/settings/pos \u001b[33m401\u001b[0m 22.035 ms - 44\u001b[0m","timestamp":"2026-04-03 11:56:09"}
{"level":"info","message":"\u001b[0mGET /api/v1/customers/active/list \u001b[33m401\u001b[0m 33.280 ms - 44\u001b[0m","timestamp":"2026-04-03 11:56:09"}
{"level":"info","message":"\u001b[0mGET /api/v1/customers/active/list \u001b[33m401\u001b[0m 13.368 ms - 44\u001b[0m","timestamp":"2026-04-03 11:56:09"}
{"level":"info","message":"\u001b[0mGET /api/v1/users/active-sellers \u001b[33m401\u001b[0m 29.648 ms - 44\u001b[0m","timestamp":"2026-04-03 11:56:09"}
{"level":"info","message":"\u001b[0mGET /api/v1/users/active-sellers \u001b[33m401\u001b[0m 24.923 ms - 44\u001b[0m","timestamp":"2026-04-03 11:56:09"}
{"level":"info","message":"\u001b[0mPOST /api/v1/login \u001b[32m200\u001b[0m 270.902 ms - -\u001b[0m","timestamp":"2026-04-03 11:56:16"}
{"level":"info","message":"\u001b[0mGET /api/v1/me \u001b[32m200\u001b[0m 53.993 ms - -\u001b[0m","timestamp":"2026-04-03 11:56:16"}
{"level":"info","message":"\u001b[0mGET /api/v1/reports/dashboard/summary \u001b[36m304\u001b[0m 146.700 ms - -\u001b[0m","timestamp":"2026-04-03 11:56:17"}
{"level":"info","message":"\u001b[0mGET /api/v1/reports/dashboard/summary \u001b[36m304\u001b[0m 128.660 ms - -\u001b[0m","timestamp":"2026-04-03 11:56:17"}
{"level":"info","message":"\u001b[0mGET /api/v1/settings/business \u001b[36m304\u001b[0m 103.267 ms - -\u001b[0m","timestamp":"2026-04-03 11:56:19"}
{"level":"info","message":"\u001b[0mGET /api/v1/settings/receipt \u001b[36m304\u001b[0m 189.567 ms - -\u001b[0m","timestamp":"2026-04-03 11:56:19"}
{"level":"info","message":"\u001b[0mGET /api/v1/settings/pos \u001b[36m304\u001b[0m 219.339 ms - -\u001b[0m","timestamp":"2026-04-03 11:56:19"}
{"level":"info","message":"\u001b[0mGET /api/v1/products?size=1000 \u001b[36m304\u001b[0m 225.655 ms - -\u001b[0m","timestamp":"2026-04-03 11:56:20"}
{"level":"info","message":"\u001b[0mGET /api/v1/sales?status=completed&size=10 \u001b[36m304\u001b[0m 255.592 ms - -\u001b[0m","timestamp":"2026-04-03 11:56:20"}
{"level":"info","message":"\u001b[0mGET /api/v1/products?size=1000 \u001b[36m304\u001b[0m 105.227 ms - -\u001b[0m","timestamp":"2026-04-03 11:56:20"}
{"level":"info","message":"\u001b[0mGET /api/v1/sales?status=completed&size=10 \u001b[36m304\u001b[0m 110.696 ms - -\u001b[0m","timestamp":"2026-04-03 11:56:20"}
{"level":"info","message":"\u001b[0mGET /api/v1/customers/active/list \u001b[36m304\u001b[0m 51.643 ms - -\u001b[0m","timestamp":"2026-04-03 11:56:20"}
{"level":"info","message":"\u001b[0mGET /api/v1/customers/active/list \u001b[36m304\u001b[0m 62.758 ms - -\u001b[0m","timestamp":"2026-04-03 11:56:20"}
{"level":"info","message":"\u001b[0mGET /api/v1/users/active-sellers \u001b[36m304\u001b[0m 89.460 ms - -\u001b[0m","timestamp":"2026-04-03 11:56:20"}
{"level":"info","message":"\u001b[0mGET /api/v1/users/active-sellers \u001b[36m304\u001b[0m 121.822 ms - -\u001b[0m","timestamp":"2026-04-03 11:56:20"}
{"level":"info","message":"\u001b[0mGET /api/v1/products?size=1000 \u001b[36m304\u001b[0m 501.675 ms - -\u001b[0m","timestamp":"2026-04-03 12:09:46"}
{"level":"info","message":"\u001b[0mGET /api/v1/sales?status=completed&size=10 \u001b[36m304\u001b[0m 517.168 ms - -\u001b[0m","timestamp":"2026-04-03 12:09:46"}
{"level":"info","message":"\u001b[0mGET /api/v1/settings/business \u001b[36m304\u001b[0m 464.148 ms - -\u001b[0m","timestamp":"2026-04-03 12:09:46"}
{"level":"info","message":"\u001b[0mGET /api/v1/settings/receipt \u001b[36m304\u001b[0m 690.687 ms - -\u001b[0m","timestamp":"2026-04-03 12:09:46"}
{"level":"info","message":"\u001b[0mGET /api/v1/settings/pos \u001b[36m304\u001b[0m 587.835 ms - -\u001b[0m","timestamp":"2026-04-03 12:09:46"}
{"level":"info","message":"\u001b[0mGET /api/v1/customers/active/list \u001b[36m304\u001b[0m 140.576 ms - -\u001b[0m","timestamp":"2026-04-03 12:09:46"}
{"level":"info","message":"\u001b[0mGET /api/v1/users/active-sellers \u001b[36m304\u001b[0m 257.906 ms - -\u001b[0m","timestamp":"2026-04-03 12:09:47"}
{"level":"info","message":"\u001b[0mPOST /api/v1/refresh \u001b[32m200\u001b[0m 35.230 ms - 466\u001b[0m","timestamp":"2026-04-03 13:28:46"}
{"level":"info","message":"\u001b[0mGET /api/v1/products?size=1000 \u001b[36m304\u001b[0m 172.582 ms - -\u001b[0m","timestamp":"2026-04-03 13:28:47"}
{"level":"info","message":"\u001b[0mGET /api/v1/sales?status=completed&size=10 \u001b[36m304\u001b[0m 188.772 ms - -\u001b[0m","timestamp":"2026-04-03 13:28:47"}
{"level":"info","message":"\u001b[0mGET /api/v1/customers/active/list \u001b[36m304\u001b[0m 53.361 ms - -\u001b[0m","timestamp":"2026-04-03 13:28:47"}
{"level":"info","message":"\u001b[0mGET /api/v1/users/active-sellers \u001b[36m304\u001b[0m 45.602 ms - -\u001b[0m","timestamp":"2026-04-03 13:28:47"}
{"level":"info","message":"\u001b[0mGET /api/v1/products?size=1000 \u001b[36m304\u001b[0m 159.802 ms - -\u001b[0m","timestamp":"2026-04-03 13:30:02"}
{"level":"info","message":"\u001b[0mGET /api/v1/sales?status=completed&size=10 \u001b[36m304\u001b[0m 413.074 ms - -\u001b[0m","timestamp":"2026-04-03 13:30:03"}
{"level":"info","message":"\u001b[0mGET /api/v1/customers/active/list \u001b[36m304\u001b[0m 143.211 ms - -\u001b[0m","timestamp":"2026-04-03 13:30:03"}
{"level":"info","message":"\u001b[0mGET /api/v1/users/active-sellers \u001b[36m304\u001b[0m 174.540 ms - -\u001b[0m","timestamp":"2026-04-03 13:30:03"}
{"level":"info","message":"\u001b[0mGET /api/v1/settings/business \u001b[36m304\u001b[0m 576.363 ms - -\u001b[0m","timestamp":"2026-04-03 13:39:26"}
{"level":"info","message":"\u001b[0mGET /api/v1/settings/receipt \u001b[36m304\u001b[0m 591.688 ms - -\u001b[0m","timestamp":"2026-04-03 13:39:26"}
{"level":"info","message":"\u001b[0mGET /api/v1/settings/pos \u001b[36m304\u001b[0m 684.976 ms - -\u001b[0m","timestamp":"2026-04-03 13:39:26"}
{"level":"info","message":"\u001b[0mGET /api/v1/products?size=1000 \u001b[36m304\u001b[0m 690.060 ms - -\u001b[0m","timestamp":"2026-04-03 13:39:26"}
{"level":"info","message":"\u001b[0mGET /api/v1/sales?status=completed&size=10 \u001b[36m304\u001b[0m 908.481 ms - -\u001b[0m","timestamp":"2026-04-03 13:39:26"}
{"level":"info","message":"\u001b[0mGET /api/v1/products?size=1000 \u001b[36m304\u001b[0m 280.949 ms - -\u001b[0m","timestamp":"2026-04-03 13:39:27"}
{"level":"info","message":"\u001b[0mGET /api/v1/sales?status=completed&size=10 \u001b[36m304\u001b[0m 253.908 ms - -\u001b[0m","timestamp":"2026-04-03 13:39:27"}
{"level":"info","message":"\u001b[0mGET /api/v1/customers/active/list \u001b[36m304\u001b[0m 137.400 ms - -\u001b[0m","timestamp":"2026-04-03 13:39:27"}
{"level":"info","message":"\u001b[0mGET /api/v1/customers/active/list \u001b[36m304\u001b[0m 153.773 ms - -\u001b[0m","timestamp":"2026-04-03 13:39:27"}
{"level":"info","message":"\u001b[0mGET /api/v1/users/active-sellers \u001b[36m304\u001b[0m 134.239 ms - -\u001b[0m","timestamp":"2026-04-03 13:39:27"}
{"level":"info","message":"\u001b[0mGET /api/v1/users/active-sellers \u001b[36m304\u001b[0m 147.779 ms - -\u001b[0m","timestamp":"2026-04-03 13:39:28"}
{"level":"info","message":"\u001b[0mGET /api/v1/products?size=1000 \u001b[36m304\u001b[0m 227.267 ms - -\u001b[0m","timestamp":"2026-04-03 13:42:38"}
{"level":"info","message":"\u001b[0mGET /api/v1/sales?status=completed&size=10 \u001b[36m304\u001b[0m 378.413 ms - -\u001b[0m","timestamp":"2026-04-03 13:42:38"}
{"level":"info","message":"\u001b[0mGET /api/v1/settings/business \u001b[36m304\u001b[0m 403.450 ms - -\u001b[0m","timestamp":"2026-04-03 13:42:39"}
{"level":"info","message":"\u001b[0mGET /api/v1/settings/pos \u001b[36m304\u001b[0m 257.357 ms - -\u001b[0m","timestamp":"2026-04-03 13:42:39"}
{"level":"info","message":"\u001b[0mGET /api/v1/settings/receipt \u001b[36m304\u001b[0m 300.938 ms - -\u001b[0m","timestamp":"2026-04-03 13:42:39"}
{"level":"info","message":"\u001b[0mGET /api/v1/customers/active/list \u001b[36m304\u001b[0m 80.836 ms - -\u001b[0m","timestamp":"2026-04-03 13:42:39"}
{"level":"info","message":"\u001b[0mGET /api/v1/users/active-sellers \u001b[36m304\u001b[0m 110.053 ms - -\u001b[0m","timestamp":"2026-04-03 13:42:39"}
{"level":"info","message":"\u001b[0mGET /api/v1/products?size=1000 \u001b[36m304\u001b[0m 1010.623 ms - -\u001b[0m","timestamp":"2026-04-03 13:43:41"}
{"level":"info","message":"\u001b[0mGET /api/v1/sales?status=completed&size=10 \u001b[36m304\u001b[0m 1036.107 ms - -\u001b[0m","timestamp":"2026-04-03 13:43:41"}
{"level":"info","message":"\u001b[0mGET /api/v1/settings/business \u001b[36m304\u001b[0m 286.879 ms - -\u001b[0m","timestamp":"2026-04-03 13:43:41"}
{"level":"info","message":"\u001b[0mGET /api/v1/settings/receipt \u001b[36m304\u001b[0m 362.056 ms - -\u001b[0m","timestamp":"2026-04-03 13:43:41"}
{"level":"info","message":"\u001b[0mGET /api/v1/settings/pos \u001b[36m304\u001b[0m 651.936 ms - -\u001b[0m","timestamp":"2026-04-03 13:43:41"}
{"level":"info","message":"\u001b[0mGET /api/v1/customers/active/list \u001b[36m304\u001b[0m 567.179 ms - -\u001b[0m","timestamp":"2026-04-03 13:43:42"}
{"level":"info","message":"\u001b[0mGET /api/v1/users/active-sellers \u001b[36m304\u001b[0m 163.630 ms - -\u001b[0m","timestamp":"2026-04-03 13:43:42"}
{"level":"info","message":"\u001b[0mGET /api/v1/sales?status=completed&size=50 \u001b[32m200\u001b[0m 74.816 ms - -\u001b[0m","timestamp":"2026-04-03 13:45:39"}
{"level":"info","message":"\u001b[0mGET /api/v1/products?size=1000 \u001b[36m304\u001b[0m 986.346 ms - -\u001b[0m","timestamp":"2026-04-03 13:53:36"}
{"level":"info","message":"\u001b[0mGET /api/v1/sales?status=completed&size=10 \u001b[36m304\u001b[0m 1080.550 ms - -\u001b[0m","timestamp":"2026-04-03 13:53:36"}
{"level":"info","message":"\u001b[0mGET /api/v1/settings/business \u001b[36m304\u001b[0m 583.817 ms - -\u001b[0m","timestamp":"2026-04-03 13:53:36"}
{"level":"info","message":"\u001b[0mGET /api/v1/settings/receipt \u001b[36m304\u001b[0m 768.578 ms - -\u001b[0m","timestamp":"2026-04-03 13:53:36"}
{"level":"info","message":"\u001b[0mGET /api/v1/settings/pos \u001b[36m304\u001b[0m 1275.018 ms - -\u001b[0m","timestamp":"2026-04-03 13:53:37"}
{"level":"info","message":"\u001b[0mGET /api/v1/customers/active/list \u001b[36m304\u001b[0m 968.963 ms - -\u001b[0m","timestamp":"2026-04-03 13:53:37"}
{"level":"info","message":"\u001b[0mGET /api/v1/users/active-sellers \u001b[36m304\u001b[0m 246.221 ms - -\u001b[0m","timestamp":"2026-04-03 13:53:37"}
{"level":"info","message":"\u001b[0mGET /api/v1/settings/business \u001b[36m304\u001b[0m 556.476 ms - -\u001b[0m","timestamp":"2026-04-03 13:54:12"}
{"level":"info","message":"\u001b[0mGET /api/v1/settings/receipt \u001b[36m304\u001b[0m 548.292 ms - -\u001b[0m","timestamp":"2026-04-03 13:54:12"}
{"level":"info","message":"\u001b[0mGET /api/v1/settings/pos \u001b[36m304\u001b[0m 624.994 ms - -\u001b[0m","timestamp":"2026-04-03 13:54:12"}
{"level":"info","message":"\u001b[0mGET /api/v1/products?size=1000 \u001b[36m304\u001b[0m 369.602 ms - -\u001b[0m","timestamp":"2026-04-03 13:54:12"}
{"level":"info","message":"\u001b[0mGET /api/v1/sales?status=completed&size=10 \u001b[36m304\u001b[0m 344.266 ms - -\u001b[0m","timestamp":"2026-04-03 13:54:12"}
{"level":"info","message":"\u001b[0mGET /api/v1/products?size=1000 \u001b[36m304\u001b[0m 314.631 ms - -\u001b[0m","timestamp":"2026-04-03 13:54:12"}
{"level":"info","message":"\u001b[0mGET /api/v1/sales?status=completed&size=10 \u001b[36m304\u001b[0m 318.986 ms - -\u001b[0m","timestamp":"2026-04-03 13:54:12"}
{"level":"info","message":"\u001b[0mGET /api/v1/customers/active/list \u001b[36m304\u001b[0m 82.076 ms - -\u001b[0m","timestamp":"2026-04-03 13:54:12"}
{"level":"info","message":"\u001b[0mGET /api/v1/customers/active/list \u001b[36m304\u001b[0m 97.339 ms - -\u001b[0m","timestamp":"2026-04-03 13:54:13"}
{"level":"info","message":"\u001b[0mGET /api/v1/users/active-sellers \u001b[36m304\u001b[0m 163.012 ms - -\u001b[0m","timestamp":"2026-04-03 13:54:13"}
{"level":"info","message":"\u001b[0mGET /api/v1/users/active-sellers \u001b[36m304\u001b[0m 60.424 ms - -\u001b[0m","timestamp":"2026-04-03 13:54:13"}
{"level":"info","message":"\u001b[0mPOST /api/v1/customers \u001b[32m201\u001b[0m 50.769 ms - 320\u001b[0m","timestamp":"2026-04-03 13:54:22"}
{"level":"info","message":"\u001b[0mPOST /api/v1/customers \u001b[32m201\u001b[0m 48.441 ms - 317\u001b[0m","timestamp":"2026-04-03 13:54:42"}
{"level":"info","message":"\u001b[0mPOST /api/v1/customers \u001b[32m201\u001b[0m 61.529 ms - 323\u001b[0m","timestamp":"2026-04-03 13:54:46"}
{"level":"info","message":"\u001b[0mPOST /api/v1/customers \u001b[32m201\u001b[0m 44.865 ms - 322\u001b[0m","timestamp":"2026-04-03 13:54:50"}
{"level":"info","message":"\u001b[0mPOST /api/v1/customers \u001b[32m201\u001b[0m 69.516 ms - 324\u001b[0m","timestamp":"2026-04-03 13:54:54"}
{"level":"info","message":"\u001b[0mPOST /api/v1/customers \u001b[32m201\u001b[0m 45.117 ms - 336\u001b[0m","timestamp":"2026-04-03 13:54:58"}
{"level":"info","message":"\u001b[0mPOST /api/v1/customers \u001b[32m201\u001b[0m 42.359 ms - 332\u001b[0m","timestamp":"2026-04-03 13:55:01"}
{"level":"info","message":"\u001b[0mPOST /api/v1/customers \u001b[32m201\u001b[0m 69.993 ms - 331\u001b[0m","timestamp":"2026-04-03 13:55:05"}
{"level":"info","message":"\u001b[0mPOST /api/v1/customers \u001b[32m201\u001b[0m 62.079 ms - 338\u001b[0m","timestamp":"2026-04-03 13:55:08"}
{"level":"info","message":"\u001b[0mGET /api/v1/products?size=1000 \u001b[36m304\u001b[0m 1103.314 ms - -\u001b[0m","timestamp":"2026-04-03 13:56:23"}
{"level":"info","message":"\u001b[0mGET /api/v1/sales?status=completed&size=10 \u001b[36m304\u001b[0m 1149.787 ms - -\u001b[0m","timestamp":"2026-04-03 13:56:23"}
{"level":"info","message":"\u001b[0mGET /api/v1/settings/business \u001b[36m304\u001b[0m 740.193 ms - -\u001b[0m","timestamp":"2026-04-03 13:56:24"}
{"level":"info","message":"\u001b[0mGET /api/v1/settings/receipt \u001b[36m304\u001b[0m 855.868 ms - -\u001b[0m","timestamp":"2026-04-03 13:56:24"}
{"level":"info","message":"\u001b[0mGET /api/v1/settings/pos \u001b[36m304\u001b[0m 913.242 ms - -\u001b[0m","timestamp":"2026-04-03 13:56:24"}
{"level":"info","message":"\u001b[0mGET /api/v1/customers/active/list \u001b[32m200\u001b[0m 1220.155 ms - -\u001b[0m","timestamp":"2026-04-03 13:56:24"}
{"level":"info","message":"\u001b[0mGET /api/v1/users/active-sellers \u001b[36m304\u001b[0m 94.655 ms - -\u001b[0m","timestamp":"2026-04-03 13:56:25"}
{"level":"info","message":"\u001b[0mGET /api/v1/settings/business \u001b[36m304\u001b[0m 590.841 ms - -\u001b[0m","timestamp":"2026-04-03 13:56:42"}
{"level":"info","message":"\u001b[0mGET /api/v1/settings/receipt \u001b[36m304\u001b[0m 600.426 ms - -\u001b[0m","timestamp":"2026-04-03 13:56:42"}
{"level":"info","message":"\u001b[0mGET /api/v1/settings/pos \u001b[36m304\u001b[0m 653.821 ms - -\u001b[0m","timestamp":"2026-04-03 13:56:42"}
{"level":"info","message":"\u001b[0mGET /api/v1/products?size=1000 \u001b[36m304\u001b[0m 940.614 ms - -\u001b[0m","timestamp":"2026-04-03 13:56:43"}
{"level":"info","message":"\u001b[0mGET /api/v1/sales?status=completed&size=10 \u001b[36m304\u001b[0m 918.649 ms - -\u001b[0m","timestamp":"2026-04-03 13:56:43"}
{"level":"info","message":"\u001b[0mGET /api/v1/products?size=1000 \u001b[36m304\u001b[0m 247.001 ms - -\u001b[0m","timestamp":"2026-04-03 13:56:43"}
{"level":"info","message":"\u001b[0mGET /api/v1/sales?status=completed&size=10 \u001b[36m304\u001b[0m 283.139 ms - -\u001b[0m","timestamp":"2026-04-03 13:56:43"}
{"level":"info","message":"\u001b[0mGET /api/v1/customers/active/list \u001b[36m304\u001b[0m 125.031 ms - -\u001b[0m","timestamp":"2026-04-03 13:56:43"}
{"level":"info","message":"\u001b[0mGET /api/v1/customers/active/list \u001b[36m304\u001b[0m 47.654 ms - -\u001b[0m","timestamp":"2026-04-03 13:56:44"}
{"level":"info","message":"\u001b[0mGET /api/v1/users/active-sellers \u001b[36m304\u001b[0m 38.760 ms - -\u001b[0m","timestamp":"2026-04-03 13:56:44"}
{"level":"info","message":"\u001b[0mGET /api/v1/users/active-sellers \u001b[36m304\u001b[0m 53.359 ms - -\u001b[0m","timestamp":"2026-04-03 13:56:44"}
{"level":"info","message":"\u001b[0mGET /api/v1/products?size=1000 \u001b[36m304\u001b[0m 333.545 ms - -\u001b[0m","timestamp":"2026-04-03 13:58:19"}
{"level":"info","message":"\u001b[0mGET /api/v1/sales?status=completed&size=10 \u001b[36m304\u001b[0m 457.885 ms - -\u001b[0m","timestamp":"2026-04-03 13:58:19"}
{"level":"info","message":"\u001b[0mGET /api/v1/settings/business \u001b[36m304\u001b[0m 671.461 ms - -\u001b[0m","timestamp":"2026-04-03 13:58:20"}
{"level":"info","message":"\u001b[0mGET /api/v1/settings/receipt \u001b[36m304\u001b[0m 677.615 ms - -\u001b[0m","timestamp":"2026-04-03 13:58:20"}
{"level":"info","message":"\u001b[0mGET /api/v1/customers/active/list \u001b[36m304\u001b[0m 1065.514 ms - -\u001b[0m","timestamp":"2026-04-03 13:58:20"}
{"level":"info","message":"\u001b[0mGET /api/v1/settings/pos \u001b[36m304\u001b[0m 1209.738 ms - -\u001b[0m","timestamp":"2026-04-03 13:58:20"}
{"level":"info","message":"\u001b[0mGET /api/v1/users/active-sellers \u001b[36m304\u001b[0m 139.530 ms - -\u001b[0m","timestamp":"2026-04-03 13:58:20"}
{"level":"info","message":"\u001b[0mGET /api/v1/sales?status=completed&size=10 \u001b[36m304\u001b[0m 188.839 ms - -\u001b[0m","timestamp":"2026-04-03 13:58:33"}
{"level":"info","message":"\u001b[0mGET /api/v1/products?size=1000 \u001b[36m304\u001b[0m 214.637 ms - -\u001b[0m","timestamp":"2026-04-03 13:58:33"}
{"level":"info","message":"\u001b[0mGET /api/v1/settings/business \u001b[36m304\u001b[0m 171.681 ms - -\u001b[0m","timestamp":"2026-04-03 13:58:34"}
{"level":"info","message":"\u001b[0mGET /api/v1/settings/receipt \u001b[36m304\u001b[0m 230.137 ms - -\u001b[0m","timestamp":"2026-04-03 13:58:34"}
{"level":"info","message":"\u001b[0mGET /api/v1/settings/pos \u001b[36m304\u001b[0m 327.783 ms - -\u001b[0m","timestamp":"2026-04-03 13:58:34"}
{"level":"info","message":"\u001b[0mGET /api/v1/customers/active/list \u001b[36m304\u001b[0m 67.469 ms - -\u001b[0m","timestamp":"2026-04-03 13:58:34"}
{"level":"info","message":"\u001b[0mGET /api/v1/users/active-sellers \u001b[36m304\u001b[0m 122.264 ms - -\u001b[0m","timestamp":"2026-04-03 13:58:34"}
{"level":"info","message":"\u001b[0mGET /api/v1/sales?status=completed&size=10 \u001b[36m304\u001b[0m 408.315 ms - -\u001b[0m","timestamp":"2026-04-03 13:58:46"}
{"level":"info","message":"\u001b[0mGET /api/v1/products?size=1000 \u001b[36m304\u001b[0m 440.686 ms - -\u001b[0m","timestamp":"2026-04-03 13:58:46"}
{"level":"info","message":"\u001b[0mGET /api/v1/settings/business \u001b[36m304\u001b[0m 463.555 ms - -\u001b[0m","timestamp":"2026-04-03 13:58:46"}
{"level":"info","message":"\u001b[0mGET /api/v1/settings/receipt \u001b[36m304\u001b[0m 407.148 ms - -\u001b[0m","timestamp":"2026-04-03 13:58:46"}
{"level":"info","message":"\u001b[0mGET /api/v1/settings/pos \u001b[36m304\u001b[0m 461.987 ms - -\u001b[0m","timestamp":"2026-04-03 13:58:46"}
{"level":"info","message":"\u001b[0mGET /api/v1/customers/active/list \u001b[36m304\u001b[0m 144.559 ms - -\u001b[0m","timestamp":"2026-04-03 13:58:46"}
{"level":"info","message":"\u001b[0mGET /api/v1/users/active-sellers \u001b[36m304\u001b[0m 110.896 ms - -\u001b[0m","timestamp":"2026-04-03 13:58:46"}
{"level":"info","message":"\u001b[0mGET /api/v1/sales?status=completed&size=10 \u001b[36m304\u001b[0m 419.907 ms - -\u001b[0m","timestamp":"2026-04-03 13:59:31"}
{"level":"info","message":"\u001b[0mGET /api/v1/products?size=1000 \u001b[36m304\u001b[0m 487.034 ms - -\u001b[0m","timestamp":"2026-04-03 13:59:31"}
{"level":"info","message":"\u001b[0mGET /api/v1/settings/business \u001b[36m304\u001b[0m 777.953 ms - -\u001b[0m","timestamp":"2026-04-03 13:59:31"}
{"level":"info","message":"\u001b[0mGET /api/v1/settings/receipt \u001b[36m304\u001b[0m 969.665 ms - -\u001b[0m","timestamp":"2026-04-03 13:59:31"}
{"level":"info","message":"\u001b[0mGET /api/v1/settings/pos \u001b[36m304\u001b[0m 1039.688 ms - -\u001b[0m","timestamp":"2026-04-03 13:59:31"}
{"level":"info","message":"\u001b[0mGET /api/v1/customers/active/list \u001b[36m304\u001b[0m 270.924 ms - -\u001b[0m","timestamp":"2026-04-03 13:59:32"}
{"level":"info","message":"\u001b[0mGET /api/v1/users/active-sellers \u001b[36m304\u001b[0m 153.600 ms - -\u001b[0m","timestamp":"2026-04-03 13:59:32"}
{"level":"info","message":"\u001b[0mGET /api/v1/products?size=1000 \u001b[36m304\u001b[0m 224.135 ms - -\u001b[0m","timestamp":"2026-04-03 13:59:43"}
{"level":"info","message":"\u001b[0mGET /api/v1/sales?status=completed&size=10 \u001b[36m304\u001b[0m 266.368 ms - -\u001b[0m","timestamp":"2026-04-03 13:59:43"}
{"level":"info","message":"\u001b[0mGET /api/v1/settings/business \u001b[36m304\u001b[0m 137.554 ms - -\u001b[0m","timestamp":"2026-04-03 13:59:43"}
{"level":"info","message":"\u001b[0mGET /api/v1/settings/receipt \u001b[36m304\u001b[0m 271.423 ms - -\u001b[0m","timestamp":"2026-04-03 13:59:43"}
{"level":"info","message":"\u001b[0mGET /api/v1/customers/active/list \u001b[36m304\u001b[0m 271.889 ms - -\u001b[0m","timestamp":"2026-04-03 13:59:43"}
{"level":"info","message":"\u001b[0mGET /api/v1/settings/pos \u001b[36m304\u001b[0m 373.605 ms - -\u001b[0m","timestamp":"2026-04-03 13:59:43"}
{"level":"info","message":"\u001b[0mGET /api/v1/users/active-sellers \u001b[36m304\u001b[0m 69.248 ms - -\u001b[0m","timestamp":"2026-04-03 13:59:43"}
{"level":"info","message":"\u001b[0mGET /api/v1/products?size=1000 \u001b[36m304\u001b[0m 367.738 ms - -\u001b[0m","timestamp":"2026-04-03 13:59:52"}
{"level":"info","message":"\u001b[0mGET /api/v1/sales?status=completed&size=10 \u001b[36m304\u001b[0m 394.571 ms - -\u001b[0m","timestamp":"2026-04-03 13:59:52"}
{"level":"info","message":"\u001b[0mGET /api/v1/customers/active/list \u001b[36m304\u001b[0m 117.916 ms - -\u001b[0m","timestamp":"2026-04-03 13:59:53"}
{"level":"info","message":"\u001b[0mGET /api/v1/settings/business \u001b[36m304\u001b[0m 190.486 ms - -\u001b[0m","timestamp":"2026-04-03 13:59:53"}
{"level":"info","message":"\u001b[0mGET /api/v1/settings/receipt \u001b[36m304\u001b[0m 259.284 ms - -\u001b[0m","timestamp":"2026-04-03 13:59:53"}
{"level":"info","message":"\u001b[0mGET /api/v1/settings/pos \u001b[36m304\u001b[0m 378.325 ms - -\u001b[0m","timestamp":"2026-04-03 13:59:53"}
{"level":"info","message":"\u001b[0mGET /api/v1/users/active-sellers \u001b[36m304\u001b[0m 163.244 ms - -\u001b[0m","timestamp":"2026-04-03 13:59:53"}
{"level":"info","message":"\u001b[0mGET /api/v1/products?size=1000 \u001b[36m304\u001b[0m 173.922 ms - -\u001b[0m","timestamp":"2026-04-03 13:59:59"}
{"level":"info","message":"\u001b[0mGET /api/v1/sales?status=completed&size=10 \u001b[36m304\u001b[0m 356.507 ms - -\u001b[0m","timestamp":"2026-04-03 13:59:59"}
{"level":"info","message":"\u001b[0mGET /api/v1/settings/business \u001b[36m304\u001b[0m 169.384 ms - -\u001b[0m","timestamp":"2026-04-03 14:00:00"}
{"level":"info","message":"\u001b[0mGET /api/v1/settings/receipt \u001b[36m304\u001b[0m 167.192 ms - -\u001b[0m","timestamp":"2026-04-03 14:00:00"}
{"level":"info","message":"\u001b[0mGET /api/v1/settings/pos \u001b[36m304\u001b[0m 257.148 ms - -\u001b[0m","timestamp":"2026-04-03 14:00:00"}
{"level":"info","message":"\u001b[0mGET /api/v1/customers/active/list \u001b[36m304\u001b[0m 326.329 ms - -\u001b[0m","timestamp":"2026-04-03 14:00:00"}
{"level":"info","message":"\u001b[0mGET /api/v1/users/active-sellers \u001b[36m304\u001b[0m 68.834 ms - -\u001b[0m","timestamp":"2026-04-03 14:00:00"}
{"level":"info","message":"\u001b[0mGET /api/v1/sales?status=completed&size=50 \u001b[36m304\u001b[0m 39.537 ms - -\u001b[0m","timestamp":"2026-04-03 14:00:15"}
{"level":"info","message":"\u001b[0mGET /api/v1/sales?status=completed&size=50 \u001b[36m304\u001b[0m 42.030 ms - -\u001b[0m","timestamp":"2026-04-03 14:00:21"}
{"level":"info","message":"\u001b[0mGET /api/v1/sales?status=completed&size=10 \u001b[36m304\u001b[0m 173.310 ms - -\u001b[0m","timestamp":"2026-04-03 14:02:07"}
{"level":"info","message":"\u001b[0mGET /api/v1/products?size=1000 \u001b[36m304\u001b[0m 192.102 ms - -\u001b[0m","timestamp":"2026-04-03 14:02:07"}
{"level":"info","message":"\u001b[0mGET /api/v1/settings/receipt \u001b[36m304\u001b[0m 252.321 ms - -\u001b[0m","timestamp":"2026-04-03 14:02:07"}
{"level":"info","message":"\u001b[0mGET /api/v1/settings/business \u001b[36m304\u001b[0m 331.993 ms - -\u001b[0m","timestamp":"2026-04-03 14:02:07"}
{"level":"info","message":"\u001b[0mGET /api/v1/settings/pos \u001b[36m304\u001b[0m 362.129 ms - -\u001b[0m","timestamp":"2026-04-03 14:02:07"}
{"level":"info","message":"\u001b[0mGET /api/v1/customers/active/list \u001b[36m304\u001b[0m 177.216 ms - -\u001b[0m","timestamp":"2026-04-03 14:02:08"}
{"level":"info","message":"\u001b[0mGET /api/v1/users/active-sellers \u001b[36m304\u001b[0m 126.259 ms - -\u001b[0m","timestamp":"2026-04-03 14:02:08"}
{"level":"info","message":"\u001b[0mGET /api/v1/sales?status=completed&size=50 \u001b[36m304\u001b[0m 95.431 ms - -\u001b[0m","timestamp":"2026-04-03 14:03:45"}
{"level":"info","message":"\u001b[0mGET /api/v1/products?size=1000 \u001b[33m401\u001b[0m 45.399 ms - 44\u001b[0m","timestamp":"2026-04-03 14:38:46"}
{"level":"info","message":"\u001b[0mGET /api/v1/customers/active/list \u001b[33m401\u001b[0m 62.386 ms - 44\u001b[0m","timestamp":"2026-04-03 14:38:46"}
{"level":"info","message":"\u001b[0mGET /api/v1/users/active-sellers \u001b[33m401\u001b[0m 76.667 ms - 44\u001b[0m","timestamp":"2026-04-03 14:38:46"}
{"level":"info","message":"\u001b[0mPOST /api/v1/login \u001b[32m200\u001b[0m 277.637 ms - -\u001b[0m","timestamp":"2026-04-03 14:50:10"}
{"level":"info","message":"\u001b[0mGET /api/v1/me \u001b[32m200\u001b[0m 96.300 ms - -\u001b[0m","timestamp":"2026-04-03 14:50:10"}
{"level":"info","message":"\u001b[0mGET /api/v1/reports/dashboard/summary \u001b[32m200\u001b[0m 90.341 ms - 303\u001b[0m","timestamp":"2026-04-03 14:50:13"}
{"level":"info","message":"\u001b[0mGET /api/v1/reports/dashboard/summary \u001b[36m304\u001b[0m 196.773 ms - -\u001b[0m","timestamp":"2026-04-03 14:50:13"}
{"level":"info","message":"\u001b[0mGET /api/v1/settings/business \u001b[36m304\u001b[0m 130.714 ms - -\u001b[0m","timestamp":"2026-04-03 14:50:15"}
{"level":"info","message":"\u001b[0mGET /api/v1/settings/pos \u001b[36m304\u001b[0m 191.792 ms - -\u001b[0m","timestamp":"2026-04-03 14:50:15"}
{"level":"info","message":"\u001b[0mGET /api/v1/settings/receipt \u001b[36m304\u001b[0m 284.327 ms - -\u001b[0m","timestamp":"2026-04-03 14:50:15"}
{"level":"info","message":"\u001b[0mGET /api/v1/users/active-sellers \u001b[36m304\u001b[0m 362.430 ms - -\u001b[0m","timestamp":"2026-04-03 14:50:15"}
{"level":"info","message":"\u001b[0mGET /api/v1/products?size=1000 \u001b[36m304\u001b[0m 392.365 ms - -\u001b[0m","timestamp":"2026-04-03 14:50:15"}
{"level":"info","message":"\u001b[0mGET /api/v1/customers/active/list \u001b[36m304\u001b[0m 476.185 ms - -\u001b[0m","timestamp":"2026-04-03 14:50:15"}
{"level":"info","message":"\u001b[0mGET /api/v1/users/active-sellers \u001b[36m304\u001b[0m 207.933 ms - -\u001b[0m","timestamp":"2026-04-03 14:50:15"}
{"level":"info","message":"\u001b[0mGET /api/v1/products?size=1000 \u001b[36m304\u001b[0m 258.510 ms - -\u001b[0m","timestamp":"2026-04-03 14:50:15"}
{"level":"info","message":"\u001b[0mGET /api/v1/customers/active/list \u001b[36m304\u001b[0m 172.507 ms - -\u001b[0m","timestamp":"2026-04-03 14:50:15"}
{"level":"info","message":"\u001b[0mGET /api/v1/settings/pos \u001b[36m304\u001b[0m 252.157 ms - -\u001b[0m","timestamp":"2026-04-03 15:41:05"}
{"level":"info","message":"\u001b[0mGET /api/v1/customers/active/list \u001b[36m304\u001b[0m 248.449 ms - -\u001b[0m","timestamp":"2026-04-03 15:41:05"}
{"level":"info","message":"\u001b[0mGET /api/v1/products?size=1000 \u001b[36m304\u001b[0m 323.371 ms - -\u001b[0m","timestamp":"2026-04-03 15:41:05"}
{"level":"info","message":"\u001b[0mGET /api/v1/settings/business \u001b[36m304\u001b[0m 388.212 ms - -\u001b[0m","timestamp":"2026-04-03 15:41:05"}
{"level":"info","message":"\u001b[0mGET /api/v1/settings/receipt \u001b[36m304\u001b[0m 398.071 ms - -\u001b[0m","timestamp":"2026-04-03 15:41:05"}
{"level":"info","message":"\u001b[0mGET /api/v1/users/active-sellers \u001b[36m304\u001b[0m 493.057 ms - -\u001b[0m","timestamp":"2026-04-03 15:41:06"}
{"level":"info","message":"\u001b[0mGET /api/v1/customers/active/list \u001b[36m304\u001b[0m 381.087 ms - -\u001b[0m","timestamp":"2026-04-03 15:41:06"}
{"level":"info","message":"\u001b[0mGET /api/v1/users/active-sellers \u001b[36m304\u001b[0m 266.372 ms - -\u001b[0m","timestamp":"2026-04-03 15:41:06"}
{"level":"info","message":"\u001b[0mGET /api/v1/products?size=1000 \u001b[36m304\u001b[0m 297.451 ms - -\u001b[0m","timestamp":"2026-04-03 15:41:06"}
{"level":"info","message":"\u001b[0mGET /api/v1/settings/pos \u001b[36m304\u001b[0m 648.090 ms - -\u001b[0m","timestamp":"2026-04-03 15:43:16"}
{"level":"info","message":"\u001b[0mGET /api/v1/settings/business \u001b[36m304\u001b[0m 849.581 ms - -\u001b[0m","timestamp":"2026-04-03 15:43:17"}
{"level":"info","message":"\u001b[0mGET /api/v1/settings/receipt \u001b[36m304\u001b[0m 853.509 ms - -\u001b[0m","timestamp":"2026-04-03 15:43:17"}
{"level":"info","message":"\u001b[0mGET /api/v1/customers/active/list \u001b[36m304\u001b[0m 864.511 ms - -\u001b[0m","timestamp":"2026-04-03 15:43:17"}
{"level":"info","message":"\u001b[0mGET /api/v1/products?size=1000 \u001b[36m304\u001b[0m 1210.253 ms - -\u001b[0m","timestamp":"2026-04-03 15:43:17"}
{"level":"info","message":"\u001b[0mGET /api/v1/users/active-sellers \u001b[36m304\u001b[0m 1196.489 ms - -\u001b[0m","timestamp":"2026-04-03 15:43:17"}
{"level":"info","message":"\u001b[0mGET /api/v1/customers/active/list \u001b[36m304\u001b[0m 227.166 ms - -\u001b[0m","timestamp":"2026-04-03 15:43:17"}
{"level":"info","message":"\u001b[0mGET /api/v1/products?size=1000 \u001b[36m304\u001b[0m 156.614 ms - -\u001b[0m","timestamp":"2026-04-03 15:43:17"}
{"level":"info","message":"\u001b[0mGET /api/v1/users/active-sellers \u001b[36m304\u001b[0m 199.351 ms - -\u001b[0m","timestamp":"2026-04-03 15:43:17"}
{"level":"info","message":"\u001b[0mGET /api/v1/sales?status=draft&size=50 \u001b[32m200\u001b[0m 84.603 ms - 133\u001b[0m","timestamp":"2026-04-03 15:44:58"}
{"level":"info","message":"\u001b[0mGET /api/v1/sales?status=completed&size=50 \u001b[36m304\u001b[0m 85.302 ms - -\u001b[0m","timestamp":"2026-04-03 15:45:03"}
{"level":"info","message":"\u001b[0mGET /uploads/logos/logo-1770028207788-496095247.png \u001b[32m200\u001b[0m 6.886 ms - 14835\u001b[0m","timestamp":"2026-04-03 15:45:07"}
{"level":"info","message":"\u001b[0mGET /api/v1/settings/pos \u001b[36m304\u001b[0m 481.573 ms - -\u001b[0m","timestamp":"2026-04-03 15:46:54"}
{"level":"info","message":"\u001b[0mGET /api/v1/settings/receipt \u001b[36m304\u001b[0m 533.809 ms - -\u001b[0m","timestamp":"2026-04-03 15:46:54"}
{"level":"info","message":"\u001b[0mGET /api/v1/customers/active/list \u001b[36m304\u001b[0m 785.827 ms - -\u001b[0m","timestamp":"2026-04-03 15:46:55"}
{"level":"info","message":"\u001b[0mGET /api/v1/users/active-sellers \u001b[36m304\u001b[0m 1066.880 ms - -\u001b[0m","timestamp":"2026-04-03 15:46:55"}
{"level":"info","message":"\u001b[0mGET /api/v1/settings/business \u001b[36m304\u001b[0m 1135.621 ms - -\u001b[0m","timestamp":"2026-04-03 15:46:55"}
{"level":"info","message":"\u001b[0mGET /api/v1/products?size=1000 \u001b[36m304\u001b[0m 1250.222 ms - -\u001b[0m","timestamp":"2026-04-03 15:46:55"}
{"level":"info","message":"\u001b[0mGET /api/v1/customers/active/list \u001b[36m304\u001b[0m 276.424 ms - -\u001b[0m","timestamp":"2026-04-03 15:46:55"}
{"level":"info","message":"\u001b[0mGET /api/v1/users/active-sellers \u001b[36m304\u001b[0m 258.962 ms - -\u001b[0m","timestamp":"2026-04-03 15:46:55"}
{"level":"info","message":"\u001b[0mGET /api/v1/products?size=1000 \u001b[36m304\u001b[0m 162.183 ms - -\u001b[0m","timestamp":"2026-04-03 15:46:55"}
{"level":"info","message":"\u001b[0mPOST /api/v1/sales \u001b[33m401\u001b[0m 7.528 ms - 44\u001b[0m","timestamp":"2026-04-03 15:52:41"}
{"level":"info","message":"\u001b[0mPOST /api/v1/login \u001b[32m200\u001b[0m 287.523 ms - -\u001b[0m","timestamp":"2026-04-03 15:52:47"}
{"level":"info","message":"\u001b[0mGET /api/v1/me \u001b[32m200\u001b[0m 48.374 ms - -\u001b[0m","timestamp":"2026-04-03 15:52:47"}
{"level":"info","message":"\u001b[0mGET /api/v1/reports/dashboard/summary \u001b[36m304\u001b[0m 147.664 ms - -\u001b[0m","timestamp":"2026-04-03 15:52:48"}
{"level":"info","message":"\u001b[0mGET /api/v1/reports/dashboard/summary \u001b[36m304\u001b[0m 220.708 ms - -\u001b[0m","timestamp":"2026-04-03 15:52:49"}
{"level":"info","message":"\u001b[0mGET /api/v1/settings/business \u001b[36m304\u001b[0m 214.299 ms - -\u001b[0m","timestamp":"2026-04-03 15:52:51"}
{"level":"info","message":"\u001b[0mGET /api/v1/settings/pos \u001b[36m304\u001b[0m 242.109 ms - -\u001b[0m","timestamp":"2026-04-03 15:52:51"}
{"level":"info","message":"\u001b[0mGET /api/v1/settings/receipt \u001b[36m304\u001b[0m 386.623 ms - -\u001b[0m","timestamp":"2026-04-03 15:52:51"}
{"level":"info","message":"\u001b[0mGET /api/v1/products?size=1000 \u001b[36m304\u001b[0m 564.690 ms - -\u001b[0m","timestamp":"2026-04-03 15:52:51"}
{"level":"info","message":"\u001b[0mGET /api/v1/customers/active/list \u001b[36m304\u001b[0m 574.887 ms - -\u001b[0m","timestamp":"2026-04-03 15:52:51"}
{"level":"info","message":"\u001b[0mGET /api/v1/users/active-sellers \u001b[36m304\u001b[0m 581.077 ms - -\u001b[0m","timestamp":"2026-04-03 15:52:51"}
{"level":"info","message":"\u001b[0mGET /api/v1/products?size=1000 \u001b[36m304\u001b[0m 122.674 ms - -\u001b[0m","timestamp":"2026-04-03 15:52:51"}
{"level":"info","message":"\u001b[0mGET /api/v1/customers/active/list \u001b[36m304\u001b[0m 180.308 ms - -\u001b[0m","timestamp":"2026-04-03 15:52:51"}
{"level":"info","message":"\u001b[0mGET /api/v1/users/active-sellers \u001b[36m304\u001b[0m 186.541 ms - -\u001b[0m","timestamp":"2026-04-03 15:52:51"}
{"level":"info","message":"\u001b[0mPOST /api/v1/sales \u001b[32m201\u001b[0m 278.783 ms - 1004\u001b[0m","timestamp":"2026-04-03 15:52:57"}
{"level":"info","message":"\u001b[0mGET /api/v1/sales?status=completed&size=50 \u001b[32m200\u001b[0m 80.194 ms - -\u001b[0m","timestamp":"2026-04-03 15:53:06"}
{"level":"info","message":"\u001b[0mGET /uploads/logos/logo-1770028207788-496095247.png \u001b[36m304\u001b[0m 1.312 ms - -\u001b[0m","timestamp":"2026-04-03 15:53:12"}
{"level":"info","message":"\u001b[0mGET /api/v1/settings/business \u001b[36m304\u001b[0m 1696.898 ms - -\u001b[0m","timestamp":"2026-04-03 16:06:56"}
{"level":"info","message":"\u001b[0mGET /api/v1/settings/receipt \u001b[36m304\u001b[0m 1696.510 ms - -\u001b[0m","timestamp":"2026-04-03 16:06:56"}
{"level":"info","message":"\u001b[0mGET /api/v1/settings/pos \u001b[36m304\u001b[0m 1737.163 ms - -\u001b[0m","timestamp":"2026-04-03 16:06:56"}
{"level":"info","message":"\u001b[0mGET /api/v1/products?size=1000 \u001b[36m304\u001b[0m 1876.449 ms - -\u001b[0m","timestamp":"2026-04-03 16:06:56"}
{"level":"info","message":"\u001b[0mGET /api/v1/users/active-sellers \u001b[36m304\u001b[0m 2156.906 ms - -\u001b[0m","timestamp":"2026-04-03 16:06:56"}
{"level":"info","message":"\u001b[0mGET /api/v1/customers/active/list \u001b[36m304\u001b[0m 2258.931 ms - -\u001b[0m","timestamp":"2026-04-03 16:06:57"}
{"level":"info","message":"\u001b[0mGET /api/v1/products?size=1000 \u001b[36m304\u001b[0m 783.689 ms - -\u001b[0m","timestamp":"2026-04-03 16:06:57"}
{"level":"info","message":"\u001b[0mGET /api/v1/users/active-sellers \u001b[36m304\u001b[0m 551.555 ms - -\u001b[0m","timestamp":"2026-04-03 16:06:57"}
{"level":"info","message":"\u001b[0mGET /api/v1/customers/active/list \u001b[36m304\u001b[0m 707.141 ms - -\u001b[0m","timestamp":"2026-04-03 16:06:57"}
{"level":"info","message":"\u001b[0mGET /api/v1/products?size=1000 \u001b[36m304\u001b[0m 428.445 ms - -\u001b[0m","timestamp":"2026-04-03 16:07:36"}
{"level":"info","message":"\u001b[0mGET /api/v1/settings/receipt \u001b[36m304\u001b[0m 647.931 ms - -\u001b[0m","timestamp":"2026-04-03 16:07:36"}
{"level":"info","message":"\u001b[0mGET /api/v1/customers/active/list \u001b[36m304\u001b[0m 702.327 ms - -\u001b[0m","timestamp":"2026-04-03 16:07:36"}
{"level":"info","message":"\u001b[0mGET /api/v1/users/active-sellers \u001b[36m304\u001b[0m 688.648 ms - -\u001b[0m","timestamp":"2026-04-03 16:07:36"}
{"level":"info","message":"\u001b[0mGET /api/v1/settings/business \u001b[36m304\u001b[0m 662.892 ms - -\u001b[0m","timestamp":"2026-04-03 16:07:36"}
{"level":"info","message":"\u001b[0mGET /api/v1/settings/pos \u001b[36m304\u001b[0m 679.619 ms - -\u001b[0m","timestamp":"2026-04-03 16:07:36"}
{"level":"info","message":"\u001b[0mGET /api/v1/settings/business \u001b[36m304\u001b[0m 171.154 ms - -\u001b[0m","timestamp":"2026-04-03 16:07:40"}
{"level":"info","message":"\u001b[0mGET /api/v1/settings/receipt \u001b[36m304\u001b[0m 175.783 ms - -\u001b[0m","timestamp":"2026-04-03 16:07:40"}
{"level":"info","message":"\u001b[0mGET /api/v1/settings/pos \u001b[36m304\u001b[0m 207.233 ms - -\u001b[0m","timestamp":"2026-04-03 16:07:40"}
{"level":"info","message":"\u001b[0mGET /api/v1/products?size=1000 \u001b[36m304\u001b[0m 185.224 ms - -\u001b[0m","timestamp":"2026-04-03 16:07:40"}
{"level":"info","message":"\u001b[0mGET /api/v1/customers/active/list \u001b[36m304\u001b[0m 187.171 ms - -\u001b[0m","timestamp":"2026-04-03 16:07:40"}
{"level":"info","message":"\u001b[0mGET /api/v1/users/active-sellers \u001b[36m304\u001b[0m 254.215 ms - -\u001b[0m","timestamp":"2026-04-03 16:07:40"}
{"level":"info","message":"\u001b[0mGET /api/v1/products?size=1000 \u001b[36m304\u001b[0m 188.026 ms - -\u001b[0m","timestamp":"2026-04-03 16:07:40"}
{"level":"info","message":"\u001b[0mGET /api/v1/customers/active/list \u001b[36m304\u001b[0m 192.266 ms - -\u001b[0m","timestamp":"2026-04-03 16:07:40"}
{"level":"info","message":"\u001b[0mGET /api/v1/users/active-sellers \u001b[36m304\u001b[0m 258.207 ms - -\u001b[0m","timestamp":"2026-04-03 16:07:40"}
{"level":"info","message":"\u001b[0mGET /api/v1/products?size=1000 \u001b[36m304\u001b[0m 685.875 ms - -\u001b[0m","timestamp":"2026-04-03 16:07:58"}
{"level":"info","message":"\u001b[0mGET /api/v1/customers/active/list \u001b[36m304\u001b[0m 702.726 ms - -\u001b[0m","timestamp":"2026-04-03 16:07:58"}
{"level":"info","message":"\u001b[0mGET /api/v1/users/active-sellers \u001b[36m304\u001b[0m 710.902 ms - -\u001b[0m","timestamp":"2026-04-03 16:07:58"}
{"level":"info","message":"\u001b[0mGET /api/v1/settings/business \u001b[36m304\u001b[0m 381.385 ms - -\u001b[0m","timestamp":"2026-04-03 16:07:58"}
{"level":"info","message":"\u001b[0mGET /api/v1/settings/pos \u001b[36m304\u001b[0m 437.306 ms - -\u001b[0m","timestamp":"2026-04-03 16:07:58"}
{"level":"info","message":"\u001b[0mGET /api/v1/settings/receipt \u001b[36m304\u001b[0m 434.232 ms - -\u001b[0m","timestamp":"2026-04-03 16:07:58"}
{"level":"info","message":"\u001b[0mGET /api/v1/settings/pos \u001b[36m304\u001b[0m 186.436 ms - -\u001b[0m","timestamp":"2026-04-03 16:19:28"}
{"level":"info","message":"\u001b[0mGET /api/v1/settings/business \u001b[36m304\u001b[0m 235.960 ms - -\u001b[0m","timestamp":"2026-04-03 16:19:28"}
{"level":"info","message":"\u001b[0mGET /api/v1/settings/receipt \u001b[36m304\u001b[0m 352.969 ms - -\u001b[0m","timestamp":"2026-04-03 16:19:28"}
{"level":"info","message":"\u001b[0mGET /api/v1/products?size=1000 \u001b[36m304\u001b[0m 472.369 ms - -\u001b[0m","timestamp":"2026-04-03 16:19:29"}
{"level":"info","message":"\u001b[0mGET /api/v1/customers/active/list \u001b[36m304\u001b[0m 430.472 ms - -\u001b[0m","timestamp":"2026-04-03 16:19:29"}
{"level":"info","message":"\u001b[0mGET /api/v1/users/active-sellers \u001b[36m304\u001b[0m 483.620 ms - -\u001b[0m","timestamp":"2026-04-03 16:19:29"}
{"level":"info","message":"\u001b[0mGET /api/v1/products?size=1000 \u001b[36m304\u001b[0m 176.434 ms - -\u001b[0m","timestamp":"2026-04-03 16:19:29"}
{"level":"info","message":"\u001b[0mGET /api/v1/customers/active/list \u001b[36m304\u001b[0m 223.755 ms - -\u001b[0m","timestamp":"2026-04-03 16:19:29"}
{"level":"info","message":"\u001b[0mGET /api/v1/users/active-sellers \u001b[36m304\u001b[0m 237.762 ms - -\u001b[0m","timestamp":"2026-04-03 16:19:29"}
{"level":"info","message":"\u001b[0mGET /api/v1/products?size=1000 \u001b[36m304\u001b[0m 201.373 ms - -\u001b[0m","timestamp":"2026-04-03 16:20:08"}
{"level":"info","message":"\u001b[0mGET /api/v1/users/active-sellers \u001b[36m304\u001b[0m 198.867 ms - -\u001b[0m","timestamp":"2026-04-03 16:20:08"}
{"level":"info","message":"\u001b[0mGET /api/v1/customers/active/list \u001b[36m304\u001b[0m 205.702 ms - -\u001b[0m","timestamp":"2026-04-03 16:20:08"}
{"level":"info","message":"\u001b[0mGET /api/v1/settings/pos \u001b[36m304\u001b[0m 667.007 ms - -\u001b[0m","timestamp":"2026-04-03 16:20:54"}
{"level":"info","message":"\u001b[0mGET /api/v1/settings/business \u001b[36m304\u001b[0m 668.216 ms - -\u001b[0m","timestamp":"2026-04-03 16:20:54"}
{"level":"info","message":"\u001b[0mGET /api/v1/settings/receipt \u001b[36m304\u001b[0m 670.831 ms - -\u001b[0m","timestamp":"2026-04-03 16:20:54"}
{"level":"info","message":"\u001b[0mGET /api/v1/customers/active/list \u001b[36m304\u001b[0m 197.943 ms - -\u001b[0m","timestamp":"2026-04-03 16:20:54"}
{"level":"info","message":"\u001b[0mGET /api/v1/products?size=1000 \u001b[36m304\u001b[0m 215.284 ms - -\u001b[0m","timestamp":"2026-04-03 16:20:55"}
{"level":"info","message":"\u001b[0mGET /api/v1/users/active-sellers \u001b[36m304\u001b[0m 285.321 ms - -\u001b[0m","timestamp":"2026-04-03 16:20:55"}
{"level":"info","message":"\u001b[0mGET /api/v1/settings/pos \u001b[36m304\u001b[0m 427.649 ms - -\u001b[0m","timestamp":"2026-04-03 16:21:40"}
{"level":"info","message":"\u001b[0mGET /api/v1/settings/receipt \u001b[36m304\u001b[0m 429.497 ms - -\u001b[0m","timestamp":"2026-04-03 16:21:40"}
{"level":"info","message":"\u001b[0mGET /api/v1/settings/business \u001b[36m304\u001b[0m 432.760 ms - -\u001b[0m","timestamp":"2026-04-03 16:21:40"}
{"level":"info","message":"\u001b[0mGET /api/v1/products?size=1000 \u001b[36m304\u001b[0m 307.413 ms - -\u001b[0m","timestamp":"2026-04-03 16:21:40"}
{"level":"info","message":"\u001b[0mGET /api/v1/customers/active/list \u001b[36m304\u001b[0m 439.259 ms - -\u001b[0m","timestamp":"2026-04-03 16:21:40"}
{"level":"info","message":"\u001b[0mGET /api/v1/users/active-sellers \u001b[36m304\u001b[0m 446.740 ms - -\u001b[0m","timestamp":"2026-04-03 16:21:40"}
{"level":"info","message":"\u001b[0mGET /api/v1/products?size=1000 \u001b[36m304\u001b[0m 134.734 ms - -\u001b[0m","timestamp":"2026-04-03 16:21:40"}
{"level":"info","message":"\u001b[0mGET /api/v1/customers/active/list \u001b[36m304\u001b[0m 136.568 ms - -\u001b[0m","timestamp":"2026-04-03 16:21:40"}
{"level":"info","message":"\u001b[0mGET /api/v1/users/active-sellers \u001b[36m304\u001b[0m 211.165 ms - -\u001b[0m","timestamp":"2026-04-03 16:21:41"}
{"level":"info","message":"\u001b[0mGET /api/v1/customers/active/list \u001b[36m304\u001b[0m 155.772 ms - -\u001b[0m","timestamp":"2026-04-03 16:23:05"}
{"level":"info","message":"\u001b[0mGET /api/v1/products?size=1000 \u001b[36m304\u001b[0m 168.303 ms - -\u001b[0m","timestamp":"2026-04-03 16:23:05"}
{"level":"info","message":"\u001b[0mGET /api/v1/users/active-sellers \u001b[36m304\u001b[0m 170.029 ms - -\u001b[0m","timestamp":"2026-04-03 16:23:05"}
{"level":"info","message":"\u001b[0mGET /api/v1/settings/pos \u001b[36m304\u001b[0m 310.631 ms - -\u001b[0m","timestamp":"2026-04-03 16:26:14"}
{"level":"info","message":"\u001b[0mGET /api/v1/settings/business \u001b[36m304\u001b[0m 319.392 ms - -\u001b[0m","timestamp":"2026-04-03 16:26:14"}
{"level":"info","message":"\u001b[0mGET /api/v1/settings/receipt \u001b[36m304\u001b[0m 319.842 ms - -\u001b[0m","timestamp":"2026-04-03 16:26:14"}
{"level":"info","message":"\u001b[0mGET /api/v1/products?size=1000 \u001b[36m304\u001b[0m 107.930 ms - -\u001b[0m","timestamp":"2026-04-03 16:26:14"}
{"level":"info","message":"\u001b[0mGET /api/v1/customers/active/list \u001b[36m304\u001b[0m 182.916 ms - -\u001b[0m","timestamp":"2026-04-03 16:26:14"}
{"level":"info","message":"\u001b[0mGET /api/v1/users/active-sellers \u001b[36m304\u001b[0m 255.109 ms - -\u001b[0m","timestamp":"2026-04-03 16:26:14"}
{"level":"info","message":"\u001b[0mGET /uploads/logos/logo-1770028207788-496095247.png \u001b[36m304\u001b[0m 2.787 ms - -\u001b[0m","timestamp":"2026-04-03 16:32:55"}
{"level":"info","message":"\u001b[0mGET /api/v1/products?size=1000 \u001b[36m304\u001b[0m 420.780 ms - -\u001b[0m","timestamp":"2026-04-03 16:33:02"}
{"level":"info","message":"\u001b[0mGET /api/v1/users/active-sellers \u001b[36m304\u001b[0m 419.291 ms - -\u001b[0m","timestamp":"2026-04-03 16:33:02"}
{"level":"info","message":"\u001b[0mGET /api/v1/customers/active/list \u001b[36m304\u001b[0m 425.544 ms - -\u001b[0m","timestamp":"2026-04-03 16:33:02"}
{"level":"info","message":"\u001b[0mGET /api/v1/settings/pos \u001b[36m304\u001b[0m 199.289 ms - -\u001b[0m","timestamp":"2026-04-03 16:33:02"}
{"level":"info","message":"\u001b[0mGET /api/v1/settings/business \u001b[36m304\u001b[0m 282.730 ms - -\u001b[0m","timestamp":"2026-04-03 16:33:02"}
{"level":"info","message":"\u001b[0mGET /api/v1/settings/receipt \u001b[36m304\u001b[0m 260.449 ms - -\u001b[0m","timestamp":"2026-04-03 16:33:02"}
{"level":"info","message":"\u001b[0mGET /api/v1/users/active-sellers \u001b[36m304\u001b[0m 428.234 ms - -\u001b[0m","timestamp":"2026-04-03 16:35:39"}
{"level":"info","message":"\u001b[0mGET /api/v1/customers/active/list \u001b[36m304\u001b[0m 429.281 ms - -\u001b[0m","timestamp":"2026-04-03 16:35:39"}
{"level":"info","message":"\u001b[0mGET /api/v1/products?size=1000 \u001b[36m304\u001b[0m 452.081 ms - -\u001b[0m","timestamp":"2026-04-03 16:35:39"}
{"level":"info","message":"\u001b[0mGET /api/v1/settings/pos \u001b[36m304\u001b[0m 732.006 ms - -\u001b[0m","timestamp":"2026-04-03 16:35:39"}
{"level":"info","message":"\u001b[0mGET /api/v1/settings/receipt \u001b[36m304\u001b[0m 466.105 ms - -\u001b[0m","timestamp":"2026-04-03 16:35:39"}
{"level":"info","message":"\u001b[0mGET /api/v1/settings/business \u001b[36m304\u001b[0m 760.450 ms - -\u001b[0m","timestamp":"2026-04-03 16:35:39"}
{"level":"info","message":"\u001b[0mGET /api/v1/products?size=1000 \u001b[36m304\u001b[0m 394.882 ms - -\u001b[0m","timestamp":"2026-04-03 16:36:59"}
{"level":"info","message":"\u001b[0mGET /api/v1/customers/active/list \u001b[36m304\u001b[0m 425.778 ms - -\u001b[0m","timestamp":"2026-04-03 16:36:59"}
{"level":"info","message":"\u001b[0mGET /api/v1/users/active-sellers \u001b[36m304\u001b[0m 756.588 ms - -\u001b[0m","timestamp":"2026-04-03 16:36:59"}
{"level":"info","message":"\u001b[0mGET /api/v1/settings/pos \u001b[36m304\u001b[0m 840.455 ms - -\u001b[0m","timestamp":"2026-04-03 16:36:59"}
{"level":"info","message":"\u001b[0mGET /api/v1/settings/business \u001b[36m304\u001b[0m 988.726 ms - -\u001b[0m","timestamp":"2026-04-03 16:36:59"}
{"level":"info","message":"\u001b[0mGET /api/v1/settings/receipt \u001b[36m304\u001b[0m 1074.868 ms - -\u001b[0m","timestamp":"2026-04-03 16:36:59"}
{"level":"info","message":"\u001b[0mGET /api/v1/products?size=1000 \u001b[36m304\u001b[0m 167.808 ms - -\u001b[0m","timestamp":"2026-04-03 16:37:35"}
{"level":"info","message":"\u001b[0mGET /api/v1/users/active-sellers \u001b[36m304\u001b[0m 214.389 ms - -\u001b[0m","timestamp":"2026-04-03 16:37:35"}
{"level":"info","message":"\u001b[0mGET /api/v1/customers/active/list \u001b[36m304\u001b[0m 218.623 ms - -\u001b[0m","timestamp":"2026-04-03 16:37:35"}
{"level":"info","message":"\u001b[0mGET /api/v1/settings/pos \u001b[36m304\u001b[0m 215.898 ms - -\u001b[0m","timestamp":"2026-04-03 16:37:35"}
{"level":"info","message":"\u001b[0mGET /api/v1/settings/business \u001b[36m304\u001b[0m 232.433 ms - -\u001b[0m","timestamp":"2026-04-03 16:37:35"}
{"level":"info","message":"\u001b[0mGET /api/v1/settings/receipt \u001b[36m304\u001b[0m 243.939 ms - -\u001b[0m","timestamp":"2026-04-03 16:37:35"}
{"level":"info","message":"\u001b[0mGET /api/v1/products?size=1000 \u001b[36m304\u001b[0m 331.786 ms - -\u001b[0m","timestamp":"2026-04-03 16:43:38"}
{"level":"info","message":"\u001b[0mGET /api/v1/users/active-sellers \u001b[36m304\u001b[0m 341.668 ms - -\u001b[0m","timestamp":"2026-04-03 16:43:38"}
{"level":"info","message":"\u001b[0mGET /api/v1/customers/active/list \u001b[36m304\u001b[0m 377.537 ms - -\u001b[0m","timestamp":"2026-04-03 16:43:38"}
{"level":"info","message":"\u001b[0mGET /api/v1/products?size=1000 \u001b[36m304\u001b[0m 284.688 ms - -\u001b[0m","timestamp":"2026-04-03 16:44:05"}
{"level":"info","message":"\u001b[0mGET /api/v1/customers/active/list \u001b[36m304\u001b[0m 285.700 ms - -\u001b[0m","timestamp":"2026-04-03 16:44:05"}
{"level":"info","message":"\u001b[0mGET /api/v1/users/active-sellers \u001b[36m304\u001b[0m 289.102 ms - -\u001b[0m","timestamp":"2026-04-03 16:44:05"}
{"level":"info","message":"\u001b[0mGET /api/v1/settings/pos \u001b[36m304\u001b[0m 366.708 ms - -\u001b[0m","timestamp":"2026-04-03 16:44:05"}
{"level":"info","message":"\u001b[0mGET /api/v1/settings/business \u001b[36m304\u001b[0m 366.344 ms - -\u001b[0m","timestamp":"2026-04-03 16:44:05"}
{"level":"info","message":"\u001b[0mGET /api/v1/settings/receipt \u001b[36m304\u001b[0m 298.408 ms - -\u001b[0m","timestamp":"2026-04-03 16:44:05"}
{"level":"info","message":"\u001b[0mGET /api/v1/products?size=1000 \u001b[36m304\u001b[0m 518.457 ms - -\u001b[0m","timestamp":"2026-04-03 16:45:57"}
{"level":"info","message":"\u001b[0mGET /api/v1/customers/active/list \u001b[36m304\u001b[0m 528.806 ms - -\u001b[0m","timestamp":"2026-04-03 16:45:57"}
{"level":"info","message":"\u001b[0mGET /api/v1/users/active-sellers \u001b[36m304\u001b[0m 533.059 ms - -\u001b[0m","timestamp":"2026-04-03 16:45:57"}
{"level":"info","message":"\u001b[0mGET /api/v1/settings/pos \u001b[36m304\u001b[0m 724.427 ms - -\u001b[0m","timestamp":"2026-04-03 16:45:58"}
{"level":"info","message":"\u001b[0mGET /api/v1/settings/receipt \u001b[36m304\u001b[0m 701.840 ms - -\u001b[0m","timestamp":"2026-04-03 16:45:58"}
{"level":"info","message":"\u001b[0mGET /api/v1/settings/business \u001b[36m304\u001b[0m 1031.300 ms - -\u001b[0m","timestamp":"2026-04-03 16:45:58"}
{"level":"info","message":"\u001b[0mGET /api/v1/products?size=1000 \u001b[36m304\u001b[0m 473.306 ms - -\u001b[0m","timestamp":"2026-04-03 16:49:11"}
{"level":"info","message":"\u001b[0mGET /api/v1/customers/active/list \u001b[36m304\u001b[0m 479.459 ms - -\u001b[0m","timestamp":"2026-04-03 16:49:11"}
{"level":"info","message":"\u001b[0mGET /api/v1/users/active-sellers \u001b[36m304\u001b[0m 476.529 ms - -\u001b[0m","timestamp":"2026-04-03 16:49:11"}
{"level":"info","message":"\u001b[0mGET /api/v1/settings/pos \u001b[36m304\u001b[0m 611.993 ms - -\u001b[0m","timestamp":"2026-04-03 16:49:11"}
{"level":"info","message":"\u001b[0mGET /api/v1/settings/receipt \u001b[36m304\u001b[0m 645.940 ms - -\u001b[0m","timestamp":"2026-04-03 16:49:11"}
{"level":"info","message":"\u001b[0mGET /api/v1/settings/business \u001b[36m304\u001b[0m 701.117 ms - -\u001b[0m","timestamp":"2026-04-03 16:49:11"}
{"level":"info","message":"\u001b[0mGET /api/v1/settings/pos \u001b[36m304\u001b[0m 575.343 ms - -\u001b[0m","timestamp":"2026-04-03 16:51:03"}
{"level":"info","message":"\u001b[0mGET /api/v1/settings/business \u001b[36m304\u001b[0m 581.100 ms - -\u001b[0m","timestamp":"2026-04-03 16:51:03"}
{"level":"info","message":"\u001b[0mGET /api/v1/settings/receipt \u001b[36m304\u001b[0m 579.195 ms - -\u001b[0m","timestamp":"2026-04-03 16:51:03"}
{"level":"info","message":"\u001b[0mGET /api/v1/products?size=1000 \u001b[36m304\u001b[0m 720.305 ms - -\u001b[0m","timestamp":"2026-04-03 16:51:03"}
{"level":"info","message":"\u001b[0mGET /api/v1/customers/active/list \u001b[36m304\u001b[0m 651.628 ms - -\u001b[0m","timestamp":"2026-04-03 16:51:04"}
{"level":"info","message":"\u001b[0mGET /api/v1/users/active-sellers \u001b[36m304\u001b[0m 574.623 ms - -\u001b[0m","timestamp":"2026-04-03 16:51:04"}
{"level":"info","message":"\u001b[0mGET /api/v1/products?size=1000 \u001b[36m304\u001b[0m 354.773 ms - -\u001b[0m","timestamp":"2026-04-03 16:51:04"}
{"level":"info","message":"\u001b[0mGET /api/v1/customers/active/list \u001b[36m304\u001b[0m 447.859 ms - -\u001b[0m","timestamp":"2026-04-03 16:51:04"}
{"level":"info","message":"\u001b[0mGET /api/v1/users/active-sellers \u001b[36m304\u001b[0m 394.463 ms - -\u001b[0m","timestamp":"2026-04-03 16:51:04"}
{"level":"info","message":"\u001b[0mPOST /api/v1/sales \u001b[33m400\u001b[0m 49.577 ms - 74\u001b[0m","timestamp":"2026-04-03 16:51:29"}
{"level":"info","message":"\u001b[0mPOST /api/v1/sales \u001b[33m400\u001b[0m 63.643 ms - 74\u001b[0m","timestamp":"2026-04-03 16:51:41"}
{"level":"info","message":"\u001b[0mPOST /api/v1/sales \u001b[33m400\u001b[0m 39.849 ms - 74\u001b[0m","timestamp":"2026-04-03 16:51:46"}
{"level":"info","message":"\u001b[0mPOST /api/v1/sales \u001b[33m400\u001b[0m 70.362 ms - 74\u001b[0m","timestamp":"2026-04-03 16:52:06"}
{"level":"info","message":"\u001b[0mGET /api/v1/products?size=1000 \u001b[33m401\u001b[0m 22.471 ms - 44\u001b[0m","timestamp":"2026-04-03 16:55:52"}
{"level":"info","message":"\u001b[0mGET /api/v1/customers/active/list \u001b[33m401\u001b[0m 27.051 ms - 44\u001b[0m","timestamp":"2026-04-03 16:55:52"}
{"level":"info","message":"\u001b[0mGET /api/v1/users/active-sellers \u001b[33m401\u001b[0m 32.249 ms - 44\u001b[0m","timestamp":"2026-04-03 16:55:52"}
{"level":"info","message":"\u001b[0mGET /api/v1/settings/pos \u001b[33m401\u001b[0m 44.915 ms - 44\u001b[0m","timestamp":"2026-04-03 16:55:53"}
{"level":"info","message":"\u001b[0mGET /api/v1/settings/business \u001b[33m401\u001b[0m 104.034 ms - 44\u001b[0m","timestamp":"2026-04-03 16:55:53"}
{"level":"info","message":"\u001b[0mGET /api/v1/settings/receipt \u001b[33m401\u001b[0m 137.960 ms - 44\u001b[0m","timestamp":"2026-04-03 16:55:53"}
{"level":"info","message":"\u001b[0mPOST /api/v1/login \u001b[32m200\u001b[0m 316.822 ms - -\u001b[0m","timestamp":"2026-04-03 16:56:43"}
{"level":"info","message":"\u001b[0mGET /api/v1/me \u001b[32m200\u001b[0m 61.196 ms - -\u001b[0m","timestamp":"2026-04-03 16:56:43"}
{"level":"info","message":"\u001b[0mGET /api/v1/reports/dashboard/summary \u001b[32m200\u001b[0m 100.820 ms - 306\u001b[0m","timestamp":"2026-04-03 16:56:44"}
{"level":"info","message":"\u001b[0mGET /api/v1/reports/dashboard/summary \u001b[36m304\u001b[0m 100.754 ms - -\u001b[0m","timestamp":"2026-04-03 16:56:44"}
{"level":"info","message":"\u001b[0mGET /api/v1/settings/pos \u001b[36m304\u001b[0m 117.945 ms - -\u001b[0m","timestamp":"2026-04-03 16:56:46"}
{"level":"info","message":"\u001b[0mGET /api/v1/settings/business \u001b[36m304\u001b[0m 252.460 ms - -\u001b[0m","timestamp":"2026-04-03 16:56:46"}
{"level":"info","message":"\u001b[0mGET /api/v1/settings/receipt \u001b[36m304\u001b[0m 260.952 ms - -\u001b[0m","timestamp":"2026-04-03 16:56:46"}
{"level":"info","message":"\u001b[0mGET /api/v1/customers/active/list \u001b[36m304\u001b[0m 431.528 ms - -\u001b[0m","timestamp":"2026-04-03 16:56:46"}
{"level":"info","message":"\u001b[0mGET /api/v1/users/active-sellers \u001b[36m304\u001b[0m 422.724 ms - -\u001b[0m","timestamp":"2026-04-03 16:56:46"}
{"level":"info","message":"\u001b[0mGET /api/v1/products?size=1000 \u001b[36m304\u001b[0m 513.977 ms - -\u001b[0m","timestamp":"2026-04-03 16:56:46"}
{"level":"info","message":"\u001b[0mGET /api/v1/users/active-sellers \u001b[36m304\u001b[0m 133.744 ms - -\u001b[0m","timestamp":"2026-04-03 16:56:46"}
{"level":"info","message":"\u001b[0mGET /api/v1/customers/active/list \u001b[36m304\u001b[0m 140.689 ms - -\u001b[0m","timestamp":"2026-04-03 16:56:46"}
{"level":"info","message":"\u001b[0mGET /api/v1/products?size=1000 \u001b[36m304\u001b[0m 150.797 ms - -\u001b[0m","timestamp":"2026-04-03 16:56:46"}
{"level":"info","message":"\u001b[0mPOST /api/v1/sales \u001b[33m400\u001b[0m 41.253 ms - 74\u001b[0m","timestamp":"2026-04-03 16:57:07"}
{"level":"info","message":"\u001b[0mPOST /api/v1/sales \u001b[33m400\u001b[0m 47.730 ms - 74\u001b[0m","timestamp":"2026-04-03 16:57:19"}
{"level":"info","message":"\u001b[0mPOST /api/v1/sales \u001b[33m400\u001b[0m 47.760 ms - 74\u001b[0m","timestamp":"2026-04-03 16:57:23"}
{"level":"info","message":"\u001b[0mGET /api/v1/reports/dashboard/summary \u001b[36m304\u001b[0m 122.906 ms - -\u001b[0m","timestamp":"2026-04-03 16:59:22"}
{"level":"info","message":"\u001b[0mGET /api/v1/reports/dashboard/summary \u001b[36m304\u001b[0m 84.453 ms - -\u001b[0m","timestamp":"2026-04-03 16:59:22"}
{"level":"info","message":"\u001b[0mGET /api/v1/settings/global \u001b[36m304\u001b[0m 92.002 ms - -\u001b[0m","timestamp":"2026-04-03 16:59:26"}
{"level":"info","message":"\u001b[0mGET /api/v1/products?page=1 \u001b[36m304\u001b[0m 134.923 ms - -\u001b[0m","timestamp":"2026-04-03 16:59:26"}
{"level":"info","message":"\u001b[0mGET /api/v1/products?page=1 \u001b[36m304\u001b[0m 99.116 ms - -\u001b[0m","timestamp":"2026-04-03 16:59:27"}
{"level":"info","message":"\u001b[0mGET /api/v1/common/bulk-options \u001b[32m200\u001b[0m 120.673 ms - -\u001b[0m","timestamp":"2026-04-03 16:59:36"}
{"level":"info","message":"\u001b[0mGET /api/v1/suppliers/active/list \u001b[36m304\u001b[0m 55.313 ms - -\u001b[0m","timestamp":"2026-04-03 16:59:36"}
{"level":"info","message":"\u001b[0mGET /api/v1/common/bulk-options \u001b[36m304\u001b[0m 139.287 ms - -\u001b[0m","timestamp":"2026-04-03 16:59:36"}
{"level":"info","message":"\u001b[0mGET /api/v1/suppliers/active/list \u001b[36m304\u001b[0m 156.921 ms - -\u001b[0m","timestamp":"2026-04-03 16:59:36"}
{"level":"info","message":"\u001b[0mGET /api/v1/products?size=1000 \u001b[36m304\u001b[0m 1553.679 ms - -\u001b[0m","timestamp":"2026-04-03 17:00:43"}
{"level":"info","message":"\u001b[0mGET /api/v1/customers/active/list \u001b[36m304\u001b[0m 1595.687 ms - -\u001b[0m","timestamp":"2026-04-03 17:00:43"}
{"level":"info","message":"\u001b[0mGET /api/v1/users/active-sellers \u001b[36m304\u001b[0m 1597.798 ms - -\u001b[0m","timestamp":"2026-04-03 17:00:43"}
{"level":"info","message":"\u001b[0mGET /api/v1/settings/pos \u001b[36m304\u001b[0m 1689.529 ms - -\u001b[0m","timestamp":"2026-04-03 17:00:43"}
{"level":"info","message":"\u001b[0mGET /api/v1/settings/business \u001b[36m304\u001b[0m 1880.553 ms - -\u001b[0m","timestamp":"2026-04-03 17:00:43"}
{"level":"info","message":"\u001b[0mGET /api/v1/settings/receipt \u001b[36m304\u001b[0m 1949.440 ms - -\u001b[0m","timestamp":"2026-04-03 17:00:43"}
{"level":"info","message":"\u001b[0mGET /api/v1/products?size=1000 \u001b[36m304\u001b[0m 688.541 ms - -\u001b[0m","timestamp":"2026-04-03 17:00:43"}
{"level":"info","message":"\u001b[0mGET /api/v1/customers/active/list \u001b[36m304\u001b[0m 583.636 ms - -\u001b[0m","timestamp":"2026-04-03 17:00:43"}
{"level":"info","message":"\u001b[0mGET /api/v1/users/active-sellers \u001b[36m304\u001b[0m 628.675 ms - -\u001b[0m","timestamp":"2026-04-03 17:00:44"}
{"level":"info","message":"\u001b[0mGET /api/v1/products?size=1000 \u001b[36m304\u001b[0m 225.229 ms - -\u001b[0m","timestamp":"2026-04-03 17:00:44"}
{"level":"info","message":"\u001b[0mGET /api/v1/customers/active/list \u001b[36m304\u001b[0m 236.724 ms - -\u001b[0m","timestamp":"2026-04-03 17:00:44"}
{"level":"info","message":"\u001b[0mGET /api/v1/users/active-sellers \u001b[36m304\u001b[0m 329.431 ms - -\u001b[0m","timestamp":"2026-04-03 17:00:44"}
{"level":"info","message":"\u001b[0mPOST /api/v1/sales \u001b[33m400\u001b[0m 48.684 ms - 74\u001b[0m","timestamp":"2026-04-03 17:01:00"}
{"level":"info","message":"\u001b[0mPOST /api/v1/sales \u001b[33m400\u001b[0m 45.297 ms - 74\u001b[0m","timestamp":"2026-04-03 17:01:55"}
{"level":"info","message":"\u001b[0mPOST /api/v1/sales \u001b[33m400\u001b[0m 45.713 ms - 74\u001b[0m","timestamp":"2026-04-03 17:02:03"}
{"level":"info","message":"\u001b[0mGET /api/v1/products?size=1000 \u001b[36m304\u001b[0m 697.310 ms - -\u001b[0m","timestamp":"2026-04-03 17:03:52"}
{"level":"info","message":"\u001b[0mGET /api/v1/customers/active/list \u001b[36m304\u001b[0m 677.389 ms - -\u001b[0m","timestamp":"2026-04-03 17:03:52"}
{"level":"info","message":"\u001b[0mGET /api/v1/users/active-sellers \u001b[36m304\u001b[0m 687.305 ms - -\u001b[0m","timestamp":"2026-04-03 17:03:52"}
{"level":"info","message":"\u001b[0mGET /api/v1/settings/pos \u001b[36m304\u001b[0m 241.586 ms - -\u001b[0m","timestamp":"2026-04-03 17:03:52"}
{"level":"info","message":"\u001b[0mGET /api/v1/settings/receipt \u001b[36m304\u001b[0m 270.528 ms - -\u001b[0m","timestamp":"2026-04-03 17:03:52"}
{"level":"info","message":"\u001b[0mGET /api/v1/settings/business \u001b[36m304\u001b[0m 384.371 ms - -\u001b[0m","timestamp":"2026-04-03 17:03:53"}
{"level":"info","message":"\u001b[0mGET /api/v1/products?size=1000 \u001b[36m304\u001b[0m 354.075 ms - -\u001b[0m","timestamp":"2026-04-03 17:05:15"}
{"level":"info","message":"\u001b[0mGET /api/v1/customers/active/list \u001b[36m304\u001b[0m 363.438 ms - -\u001b[0m","timestamp":"2026-04-03 17:05:15"}
{"level":"info","message":"\u001b[0mGET /api/v1/users/active-sellers \u001b[36m304\u001b[0m 372.263 ms - -\u001b[0m","timestamp":"2026-04-03 17:05:15"}
{"level":"info","message":"\u001b[0mGET /api/v1/settings/pos \u001b[36m304\u001b[0m 323.405 ms - -\u001b[0m","timestamp":"2026-04-03 17:05:15"}
{"level":"info","message":"\u001b[0mGET /api/v1/settings/business \u001b[36m304\u001b[0m 432.547 ms - -\u001b[0m","timestamp":"2026-04-03 17:05:15"}
{"level":"info","message":"\u001b[0mGET /api/v1/settings/receipt \u001b[36m304\u001b[0m 580.403 ms - -\u001b[0m","timestamp":"2026-04-03 17:05:15"}
{"level":"info","message":"\u001b[0mPOST /api/v1/sales \u001b[33m400\u001b[0m 42.621 ms - 74\u001b[0m","timestamp":"2026-04-03 17:05:26"}
{"level":"info","message":"\u001b[0mPOST /api/v1/sales \u001b[33m400\u001b[0m 87.278 ms - 74\u001b[0m","timestamp":"2026-04-03 17:05:36"}
{"level":"info","message":"\u001b[0mPOST /api/v1/sales \u001b[33m400\u001b[0m 44.809 ms - 74\u001b[0m","timestamp":"2026-04-03 17:05:47"}
{"level":"info","message":"\u001b[0mPOST /api/v1/sales \u001b[33m400\u001b[0m 58.660 ms - 74\u001b[0m","timestamp":"2026-04-03 17:06:20"}
{"level":"info","message":"\u001b[0mGET /api/v1/settings/pos \u001b[36m304\u001b[0m 265.932 ms - -\u001b[0m","timestamp":"2026-04-03 17:06:49"}
{"level":"info","message":"\u001b[0mGET /api/v1/settings/business \u001b[36m304\u001b[0m 266.394 ms - -\u001b[0m","timestamp":"2026-04-03 17:06:49"}
{"level":"info","message":"\u001b[0mGET /api/v1/settings/receipt \u001b[36m304\u001b[0m 266.772 ms - -\u001b[0m","timestamp":"2026-04-03 17:06:49"}
{"level":"info","message":"\u001b[0mGET /api/v1/customers/active/list \u001b[36m304\u001b[0m 145.290 ms - -\u001b[0m","timestamp":"2026-04-03 17:06:49"}
{"level":"info","message":"\u001b[0mGET /api/v1/products?size=1000 \u001b[36m304\u001b[0m 305.024 ms - -\u001b[0m","timestamp":"2026-04-03 17:06:49"}
{"level":"info","message":"\u001b[0mGET /api/v1/users/active-sellers \u001b[36m304\u001b[0m 171.629 ms - -\u001b[0m","timestamp":"2026-04-03 17:06:49"}
{"level":"info","message":"\u001b[0mGET /api/v1/customers/active/list \u001b[36m304\u001b[0m 122.334 ms - -\u001b[0m","timestamp":"2026-04-03 17:06:49"}
{"level":"info","message":"\u001b[0mGET /api/v1/products?size=1000 \u001b[36m304\u001b[0m 164.766 ms - -\u001b[0m","timestamp":"2026-04-03 17:06:49"}
{"level":"info","message":"\u001b[0mGET /api/v1/users/active-sellers \u001b[36m304\u001b[0m 166.384 ms - -\u001b[0m","timestamp":"2026-04-03 17:06:49"}
{"level":"info","message":"\u001b[0mPOST /api/v1/sales \u001b[33m400\u001b[0m 57.153 ms - 74\u001b[0m","timestamp":"2026-04-03 17:07:14"}
{"level":"info","message":"\u001b[0mPOST /api/v1/sales \u001b[33m400\u001b[0m 67.875 ms - 74\u001b[0m","timestamp":"2026-04-03 17:07:23"}
{"level":"info","message":"\u001b[0mPOST /api/v1/sales \u001b[33m400\u001b[0m 47.169 ms - 74\u001b[0m","timestamp":"2026-04-03 17:07:31"}
{"level":"info","message":"Attempting to connect to database... (Attempt 1/5)","timestamp":"2026-04-03 17:10:45"}
{"level":"info","message":"✅ Database connection established successfully.","timestamp":"2026-04-03 17:10:45"}
{"level":"info","message":"✅ Database synchronized.","timestamp":"2026-04-03 17:10:45"}
{"level":"info","message":"🚀 Server running on port 5000","timestamp":"2026-04-03 17:10:45"}
{"level":"info","message":"📍 Environment: development","timestamp":"2026-04-03 17:10:45"}
{"level":"info","message":"🔗 API Base URL: http://localhost:5000/api/v1","timestamp":"2026-04-03 17:10:45"}
{"level":"info","message":"\u001b[0mGET /api/v1/settings/pos \u001b[36m304\u001b[0m 213.228 ms - -\u001b[0m","timestamp":"2026-04-03 17:19:16"}
{"level":"info","message":"\u001b[0mGET /api/v1/settings/receipt \u001b[36m304\u001b[0m 191.553 ms - -\u001b[0m","timestamp":"2026-04-03 17:19:16"}
{"level":"info","message":"\u001b[0mGET /api/v1/settings/business \u001b[36m304\u001b[0m 287.904 ms - -\u001b[0m","timestamp":"2026-04-03 17:19:16"}
{"level":"info","message":"\u001b[0mGET /api/v1/customers/active/list \u001b[36m304\u001b[0m 334.378 ms - -\u001b[0m","timestamp":"2026-04-03 17:19:16"}
{"level":"info","message":"\u001b[0mGET /api/v1/products?size=1000 \u001b[36m304\u001b[0m 359.861 ms - -\u001b[0m","timestamp":"2026-04-03 17:19:16"}
{"level":"info","message":"\u001b[0mGET /api/v1/users/active-sellers \u001b[36m304\u001b[0m 375.959 ms - -\u001b[0m","timestamp":"2026-04-03 17:19:16"}
{"level":"info","message":"\u001b[0mGET /api/v1/customers/active/list \u001b[36m304\u001b[0m 104.689 ms - -\u001b[0m","timestamp":"2026-04-03 17:19:17"}
{"level":"info","message":"\u001b[0mGET /api/v1/products?size=1000 \u001b[36m304\u001b[0m 109.143 ms - -\u001b[0m","timestamp":"2026-04-03 17:19:17"}
{"level":"info","message":"\u001b[0mGET /api/v1/users/active-sellers \u001b[36m304\u001b[0m 150.298 ms - -\u001b[0m","timestamp":"2026-04-03 17:19:17"}
{"level":"info","message":"\u001b[0mPOST /api/v1/sales \u001b[32m201\u001b[0m 114.071 ms - 1006\u001b[0m","timestamp":"2026-04-03 17:19:58"}
{"level":"info","message":"\u001b[0mGET /api/v1/settings/global \u001b[36m304\u001b[0m 224.258 ms - -\u001b[0m","timestamp":"2026-04-03 17:20:33"}
{"level":"info","message":"\u001b[0mGET /api/v1/common/bulk-options \u001b[36m304\u001b[0m 272.411 ms - -\u001b[0m","timestamp":"2026-04-03 17:20:33"}
{"level":"info","message":"\u001b[0mGET /api/v1/suppliers/active/list \u001b[36m304\u001b[0m 354.659 ms - -\u001b[0m","timestamp":"2026-04-03 17:20:33"}
{"level":"info","message":"\u001b[0mGET /api/v1/suppliers/active/list \u001b[36m304\u001b[0m 177.432 ms - -\u001b[0m","timestamp":"2026-04-03 17:20:33"}
{"level":"info","message":"\u001b[0mGET /api/v1/common/bulk-options \u001b[36m304\u001b[0m 196.025 ms - -\u001b[0m","timestamp":"2026-04-03 17:20:33"}
{"level":"info","message":"\u001b[0mGET /api/v1/products?page=1 \u001b[36m304\u001b[0m 177.220 ms - -\u001b[0m","timestamp":"2026-04-03 17:20:38"}
{"level":"info","message":"\u001b[0mGET /api/v1/products?page=1 \u001b[36m304\u001b[0m 196.067 ms - -\u001b[0m","timestamp":"2026-04-03 17:20:39"}
{"level":"info","message":"\u001b[0mGET /api/v1/common/bulk-options \u001b[36m304\u001b[0m 146.486 ms - -\u001b[0m","timestamp":"2026-04-03 17:21:14"}
{"level":"info","message":"\u001b[0mGET /api/v1/suppliers/active/list \u001b[36m304\u001b[0m 147.739 ms - -\u001b[0m","timestamp":"2026-04-03 17:21:14"}
{"level":"info","message":"\u001b[0mGET /api/v1/suppliers/active/list \u001b[36m304\u001b[0m 171.260 ms - -\u001b[0m","timestamp":"2026-04-03 17:21:15"}
{"level":"info","message":"\u001b[0mGET /api/v1/common/bulk-options \u001b[36m304\u001b[0m 189.570 ms - -\u001b[0m","timestamp":"2026-04-03 17:21:15"}
{"level":"info","message":"\u001b[0mGET /api/v1/products?page=1 \u001b[36m304\u001b[0m 162.753 ms - -\u001b[0m","timestamp":"2026-04-03 17:23:41"}
{"level":"info","message":"\u001b[0mGET /api/v1/products?page=1 \u001b[36m304\u001b[0m 262.911 ms - -\u001b[0m","timestamp":"2026-04-03 17:23:41"}
{"level":"info","message":"\u001b[0mGET /api/v1/suppliers/active/list \u001b[36m304\u001b[0m 111.626 ms - -\u001b[0m","timestamp":"2026-04-03 17:23:43"}
{"level":"info","message":"\u001b[0mGET /api/v1/common/bulk-options \u001b[36m304\u001b[0m 116.827 ms - -\u001b[0m","timestamp":"2026-04-03 17:23:43"}
{"level":"info","message":"\u001b[0mGET /api/v1/suppliers/active/list \u001b[36m304\u001b[0m 59.309 ms - -\u001b[0m","timestamp":"2026-04-03 17:23:43"}
{"level":"info","message":"\u001b[0mGET /api/v1/common/bulk-options \u001b[36m304\u001b[0m 95.660 ms - -\u001b[0m","timestamp":"2026-04-03 17:23:43"}
{"level":"info","message":"\u001b[0mGET /api/v1/products?page=1 \u001b[36m304\u001b[0m 79.677 ms - -\u001b[0m","timestamp":"2026-04-03 17:23:45"}
{"level":"info","message":"\u001b[0mGET /api/v1/products?page=1 \u001b[36m304\u001b[0m 66.683 ms - -\u001b[0m","timestamp":"2026-04-03 17:23:45"}
{"level":"info","message":"\u001b[0mGET /api/v1/suppliers/active/list \u001b[36m304\u001b[0m 73.605 ms - -\u001b[0m","timestamp":"2026-04-03 17:23:48"}
{"level":"info","message":"\u001b[0mGET /api/v1/common/bulk-options \u001b[36m304\u001b[0m 78.224 ms - -\u001b[0m","timestamp":"2026-04-03 17:23:48"}
{"level":"info","message":"\u001b[0mGET /api/v1/suppliers/active/list \u001b[36m304\u001b[0m 66.201 ms - -\u001b[0m","timestamp":"2026-04-03 17:23:48"}
{"level":"info","message":"\u001b[0mGET /api/v1/common/bulk-options \u001b[36m304\u001b[0m 75.983 ms - -\u001b[0m","timestamp":"2026-04-03 17:23:48"}
{"level":"info","message":"\u001b[0mGET /api/v1/products?page=1 \u001b[36m304\u001b[0m 188.638 ms - -\u001b[0m","timestamp":"2026-04-03 17:31:34"}
{"level":"info","message":"\u001b[0mGET /api/v1/products?page=1 \u001b[36m304\u001b[0m 168.624 ms - -\u001b[0m","timestamp":"2026-04-03 17:31:34"}
{"level":"info","message":"\u001b[0mGET /api/v1/settings/global \u001b[36m304\u001b[0m 87.211 ms - -\u001b[0m","timestamp":"2026-04-03 17:31:37"}
{"level":"info","message":"\u001b[0mGET /api/v1/common/bulk-options \u001b[36m304\u001b[0m 236.013 ms - -\u001b[0m","timestamp":"2026-04-03 17:31:37"}
{"level":"info","message":"\u001b[0mGET /api/v1/suppliers/active/list \u001b[36m304\u001b[0m 237.146 ms - -\u001b[0m","timestamp":"2026-04-03 17:31:37"}
{"level":"info","message":"\u001b[0mGET /api/v1/suppliers/active/list \u001b[36m304\u001b[0m 96.625 ms - -\u001b[0m","timestamp":"2026-04-03 17:31:37"}
{"level":"info","message":"\u001b[0mGET /api/v1/common/bulk-options \u001b[36m304\u001b[0m 110.250 ms - -\u001b[0m","timestamp":"2026-04-03 17:31:37"}
{"level":"info","message":"Attempting to connect to database... (Attempt 1/5)","timestamp":"2026-04-03 17:36:27"}
{"level":"info","message":"✅ Database connection established successfully.","timestamp":"2026-04-03 17:36:27"}
{"level":"info","message":"✅ Database synchronized.","timestamp":"2026-04-03 17:36:27"}
{"level":"info","message":"🚀 Server running on port 5000","timestamp":"2026-04-03 17:36:27"}
{"level":"info","message":"📍 Environment: development","timestamp":"2026-04-03 17:36:27"}
{"level":"info","message":"🔗 API Base URL: http://localhost:5000/api/v1","timestamp":"2026-04-03 17:36:27"}
{"level":"info","message":"Attempting to connect to database... (Attempt 1/5)","timestamp":"2026-04-03 17:36:52"}
{"level":"info","message":"✅ Database connection established successfully.","timestamp":"2026-04-03 17:36:52"}
{"level":"info","message":"✅ Database synchronized.","timestamp":"2026-04-03 17:36:52"}
{"level":"info","message":"🚀 Server running on port 5000","timestamp":"2026-04-03 17:36:52"}
{"level":"info","message":"📍 Environment: development","timestamp":"2026-04-03 17:36:52"}
{"level":"info","message":"🔗 API Base URL: http://localhost:5000/api/v1","timestamp":"2026-04-03 17:36:52"}
{"level":"info","message":"\u001b[0mGET /api/v1/common/bulk-options \u001b[36m304\u001b[0m 707.721 ms - -\u001b[0m","timestamp":"2026-04-03 17:38:31"}
{"level":"info","message":"\u001b[0mGET /api/v1/suppliers/active/list \u001b[36m304\u001b[0m 632.090 ms - -\u001b[0m","timestamp":"2026-04-03 17:38:31"}
